2026-02-18 20:37:16 +0100 - dagster - DEBUG - __ASSET_JOB - c53b1b2b-a03a-4dd0-9fea-7e56f19f5a57 - 42622 - LOGS_CAPTURED - Started capturing logs in process (pid: 42622).
2026-02-18 20:37:16 +0100 - dagster - DEBUG - __ASSET_JOB - c53b1b2b-a03a-4dd0-9fea-7e56f19f5a57 - 42622 - run_bronze_payments - STEP_START - Started execution of step "run_bronze_payments".
2026-02-18 20:37:16,835 - src.core.utils - INFO - Starting operation: bronze payments extraction
2026-02-18 20:37:16,836 - src.core.bronze_payments - INFO - Starting bronze payments extraction
2026-02-18 20:37:16,844 - src.core.utils - INFO - Bronze payments output: 100 rows, 10 columns
2026-02-18 20:37:16,844 - src.core.storage - INFO - Writing DataFrame to bronze/bronze_payments_20260218T193716Z.parquet using adls backend
2026-02-18 20:37:16,844 - src.core.storage - INFO - Writing DataFrame (100 rows, 10 columns) to ADLS: abfss://dna-platform-data@woningmarktintelx9.dfs.core.windows.net/dna-platform/data/bronze/bronze_payments_20260218T193716Z.parquet
2026-02-18 20:37:16,992 - azure.core.pipeline.policies.http_logging_policy - INFO - Request URL: 'https://woningmarktintelx9.blob.core.windows.net/dna-platform-data?restype=REDACTED'
Request method: 'GET'
Request headers:
    'x-ms-version': 'REDACTED'
    'Accept': 'application/xml'
    'User-Agent': 'azsdk-python-storage-dfs/12.23.0 Python/3.14.2 (macOS-15.6.1-arm64-arm-64bit-Mach-O)'
    'x-ms-date': 'REDACTED'
    'x-ms-client-request-id': '3b857884-0d01-11f1-aa15-765227f64d11'
    'Authorization': 'REDACTED'
No body was attached to the request
2026-02-18 20:37:17,200 - azure.core.pipeline.policies.http_logging_policy - INFO - Response status: 200
Response headers:
    'Content-Length': '0'
    'Last-Modified': 'Wed, 18 Feb 2026 19:12:05 GMT'
    'ETag': '"0x8DE6F219B11A707"'
    'Server': 'Windows-Azure-Blob/1.0 Microsoft-HTTPAPI/2.0'
    'x-ms-request-id': '9f774392-101e-006e-2c0d-a16f1e000000'
    'x-ms-client-request-id': '3b857884-0d01-11f1-aa15-765227f64d11'
    'x-ms-version': 'REDACTED'
    'x-ms-lease-status': 'REDACTED'
    'x-ms-lease-state': 'REDACTED'
    'x-ms-has-immutability-policy': 'REDACTED'
    'x-ms-has-legal-hold': 'REDACTED'
    'x-ms-immutable-storage-with-versioning-enabled': 'REDACTED'
    'x-ms-default-encryption-scope': 'REDACTED'
    'x-ms-deny-encryption-scope-override': 'REDACTED'
    'Date': 'Wed, 18 Feb 2026 19:37:16 GMT'
2026-02-18 20:37:17,201 - azure.core.pipeline.policies.http_logging_policy - INFO - Request URL: 'https://woningmarktintelx9.dfs.core.windows.net/dna-platform-data/dna-platform/data/bronze?resource=REDACTED'
Request method: 'PUT'
Request headers:
    'x-ms-version': 'REDACTED'
    'Accept': 'application/json'
    'User-Agent': 'azsdk-python-storage-dfs/12.23.0 Python/3.14.2 (macOS-15.6.1-arm64-arm-64bit-Mach-O)'
    'x-ms-date': 'REDACTED'
    'x-ms-client-request-id': '3ba55f28-0d01-11f1-aa15-765227f64d11'
    'Authorization': 'REDACTED'
No body was attached to the request
2026-02-18 20:37:17,567 - azure.core.pipeline.policies.http_logging_policy - INFO - Response status: 201
Response headers:
    'Last-Modified': 'Wed, 18 Feb 2026 19:37:17 GMT'
    'ETag': '"0x8DE6F25201AECE0"'
    'Server': 'Windows-Azure-HDFS/1.0 Microsoft-HTTPAPI/2.0'
    'x-ms-request-server-encrypted': 'REDACTED'
    'x-ms-request-id': 'c97a5a78-f01f-0014-2d0d-a1725e000000'
    'x-ms-version': 'REDACTED'
    'x-ms-client-request-id': '3ba55f28-0d01-11f1-aa15-765227f64d11'
    'Date': 'Wed, 18 Feb 2026 19:37:16 GMT'
    'Content-Length': '0'
2026-02-18 20:37:17,568 - azure.core.pipeline.policies.http_logging_policy - INFO - Request URL: 'https://woningmarktintelx9.dfs.core.windows.net/dna-platform-data/dna-platform/data/bronze/bronze_payments_20260218T193716Z.parquet?resource=REDACTED'
Request method: 'PUT'
Request headers:
    'x-ms-version': 'REDACTED'
    'Accept': 'application/json'
    'User-Agent': 'azsdk-python-storage-dfs/12.23.0 Python/3.14.2 (macOS-15.6.1-arm64-arm-64bit-Mach-O)'
    'x-ms-date': 'REDACTED'
    'x-ms-client-request-id': '3bdd5072-0d01-11f1-aa15-765227f64d11'
    'Authorization': 'REDACTED'
No body was attached to the request
2026-02-18 20:37:17,608 - azure.core.pipeline.policies.http_logging_policy - INFO - Response status: 201
Response headers:
    'Last-Modified': 'Wed, 18 Feb 2026 19:37:17 GMT'
    'ETag': '"0x8DE6F252020ABF4"'
    'Server': 'Windows-Azure-HDFS/1.0 Microsoft-HTTPAPI/2.0'
    'x-ms-request-server-encrypted': 'REDACTED'
    'x-ms-request-id': 'c97a5a86-f01f-0014-3b0d-a1725e000000'
    'x-ms-version': 'REDACTED'
    'x-ms-client-request-id': '3bdd5072-0d01-11f1-aa15-765227f64d11'
    'Date': 'Wed, 18 Feb 2026 19:37:16 GMT'
    'Content-Length': '0'
2026-02-18 20:37:17,609 - azure.core.pipeline.policies.http_logging_policy - INFO - Request URL: 'https://woningmarktintelx9.dfs.core.windows.net/dna-platform-data/dna-platform/data/bronze/bronze_payments_20260218T193716Z.parquet?action=REDACTED&position=REDACTED'
Request method: 'PATCH'
Request headers:
    'Content-Length': '8226'
    'x-ms-version': 'REDACTED'
    'Content-Type': 'application/json'
    'Accept': 'application/json'
    'User-Agent': 'azsdk-python-storage-dfs/12.23.0 Python/3.14.2 (macOS-15.6.1-arm64-arm-64bit-Mach-O)'
    'x-ms-date': 'REDACTED'
    'x-ms-client-request-id': '3be37db2-0d01-11f1-aa15-765227f64d11'
    'Authorization': 'REDACTED'
A body is sent with the request
2026-02-18 20:37:17,647 - azure.core.pipeline.policies.http_logging_policy - INFO - Response status: 202
Response headers:
    'Server': 'Windows-Azure-HDFS/1.0 Microsoft-HTTPAPI/2.0'
    'x-ms-request-server-encrypted': 'REDACTED'
    'x-ms-request-id': 'c97a5a88-f01f-0014-3d0d-a1725e000000'
    'x-ms-version': 'REDACTED'
    'x-ms-client-request-id': '3be37db2-0d01-11f1-aa15-765227f64d11'
    'Date': 'Wed, 18 Feb 2026 19:37:16 GMT'
    'Content-Length': '0'
2026-02-18 20:37:17,647 - azure.core.pipeline.policies.http_logging_policy - INFO - Request URL: 'https://woningmarktintelx9.dfs.core.windows.net/dna-platform-data/dna-platform/data/bronze/bronze_payments_20260218T193716Z.parquet?action=REDACTED&position=REDACTED&close=REDACTED'
Request method: 'PATCH'
Request headers:
    'If-Match': '"0x8DE6F252020ABF4"'
    'x-ms-version': 'REDACTED'
    'Accept': 'application/json'
    'User-Agent': 'azsdk-python-storage-dfs/12.23.0 Python/3.14.2 (macOS-15.6.1-arm64-arm-64bit-Mach-O)'
    'x-ms-date': 'REDACTED'
    'x-ms-client-request-id': '3be96344-0d01-11f1-aa15-765227f64d11'
    'Authorization': 'REDACTED'
No body was attached to the request
2026-02-18 20:37:17,709 - azure.core.pipeline.policies.http_logging_policy - INFO - Response status: 200
Response headers:
    'Last-Modified': 'Wed, 18 Feb 2026 19:37:17 GMT'
    'ETag': '"0x8DE6F252030615C"'
    'Server': 'Windows-Azure-HDFS/1.0 Microsoft-HTTPAPI/2.0'
    'x-ms-request-server-encrypted': 'REDACTED'
    'x-ms-request-id': 'c97a5a8a-f01f-0014-3f0d-a1725e000000'
    'x-ms-version': 'REDACTED'
    'x-ms-client-request-id': '3be96344-0d01-11f1-aa15-765227f64d11'
    'Date': 'Wed, 18 Feb 2026 19:37:16 GMT'
    'Content-Length': '0'
2026-02-18 20:37:17,709 - src.core.storage - INFO - Successfully uploaded 0 bytes to ADLS: abfss://dna-platform-data@woningmarktintelx9.dfs.core.windows.net/dna-platform/data/bronze/bronze_payments_20260218T193716Z.parquet
2026-02-18 20:37:17,711 - src.core.storage - INFO - ADLS write successful: abfss://dna-platform-data@woningmarktintelx9.dfs.core.windows.net/dna-platform/data/bronze/bronze_payments_20260218T193716Z.parquet
2026-02-18 20:37:17,712 - src.core.storage - INFO - Successfully wrote 50 rows to local storage: /Users/taniskarigar/test-polster/dna-platform/data/bronze/sample_bronze_payments_20260218T193716Z.parquet
2026-02-18 20:37:17,713 - src.core.bronze_payments - INFO - Bronze payments extraction completed: abfss://dna-platform-data@woningmarktintelx9.dfs.core.windows.net/dna-platform/data/bronze/bronze_payments_20260218T193716Z.parquet
2026-02-18 20:37:17,713 - src.core.utils - INFO - Completed operation 'bronze payments extraction' in 0.88 seconds
2026-02-18 20:37:17 +0100 - dagster - DEBUG - __ASSET_JOB - c53b1b2b-a03a-4dd0-9fea-7e56f19f5a57 - 42622 - run_bronze_payments - STEP_OUTPUT - Yielded output "result" of type "Any". (Type check passed).
2026-02-18 20:37:17 +0100 - dagster - DEBUG - __ASSET_JOB - c53b1b2b-a03a-4dd0-9fea-7e56f19f5a57 - run_bronze_payments - Writing file at: /Users/taniskarigar/test-polster/dna-platform/.dagster/storage/run_bronze_payments using PickledObjectFilesystemIOManager...
2026-02-18 20:37:17,724 - alembic.runtime.migration - INFO - Context impl SQLiteImpl.
2026-02-18 20:37:17,724 - alembic.runtime.migration - INFO - Will assume non-transactional DDL.
2026-02-18 20:37:17 +0100 - dagster - DEBUG - __ASSET_JOB - c53b1b2b-a03a-4dd0-9fea-7e56f19f5a57 - 42622 - run_bronze_payments - ASSET_MATERIALIZATION - Materialized value run_bronze_payments.
2026-02-18 20:37:17 +0100 - dagster - DEBUG - __ASSET_JOB - c53b1b2b-a03a-4dd0-9fea-7e56f19f5a57 - 42622 - run_bronze_payments - HANDLED_OUTPUT - Handled output "result" using IO manager "io_manager"
2026-02-18 20:37:17 +0100 - dagster - DEBUG - __ASSET_JOB - c53b1b2b-a03a-4dd0-9fea-7e56f19f5a57 - 42622 - run_bronze_payments - STEP_SUCCESS - Finished execution of step "run_bronze_payments" in 907ms.
