2026-02-18 20:37:16 +0100 - dagster - DEBUG - __ASSET_JOB - c53b1b2b-a03a-4dd0-9fea-7e56f19f5a57 - 42624 - LOGS_CAPTURED - Started capturing logs in process (pid: 42624).
2026-02-18 20:37:16 +0100 - dagster - DEBUG - __ASSET_JOB - c53b1b2b-a03a-4dd0-9fea-7e56f19f5a57 - 42624 - run_bronze_vehicles - STEP_START - Started execution of step "run_bronze_vehicles".
2026-02-18 20:37:16,910 - src.core.utils - INFO - Starting operation: bronze vehicles extraction
2026-02-18 20:37:16,910 - src.core.bronze_vehicles - INFO - Starting bronze vehicles extraction
2026-02-18 20:37:16,914 - src.core.utils - INFO - Bronze vehicles output: 40 rows, 13 columns
2026-02-18 20:37:16,915 - src.core.storage - INFO - Writing DataFrame to bronze/bronze_vehicles_20260218T193716Z.parquet using adls backend
2026-02-18 20:37:16,915 - src.core.storage - INFO - Writing DataFrame (40 rows, 13 columns) to ADLS: abfss://dna-platform-data@woningmarktintelx9.dfs.core.windows.net/dna-platform/data/bronze/bronze_vehicles_20260218T193716Z.parquet
2026-02-18 20:37:17,041 - azure.core.pipeline.policies.http_logging_policy - INFO - Request URL: 'https://woningmarktintelx9.blob.core.windows.net/dna-platform-data?restype=REDACTED'
Request method: 'GET'
Request headers:
    'x-ms-version': 'REDACTED'
    'Accept': 'application/xml'
    'User-Agent': 'azsdk-python-storage-dfs/12.23.0 Python/3.14.2 (macOS-15.6.1-arm64-arm-64bit-Mach-O)'
    'x-ms-date': 'REDACTED'
    'x-ms-client-request-id': '3b8cf172-0d01-11f1-9f97-765227f64d11'
    'Authorization': 'REDACTED'
No body was attached to the request
2026-02-18 20:37:17,200 - azure.core.pipeline.policies.http_logging_policy - INFO - Response status: 200
Response headers:
    'Content-Length': '0'
    'Last-Modified': 'Wed, 18 Feb 2026 19:12:05 GMT'
    'ETag': '"0x8DE6F219B11A707"'
    'Server': 'Windows-Azure-Blob/1.0 Microsoft-HTTPAPI/2.0'
    'x-ms-request-id': '3617c748-f01e-0014-570d-a1725e000000'
    'x-ms-client-request-id': '3b8cf172-0d01-11f1-9f97-765227f64d11'
    'x-ms-version': 'REDACTED'
    'x-ms-lease-status': 'REDACTED'
    'x-ms-lease-state': 'REDACTED'
    'x-ms-has-immutability-policy': 'REDACTED'
    'x-ms-has-legal-hold': 'REDACTED'
    'x-ms-immutable-storage-with-versioning-enabled': 'REDACTED'
    'x-ms-default-encryption-scope': 'REDACTED'
    'x-ms-deny-encryption-scope-override': 'REDACTED'
    'Date': 'Wed, 18 Feb 2026 19:37:16 GMT'
2026-02-18 20:37:17,201 - azure.core.pipeline.policies.http_logging_policy - INFO - Request URL: 'https://woningmarktintelx9.dfs.core.windows.net/dna-platform-data/dna-platform/data/bronze?resource=REDACTED'
Request method: 'PUT'
Request headers:
    'x-ms-version': 'REDACTED'
    'Accept': 'application/json'
    'User-Agent': 'azsdk-python-storage-dfs/12.23.0 Python/3.14.2 (macOS-15.6.1-arm64-arm-64bit-Mach-O)'
    'x-ms-date': 'REDACTED'
    'x-ms-client-request-id': '3ba55fe6-0d01-11f1-9f97-765227f64d11'
    'Authorization': 'REDACTED'
No body was attached to the request
2026-02-18 20:37:17,588 - azure.core.pipeline.policies.http_logging_policy - INFO - Response status: 201
Response headers:
    'Last-Modified': 'Wed, 18 Feb 2026 19:37:17 GMT'
    'ETag': '"0x8DE6F25201E8DD4"'
    'Server': 'Windows-Azure-HDFS/1.0 Microsoft-HTTPAPI/2.0'
    'x-ms-request-server-encrypted': 'REDACTED'
    'x-ms-request-id': 'f3a167dc-b01f-0077-360d-a1efa5000000'
    'x-ms-version': 'REDACTED'
    'x-ms-client-request-id': '3ba55fe6-0d01-11f1-9f97-765227f64d11'
    'Date': 'Wed, 18 Feb 2026 19:37:17 GMT'
    'Content-Length': '0'
2026-02-18 20:37:17,588 - azure.core.pipeline.policies.http_logging_policy - INFO - Request URL: 'https://woningmarktintelx9.dfs.core.windows.net/dna-platform-data/dna-platform/data/bronze/bronze_vehicles_20260218T193716Z.parquet?resource=REDACTED'
Request method: 'PUT'
Request headers:
    'x-ms-version': 'REDACTED'
    'Accept': 'application/json'
    'User-Agent': 'azsdk-python-storage-dfs/12.23.0 Python/3.14.2 (macOS-15.6.1-arm64-arm-64bit-Mach-O)'
    'x-ms-date': 'REDACTED'
    'x-ms-client-request-id': '3be05fc4-0d01-11f1-9f97-765227f64d11'
    'Authorization': 'REDACTED'
No body was attached to the request
2026-02-18 20:37:17,626 - azure.core.pipeline.policies.http_logging_policy - INFO - Response status: 201
Response headers:
    'Last-Modified': 'Wed, 18 Feb 2026 19:37:17 GMT'
    'ETag': '"0x8DE6F252023EAC8"'
    'Server': 'Windows-Azure-HDFS/1.0 Microsoft-HTTPAPI/2.0'
    'x-ms-request-server-encrypted': 'REDACTED'
    'x-ms-request-id': 'f3a167eb-b01f-0077-450d-a1efa5000000'
    'x-ms-version': 'REDACTED'
    'x-ms-client-request-id': '3be05fc4-0d01-11f1-9f97-765227f64d11'
    'Date': 'Wed, 18 Feb 2026 19:37:17 GMT'
    'Content-Length': '0'
2026-02-18 20:37:17,626 - azure.core.pipeline.policies.http_logging_policy - INFO - Request URL: 'https://woningmarktintelx9.dfs.core.windows.net/dna-platform-data/dna-platform/data/bronze/bronze_vehicles_20260218T193716Z.parquet?action=REDACTED&position=REDACTED'
Request method: 'PATCH'
Request headers:
    'Content-Length': '6384'
    'x-ms-version': 'REDACTED'
    'Content-Type': 'application/json'
    'Accept': 'application/json'
    'User-Agent': 'azsdk-python-storage-dfs/12.23.0 Python/3.14.2 (macOS-15.6.1-arm64-arm-64bit-Mach-O)'
    'x-ms-date': 'REDACTED'
    'x-ms-client-request-id': '3be63228-0d01-11f1-9f97-765227f64d11'
    'Authorization': 'REDACTED'
A body is sent with the request
2026-02-18 20:37:17,663 - azure.core.pipeline.policies.http_logging_policy - INFO - Response status: 202
Response headers:
    'Server': 'Windows-Azure-HDFS/1.0 Microsoft-HTTPAPI/2.0'
    'x-ms-request-server-encrypted': 'REDACTED'
    'x-ms-request-id': 'f3a167f5-b01f-0077-4f0d-a1efa5000000'
    'x-ms-version': 'REDACTED'
    'x-ms-client-request-id': '3be63228-0d01-11f1-9f97-765227f64d11'
    'Date': 'Wed, 18 Feb 2026 19:37:17 GMT'
    'Content-Length': '0'
2026-02-18 20:37:17,664 - azure.core.pipeline.policies.http_logging_policy - INFO - Request URL: 'https://woningmarktintelx9.dfs.core.windows.net/dna-platform-data/dna-platform/data/bronze/bronze_vehicles_20260218T193716Z.parquet?action=REDACTED&position=REDACTED&close=REDACTED'
Request method: 'PATCH'
Request headers:
    'If-Match': '"0x8DE6F252023EAC8"'
    'x-ms-version': 'REDACTED'
    'Accept': 'application/json'
    'User-Agent': 'azsdk-python-storage-dfs/12.23.0 Python/3.14.2 (macOS-15.6.1-arm64-arm-64bit-Mach-O)'
    'x-ms-date': 'REDACTED'
    'x-ms-client-request-id': '3bebedd0-0d01-11f1-9f97-765227f64d11'
    'Authorization': 'REDACTED'
No body was attached to the request
2026-02-18 20:37:17,720 - azure.core.pipeline.policies.http_logging_policy - INFO - Response status: 200
Response headers:
    'Last-Modified': 'Wed, 18 Feb 2026 19:37:17 GMT'
    'ETag': '"0x8DE6F252032743C"'
    'Server': 'Windows-Azure-HDFS/1.0 Microsoft-HTTPAPI/2.0'
    'x-ms-request-server-encrypted': 'REDACTED'
    'x-ms-request-id': 'f3a167ff-b01f-0077-590d-a1efa5000000'
    'x-ms-version': 'REDACTED'
    'x-ms-client-request-id': '3bebedd0-0d01-11f1-9f97-765227f64d11'
    'Date': 'Wed, 18 Feb 2026 19:37:17 GMT'
    'Content-Length': '0'
2026-02-18 20:37:17,720 - src.core.storage - INFO - Successfully uploaded 0 bytes to ADLS: abfss://dna-platform-data@woningmarktintelx9.dfs.core.windows.net/dna-platform/data/bronze/bronze_vehicles_20260218T193716Z.parquet
2026-02-18 20:37:17,722 - src.core.storage - INFO - ADLS write successful: abfss://dna-platform-data@woningmarktintelx9.dfs.core.windows.net/dna-platform/data/bronze/bronze_vehicles_20260218T193716Z.parquet
2026-02-18 20:37:17,723 - src.core.storage - INFO - Successfully wrote 40 rows to local storage: /Users/taniskarigar/test-polster/dna-platform/data/bronze/sample_bronze_vehicles_20260218T193716Z.parquet
2026-02-18 20:37:17,723 - src.core.bronze_vehicles - INFO - Bronze vehicles extraction completed: abfss://dna-platform-data@woningmarktintelx9.dfs.core.windows.net/dna-platform/data/bronze/bronze_vehicles_20260218T193716Z.parquet
2026-02-18 20:37:17,723 - src.core.utils - INFO - Completed operation 'bronze vehicles extraction' in 0.81 seconds
2026-02-18 20:37:17 +0100 - dagster - DEBUG - __ASSET_JOB - c53b1b2b-a03a-4dd0-9fea-7e56f19f5a57 - 42624 - run_bronze_vehicles - STEP_OUTPUT - Yielded output "result" of type "Any". (Type check passed).
2026-02-18 20:37:17 +0100 - dagster - DEBUG - __ASSET_JOB - c53b1b2b-a03a-4dd0-9fea-7e56f19f5a57 - run_bronze_vehicles - Writing file at: /Users/taniskarigar/test-polster/dna-platform/.dagster/storage/run_bronze_vehicles using PickledObjectFilesystemIOManager...
2026-02-18 20:37:17,733 - alembic.runtime.migration - INFO - Context impl SQLiteImpl.
2026-02-18 20:37:17,733 - alembic.runtime.migration - INFO - Will assume non-transactional DDL.
2026-02-18 20:37:17 +0100 - dagster - DEBUG - __ASSET_JOB - c53b1b2b-a03a-4dd0-9fea-7e56f19f5a57 - 42624 - run_bronze_vehicles - ASSET_MATERIALIZATION - Materialized value run_bronze_vehicles.
2026-02-18 20:37:17 +0100 - dagster - DEBUG - __ASSET_JOB - c53b1b2b-a03a-4dd0-9fea-7e56f19f5a57 - 42624 - run_bronze_vehicles - HANDLED_OUTPUT - Handled output "result" using IO manager "io_manager"
2026-02-18 20:37:17 +0100 - dagster - DEBUG - __ASSET_JOB - c53b1b2b-a03a-4dd0-9fea-7e56f19f5a57 - 42624 - run_bronze_vehicles - STEP_SUCCESS - Finished execution of step "run_bronze_vehicles" in 844ms.
