2026-02-18 20:37:21 +0100 - dagster - DEBUG - __ASSET_JOB - c53b1b2b-a03a-4dd0-9fea-7e56f19f5a57 - 42722 - LOGS_CAPTURED - Started capturing logs in process (pid: 42722).
2026-02-18 20:37:21 +0100 - dagster - DEBUG - __ASSET_JOB - c53b1b2b-a03a-4dd0-9fea-7e56f19f5a57 - 42722 - run_gold_claims_summary - STEP_START - Started execution of step "run_gold_claims_summary".
2026-02-18 20:37:21,610 - alembic.runtime.migration - INFO - Context impl SQLiteImpl.
2026-02-18 20:37:21,610 - alembic.runtime.migration - INFO - Will assume non-transactional DDL.
2026-02-18 20:37:21 +0100 - dagster - DEBUG - __ASSET_JOB - c53b1b2b-a03a-4dd0-9fea-7e56f19f5a57 - run_gold_claims_summary - Loading file from: /Users/taniskarigar/test-polster/dna-platform/.dagster/storage/run_silver_clean_claims using PickledObjectFilesystemIOManager...
2026-02-18 20:37:21 +0100 - dagster - DEBUG - __ASSET_JOB - c53b1b2b-a03a-4dd0-9fea-7e56f19f5a57 - 42722 - run_gold_claims_summary - LOADED_INPUT - Loaded input "run_silver_clean_claims" using input manager "io_manager", from output "result" of step "run_silver_clean_claims"
2026-02-18 20:37:21 +0100 - dagster - DEBUG - __ASSET_JOB - c53b1b2b-a03a-4dd0-9fea-7e56f19f5a57 - 42722 - run_gold_claims_summary - STEP_INPUT - Got input "run_silver_clean_claims" of type "Any". (Type check passed).
2026-02-18 20:37:21,639 - src.core.utils - INFO - Starting operation: gold claims summary aggregation
2026-02-18 20:37:21,639 - src.core.gold_claims_summary - INFO - Starting gold claims summary aggregation
2026-02-18 20:37:21,639 - src.core.storage - INFO - Reading latest parquet file from silver layer with prefix 'silver_clean_claims_' using adls backend
2026-02-18 20:37:21,730 - azure.core.pipeline.policies.http_logging_policy - INFO - Request URL: 'https://woningmarktintelx9.dfs.core.windows.net/dna-platform-data?resource=REDACTED&directory=REDACTED&recursive=REDACTED'
Request method: 'GET'
Request headers:
    'x-ms-version': 'REDACTED'
    'Accept': 'application/json'
    'User-Agent': 'azsdk-python-storage-dfs/12.23.0 Python/3.14.2 (macOS-15.6.1-arm64-arm-64bit-Mach-O)'
    'x-ms-date': 'REDACTED'
    'x-ms-client-request-id': '3e5868b4-0d01-11f1-8720-765227f64d11'
    'Authorization': 'REDACTED'
No body was attached to the request
2026-02-18 20:37:21,886 - azure.core.pipeline.policies.http_logging_policy - INFO - Response status: 200
Response headers:
    'Transfer-Encoding': 'chunked'
    'Content-Type': 'application/json;charset=utf-8'
    'Server': 'Windows-Azure-HDFS/1.0 Microsoft-HTTPAPI/2.0'
    'x-ms-request-id': '19e540f6-101f-006e-210e-a16f1e000000'
    'x-ms-version': 'REDACTED'
    'x-ms-client-request-id': '3e5868b4-0d01-11f1-8720-765227f64d11'
    'Date': 'Wed, 18 Feb 2026 19:37:21 GMT'
2026-02-18 20:37:21,888 - azure.core.pipeline.policies.http_logging_policy - INFO - Request URL: 'https://woningmarktintelx9.blob.core.windows.net/dna-platform-data/dna-platform/data/silver/silver_clean_claims_20260218T193719Z.parquet'
Request method: 'GET'
Request headers:
    'x-ms-range': 'REDACTED'
    'x-ms-version': 'REDACTED'
    'Accept': 'application/xml'
    'User-Agent': 'azsdk-python-storage-dfs/12.23.0 Python/3.14.2 (macOS-15.6.1-arm64-arm-64bit-Mach-O)'
    'x-ms-date': 'REDACTED'
    'x-ms-client-request-id': '3e708f70-0d01-11f1-8720-765227f64d11'
    'Authorization': 'REDACTED'
No body was attached to the request
2026-02-18 20:37:22,046 - azure.core.pipeline.policies.http_logging_policy - INFO - Response status: 206
Response headers:
    'Content-Length': '7784'
    'Content-Type': 'application/octet-stream'
    'Content-Range': 'REDACTED'
    'Last-Modified': 'Wed, 18 Feb 2026 19:37:20 GMT'
    'Accept-Ranges': 'REDACTED'
    'ETag': '"0x8DE6F2521A73B88"'
    'Server': 'Windows-Azure-Blob/1.0 Microsoft-HTTPAPI/2.0'
    'x-ms-request-id': '0b9d9f48-001e-003f-370e-a1f292000000'
    'x-ms-client-request-id': '3e708f70-0d01-11f1-8720-765227f64d11'
    'x-ms-version': 'REDACTED'
    'x-ms-resource-type': 'REDACTED'
    'x-ms-creation-time': 'REDACTED'
    'x-ms-lease-status': 'REDACTED'
    'x-ms-lease-state': 'REDACTED'
    'x-ms-blob-type': 'REDACTED'
    'x-ms-server-encrypted': 'REDACTED'
    'x-ms-owner': 'REDACTED'
    'x-ms-group': 'REDACTED'
    'x-ms-permissions': 'REDACTED'
    'x-ms-acl': 'REDACTED'
    'Date': 'Wed, 18 Feb 2026 19:37:21 GMT'
2026-02-18 20:37:22,048 - src.core.storage - INFO - Successfully read 30 rows from ADLS: dna-platform/data/silver/silver_clean_claims_20260218T193719Z.parquet
2026-02-18 20:37:22,048 - src.core.utils - INFO - Silver claims input: 30 rows, 12 columns
2026-02-18 20:37:22,056 - src.core.utils - INFO - Gold claims summary output: 21 rows, 8 columns
2026-02-18 20:37:22,056 - src.core.storage - INFO - Writing DataFrame to gold/gold_claims_summary_20260218T193722Z.parquet using adls backend
2026-02-18 20:37:22,056 - src.core.storage - INFO - Writing DataFrame (21 rows, 9 columns) to ADLS: abfss://dna-platform-data@woningmarktintelx9.dfs.core.windows.net/dna-platform/data/gold/gold_claims_summary_20260218T193722Z.parquet
2026-02-18 20:37:22,057 - azure.core.pipeline.policies.http_logging_policy - INFO - Request URL: 'https://woningmarktintelx9.blob.core.windows.net/dna-platform-data?restype=REDACTED'
Request method: 'GET'
Request headers:
    'x-ms-version': 'REDACTED'
    'Accept': 'application/xml'
    'User-Agent': 'azsdk-python-storage-dfs/12.23.0 Python/3.14.2 (macOS-15.6.1-arm64-arm-64bit-Mach-O)'
    'x-ms-date': 'REDACTED'
    'x-ms-client-request-id': '3e8a58a6-0d01-11f1-8720-765227f64d11'
    'Authorization': 'REDACTED'
No body was attached to the request
2026-02-18 20:37:22,224 - azure.core.pipeline.policies.http_logging_policy - INFO - Response status: 200
Response headers:
    'Content-Length': '0'
    'Last-Modified': 'Wed, 18 Feb 2026 19:12:05 GMT'
    'ETag': '"0x8DE6F219B11A707"'
    'Server': 'Windows-Azure-Blob/1.0 Microsoft-HTTPAPI/2.0'
    'x-ms-request-id': '5db81cf1-801e-001e-5a0e-a1d6e9000000'
    'x-ms-client-request-id': '3e8a58a6-0d01-11f1-8720-765227f64d11'
    'x-ms-version': 'REDACTED'
    'x-ms-lease-status': 'REDACTED'
    'x-ms-lease-state': 'REDACTED'
    'x-ms-has-immutability-policy': 'REDACTED'
    'x-ms-has-legal-hold': 'REDACTED'
    'x-ms-immutable-storage-with-versioning-enabled': 'REDACTED'
    'x-ms-default-encryption-scope': 'REDACTED'
    'x-ms-deny-encryption-scope-override': 'REDACTED'
    'Date': 'Wed, 18 Feb 2026 19:37:22 GMT'
2026-02-18 20:37:22,225 - azure.core.pipeline.policies.http_logging_policy - INFO - Request URL: 'https://woningmarktintelx9.dfs.core.windows.net/dna-platform-data/dna-platform/data/gold?resource=REDACTED'
Request method: 'PUT'
Request headers:
    'x-ms-version': 'REDACTED'
    'Accept': 'application/json'
    'User-Agent': 'azsdk-python-storage-dfs/12.23.0 Python/3.14.2 (macOS-15.6.1-arm64-arm-64bit-Mach-O)'
    'x-ms-date': 'REDACTED'
    'x-ms-client-request-id': '3ea3e028-0d01-11f1-8720-765227f64d11'
    'Authorization': 'REDACTED'
No body was attached to the request
2026-02-18 20:37:22,377 - azure.core.pipeline.policies.http_logging_policy - INFO - Response status: 201
Response headers:
    'Last-Modified': 'Wed, 18 Feb 2026 19:37:22 GMT'
    'ETag': '"0x8DE6F2522F9879C"'
    'Server': 'Windows-Azure-HDFS/1.0 Microsoft-HTTPAPI/2.0'
    'x-ms-request-server-encrypted': 'REDACTED'
    'x-ms-request-id': '8712f8c3-701f-000a-550e-a19e86000000'
    'x-ms-version': 'REDACTED'
    'x-ms-client-request-id': '3ea3e028-0d01-11f1-8720-765227f64d11'
    'Date': 'Wed, 18 Feb 2026 19:37:22 GMT'
    'Content-Length': '0'
2026-02-18 20:37:22,378 - azure.core.pipeline.policies.http_logging_policy - INFO - Request URL: 'https://woningmarktintelx9.dfs.core.windows.net/dna-platform-data/dna-platform/data/gold/gold_claims_summary_20260218T193722Z.parquet?resource=REDACTED'
Request method: 'PUT'
Request headers:
    'x-ms-version': 'REDACTED'
    'Accept': 'application/json'
    'User-Agent': 'azsdk-python-storage-dfs/12.23.0 Python/3.14.2 (macOS-15.6.1-arm64-arm-64bit-Mach-O)'
    'x-ms-date': 'REDACTED'
    'x-ms-client-request-id': '3ebb366a-0d01-11f1-8720-765227f64d11'
    'Authorization': 'REDACTED'
No body was attached to the request
2026-02-18 20:37:22,421 - azure.core.pipeline.policies.http_logging_policy - INFO - Response status: 201
Response headers:
    'Last-Modified': 'Wed, 18 Feb 2026 19:37:22 GMT'
    'ETag': '"0x8DE6F2522FFACE0"'
    'Server': 'Windows-Azure-HDFS/1.0 Microsoft-HTTPAPI/2.0'
    'x-ms-request-server-encrypted': 'REDACTED'
    'x-ms-request-id': '8712f8c5-701f-000a-570e-a19e86000000'
    'x-ms-version': 'REDACTED'
    'x-ms-client-request-id': '3ebb366a-0d01-11f1-8720-765227f64d11'
    'Date': 'Wed, 18 Feb 2026 19:37:22 GMT'
    'Content-Length': '0'
2026-02-18 20:37:22,422 - azure.core.pipeline.policies.http_logging_policy - INFO - Request URL: 'https://woningmarktintelx9.dfs.core.windows.net/dna-platform-data/dna-platform/data/gold/gold_claims_summary_20260218T193722Z.parquet?action=REDACTED&position=REDACTED'
Request method: 'PATCH'
Request headers:
    'Content-Length': '4178'
    'x-ms-version': 'REDACTED'
    'Content-Type': 'application/json'
    'Accept': 'application/json'
    'User-Agent': 'azsdk-python-storage-dfs/12.23.0 Python/3.14.2 (macOS-15.6.1-arm64-arm-64bit-Mach-O)'
    'x-ms-date': 'REDACTED'
    'x-ms-client-request-id': '3ec1f360-0d01-11f1-8720-765227f64d11'
    'Authorization': 'REDACTED'
A body is sent with the request
2026-02-18 20:37:22,457 - azure.core.pipeline.policies.http_logging_policy - INFO - Response status: 202
Response headers:
    'Server': 'Windows-Azure-HDFS/1.0 Microsoft-HTTPAPI/2.0'
    'x-ms-request-server-encrypted': 'REDACTED'
    'x-ms-request-id': '8712f8cb-701f-000a-5d0e-a19e86000000'
    'x-ms-version': 'REDACTED'
    'x-ms-client-request-id': '3ec1f360-0d01-11f1-8720-765227f64d11'
    'Date': 'Wed, 18 Feb 2026 19:37:22 GMT'
    'Content-Length': '0'
2026-02-18 20:37:22,458 - azure.core.pipeline.policies.http_logging_policy - INFO - Request URL: 'https://woningmarktintelx9.dfs.core.windows.net/dna-platform-data/dna-platform/data/gold/gold_claims_summary_20260218T193722Z.parquet?action=REDACTED&position=REDACTED&close=REDACTED'
Request method: 'PATCH'
Request headers:
    'If-Match': '"0x8DE6F2522FFACE0"'
    'x-ms-version': 'REDACTED'
    'Accept': 'application/json'
    'User-Agent': 'azsdk-python-storage-dfs/12.23.0 Python/3.14.2 (macOS-15.6.1-arm64-arm-64bit-Mach-O)'
    'x-ms-date': 'REDACTED'
    'x-ms-client-request-id': '3ec765a2-0d01-11f1-8720-765227f64d11'
    'Authorization': 'REDACTED'
No body was attached to the request
2026-02-18 20:37:22,522 - azure.core.pipeline.policies.http_logging_policy - INFO - Response status: 200
Response headers:
    'Last-Modified': 'Wed, 18 Feb 2026 19:37:22 GMT'
    'ETag': '"0x8DE6F25230F63D0"'
    'Server': 'Windows-Azure-HDFS/1.0 Microsoft-HTTPAPI/2.0'
    'x-ms-request-server-encrypted': 'REDACTED'
    'x-ms-request-id': '8712f8d0-701f-000a-620e-a19e86000000'
    'x-ms-version': 'REDACTED'
    'x-ms-client-request-id': '3ec765a2-0d01-11f1-8720-765227f64d11'
    'Date': 'Wed, 18 Feb 2026 19:37:22 GMT'
    'Content-Length': '0'
2026-02-18 20:37:22,522 - src.core.storage - INFO - Successfully uploaded 0 bytes to ADLS: abfss://dna-platform-data@woningmarktintelx9.dfs.core.windows.net/dna-platform/data/gold/gold_claims_summary_20260218T193722Z.parquet
2026-02-18 20:37:22,524 - src.core.storage - INFO - ADLS write successful: abfss://dna-platform-data@woningmarktintelx9.dfs.core.windows.net/dna-platform/data/gold/gold_claims_summary_20260218T193722Z.parquet
2026-02-18 20:37:22,525 - src.core.storage - INFO - Successfully wrote 21 rows to local storage: /Users/taniskarigar/test-polster/dna-platform/data/gold/sample_gold_claims_summary_20260218T193722Z.parquet
2026-02-18 20:37:22,525 - src.core.gold_claims_summary - INFO - Gold claims summary aggregation completed: abfss://dna-platform-data@woningmarktintelx9.dfs.core.windows.net/dna-platform/data/gold/gold_claims_summary_20260218T193722Z.parquet
2026-02-18 20:37:22,525 - src.core.utils - INFO - Completed operation 'gold claims summary aggregation' in 0.89 seconds
2026-02-18 20:37:22 +0100 - dagster - DEBUG - __ASSET_JOB - c53b1b2b-a03a-4dd0-9fea-7e56f19f5a57 - 42722 - run_gold_claims_summary - STEP_OUTPUT - Yielded output "result" of type "Any". (Type check passed).
2026-02-18 20:37:22 +0100 - dagster - DEBUG - __ASSET_JOB - c53b1b2b-a03a-4dd0-9fea-7e56f19f5a57 - run_gold_claims_summary - Writing file at: /Users/taniskarigar/test-polster/dna-platform/.dagster/storage/run_gold_claims_summary using PickledObjectFilesystemIOManager...
2026-02-18 20:37:22 +0100 - dagster - DEBUG - __ASSET_JOB - c53b1b2b-a03a-4dd0-9fea-7e56f19f5a57 - 42722 - run_gold_claims_summary - ASSET_MATERIALIZATION - Materialized value run_gold_claims_summary.
2026-02-18 20:37:22 +0100 - dagster - DEBUG - __ASSET_JOB - c53b1b2b-a03a-4dd0-9fea-7e56f19f5a57 - 42722 - run_gold_claims_summary - HANDLED_OUTPUT - Handled output "result" using IO manager "io_manager"
2026-02-18 20:37:22 +0100 - dagster - DEBUG - __ASSET_JOB - c53b1b2b-a03a-4dd0-9fea-7e56f19f5a57 - 42722 - run_gold_claims_summary - STEP_SUCCESS - Finished execution of step "run_gold_claims_summary" in 934ms.
