2026-02-18 20:37:16 +0100 - dagster - DEBUG - __ASSET_JOB - c53b1b2b-a03a-4dd0-9fea-7e56f19f5a57 - 42620 - LOGS_CAPTURED - Started capturing logs in process (pid: 42620).
2026-02-18 20:37:16 +0100 - dagster - DEBUG - __ASSET_JOB - c53b1b2b-a03a-4dd0-9fea-7e56f19f5a57 - 42620 - run_bronze_claims - STEP_START - Started execution of step "run_bronze_claims".
2026-02-18 20:37:16,743 - src.core.utils - INFO - Starting operation: bronze claims extraction
2026-02-18 20:37:16,743 - src.core.bronze_claims - INFO - Starting bronze claims extraction
2026-02-18 20:37:16,748 - src.core.utils - INFO - Bronze claims output: 30 rows, 11 columns
2026-02-18 20:37:16,749 - src.core.storage - INFO - Writing DataFrame to bronze/bronze_claims_20260218T193716Z.parquet using adls backend
2026-02-18 20:37:16,749 - src.core.storage - INFO - Writing DataFrame (30 rows, 11 columns) to ADLS: abfss://dna-platform-data@woningmarktintelx9.dfs.core.windows.net/dna-platform/data/bronze/bronze_claims_20260218T193716Z.parquet
2026-02-18 20:37:16,993 - azure.core.pipeline.policies.http_logging_policy - INFO - Request URL: 'https://woningmarktintelx9.blob.core.windows.net/dna-platform-data?restype=REDACTED'
Request method: 'GET'
Request headers:
    'x-ms-version': 'REDACTED'
    'Accept': 'application/xml'
    'User-Agent': 'azsdk-python-storage-dfs/12.23.0 Python/3.14.2 (macOS-15.6.1-arm64-arm-64bit-Mach-O)'
    'x-ms-date': 'REDACTED'
    'x-ms-client-request-id': '3b85878e-0d01-11f1-b120-765227f64d11'
    'Authorization': 'REDACTED'
No body was attached to the request
2026-02-18 20:37:17,200 - azure.core.pipeline.policies.http_logging_policy - INFO - Response status: 200
Response headers:
    'Content-Length': '0'
    'Last-Modified': 'Wed, 18 Feb 2026 19:12:05 GMT'
    'ETag': '"0x8DE6F219B11A707"'
    'Server': 'Windows-Azure-Blob/1.0 Microsoft-HTTPAPI/2.0'
    'x-ms-request-id': '57134de5-701e-0068-5f0d-a15ca1000000'
    'x-ms-client-request-id': '3b85878e-0d01-11f1-b120-765227f64d11'
    'x-ms-version': 'REDACTED'
    'x-ms-lease-status': 'REDACTED'
    'x-ms-lease-state': 'REDACTED'
    'x-ms-has-immutability-policy': 'REDACTED'
    'x-ms-has-legal-hold': 'REDACTED'
    'x-ms-immutable-storage-with-versioning-enabled': 'REDACTED'
    'x-ms-default-encryption-scope': 'REDACTED'
    'x-ms-deny-encryption-scope-override': 'REDACTED'
    'Date': 'Wed, 18 Feb 2026 19:37:17 GMT'
2026-02-18 20:37:17,201 - azure.core.pipeline.policies.http_logging_policy - INFO - Request URL: 'https://woningmarktintelx9.dfs.core.windows.net/dna-platform-data/dna-platform/data/bronze?resource=REDACTED'
Request method: 'PUT'
Request headers:
    'x-ms-version': 'REDACTED'
    'Accept': 'application/json'
    'User-Agent': 'azsdk-python-storage-dfs/12.23.0 Python/3.14.2 (macOS-15.6.1-arm64-arm-64bit-Mach-O)'
    'x-ms-date': 'REDACTED'
    'x-ms-client-request-id': '3ba54768-0d01-11f1-b120-765227f64d11'
    'Authorization': 'REDACTED'
No body was attached to the request
2026-02-18 20:37:17,613 - azure.core.pipeline.policies.http_logging_policy - INFO - Response status: 201
Response headers:
    'Last-Modified': 'Wed, 18 Feb 2026 19:37:17 GMT'
    'ETag': '"0x8DE6F252022A18C"'
    'Server': 'Windows-Azure-HDFS/1.0 Microsoft-HTTPAPI/2.0'
    'x-ms-request-server-encrypted': 'REDACTED'
    'x-ms-request-id': 'bf9cb98b-701f-0047-1b0d-a1516a000000'
    'x-ms-version': 'REDACTED'
    'x-ms-client-request-id': '3ba54768-0d01-11f1-b120-765227f64d11'
    'Date': 'Wed, 18 Feb 2026 19:37:17 GMT'
    'Content-Length': '0'
2026-02-18 20:37:17,613 - azure.core.pipeline.policies.http_logging_policy - INFO - Request URL: 'https://woningmarktintelx9.dfs.core.windows.net/dna-platform-data/dna-platform/data/bronze/bronze_claims_20260218T193716Z.parquet?resource=REDACTED'
Request method: 'PUT'
Request headers:
    'x-ms-version': 'REDACTED'
    'Accept': 'application/json'
    'User-Agent': 'azsdk-python-storage-dfs/12.23.0 Python/3.14.2 (macOS-15.6.1-arm64-arm-64bit-Mach-O)'
    'x-ms-date': 'REDACTED'
    'x-ms-client-request-id': '3be43662-0d01-11f1-b120-765227f64d11'
    'Authorization': 'REDACTED'
No body was attached to the request
2026-02-18 20:37:17,651 - azure.core.pipeline.policies.http_logging_policy - INFO - Response status: 201
Response headers:
    'Last-Modified': 'Wed, 18 Feb 2026 19:37:17 GMT'
    'ETag': '"0x8DE6F2520284DC0"'
    'Server': 'Windows-Azure-HDFS/1.0 Microsoft-HTTPAPI/2.0'
    'x-ms-request-server-encrypted': 'REDACTED'
    'x-ms-request-id': 'bf9cb9b9-701f-0047-490d-a1516a000000'
    'x-ms-version': 'REDACTED'
    'x-ms-client-request-id': '3be43662-0d01-11f1-b120-765227f64d11'
    'Date': 'Wed, 18 Feb 2026 19:37:17 GMT'
    'Content-Length': '0'
2026-02-18 20:37:17,652 - azure.core.pipeline.policies.http_logging_policy - INFO - Request URL: 'https://woningmarktintelx9.dfs.core.windows.net/dna-platform-data/dna-platform/data/bronze/bronze_claims_20260218T193716Z.parquet?action=REDACTED&position=REDACTED'
Request method: 'PATCH'
Request headers:
    'Content-Length': '7246'
    'x-ms-version': 'REDACTED'
    'Content-Type': 'application/json'
    'Accept': 'application/json'
    'User-Agent': 'azsdk-python-storage-dfs/12.23.0 Python/3.14.2 (macOS-15.6.1-arm64-arm-64bit-Mach-O)'
    'x-ms-date': 'REDACTED'
    'x-ms-client-request-id': '3bea11ea-0d01-11f1-b120-765227f64d11'
    'Authorization': 'REDACTED'
A body is sent with the request
2026-02-18 20:37:17,691 - azure.core.pipeline.policies.http_logging_policy - INFO - Response status: 202
Response headers:
    'Server': 'Windows-Azure-HDFS/1.0 Microsoft-HTTPAPI/2.0'
    'x-ms-request-server-encrypted': 'REDACTED'
    'x-ms-request-id': 'bf9cb9c0-701f-0047-500d-a1516a000000'
    'x-ms-version': 'REDACTED'
    'x-ms-client-request-id': '3bea11ea-0d01-11f1-b120-765227f64d11'
    'Date': 'Wed, 18 Feb 2026 19:37:17 GMT'
    'Content-Length': '0'
2026-02-18 20:37:17,692 - azure.core.pipeline.policies.http_logging_policy - INFO - Request URL: 'https://woningmarktintelx9.dfs.core.windows.net/dna-platform-data/dna-platform/data/bronze/bronze_claims_20260218T193716Z.parquet?action=REDACTED&position=REDACTED&close=REDACTED'
Request method: 'PATCH'
Request headers:
    'If-Match': '"0x8DE6F2520284DC0"'
    'x-ms-version': 'REDACTED'
    'Accept': 'application/json'
    'User-Agent': 'azsdk-python-storage-dfs/12.23.0 Python/3.14.2 (macOS-15.6.1-arm64-arm-64bit-Mach-O)'
    'x-ms-date': 'REDACTED'
    'x-ms-client-request-id': '3bf02aa8-0d01-11f1-b120-765227f64d11'
    'Authorization': 'REDACTED'
No body was attached to the request
2026-02-18 20:37:17,743 - azure.core.pipeline.policies.http_logging_policy - INFO - Response status: 200
Response headers:
    'Last-Modified': 'Wed, 18 Feb 2026 19:37:17 GMT'
    'ETag': '"0x8DE6F2520364904"'
    'Server': 'Windows-Azure-HDFS/1.0 Microsoft-HTTPAPI/2.0'
    'x-ms-request-server-encrypted': 'REDACTED'
    'x-ms-request-id': 'bf9cb9c4-701f-0047-540d-a1516a000000'
    'x-ms-version': 'REDACTED'
    'x-ms-client-request-id': '3bf02aa8-0d01-11f1-b120-765227f64d11'
    'Date': 'Wed, 18 Feb 2026 19:37:17 GMT'
    'Content-Length': '0'
2026-02-18 20:37:17,744 - src.core.storage - INFO - Successfully uploaded 0 bytes to ADLS: abfss://dna-platform-data@woningmarktintelx9.dfs.core.windows.net/dna-platform/data/bronze/bronze_claims_20260218T193716Z.parquet
2026-02-18 20:37:17,745 - src.core.storage - INFO - ADLS write successful: abfss://dna-platform-data@woningmarktintelx9.dfs.core.windows.net/dna-platform/data/bronze/bronze_claims_20260218T193716Z.parquet
2026-02-18 20:37:17,747 - src.core.storage - INFO - Successfully wrote 30 rows to local storage: /Users/taniskarigar/test-polster/dna-platform/data/bronze/sample_bronze_claims_20260218T193716Z.parquet
2026-02-18 20:37:17,747 - src.core.bronze_claims - INFO - Bronze claims extraction completed: abfss://dna-platform-data@woningmarktintelx9.dfs.core.windows.net/dna-platform/data/bronze/bronze_claims_20260218T193716Z.parquet
2026-02-18 20:37:17,747 - src.core.utils - INFO - Completed operation 'bronze claims extraction' in 1.00 seconds
2026-02-18 20:37:17 +0100 - dagster - DEBUG - __ASSET_JOB - c53b1b2b-a03a-4dd0-9fea-7e56f19f5a57 - 42620 - run_bronze_claims - STEP_OUTPUT - Yielded output "result" of type "Any". (Type check passed).
2026-02-18 20:37:17 +0100 - dagster - DEBUG - __ASSET_JOB - c53b1b2b-a03a-4dd0-9fea-7e56f19f5a57 - run_bronze_claims - Writing file at: /Users/taniskarigar/test-polster/dna-platform/.dagster/storage/run_bronze_claims using PickledObjectFilesystemIOManager...
2026-02-18 20:37:17,759 - alembic.runtime.migration - INFO - Context impl SQLiteImpl.
2026-02-18 20:37:17,760 - alembic.runtime.migration - INFO - Will assume non-transactional DDL.
2026-02-18 20:37:17 +0100 - dagster - DEBUG - __ASSET_JOB - c53b1b2b-a03a-4dd0-9fea-7e56f19f5a57 - 42620 - run_bronze_claims - ASSET_MATERIALIZATION - Materialized value run_bronze_claims.
2026-02-18 20:37:17 +0100 - dagster - DEBUG - __ASSET_JOB - c53b1b2b-a03a-4dd0-9fea-7e56f19f5a57 - 42620 - run_bronze_claims - HANDLED_OUTPUT - Handled output "result" using IO manager "io_manager"
2026-02-18 20:37:17 +0100 - dagster - DEBUG - __ASSET_JOB - c53b1b2b-a03a-4dd0-9fea-7e56f19f5a57 - 42620 - run_bronze_claims - STEP_SUCCESS - Finished execution of step "run_bronze_claims" in 1.04s.
