2026-02-18 20:37:16 +0100 - dagster - DEBUG - __ASSET_JOB - c53b1b2b-a03a-4dd0-9fea-7e56f19f5a57 - 42621 - LOGS_CAPTURED - Started capturing logs in process (pid: 42621).
2026-02-18 20:37:16 +0100 - dagster - DEBUG - __ASSET_JOB - c53b1b2b-a03a-4dd0-9fea-7e56f19f5a57 - 42621 - run_bronze_customers - STEP_START - Started execution of step "run_bronze_customers".
2026-02-18 20:37:16,746 - src.core.utils - INFO - Starting operation: bronze customers extraction
2026-02-18 20:37:16,746 - src.core.bronze_customers - INFO - Starting bronze customers extraction
2026-02-18 20:37:16,762 - src.core.utils - INFO - Bronze customers output: 50 rows, 15 columns
2026-02-18 20:37:16,762 - src.core.storage - INFO - Writing DataFrame to bronze/bronze_customers_20260218T193716Z.parquet using adls backend
2026-02-18 20:37:16,762 - src.core.storage - INFO - Writing DataFrame (50 rows, 15 columns) to ADLS: abfss://dna-platform-data@woningmarktintelx9.dfs.core.windows.net/dna-platform/data/bronze/bronze_customers_20260218T193716Z.parquet
2026-02-18 20:37:16,993 - azure.core.pipeline.policies.http_logging_policy - INFO - Request URL: 'https://woningmarktintelx9.blob.core.windows.net/dna-platform-data?restype=REDACTED'
Request method: 'GET'
Request headers:
    'x-ms-version': 'REDACTED'
    'Accept': 'application/xml'
    'User-Agent': 'azsdk-python-storage-dfs/12.23.0 Python/3.14.2 (macOS-15.6.1-arm64-arm-64bit-Mach-O)'
    'x-ms-date': 'REDACTED'
    'x-ms-client-request-id': '3b8570a0-0d01-11f1-94fb-765227f64d11'
    'Authorization': 'REDACTED'
No body was attached to the request
2026-02-18 20:37:17,200 - azure.core.pipeline.policies.http_logging_policy - INFO - Response status: 200
Response headers:
    'Content-Length': '0'
    'Last-Modified': 'Wed, 18 Feb 2026 19:12:05 GMT'
    'ETag': '"0x8DE6F219B11A707"'
    'Server': 'Windows-Azure-Blob/1.0 Microsoft-HTTPAPI/2.0'
    'x-ms-request-id': '5f4ded19-f01e-0049-1e0d-a178da000000'
    'x-ms-client-request-id': '3b8570a0-0d01-11f1-94fb-765227f64d11'
    'x-ms-version': 'REDACTED'
    'x-ms-lease-status': 'REDACTED'
    'x-ms-lease-state': 'REDACTED'
    'x-ms-has-immutability-policy': 'REDACTED'
    'x-ms-has-legal-hold': 'REDACTED'
    'x-ms-immutable-storage-with-versioning-enabled': 'REDACTED'
    'x-ms-default-encryption-scope': 'REDACTED'
    'x-ms-deny-encryption-scope-override': 'REDACTED'
    'Date': 'Wed, 18 Feb 2026 19:37:16 GMT'
2026-02-18 20:37:17,201 - azure.core.pipeline.policies.http_logging_policy - INFO - Request URL: 'https://woningmarktintelx9.dfs.core.windows.net/dna-platform-data/dna-platform/data/bronze?resource=REDACTED'
Request method: 'PUT'
Request headers:
    'x-ms-version': 'REDACTED'
    'Accept': 'application/json'
    'User-Agent': 'azsdk-python-storage-dfs/12.23.0 Python/3.14.2 (macOS-15.6.1-arm64-arm-64bit-Mach-O)'
    'x-ms-date': 'REDACTED'
    'x-ms-client-request-id': '3ba547b8-0d01-11f1-94fb-765227f64d11'
    'Authorization': 'REDACTED'
No body was attached to the request
2026-02-18 20:37:17,851 - azure.core.pipeline.policies.http_logging_policy - INFO - Response status: 201
Response headers:
    'Last-Modified': 'Wed, 18 Feb 2026 19:37:17 GMT'
    'ETag': '"0x8DE6F252046CBAC"'
    'Server': 'Windows-Azure-HDFS/1.0 Microsoft-HTTPAPI/2.0'
    'x-ms-request-server-encrypted': 'REDACTED'
    'x-ms-request-id': '2961a69d-301f-0056-5c0d-a1cbde000000'
    'x-ms-version': 'REDACTED'
    'x-ms-client-request-id': '3ba547b8-0d01-11f1-94fb-765227f64d11'
    'Date': 'Wed, 18 Feb 2026 19:37:17 GMT'
    'Content-Length': '0'
2026-02-18 20:37:17,852 - azure.core.pipeline.policies.http_logging_policy - INFO - Request URL: 'https://woningmarktintelx9.dfs.core.windows.net/dna-platform-data/dna-platform/data/bronze/bronze_customers_20260218T193716Z.parquet?resource=REDACTED'
Request method: 'PUT'
Request headers:
    'x-ms-version': 'REDACTED'
    'Accept': 'application/json'
    'User-Agent': 'azsdk-python-storage-dfs/12.23.0 Python/3.14.2 (macOS-15.6.1-arm64-arm-64bit-Mach-O)'
    'x-ms-date': 'REDACTED'
    'x-ms-client-request-id': '3c08b1cc-0d01-11f1-94fb-765227f64d11'
    'Authorization': 'REDACTED'
No body was attached to the request
2026-02-18 20:37:17,893 - azure.core.pipeline.policies.http_logging_policy - INFO - Response status: 201
Response headers:
    'Last-Modified': 'Wed, 18 Feb 2026 19:37:17 GMT'
    'ETag': '"0x8DE6F25204CC454"'
    'Server': 'Windows-Azure-HDFS/1.0 Microsoft-HTTPAPI/2.0'
    'x-ms-request-server-encrypted': 'REDACTED'
    'x-ms-request-id': '2961a6b3-301f-0056-710d-a1cbde000000'
    'x-ms-version': 'REDACTED'
    'x-ms-client-request-id': '3c08b1cc-0d01-11f1-94fb-765227f64d11'
    'Date': 'Wed, 18 Feb 2026 19:37:17 GMT'
    'Content-Length': '0'
2026-02-18 20:37:17,893 - azure.core.pipeline.policies.http_logging_policy - INFO - Request URL: 'https://woningmarktintelx9.dfs.core.windows.net/dna-platform-data/dna-platform/data/bronze/bronze_customers_20260218T193716Z.parquet?action=REDACTED&position=REDACTED'
Request method: 'PATCH'
Request headers:
    'Content-Length': '10664'
    'x-ms-version': 'REDACTED'
    'Content-Type': 'application/json'
    'Accept': 'application/json'
    'User-Agent': 'azsdk-python-storage-dfs/12.23.0 Python/3.14.2 (macOS-15.6.1-arm64-arm-64bit-Mach-O)'
    'x-ms-date': 'REDACTED'
    'x-ms-client-request-id': '3c0ef870-0d01-11f1-94fb-765227f64d11'
    'Authorization': 'REDACTED'
A body is sent with the request
2026-02-18 20:37:17,932 - azure.core.pipeline.policies.http_logging_policy - INFO - Response status: 202
Response headers:
    'Server': 'Windows-Azure-HDFS/1.0 Microsoft-HTTPAPI/2.0'
    'x-ms-request-server-encrypted': 'REDACTED'
    'x-ms-request-id': '2961a6b5-301f-0056-730d-a1cbde000000'
    'x-ms-version': 'REDACTED'
    'x-ms-client-request-id': '3c0ef870-0d01-11f1-94fb-765227f64d11'
    'Date': 'Wed, 18 Feb 2026 19:37:17 GMT'
    'Content-Length': '0'
2026-02-18 20:37:17,933 - azure.core.pipeline.policies.http_logging_policy - INFO - Request URL: 'https://woningmarktintelx9.dfs.core.windows.net/dna-platform-data/dna-platform/data/bronze/bronze_customers_20260218T193716Z.parquet?action=REDACTED&position=REDACTED&close=REDACTED'
Request method: 'PATCH'
Request headers:
    'If-Match': '"0x8DE6F25204CC454"'
    'x-ms-version': 'REDACTED'
    'Accept': 'application/json'
    'User-Agent': 'azsdk-python-storage-dfs/12.23.0 Python/3.14.2 (macOS-15.6.1-arm64-arm-64bit-Mach-O)'
    'x-ms-date': 'REDACTED'
    'x-ms-client-request-id': '3c14f090-0d01-11f1-94fb-765227f64d11'
    'Authorization': 'REDACTED'
No body was attached to the request
2026-02-18 20:37:17,996 - azure.core.pipeline.policies.http_logging_policy - INFO - Response status: 200
Response headers:
    'Last-Modified': 'Wed, 18 Feb 2026 19:37:18 GMT'
    'ETag': '"0x8DE6F25205C511C"'
    'Server': 'Windows-Azure-HDFS/1.0 Microsoft-HTTPAPI/2.0'
    'x-ms-request-server-encrypted': 'REDACTED'
    'x-ms-request-id': '2961a6b9-301f-0056-770d-a1cbde000000'
    'x-ms-version': 'REDACTED'
    'x-ms-client-request-id': '3c14f090-0d01-11f1-94fb-765227f64d11'
    'Date': 'Wed, 18 Feb 2026 19:37:17 GMT'
    'Content-Length': '0'
2026-02-18 20:37:17,996 - src.core.storage - INFO - Successfully uploaded 0 bytes to ADLS: abfss://dna-platform-data@woningmarktintelx9.dfs.core.windows.net/dna-platform/data/bronze/bronze_customers_20260218T193716Z.parquet
2026-02-18 20:37:17,999 - src.core.storage - INFO - ADLS write successful: abfss://dna-platform-data@woningmarktintelx9.dfs.core.windows.net/dna-platform/data/bronze/bronze_customers_20260218T193716Z.parquet
2026-02-18 20:37:18,001 - src.core.storage - INFO - Successfully wrote 50 rows to local storage: /Users/taniskarigar/test-polster/dna-platform/data/bronze/sample_bronze_customers_20260218T193716Z.parquet
2026-02-18 20:37:18,001 - src.core.bronze_customers - INFO - Bronze customers extraction completed: abfss://dna-platform-data@woningmarktintelx9.dfs.core.windows.net/dna-platform/data/bronze/bronze_customers_20260218T193716Z.parquet
2026-02-18 20:37:18,001 - src.core.utils - INFO - Completed operation 'bronze customers extraction' in 1.26 seconds
2026-02-18 20:37:18 +0100 - dagster - DEBUG - __ASSET_JOB - c53b1b2b-a03a-4dd0-9fea-7e56f19f5a57 - 42621 - run_bronze_customers - STEP_OUTPUT - Yielded output "result" of type "Any". (Type check passed).
2026-02-18 20:37:18 +0100 - dagster - DEBUG - __ASSET_JOB - c53b1b2b-a03a-4dd0-9fea-7e56f19f5a57 - run_bronze_customers - Writing file at: /Users/taniskarigar/test-polster/dna-platform/.dagster/storage/run_bronze_customers using PickledObjectFilesystemIOManager...
2026-02-18 20:37:18,015 - alembic.runtime.migration - INFO - Context impl SQLiteImpl.
2026-02-18 20:37:18,015 - alembic.runtime.migration - INFO - Will assume non-transactional DDL.
2026-02-18 20:37:18 +0100 - dagster - DEBUG - __ASSET_JOB - c53b1b2b-a03a-4dd0-9fea-7e56f19f5a57 - 42621 - run_bronze_customers - ASSET_MATERIALIZATION - Materialized value run_bronze_customers.
2026-02-18 20:37:18 +0100 - dagster - DEBUG - __ASSET_JOB - c53b1b2b-a03a-4dd0-9fea-7e56f19f5a57 - 42621 - run_bronze_customers - HANDLED_OUTPUT - Handled output "result" using IO manager "io_manager"
2026-02-18 20:37:18 +0100 - dagster - DEBUG - __ASSET_JOB - c53b1b2b-a03a-4dd0-9fea-7e56f19f5a57 - 42621 - run_bronze_customers - STEP_SUCCESS - Finished execution of step "run_bronze_customers" in 1.29s.
