2026-02-18 20:37:21 +0100 - dagster - DEBUG - __ASSET_JOB - c53b1b2b-a03a-4dd0-9fea-7e56f19f5a57 - 42719 - LOGS_CAPTURED - Started capturing logs in process (pid: 42719).
2026-02-18 20:37:21 +0100 - dagster - DEBUG - __ASSET_JOB - c53b1b2b-a03a-4dd0-9fea-7e56f19f5a57 - 42719 - run_gold_premium_revenue - STEP_START - Started execution of step "run_gold_premium_revenue".
2026-02-18 20:37:21,296 - alembic.runtime.migration - INFO - Context impl SQLiteImpl.
2026-02-18 20:37:21,296 - alembic.runtime.migration - INFO - Will assume non-transactional DDL.
2026-02-18 20:37:21 +0100 - dagster - DEBUG - __ASSET_JOB - c53b1b2b-a03a-4dd0-9fea-7e56f19f5a57 - run_gold_premium_revenue - Loading file from: /Users/taniskarigar/test-polster/dna-platform/.dagster/storage/run_silver_clean_payments using PickledObjectFilesystemIOManager...
2026-02-18 20:37:21 +0100 - dagster - DEBUG - __ASSET_JOB - c53b1b2b-a03a-4dd0-9fea-7e56f19f5a57 - 42719 - run_gold_premium_revenue - LOADED_INPUT - Loaded input "run_silver_clean_payments" using input manager "io_manager", from output "result" of step "run_silver_clean_payments"
2026-02-18 20:37:21 +0100 - dagster - DEBUG - __ASSET_JOB - c53b1b2b-a03a-4dd0-9fea-7e56f19f5a57 - run_gold_premium_revenue - Loading file from: /Users/taniskarigar/test-polster/dna-platform/.dagster/storage/run_silver_clean_policies using PickledObjectFilesystemIOManager...
2026-02-18 20:37:21 +0100 - dagster - DEBUG - __ASSET_JOB - c53b1b2b-a03a-4dd0-9fea-7e56f19f5a57 - 42719 - run_gold_premium_revenue - LOADED_INPUT - Loaded input "run_silver_clean_policies" using input manager "io_manager", from output "result" of step "run_silver_clean_policies"
2026-02-18 20:37:21 +0100 - dagster - DEBUG - __ASSET_JOB - c53b1b2b-a03a-4dd0-9fea-7e56f19f5a57 - 42719 - run_gold_premium_revenue - STEP_INPUT - Got input "run_silver_clean_payments" of type "Any". (Type check passed).
2026-02-18 20:37:21 +0100 - dagster - DEBUG - __ASSET_JOB - c53b1b2b-a03a-4dd0-9fea-7e56f19f5a57 - 42719 - run_gold_premium_revenue - STEP_INPUT - Got input "run_silver_clean_policies" of type "Any". (Type check passed).
2026-02-18 20:37:21,332 - src.core.utils - INFO - Starting operation: gold premium revenue aggregation
2026-02-18 20:37:21,332 - src.core.gold_premium_revenue - INFO - Starting gold premium revenue aggregation
2026-02-18 20:37:21,332 - src.core.storage - INFO - Reading latest parquet file from silver layer with prefix 'silver_clean_policies_' using adls backend
2026-02-18 20:37:21,426 - azure.core.pipeline.policies.http_logging_policy - INFO - Request URL: 'https://woningmarktintelx9.dfs.core.windows.net/dna-platform-data?resource=REDACTED&directory=REDACTED&recursive=REDACTED'
Request method: 'GET'
Request headers:
    'x-ms-version': 'REDACTED'
    'Accept': 'application/json'
    'User-Agent': 'azsdk-python-storage-dfs/12.23.0 Python/3.14.2 (macOS-15.6.1-arm64-arm-64bit-Mach-O)'
    'x-ms-date': 'REDACTED'
    'x-ms-client-request-id': '3e29fe2a-0d01-11f1-a507-765227f64d11'
    'Authorization': 'REDACTED'
No body was attached to the request
2026-02-18 20:37:21,610 - azure.core.pipeline.policies.http_logging_policy - INFO - Response status: 200
Response headers:
    'Transfer-Encoding': 'chunked'
    'Content-Type': 'application/json;charset=utf-8'
    'Server': 'Windows-Azure-HDFS/1.0 Microsoft-HTTPAPI/2.0'
    'x-ms-request-id': '1c87b394-c01f-006d-570e-a18e7a000000'
    'x-ms-version': 'REDACTED'
    'x-ms-client-request-id': '3e29fe2a-0d01-11f1-a507-765227f64d11'
    'Date': 'Wed, 18 Feb 2026 19:37:20 GMT'
2026-02-18 20:37:21,612 - azure.core.pipeline.policies.http_logging_policy - INFO - Request URL: 'https://woningmarktintelx9.blob.core.windows.net/dna-platform-data/dna-platform/data/silver/silver_clean_policies_20260218T193719Z.parquet'
Request method: 'GET'
Request headers:
    'x-ms-range': 'REDACTED'
    'x-ms-version': 'REDACTED'
    'Accept': 'application/xml'
    'User-Agent': 'azsdk-python-storage-dfs/12.23.0 Python/3.14.2 (macOS-15.6.1-arm64-arm-64bit-Mach-O)'
    'x-ms-date': 'REDACTED'
    'x-ms-client-request-id': '3e466ccc-0d01-11f1-a507-765227f64d11'
    'Authorization': 'REDACTED'
No body was attached to the request
2026-02-18 20:37:21,760 - azure.core.pipeline.policies.http_logging_policy - INFO - Response status: 206
Response headers:
    'Content-Length': '9371'
    'Content-Type': 'application/octet-stream'
    'Content-Range': 'REDACTED'
    'Last-Modified': 'Wed, 18 Feb 2026 19:37:20 GMT'
    'Accept-Ranges': 'REDACTED'
    'ETag': '"0x8DE6F25218E3A74"'
    'Server': 'Windows-Azure-Blob/1.0 Microsoft-HTTPAPI/2.0'
    'x-ms-request-id': '1707ef62-101e-000c-2d0e-a1ad39000000'
    'x-ms-client-request-id': '3e466ccc-0d01-11f1-a507-765227f64d11'
    'x-ms-version': 'REDACTED'
    'x-ms-resource-type': 'REDACTED'
    'x-ms-creation-time': 'REDACTED'
    'x-ms-lease-status': 'REDACTED'
    'x-ms-lease-state': 'REDACTED'
    'x-ms-blob-type': 'REDACTED'
    'x-ms-server-encrypted': 'REDACTED'
    'x-ms-owner': 'REDACTED'
    'x-ms-group': 'REDACTED'
    'x-ms-permissions': 'REDACTED'
    'x-ms-acl': 'REDACTED'
    'Date': 'Wed, 18 Feb 2026 19:37:21 GMT'
2026-02-18 20:37:21,762 - src.core.storage - INFO - Successfully read 80 rows from ADLS: dna-platform/data/silver/silver_clean_policies_20260218T193719Z.parquet
2026-02-18 20:37:21,762 - src.core.storage - INFO - Reading latest parquet file from silver layer with prefix 'silver_clean_payments_' using adls backend
2026-02-18 20:37:21,763 - azure.core.pipeline.policies.http_logging_policy - INFO - Request URL: 'https://woningmarktintelx9.dfs.core.windows.net/dna-platform-data?resource=REDACTED&directory=REDACTED&recursive=REDACTED'
Request method: 'GET'
Request headers:
    'x-ms-version': 'REDACTED'
    'Accept': 'application/json'
    'User-Agent': 'azsdk-python-storage-dfs/12.23.0 Python/3.14.2 (macOS-15.6.1-arm64-arm-64bit-Mach-O)'
    'x-ms-date': 'REDACTED'
    'x-ms-client-request-id': '3e5d68d2-0d01-11f1-a507-765227f64d11'
    'Authorization': 'REDACTED'
No body was attached to the request
2026-02-18 20:37:21,930 - azure.core.pipeline.policies.http_logging_policy - INFO - Response status: 200
Response headers:
    'Transfer-Encoding': 'chunked'
    'Content-Type': 'application/json;charset=utf-8'
    'Server': 'Windows-Azure-HDFS/1.0 Microsoft-HTTPAPI/2.0'
    'x-ms-request-id': '5d88df5d-401f-005c-440e-a16f69000000'
    'x-ms-version': 'REDACTED'
    'x-ms-client-request-id': '3e5d68d2-0d01-11f1-a507-765227f64d11'
    'Date': 'Wed, 18 Feb 2026 19:37:21 GMT'
2026-02-18 20:37:21,931 - azure.core.pipeline.policies.http_logging_policy - INFO - Request URL: 'https://woningmarktintelx9.blob.core.windows.net/dna-platform-data/dna-platform/data/silver/silver_clean_payments_20260218T193719Z.parquet'
Request method: 'GET'
Request headers:
    'x-ms-range': 'REDACTED'
    'x-ms-version': 'REDACTED'
    'Accept': 'application/xml'
    'User-Agent': 'azsdk-python-storage-dfs/12.23.0 Python/3.14.2 (macOS-15.6.1-arm64-arm-64bit-Mach-O)'
    'x-ms-date': 'REDACTED'
    'x-ms-client-request-id': '3e771fd4-0d01-11f1-a507-765227f64d11'
    'Authorization': 'REDACTED'
No body was attached to the request
2026-02-18 20:37:22,083 - azure.core.pipeline.policies.http_logging_policy - INFO - Response status: 206
Response headers:
    'Content-Length': '8591'
    'Content-Type': 'application/octet-stream'
    'Content-Range': 'REDACTED'
    'Last-Modified': 'Wed, 18 Feb 2026 19:37:20 GMT'
    'Accept-Ranges': 'REDACTED'
    'ETag': '"0x8DE6F25219002BC"'
    'Server': 'Windows-Azure-Blob/1.0 Microsoft-HTTPAPI/2.0'
    'x-ms-request-id': '1c81714c-a01e-0054-6d0e-a17566000000'
    'x-ms-client-request-id': '3e771fd4-0d01-11f1-a507-765227f64d11'
    'x-ms-version': 'REDACTED'
    'x-ms-resource-type': 'REDACTED'
    'x-ms-creation-time': 'REDACTED'
    'x-ms-lease-status': 'REDACTED'
    'x-ms-lease-state': 'REDACTED'
    'x-ms-blob-type': 'REDACTED'
    'x-ms-server-encrypted': 'REDACTED'
    'x-ms-owner': 'REDACTED'
    'x-ms-group': 'REDACTED'
    'x-ms-permissions': 'REDACTED'
    'x-ms-acl': 'REDACTED'
    'Date': 'Wed, 18 Feb 2026 19:37:21 GMT'
2026-02-18 20:37:22,084 - src.core.storage - INFO - Successfully read 100 rows from ADLS: dna-platform/data/silver/silver_clean_payments_20260218T193719Z.parquet
2026-02-18 20:37:22,084 - src.core.utils - INFO - Silver policies input: 80 rows, 14 columns
2026-02-18 20:37:22,084 - src.core.utils - INFO - Silver payments input: 100 rows, 11 columns
2026-02-18 20:37:22,092 - src.core.utils - INFO - Gold premium revenue output: 3 rows, 7 columns
2026-02-18 20:37:22,092 - src.core.storage - INFO - Writing DataFrame to gold/gold_premium_revenue_20260218T193722Z.parquet using adls backend
2026-02-18 20:37:22,092 - src.core.storage - INFO - Writing DataFrame (3 rows, 8 columns) to ADLS: abfss://dna-platform-data@woningmarktintelx9.dfs.core.windows.net/dna-platform/data/gold/gold_premium_revenue_20260218T193722Z.parquet
2026-02-18 20:37:22,094 - azure.core.pipeline.policies.http_logging_policy - INFO - Request URL: 'https://woningmarktintelx9.blob.core.windows.net/dna-platform-data?restype=REDACTED'
Request method: 'GET'
Request headers:
    'x-ms-version': 'REDACTED'
    'Accept': 'application/xml'
    'User-Agent': 'azsdk-python-storage-dfs/12.23.0 Python/3.14.2 (macOS-15.6.1-arm64-arm-64bit-Mach-O)'
    'x-ms-date': 'REDACTED'
    'x-ms-client-request-id': '3e8fd93e-0d01-11f1-a507-765227f64d11'
    'Authorization': 'REDACTED'
No body was attached to the request
2026-02-18 20:37:22,255 - azure.core.pipeline.policies.http_logging_policy - INFO - Response status: 200
Response headers:
    'Content-Length': '0'
    'Last-Modified': 'Wed, 18 Feb 2026 19:12:05 GMT'
    'ETag': '"0x8DE6F219B11A707"'
    'Server': 'Windows-Azure-Blob/1.0 Microsoft-HTTPAPI/2.0'
    'x-ms-request-id': 'f5d84f2f-401e-002e-4b0e-a16826000000'
    'x-ms-client-request-id': '3e8fd93e-0d01-11f1-a507-765227f64d11'
    'x-ms-version': 'REDACTED'
    'x-ms-lease-status': 'REDACTED'
    'x-ms-lease-state': 'REDACTED'
    'x-ms-has-immutability-policy': 'REDACTED'
    'x-ms-has-legal-hold': 'REDACTED'
    'x-ms-immutable-storage-with-versioning-enabled': 'REDACTED'
    'x-ms-default-encryption-scope': 'REDACTED'
    'x-ms-deny-encryption-scope-override': 'REDACTED'
    'Date': 'Wed, 18 Feb 2026 19:37:21 GMT'
2026-02-18 20:37:22,255 - azure.core.pipeline.policies.http_logging_policy - INFO - Request URL: 'https://woningmarktintelx9.dfs.core.windows.net/dna-platform-data/dna-platform/data/gold?resource=REDACTED'
Request method: 'PUT'
Request headers:
    'x-ms-version': 'REDACTED'
    'Accept': 'application/json'
    'User-Agent': 'azsdk-python-storage-dfs/12.23.0 Python/3.14.2 (macOS-15.6.1-arm64-arm-64bit-Mach-O)'
    'x-ms-date': 'REDACTED'
    'x-ms-client-request-id': '3ea8897a-0d01-11f1-a507-765227f64d11'
    'Authorization': 'REDACTED'
No body was attached to the request
2026-02-18 20:37:22,428 - azure.core.pipeline.policies.http_logging_policy - INFO - Response status: 201
Response headers:
    'Last-Modified': 'Wed, 18 Feb 2026 19:37:22 GMT'
    'ETag': '"0x8DE6F25230154EC"'
    'Server': 'Windows-Azure-HDFS/1.0 Microsoft-HTTPAPI/2.0'
    'x-ms-request-server-encrypted': 'REDACTED'
    'x-ms-request-id': 'fe949fe5-701f-0035-3e0e-a15625000000'
    'x-ms-version': 'REDACTED'
    'x-ms-client-request-id': '3ea8897a-0d01-11f1-a507-765227f64d11'
    'Date': 'Wed, 18 Feb 2026 19:37:22 GMT'
    'Content-Length': '0'
2026-02-18 20:37:22,429 - azure.core.pipeline.policies.http_logging_policy - INFO - Request URL: 'https://woningmarktintelx9.dfs.core.windows.net/dna-platform-data/dna-platform/data/gold/gold_premium_revenue_20260218T193722Z.parquet?resource=REDACTED'
Request method: 'PUT'
Request headers:
    'x-ms-version': 'REDACTED'
    'Accept': 'application/json'
    'User-Agent': 'azsdk-python-storage-dfs/12.23.0 Python/3.14.2 (macOS-15.6.1-arm64-arm-64bit-Mach-O)'
    'x-ms-date': 'REDACTED'
    'x-ms-client-request-id': '3ec2fc88-0d01-11f1-a507-765227f64d11'
    'Authorization': 'REDACTED'
No body was attached to the request
2026-02-18 20:37:22,469 - azure.core.pipeline.policies.http_logging_policy - INFO - Response status: 201
Response headers:
    'Last-Modified': 'Wed, 18 Feb 2026 19:37:22 GMT'
    'ETag': '"0x8DE6F25230763D0"'
    'Server': 'Windows-Azure-HDFS/1.0 Microsoft-HTTPAPI/2.0'
    'x-ms-request-server-encrypted': 'REDACTED'
    'x-ms-request-id': 'fe949fe7-701f-0035-400e-a15625000000'
    'x-ms-version': 'REDACTED'
    'x-ms-client-request-id': '3ec2fc88-0d01-11f1-a507-765227f64d11'
    'Date': 'Wed, 18 Feb 2026 19:37:22 GMT'
    'Content-Length': '0'
2026-02-18 20:37:22,470 - azure.core.pipeline.policies.http_logging_policy - INFO - Request URL: 'https://woningmarktintelx9.dfs.core.windows.net/dna-platform-data/dna-platform/data/gold/gold_premium_revenue_20260218T193722Z.parquet?action=REDACTED&position=REDACTED'
Request method: 'PATCH'
Request headers:
    'Content-Length': '3209'
    'x-ms-version': 'REDACTED'
    'Content-Type': 'application/json'
    'Accept': 'application/json'
    'User-Agent': 'azsdk-python-storage-dfs/12.23.0 Python/3.14.2 (macOS-15.6.1-arm64-arm-64bit-Mach-O)'
    'x-ms-date': 'REDACTED'
    'x-ms-client-request-id': '3ec937ec-0d01-11f1-a507-765227f64d11'
    'Authorization': 'REDACTED'
A body is sent with the request
2026-02-18 20:37:22,503 - azure.core.pipeline.policies.http_logging_policy - INFO - Response status: 202
Response headers:
    'Server': 'Windows-Azure-HDFS/1.0 Microsoft-HTTPAPI/2.0'
    'x-ms-request-server-encrypted': 'REDACTED'
    'x-ms-request-id': 'fe949fe8-701f-0035-410e-a15625000000'
    'x-ms-version': 'REDACTED'
    'x-ms-client-request-id': '3ec937ec-0d01-11f1-a507-765227f64d11'
    'Date': 'Wed, 18 Feb 2026 19:37:22 GMT'
    'Content-Length': '0'
2026-02-18 20:37:22,504 - azure.core.pipeline.policies.http_logging_policy - INFO - Request URL: 'https://woningmarktintelx9.dfs.core.windows.net/dna-platform-data/dna-platform/data/gold/gold_premium_revenue_20260218T193722Z.parquet?action=REDACTED&position=REDACTED&close=REDACTED'
Request method: 'PATCH'
Request headers:
    'If-Match': '"0x8DE6F25230763D0"'
    'x-ms-version': 'REDACTED'
    'Accept': 'application/json'
    'User-Agent': 'azsdk-python-storage-dfs/12.23.0 Python/3.14.2 (macOS-15.6.1-arm64-arm-64bit-Mach-O)'
    'x-ms-date': 'REDACTED'
    'x-ms-client-request-id': '3ece6d48-0d01-11f1-a507-765227f64d11'
    'Authorization': 'REDACTED'
No body was attached to the request
2026-02-18 20:37:22,586 - azure.core.pipeline.policies.http_logging_policy - INFO - Response status: 200
Response headers:
    'Last-Modified': 'Wed, 18 Feb 2026 19:37:22 GMT'
    'ETag': '"0x8DE6F252318C8F4"'
    'Server': 'Windows-Azure-HDFS/1.0 Microsoft-HTTPAPI/2.0'
    'x-ms-request-server-encrypted': 'REDACTED'
    'x-ms-request-id': 'fe949fea-701f-0035-430e-a15625000000'
    'x-ms-version': 'REDACTED'
    'x-ms-client-request-id': '3ece6d48-0d01-11f1-a507-765227f64d11'
    'Date': 'Wed, 18 Feb 2026 19:37:22 GMT'
    'Content-Length': '0'
2026-02-18 20:37:22,586 - src.core.storage - INFO - Successfully uploaded 0 bytes to ADLS: abfss://dna-platform-data@woningmarktintelx9.dfs.core.windows.net/dna-platform/data/gold/gold_premium_revenue_20260218T193722Z.parquet
2026-02-18 20:37:22,588 - src.core.storage - INFO - ADLS write successful: abfss://dna-platform-data@woningmarktintelx9.dfs.core.windows.net/dna-platform/data/gold/gold_premium_revenue_20260218T193722Z.parquet
2026-02-18 20:37:22,589 - src.core.storage - INFO - Successfully wrote 3 rows to local storage: /Users/taniskarigar/test-polster/dna-platform/data/gold/sample_gold_premium_revenue_20260218T193722Z.parquet
2026-02-18 20:37:22,589 - src.core.gold_premium_revenue - INFO - Gold premium revenue aggregation completed: abfss://dna-platform-data@woningmarktintelx9.dfs.core.windows.net/dna-platform/data/gold/gold_premium_revenue_20260218T193722Z.parquet
2026-02-18 20:37:22,589 - src.core.utils - INFO - Completed operation 'gold premium revenue aggregation' in 1.26 seconds
2026-02-18 20:37:22 +0100 - dagster - DEBUG - __ASSET_JOB - c53b1b2b-a03a-4dd0-9fea-7e56f19f5a57 - 42719 - run_gold_premium_revenue - STEP_OUTPUT - Yielded output "result" of type "Any". (Type check passed).
2026-02-18 20:37:22 +0100 - dagster - DEBUG - __ASSET_JOB - c53b1b2b-a03a-4dd0-9fea-7e56f19f5a57 - run_gold_premium_revenue - Writing file at: /Users/taniskarigar/test-polster/dna-platform/.dagster/storage/run_gold_premium_revenue using PickledObjectFilesystemIOManager...
2026-02-18 20:37:22 +0100 - dagster - DEBUG - __ASSET_JOB - c53b1b2b-a03a-4dd0-9fea-7e56f19f5a57 - 42719 - run_gold_premium_revenue - ASSET_MATERIALIZATION - Materialized value run_gold_premium_revenue.
2026-02-18 20:37:22 +0100 - dagster - DEBUG - __ASSET_JOB - c53b1b2b-a03a-4dd0-9fea-7e56f19f5a57 - 42719 - run_gold_premium_revenue - HANDLED_OUTPUT - Handled output "result" using IO manager "io_manager"
2026-02-18 20:37:22 +0100 - dagster - DEBUG - __ASSET_JOB - c53b1b2b-a03a-4dd0-9fea-7e56f19f5a57 - 42719 - run_gold_premium_revenue - STEP_SUCCESS - Finished execution of step "run_gold_premium_revenue" in 1.31s.
