2026-02-18 20:37:21 +0100 - dagster - DEBUG - __ASSET_JOB - c53b1b2b-a03a-4dd0-9fea-7e56f19f5a57 - 42721 - LOGS_CAPTURED - Started capturing logs in process (pid: 42721).
2026-02-18 20:37:21 +0100 - dagster - DEBUG - __ASSET_JOB - c53b1b2b-a03a-4dd0-9fea-7e56f19f5a57 - 42721 - run_gold_agent_performance - STEP_START - Started execution of step "run_gold_agent_performance".
2026-02-18 20:37:21,584 - alembic.runtime.migration - INFO - Context impl SQLiteImpl.
2026-02-18 20:37:21,584 - alembic.runtime.migration - INFO - Will assume non-transactional DDL.
2026-02-18 20:37:21 +0100 - dagster - DEBUG - __ASSET_JOB - c53b1b2b-a03a-4dd0-9fea-7e56f19f5a57 - run_gold_agent_performance - Loading file from: /Users/taniskarigar/test-polster/dna-platform/.dagster/storage/run_silver_clean_agents using PickledObjectFilesystemIOManager...
2026-02-18 20:37:21 +0100 - dagster - DEBUG - __ASSET_JOB - c53b1b2b-a03a-4dd0-9fea-7e56f19f5a57 - 42721 - run_gold_agent_performance - LOADED_INPUT - Loaded input "run_silver_clean_agents" using input manager "io_manager", from output "result" of step "run_silver_clean_agents"
2026-02-18 20:37:21 +0100 - dagster - DEBUG - __ASSET_JOB - c53b1b2b-a03a-4dd0-9fea-7e56f19f5a57 - run_gold_agent_performance - Loading file from: /Users/taniskarigar/test-polster/dna-platform/.dagster/storage/run_silver_clean_claims using PickledObjectFilesystemIOManager...
2026-02-18 20:37:21 +0100 - dagster - DEBUG - __ASSET_JOB - c53b1b2b-a03a-4dd0-9fea-7e56f19f5a57 - 42721 - run_gold_agent_performance - LOADED_INPUT - Loaded input "run_silver_clean_claims" using input manager "io_manager", from output "result" of step "run_silver_clean_claims"
2026-02-18 20:37:21 +0100 - dagster - DEBUG - __ASSET_JOB - c53b1b2b-a03a-4dd0-9fea-7e56f19f5a57 - 42721 - run_gold_agent_performance - STEP_INPUT - Got input "run_silver_clean_agents" of type "Any". (Type check passed).
2026-02-18 20:37:21 +0100 - dagster - DEBUG - __ASSET_JOB - c53b1b2b-a03a-4dd0-9fea-7e56f19f5a57 - 42721 - run_gold_agent_performance - STEP_INPUT - Got input "run_silver_clean_claims" of type "Any". (Type check passed).
2026-02-18 20:37:21,621 - src.core.utils - INFO - Starting operation: gold agent performance aggregation
2026-02-18 20:37:21,621 - src.core.gold_agent_performance - INFO - Starting gold agent performance aggregation
2026-02-18 20:37:21,621 - src.core.storage - INFO - Reading latest parquet file from silver layer with prefix 'silver_clean_agents_' using adls backend
2026-02-18 20:37:21,710 - azure.core.pipeline.policies.http_logging_policy - INFO - Request URL: 'https://woningmarktintelx9.dfs.core.windows.net/dna-platform-data?resource=REDACTED&directory=REDACTED&recursive=REDACTED'
Request method: 'GET'
Request headers:
    'x-ms-version': 'REDACTED'
    'Accept': 'application/json'
    'User-Agent': 'azsdk-python-storage-dfs/12.23.0 Python/3.14.2 (macOS-15.6.1-arm64-arm-64bit-Mach-O)'
    'x-ms-date': 'REDACTED'
    'x-ms-client-request-id': '3e553ab8-0d01-11f1-bbe3-765227f64d11'
    'Authorization': 'REDACTED'
No body was attached to the request
2026-02-18 20:37:21,860 - azure.core.pipeline.policies.http_logging_policy - INFO - Response status: 200
Response headers:
    'Transfer-Encoding': 'chunked'
    'Content-Type': 'application/json;charset=utf-8'
    'Server': 'Windows-Azure-HDFS/1.0 Microsoft-HTTPAPI/2.0'
    'x-ms-request-id': '82d65450-f01f-002b-7b0e-a1bafd000000'
    'x-ms-version': 'REDACTED'
    'x-ms-client-request-id': '3e553ab8-0d01-11f1-bbe3-765227f64d11'
    'Date': 'Wed, 18 Feb 2026 19:37:21 GMT'
2026-02-18 20:37:21,863 - azure.core.pipeline.policies.http_logging_policy - INFO - Request URL: 'https://woningmarktintelx9.blob.core.windows.net/dna-platform-data/dna-platform/data/silver/silver_clean_agents_20260218T193719Z.parquet'
Request method: 'GET'
Request headers:
    'x-ms-range': 'REDACTED'
    'x-ms-version': 'REDACTED'
    'Accept': 'application/xml'
    'User-Agent': 'azsdk-python-storage-dfs/12.23.0 Python/3.14.2 (macOS-15.6.1-arm64-arm-64bit-Mach-O)'
    'x-ms-date': 'REDACTED'
    'x-ms-client-request-id': '3e6ca932-0d01-11f1-bbe3-765227f64d11'
    'Authorization': 'REDACTED'
No body was attached to the request
2026-02-18 20:37:22,022 - azure.core.pipeline.policies.http_logging_policy - INFO - Response status: 206
Response headers:
    'Content-Length': '6504'
    'Content-Type': 'application/octet-stream'
    'Content-Range': 'REDACTED'
    'Last-Modified': 'Wed, 18 Feb 2026 19:37:19 GMT'
    'Accept-Ranges': 'REDACTED'
    'ETag': '"0x8DE6F2521800080"'
    'Server': 'Windows-Azure-Blob/1.0 Microsoft-HTTPAPI/2.0'
    'x-ms-request-id': '06966f4c-601e-0039-650e-a1c12d000000'
    'x-ms-client-request-id': '3e6ca932-0d01-11f1-bbe3-765227f64d11'
    'x-ms-version': 'REDACTED'
    'x-ms-resource-type': 'REDACTED'
    'x-ms-creation-time': 'REDACTED'
    'x-ms-lease-status': 'REDACTED'
    'x-ms-lease-state': 'REDACTED'
    'x-ms-blob-type': 'REDACTED'
    'x-ms-server-encrypted': 'REDACTED'
    'x-ms-owner': 'REDACTED'
    'x-ms-group': 'REDACTED'
    'x-ms-permissions': 'REDACTED'
    'x-ms-acl': 'REDACTED'
    'Date': 'Wed, 18 Feb 2026 19:37:21 GMT'
2026-02-18 20:37:22,024 - src.core.storage - INFO - Successfully read 20 rows from ADLS: dna-platform/data/silver/silver_clean_agents_20260218T193719Z.parquet
2026-02-18 20:37:22,024 - src.core.storage - INFO - Reading latest parquet file from silver layer with prefix 'silver_clean_policies_' using adls backend
2026-02-18 20:37:22,025 - azure.core.pipeline.policies.http_logging_policy - INFO - Request URL: 'https://woningmarktintelx9.dfs.core.windows.net/dna-platform-data?resource=REDACTED&directory=REDACTED&recursive=REDACTED'
Request method: 'GET'
Request headers:
    'x-ms-version': 'REDACTED'
    'Accept': 'application/json'
    'User-Agent': 'azsdk-python-storage-dfs/12.23.0 Python/3.14.2 (macOS-15.6.1-arm64-arm-64bit-Mach-O)'
    'x-ms-date': 'REDACTED'
    'x-ms-client-request-id': '3e8567ec-0d01-11f1-bbe3-765227f64d11'
    'Authorization': 'REDACTED'
No body was attached to the request
2026-02-18 20:37:22,198 - azure.core.pipeline.policies.http_logging_policy - INFO - Response status: 200
Response headers:
    'Transfer-Encoding': 'chunked'
    'Content-Type': 'application/json;charset=utf-8'
    'Server': 'Windows-Azure-HDFS/1.0 Microsoft-HTTPAPI/2.0'
    'x-ms-request-id': 'a4814dae-d01f-004e-710e-a114b9000000'
    'x-ms-version': 'REDACTED'
    'x-ms-client-request-id': '3e8567ec-0d01-11f1-bbe3-765227f64d11'
    'Date': 'Wed, 18 Feb 2026 19:37:22 GMT'
2026-02-18 20:37:22,200 - azure.core.pipeline.policies.http_logging_policy - INFO - Request URL: 'https://woningmarktintelx9.blob.core.windows.net/dna-platform-data/dna-platform/data/silver/silver_clean_policies_20260218T193719Z.parquet'
Request method: 'GET'
Request headers:
    'x-ms-range': 'REDACTED'
    'x-ms-version': 'REDACTED'
    'Accept': 'application/xml'
    'User-Agent': 'azsdk-python-storage-dfs/12.23.0 Python/3.14.2 (macOS-15.6.1-arm64-arm-64bit-Mach-O)'
    'x-ms-date': 'REDACTED'
    'x-ms-client-request-id': '3ea015ce-0d01-11f1-bbe3-765227f64d11'
    'Authorization': 'REDACTED'
No body was attached to the request
2026-02-18 20:37:22,374 - azure.core.pipeline.policies.http_logging_policy - INFO - Response status: 206
Response headers:
    'Content-Length': '9371'
    'Content-Type': 'application/octet-stream'
    'Content-Range': 'REDACTED'
    'Last-Modified': 'Wed, 18 Feb 2026 19:37:20 GMT'
    'Accept-Ranges': 'REDACTED'
    'ETag': '"0x8DE6F25218E3A74"'
    'Server': 'Windows-Azure-Blob/1.0 Microsoft-HTTPAPI/2.0'
    'x-ms-request-id': '6112e4f0-401e-0011-6e0e-a1a085000000'
    'x-ms-client-request-id': '3ea015ce-0d01-11f1-bbe3-765227f64d11'
    'x-ms-version': 'REDACTED'
    'x-ms-resource-type': 'REDACTED'
    'x-ms-creation-time': 'REDACTED'
    'x-ms-lease-status': 'REDACTED'
    'x-ms-lease-state': 'REDACTED'
    'x-ms-blob-type': 'REDACTED'
    'x-ms-server-encrypted': 'REDACTED'
    'x-ms-owner': 'REDACTED'
    'x-ms-group': 'REDACTED'
    'x-ms-permissions': 'REDACTED'
    'x-ms-acl': 'REDACTED'
    'Date': 'Wed, 18 Feb 2026 19:37:21 GMT'
2026-02-18 20:37:22,375 - src.core.storage - INFO - Successfully read 80 rows from ADLS: dna-platform/data/silver/silver_clean_policies_20260218T193719Z.parquet
2026-02-18 20:37:22,376 - src.core.storage - INFO - Reading latest parquet file from silver layer with prefix 'silver_clean_claims_' using adls backend
2026-02-18 20:37:22,376 - azure.core.pipeline.policies.http_logging_policy - INFO - Request URL: 'https://woningmarktintelx9.dfs.core.windows.net/dna-platform-data?resource=REDACTED&directory=REDACTED&recursive=REDACTED'
Request method: 'GET'
Request headers:
    'x-ms-version': 'REDACTED'
    'Accept': 'application/json'
    'User-Agent': 'azsdk-python-storage-dfs/12.23.0 Python/3.14.2 (macOS-15.6.1-arm64-arm-64bit-Mach-O)'
    'x-ms-date': 'REDACTED'
    'x-ms-client-request-id': '3ebafe3e-0d01-11f1-bbe3-765227f64d11'
    'Authorization': 'REDACTED'
No body was attached to the request
2026-02-18 20:37:22,531 - azure.core.pipeline.policies.http_logging_policy - INFO - Response status: 200
Response headers:
    'Transfer-Encoding': 'chunked'
    'Content-Type': 'application/json;charset=utf-8'
    'Server': 'Windows-Azure-HDFS/1.0 Microsoft-HTTPAPI/2.0'
    'x-ms-request-id': '15bcc138-d01f-0003-7a0e-a1db55000000'
    'x-ms-version': 'REDACTED'
    'x-ms-client-request-id': '3ebafe3e-0d01-11f1-bbe3-765227f64d11'
    'Date': 'Wed, 18 Feb 2026 19:37:22 GMT'
2026-02-18 20:37:22,533 - azure.core.pipeline.policies.http_logging_policy - INFO - Request URL: 'https://woningmarktintelx9.blob.core.windows.net/dna-platform-data/dna-platform/data/silver/silver_clean_claims_20260218T193719Z.parquet'
Request method: 'GET'
Request headers:
    'x-ms-range': 'REDACTED'
    'x-ms-version': 'REDACTED'
    'Accept': 'application/xml'
    'User-Agent': 'azsdk-python-storage-dfs/12.23.0 Python/3.14.2 (macOS-15.6.1-arm64-arm-64bit-Mach-O)'
    'x-ms-date': 'REDACTED'
    'x-ms-client-request-id': '3ed2e7a6-0d01-11f1-bbe3-765227f64d11'
    'Authorization': 'REDACTED'
No body was attached to the request
2026-02-18 20:37:22,706 - azure.core.pipeline.policies.http_logging_policy - INFO - Response status: 206
Response headers:
    'Content-Length': '7784'
    'Content-Type': 'application/octet-stream'
    'Content-Range': 'REDACTED'
    'Last-Modified': 'Wed, 18 Feb 2026 19:37:20 GMT'
    'Accept-Ranges': 'REDACTED'
    'ETag': '"0x8DE6F2521A73B88"'
    'Server': 'Windows-Azure-Blob/1.0 Microsoft-HTTPAPI/2.0'
    'x-ms-request-id': '09032512-b01e-0048-5e0e-a12706000000'
    'x-ms-client-request-id': '3ed2e7a6-0d01-11f1-bbe3-765227f64d11'
    'x-ms-version': 'REDACTED'
    'x-ms-resource-type': 'REDACTED'
    'x-ms-creation-time': 'REDACTED'
    'x-ms-lease-status': 'REDACTED'
    'x-ms-lease-state': 'REDACTED'
    'x-ms-blob-type': 'REDACTED'
    'x-ms-server-encrypted': 'REDACTED'
    'x-ms-owner': 'REDACTED'
    'x-ms-group': 'REDACTED'
    'x-ms-permissions': 'REDACTED'
    'x-ms-acl': 'REDACTED'
    'Date': 'Wed, 18 Feb 2026 19:37:21 GMT'
2026-02-18 20:37:22,721 - src.core.storage - INFO - Successfully read 30 rows from ADLS: dna-platform/data/silver/silver_clean_claims_20260218T193719Z.parquet
2026-02-18 20:37:22,721 - src.core.utils - INFO - Silver agents input: 20 rows, 13 columns
2026-02-18 20:37:22,721 - src.core.utils - INFO - Silver policies input: 80 rows, 14 columns
2026-02-18 20:37:22,721 - src.core.utils - INFO - Silver claims input: 30 rows, 12 columns
2026-02-18 20:37:22,732 - src.core.utils - INFO - Gold agent performance output: 20 rows, 19 columns
2026-02-18 20:37:22,732 - src.core.storage - INFO - Writing DataFrame to gold/gold_agent_performance_20260218T193722Z.parquet using adls backend
2026-02-18 20:37:22,732 - src.core.storage - INFO - Writing DataFrame (20 rows, 20 columns) to ADLS: abfss://dna-platform-data@woningmarktintelx9.dfs.core.windows.net/dna-platform/data/gold/gold_agent_performance_20260218T193722Z.parquet
2026-02-18 20:37:22,734 - azure.core.pipeline.policies.http_logging_policy - INFO - Request URL: 'https://woningmarktintelx9.blob.core.windows.net/dna-platform-data?restype=REDACTED'
Request method: 'GET'
Request headers:
    'x-ms-version': 'REDACTED'
    'Accept': 'application/xml'
    'User-Agent': 'azsdk-python-storage-dfs/12.23.0 Python/3.14.2 (macOS-15.6.1-arm64-arm-64bit-Mach-O)'
    'x-ms-date': 'REDACTED'
    'x-ms-client-request-id': '3ef19336-0d01-11f1-bbe3-765227f64d11'
    'Authorization': 'REDACTED'
No body was attached to the request
2026-02-18 20:37:22,876 - azure.core.pipeline.policies.http_logging_policy - INFO - Response status: 200
Response headers:
    'Content-Length': '0'
    'Last-Modified': 'Wed, 18 Feb 2026 19:12:05 GMT'
    'ETag': '"0x8DE6F219B11A707"'
    'Server': 'Windows-Azure-Blob/1.0 Microsoft-HTTPAPI/2.0'
    'x-ms-request-id': '5f4e05c6-f01e-0049-680e-a178da000000'
    'x-ms-client-request-id': '3ef19336-0d01-11f1-bbe3-765227f64d11'
    'x-ms-version': 'REDACTED'
    'x-ms-lease-status': 'REDACTED'
    'x-ms-lease-state': 'REDACTED'
    'x-ms-has-immutability-policy': 'REDACTED'
    'x-ms-has-legal-hold': 'REDACTED'
    'x-ms-immutable-storage-with-versioning-enabled': 'REDACTED'
    'x-ms-default-encryption-scope': 'REDACTED'
    'x-ms-deny-encryption-scope-override': 'REDACTED'
    'Date': 'Wed, 18 Feb 2026 19:37:22 GMT'
2026-02-18 20:37:22,877 - azure.core.pipeline.policies.http_logging_policy - INFO - Request URL: 'https://woningmarktintelx9.dfs.core.windows.net/dna-platform-data/dna-platform/data/gold?resource=REDACTED'
Request method: 'PUT'
Request headers:
    'x-ms-version': 'REDACTED'
    'Accept': 'application/json'
    'User-Agent': 'azsdk-python-storage-dfs/12.23.0 Python/3.14.2 (macOS-15.6.1-arm64-arm-64bit-Mach-O)'
    'x-ms-date': 'REDACTED'
    'x-ms-client-request-id': '3f0754dc-0d01-11f1-bbe3-765227f64d11'
    'Authorization': 'REDACTED'
No body was attached to the request
2026-02-18 20:37:23,030 - azure.core.pipeline.policies.http_logging_policy - INFO - Response status: 201
Response headers:
    'Last-Modified': 'Wed, 18 Feb 2026 19:37:23 GMT'
    'ETag': '"0x8DE6F25235CDB64"'
    'Server': 'Windows-Azure-HDFS/1.0 Microsoft-HTTPAPI/2.0'
    'x-ms-request-server-encrypted': 'REDACTED'
    'x-ms-request-id': 'a34d3abd-601f-0064-3e0e-a1cba9000000'
    'x-ms-version': 'REDACTED'
    'x-ms-client-request-id': '3f0754dc-0d01-11f1-bbe3-765227f64d11'
    'Date': 'Wed, 18 Feb 2026 19:37:22 GMT'
    'Content-Length': '0'
2026-02-18 20:37:23,030 - azure.core.pipeline.policies.http_logging_policy - INFO - Request URL: 'https://woningmarktintelx9.dfs.core.windows.net/dna-platform-data/dna-platform/data/gold/gold_agent_performance_20260218T193722Z.parquet?resource=REDACTED'
Request method: 'PUT'
Request headers:
    'x-ms-version': 'REDACTED'
    'Accept': 'application/json'
    'User-Agent': 'azsdk-python-storage-dfs/12.23.0 Python/3.14.2 (macOS-15.6.1-arm64-arm-64bit-Mach-O)'
    'x-ms-date': 'REDACTED'
    'x-ms-client-request-id': '3f1ece00-0d01-11f1-bbe3-765227f64d11'
    'Authorization': 'REDACTED'
No body was attached to the request
2026-02-18 20:37:23,069 - azure.core.pipeline.policies.http_logging_policy - INFO - Response status: 201
Response headers:
    'Last-Modified': 'Wed, 18 Feb 2026 19:37:23 GMT'
    'ETag': '"0x8DE6F252362FF08"'
    'Server': 'Windows-Azure-HDFS/1.0 Microsoft-HTTPAPI/2.0'
    'x-ms-request-server-encrypted': 'REDACTED'
    'x-ms-request-id': 'a34d3ad4-601f-0064-550e-a1cba9000000'
    'x-ms-version': 'REDACTED'
    'x-ms-client-request-id': '3f1ece00-0d01-11f1-bbe3-765227f64d11'
    'Date': 'Wed, 18 Feb 2026 19:37:22 GMT'
    'Content-Length': '0'
2026-02-18 20:37:23,070 - azure.core.pipeline.policies.http_logging_policy - INFO - Request URL: 'https://woningmarktintelx9.dfs.core.windows.net/dna-platform-data/dna-platform/data/gold/gold_agent_performance_20260218T193722Z.parquet?action=REDACTED&position=REDACTED'
Request method: 'PATCH'
Request headers:
    'Content-Length': '9508'
    'x-ms-version': 'REDACTED'
    'Content-Type': 'application/json'
    'Accept': 'application/json'
    'User-Agent': 'azsdk-python-storage-dfs/12.23.0 Python/3.14.2 (macOS-15.6.1-arm64-arm-64bit-Mach-O)'
    'x-ms-date': 'REDACTED'
    'x-ms-client-request-id': '3f24cd1e-0d01-11f1-bbe3-765227f64d11'
    'Authorization': 'REDACTED'
A body is sent with the request
2026-02-18 20:37:23,106 - azure.core.pipeline.policies.http_logging_policy - INFO - Response status: 202
Response headers:
    'Server': 'Windows-Azure-HDFS/1.0 Microsoft-HTTPAPI/2.0'
    'x-ms-request-server-encrypted': 'REDACTED'
    'x-ms-request-id': 'a34d3ae8-601f-0064-690e-a1cba9000000'
    'x-ms-version': 'REDACTED'
    'x-ms-client-request-id': '3f24cd1e-0d01-11f1-bbe3-765227f64d11'
    'Date': 'Wed, 18 Feb 2026 19:37:22 GMT'
    'Content-Length': '0'
2026-02-18 20:37:23,106 - azure.core.pipeline.policies.http_logging_policy - INFO - Request URL: 'https://woningmarktintelx9.dfs.core.windows.net/dna-platform-data/dna-platform/data/gold/gold_agent_performance_20260218T193722Z.parquet?action=REDACTED&position=REDACTED&close=REDACTED'
Request method: 'PATCH'
Request headers:
    'If-Match': '"0x8DE6F252362FF08"'
    'x-ms-version': 'REDACTED'
    'Accept': 'application/json'
    'User-Agent': 'azsdk-python-storage-dfs/12.23.0 Python/3.14.2 (macOS-15.6.1-arm64-arm-64bit-Mach-O)'
    'x-ms-date': 'REDACTED'
    'x-ms-client-request-id': '3f2a6a08-0d01-11f1-bbe3-765227f64d11'
    'Authorization': 'REDACTED'
No body was attached to the request
2026-02-18 20:37:23,170 - azure.core.pipeline.policies.http_logging_policy - INFO - Response status: 200
Response headers:
    'Last-Modified': 'Wed, 18 Feb 2026 19:37:23 GMT'
    'ETag': '"0x8DE6F25237143F8"'
    'Server': 'Windows-Azure-HDFS/1.0 Microsoft-HTTPAPI/2.0'
    'x-ms-request-server-encrypted': 'REDACTED'
    'x-ms-request-id': 'a34d3af6-601f-0064-770e-a1cba9000000'
    'x-ms-version': 'REDACTED'
    'x-ms-client-request-id': '3f2a6a08-0d01-11f1-bbe3-765227f64d11'
    'Date': 'Wed, 18 Feb 2026 19:37:22 GMT'
    'Content-Length': '0'
2026-02-18 20:37:23,170 - src.core.storage - INFO - Successfully uploaded 0 bytes to ADLS: abfss://dna-platform-data@woningmarktintelx9.dfs.core.windows.net/dna-platform/data/gold/gold_agent_performance_20260218T193722Z.parquet
2026-02-18 20:37:23,171 - src.core.storage - INFO - ADLS write successful: abfss://dna-platform-data@woningmarktintelx9.dfs.core.windows.net/dna-platform/data/gold/gold_agent_performance_20260218T193722Z.parquet
2026-02-18 20:37:23,172 - src.core.storage - INFO - Successfully wrote 20 rows to local storage: /Users/taniskarigar/test-polster/dna-platform/data/gold/sample_gold_agent_performance_20260218T193722Z.parquet
2026-02-18 20:37:23,172 - src.core.gold_agent_performance - INFO - Gold agent performance aggregation completed: abfss://dna-platform-data@woningmarktintelx9.dfs.core.windows.net/dna-platform/data/gold/gold_agent_performance_20260218T193722Z.parquet
2026-02-18 20:37:23,172 - src.core.utils - INFO - Completed operation 'gold agent performance aggregation' in 1.55 seconds
2026-02-18 20:37:23 +0100 - dagster - DEBUG - __ASSET_JOB - c53b1b2b-a03a-4dd0-9fea-7e56f19f5a57 - 42721 - run_gold_agent_performance - STEP_OUTPUT - Yielded output "result" of type "Any". (Type check passed).
2026-02-18 20:37:23 +0100 - dagster - DEBUG - __ASSET_JOB - c53b1b2b-a03a-4dd0-9fea-7e56f19f5a57 - run_gold_agent_performance - Writing file at: /Users/taniskarigar/test-polster/dna-platform/.dagster/storage/run_gold_agent_performance using PickledObjectFilesystemIOManager...
2026-02-18 20:37:23 +0100 - dagster - DEBUG - __ASSET_JOB - c53b1b2b-a03a-4dd0-9fea-7e56f19f5a57 - 42721 - run_gold_agent_performance - ASSET_MATERIALIZATION - Materialized value run_gold_agent_performance.
2026-02-18 20:37:23 +0100 - dagster - DEBUG - __ASSET_JOB - c53b1b2b-a03a-4dd0-9fea-7e56f19f5a57 - 42721 - run_gold_agent_performance - HANDLED_OUTPUT - Handled output "result" using IO manager "io_manager"
2026-02-18 20:37:23 +0100 - dagster - DEBUG - __ASSET_JOB - c53b1b2b-a03a-4dd0-9fea-7e56f19f5a57 - 42721 - run_gold_agent_performance - STEP_SUCCESS - Finished execution of step "run_gold_agent_performance" in 1.61s.
