2026-02-18 20:37:19 +0100 - dagster - DEBUG - __ASSET_JOB - c53b1b2b-a03a-4dd0-9fea-7e56f19f5a57 - 42678 - LOGS_CAPTURED - Started capturing logs in process (pid: 42678).
2026-02-18 20:37:19 +0100 - dagster - DEBUG - __ASSET_JOB - c53b1b2b-a03a-4dd0-9fea-7e56f19f5a57 - 42678 - run_silver_clean_customers - STEP_START - Started execution of step "run_silver_clean_customers".
2026-02-18 20:37:19,485 - alembic.runtime.migration - INFO - Context impl SQLiteImpl.
2026-02-18 20:37:19,485 - alembic.runtime.migration - INFO - Will assume non-transactional DDL.
2026-02-18 20:37:19 +0100 - dagster - DEBUG - __ASSET_JOB - c53b1b2b-a03a-4dd0-9fea-7e56f19f5a57 - run_silver_clean_customers - Loading file from: /Users/taniskarigar/test-polster/dna-platform/.dagster/storage/run_bronze_customers using PickledObjectFilesystemIOManager...
2026-02-18 20:37:19 +0100 - dagster - DEBUG - __ASSET_JOB - c53b1b2b-a03a-4dd0-9fea-7e56f19f5a57 - 42678 - run_silver_clean_customers - LOADED_INPUT - Loaded input "run_bronze_customers" using input manager "io_manager", from output "result" of step "run_bronze_customers"
2026-02-18 20:37:19 +0100 - dagster - DEBUG - __ASSET_JOB - c53b1b2b-a03a-4dd0-9fea-7e56f19f5a57 - 42678 - run_silver_clean_customers - STEP_INPUT - Got input "run_bronze_customers" of type "Any". (Type check passed).
2026-02-18 20:37:19,513 - src.core.utils - INFO - Starting operation: silver customers transformation
2026-02-18 20:37:19,513 - src.core.silver_clean_customers - INFO - Starting silver customers transformation
2026-02-18 20:37:19,513 - src.core.storage - INFO - Reading latest parquet file from bronze layer with prefix 'bronze_customers_' using adls backend
2026-02-18 20:37:19,614 - azure.core.pipeline.policies.http_logging_policy - INFO - Request URL: 'https://woningmarktintelx9.dfs.core.windows.net/dna-platform-data?resource=REDACTED&directory=REDACTED&recursive=REDACTED'
Request method: 'GET'
Request headers:
    'x-ms-version': 'REDACTED'
    'Accept': 'application/json'
    'User-Agent': 'azsdk-python-storage-dfs/12.23.0 Python/3.14.2 (macOS-15.6.1-arm64-arm-64bit-Mach-O)'
    'x-ms-date': 'REDACTED'
    'x-ms-client-request-id': '3d158018-0d01-11f1-a394-765227f64d11'
    'Authorization': 'REDACTED'
No body was attached to the request
2026-02-18 20:37:19,779 - azure.core.pipeline.policies.http_logging_policy - INFO - Response status: 200
Response headers:
    'Transfer-Encoding': 'chunked'
    'Content-Type': 'application/json;charset=utf-8'
    'Server': 'Windows-Azure-HDFS/1.0 Microsoft-HTTPAPI/2.0'
    'x-ms-request-id': '403fdabe-a01f-0044-220d-a1b00e000000'
    'x-ms-version': 'REDACTED'
    'x-ms-client-request-id': '3d158018-0d01-11f1-a394-765227f64d11'
    'Date': 'Wed, 18 Feb 2026 19:37:19 GMT'
2026-02-18 20:37:19,782 - azure.core.pipeline.policies.http_logging_policy - INFO - Request URL: 'https://woningmarktintelx9.blob.core.windows.net/dna-platform-data/dna-platform/data/bronze/bronze_customers_20260218T193716Z.parquet'
Request method: 'GET'
Request headers:
    'x-ms-range': 'REDACTED'
    'x-ms-version': 'REDACTED'
    'Accept': 'application/xml'
    'User-Agent': 'azsdk-python-storage-dfs/12.23.0 Python/3.14.2 (macOS-15.6.1-arm64-arm-64bit-Mach-O)'
    'x-ms-date': 'REDACTED'
    'x-ms-client-request-id': '3d2f2284-0d01-11f1-a394-765227f64d11'
    'Authorization': 'REDACTED'
No body was attached to the request
2026-02-18 20:37:19,932 - azure.core.pipeline.policies.http_logging_policy - INFO - Response status: 206
Response headers:
    'Content-Length': '10664'
    'Content-Type': 'application/octet-stream'
    'Content-Range': 'REDACTED'
    'Last-Modified': 'Wed, 18 Feb 2026 19:37:18 GMT'
    'Accept-Ranges': 'REDACTED'
    'ETag': '"0x8DE6F25205C511C"'
    'Server': 'Windows-Azure-Blob/1.0 Microsoft-HTTPAPI/2.0'
    'x-ms-request-id': '19068b0b-b01e-0077-720d-a1efa5000000'
    'x-ms-client-request-id': '3d2f2284-0d01-11f1-a394-765227f64d11'
    'x-ms-version': 'REDACTED'
    'x-ms-resource-type': 'REDACTED'
    'x-ms-creation-time': 'REDACTED'
    'x-ms-lease-status': 'REDACTED'
    'x-ms-lease-state': 'REDACTED'
    'x-ms-blob-type': 'REDACTED'
    'x-ms-server-encrypted': 'REDACTED'
    'x-ms-owner': 'REDACTED'
    'x-ms-group': 'REDACTED'
    'x-ms-permissions': 'REDACTED'
    'x-ms-acl': 'REDACTED'
    'Date': 'Wed, 18 Feb 2026 19:37:19 GMT'
2026-02-18 20:37:19,934 - src.core.storage - INFO - Successfully read 50 rows from ADLS: dna-platform/data/bronze/bronze_customers_20260218T193716Z.parquet
2026-02-18 20:37:19,934 - src.core.utils - INFO - Bronze customers input: 50 rows, 15 columns
2026-02-18 20:37:19,937 - src.core.utils - INFO - Transformed silver customers: 50 rows, 15 columns
2026-02-18 20:37:19,938 - src.core.storage - INFO - Writing DataFrame to silver/silver_clean_customers_20260218T193719Z.parquet using adls backend
2026-02-18 20:37:19,938 - src.core.storage - INFO - Writing DataFrame (50 rows, 16 columns) to ADLS: abfss://dna-platform-data@woningmarktintelx9.dfs.core.windows.net/dna-platform/data/silver/silver_clean_customers_20260218T193719Z.parquet
2026-02-18 20:37:19,940 - azure.core.pipeline.policies.http_logging_policy - INFO - Request URL: 'https://woningmarktintelx9.blob.core.windows.net/dna-platform-data?restype=REDACTED'
Request method: 'GET'
Request headers:
    'x-ms-version': 'REDACTED'
    'Accept': 'application/xml'
    'User-Agent': 'azsdk-python-storage-dfs/12.23.0 Python/3.14.2 (macOS-15.6.1-arm64-arm-64bit-Mach-O)'
    'x-ms-date': 'REDACTED'
    'x-ms-client-request-id': '3d472d02-0d01-11f1-a394-765227f64d11'
    'Authorization': 'REDACTED'
No body was attached to the request
2026-02-18 20:37:20,076 - azure.core.pipeline.policies.http_logging_policy - INFO - Response status: 200
Response headers:
    'Content-Length': '0'
    'Last-Modified': 'Wed, 18 Feb 2026 19:12:05 GMT'
    'ETag': '"0x8DE6F219B11A707"'
    'Server': 'Windows-Azure-Blob/1.0 Microsoft-HTTPAPI/2.0'
    'x-ms-request-id': '2ef1cf16-301e-0079-7b0d-a1c615000000'
    'x-ms-client-request-id': '3d472d02-0d01-11f1-a394-765227f64d11'
    'x-ms-version': 'REDACTED'
    'x-ms-lease-status': 'REDACTED'
    'x-ms-lease-state': 'REDACTED'
    'x-ms-has-immutability-policy': 'REDACTED'
    'x-ms-has-legal-hold': 'REDACTED'
    'x-ms-immutable-storage-with-versioning-enabled': 'REDACTED'
    'x-ms-default-encryption-scope': 'REDACTED'
    'x-ms-deny-encryption-scope-override': 'REDACTED'
    'Date': 'Wed, 18 Feb 2026 19:37:19 GMT'
2026-02-18 20:37:20,077 - azure.core.pipeline.policies.http_logging_policy - INFO - Request URL: 'https://woningmarktintelx9.dfs.core.windows.net/dna-platform-data/dna-platform/data/silver?resource=REDACTED'
Request method: 'PUT'
Request headers:
    'x-ms-version': 'REDACTED'
    'Accept': 'application/json'
    'User-Agent': 'azsdk-python-storage-dfs/12.23.0 Python/3.14.2 (macOS-15.6.1-arm64-arm-64bit-Mach-O)'
    'x-ms-date': 'REDACTED'
    'x-ms-client-request-id': '3d5c2eb4-0d01-11f1-a394-765227f64d11'
    'Authorization': 'REDACTED'
No body was attached to the request
2026-02-18 20:37:20,235 - azure.core.pipeline.policies.http_logging_policy - INFO - Response status: 201
Response headers:
    'Last-Modified': 'Wed, 18 Feb 2026 19:37:20 GMT'
    'ETag': '"0x8DE6F2521B25A9C"'
    'Server': 'Windows-Azure-HDFS/1.0 Microsoft-HTTPAPI/2.0'
    'x-ms-request-server-encrypted': 'REDACTED'
    'x-ms-request-id': '80eb9702-001f-0072-210d-a13d7e000000'
    'x-ms-version': 'REDACTED'
    'x-ms-client-request-id': '3d5c2eb4-0d01-11f1-a394-765227f64d11'
    'Date': 'Wed, 18 Feb 2026 19:37:19 GMT'
    'Content-Length': '0'
2026-02-18 20:37:20,236 - azure.core.pipeline.policies.http_logging_policy - INFO - Request URL: 'https://woningmarktintelx9.dfs.core.windows.net/dna-platform-data/dna-platform/data/silver/silver_clean_customers_20260218T193719Z.parquet?resource=REDACTED'
Request method: 'PUT'
Request headers:
    'x-ms-version': 'REDACTED'
    'Accept': 'application/json'
    'User-Agent': 'azsdk-python-storage-dfs/12.23.0 Python/3.14.2 (macOS-15.6.1-arm64-arm-64bit-Mach-O)'
    'x-ms-date': 'REDACTED'
    'x-ms-client-request-id': '3d7475e6-0d01-11f1-a394-765227f64d11'
    'Authorization': 'REDACTED'
No body was attached to the request
2026-02-18 20:37:20,298 - azure.core.pipeline.policies.http_logging_policy - INFO - Response status: 201
Response headers:
    'Last-Modified': 'Wed, 18 Feb 2026 19:37:20 GMT'
    'ETag': '"0x8DE6F2521BAC848"'
    'Server': 'Windows-Azure-HDFS/1.0 Microsoft-HTTPAPI/2.0'
    'x-ms-request-server-encrypted': 'REDACTED'
    'x-ms-request-id': '80eb9711-001f-0072-300d-a13d7e000000'
    'x-ms-version': 'REDACTED'
    'x-ms-client-request-id': '3d7475e6-0d01-11f1-a394-765227f64d11'
    'Date': 'Wed, 18 Feb 2026 19:37:19 GMT'
    'Content-Length': '0'
2026-02-18 20:37:20,299 - azure.core.pipeline.policies.http_logging_policy - INFO - Request URL: 'https://woningmarktintelx9.dfs.core.windows.net/dna-platform-data/dna-platform/data/silver/silver_clean_customers_20260218T193719Z.parquet?action=REDACTED&position=REDACTED'
Request method: 'PATCH'
Request headers:
    'Content-Length': '11034'
    'x-ms-version': 'REDACTED'
    'Content-Type': 'application/json'
    'Accept': 'application/json'
    'User-Agent': 'azsdk-python-storage-dfs/12.23.0 Python/3.14.2 (macOS-15.6.1-arm64-arm-64bit-Mach-O)'
    'x-ms-date': 'REDACTED'
    'x-ms-client-request-id': '3d7e0052-0d01-11f1-a394-765227f64d11'
    'Authorization': 'REDACTED'
A body is sent with the request
2026-02-18 20:37:20,337 - azure.core.pipeline.policies.http_logging_policy - INFO - Response status: 202
Response headers:
    'Server': 'Windows-Azure-HDFS/1.0 Microsoft-HTTPAPI/2.0'
    'x-ms-request-server-encrypted': 'REDACTED'
    'x-ms-request-id': '80eb9719-001f-0072-380d-a13d7e000000'
    'x-ms-version': 'REDACTED'
    'x-ms-client-request-id': '3d7e0052-0d01-11f1-a394-765227f64d11'
    'Date': 'Wed, 18 Feb 2026 19:37:19 GMT'
    'Content-Length': '0'
2026-02-18 20:37:20,338 - azure.core.pipeline.policies.http_logging_policy - INFO - Request URL: 'https://woningmarktintelx9.dfs.core.windows.net/dna-platform-data/dna-platform/data/silver/silver_clean_customers_20260218T193719Z.parquet?action=REDACTED&position=REDACTED&close=REDACTED'
Request method: 'PATCH'
Request headers:
    'If-Match': '"0x8DE6F2521BAC848"'
    'x-ms-version': 'REDACTED'
    'Accept': 'application/json'
    'User-Agent': 'azsdk-python-storage-dfs/12.23.0 Python/3.14.2 (macOS-15.6.1-arm64-arm-64bit-Mach-O)'
    'x-ms-date': 'REDACTED'
    'x-ms-client-request-id': '3d83e85a-0d01-11f1-a394-765227f64d11'
    'Authorization': 'REDACTED'
No body was attached to the request
2026-02-18 20:37:20,421 - azure.core.pipeline.policies.http_logging_policy - INFO - Response status: 200
Response headers:
    'Last-Modified': 'Wed, 18 Feb 2026 19:37:20 GMT'
    'ETag': '"0x8DE6F2521CD70E8"'
    'Server': 'Windows-Azure-HDFS/1.0 Microsoft-HTTPAPI/2.0'
    'x-ms-request-server-encrypted': 'REDACTED'
    'x-ms-request-id': '80eb971f-001f-0072-3e0d-a13d7e000000'
    'x-ms-version': 'REDACTED'
    'x-ms-client-request-id': '3d83e85a-0d01-11f1-a394-765227f64d11'
    'Date': 'Wed, 18 Feb 2026 19:37:20 GMT'
    'Content-Length': '0'
2026-02-18 20:37:20,422 - src.core.storage - INFO - Successfully uploaded 0 bytes to ADLS: abfss://dna-platform-data@woningmarktintelx9.dfs.core.windows.net/dna-platform/data/silver/silver_clean_customers_20260218T193719Z.parquet
2026-02-18 20:37:20,424 - src.core.storage - INFO - ADLS write successful: abfss://dna-platform-data@woningmarktintelx9.dfs.core.windows.net/dna-platform/data/silver/silver_clean_customers_20260218T193719Z.parquet
2026-02-18 20:37:20,426 - src.core.storage - INFO - Successfully wrote 50 rows to local storage: /Users/taniskarigar/test-polster/dna-platform/data/silver/sample_silver_clean_customers_20260218T193719Z.parquet
2026-02-18 20:37:20,426 - src.core.silver_clean_customers - INFO - Silver customers transformation completed: abfss://dna-platform-data@woningmarktintelx9.dfs.core.windows.net/dna-platform/data/silver/silver_clean_customers_20260218T193719Z.parquet
2026-02-18 20:37:20,426 - src.core.utils - INFO - Completed operation 'silver customers transformation' in 0.91 seconds
2026-02-18 20:37:20 +0100 - dagster - DEBUG - __ASSET_JOB - c53b1b2b-a03a-4dd0-9fea-7e56f19f5a57 - 42678 - run_silver_clean_customers - STEP_OUTPUT - Yielded output "result" of type "Any". (Type check passed).
2026-02-18 20:37:20 +0100 - dagster - DEBUG - __ASSET_JOB - c53b1b2b-a03a-4dd0-9fea-7e56f19f5a57 - run_silver_clean_customers - Writing file at: /Users/taniskarigar/test-polster/dna-platform/.dagster/storage/run_silver_clean_customers using PickledObjectFilesystemIOManager...
2026-02-18 20:37:20 +0100 - dagster - DEBUG - __ASSET_JOB - c53b1b2b-a03a-4dd0-9fea-7e56f19f5a57 - 42678 - run_silver_clean_customers - ASSET_MATERIALIZATION - Materialized value run_silver_clean_customers.
2026-02-18 20:37:20 +0100 - dagster - DEBUG - __ASSET_JOB - c53b1b2b-a03a-4dd0-9fea-7e56f19f5a57 - 42678 - run_silver_clean_customers - HANDLED_OUTPUT - Handled output "result" using IO manager "io_manager"
2026-02-18 20:37:20 +0100 - dagster - DEBUG - __ASSET_JOB - c53b1b2b-a03a-4dd0-9fea-7e56f19f5a57 - 42678 - run_silver_clean_customers - STEP_SUCCESS - Finished execution of step "run_silver_clean_customers" in 968ms.
