2026-02-18 19:51:06 +0000 - dagster - DEBUG - __ASSET_JOB - fe5737bf-cd55-4e4d-8eb6-e65bfe32b1ab - 2590 - LOGS_CAPTURED - Started capturing logs in process (pid: 2590).
2026-02-18 19:51:06 +0000 - dagster - DEBUG - __ASSET_JOB - fe5737bf-cd55-4e4d-8eb6-e65bfe32b1ab - 2590 - run_silver_clean_customers - STEP_START - Started execution of step "run_silver_clean_customers".
2026-02-18 19:51:06,449 - alembic.runtime.migration - INFO - Context impl SQLiteImpl.
2026-02-18 19:51:06,454 - alembic.runtime.migration - INFO - Will assume non-transactional DDL.
2026-02-18 19:51:06 +0000 - dagster - DEBUG - __ASSET_JOB - fe5737bf-cd55-4e4d-8eb6-e65bfe32b1ab - run_silver_clean_customers - Loading file from: /home/runner/work/dna-platform/dna-platform/.dagster/storage/run_bronze_customers using PickledObjectFilesystemIOManager...
2026-02-18 19:51:06 +0000 - dagster - DEBUG - __ASSET_JOB - fe5737bf-cd55-4e4d-8eb6-e65bfe32b1ab - 2590 - run_silver_clean_customers - LOADED_INPUT - Loaded input "run_bronze_customers" using input manager "io_manager", from output "result" of step "run_bronze_customers"
2026-02-18 19:51:06 +0000 - dagster - DEBUG - __ASSET_JOB - fe5737bf-cd55-4e4d-8eb6-e65bfe32b1ab - 2590 - run_silver_clean_customers - STEP_INPUT - Got input "run_bronze_customers" of type "Any". (Type check passed).
2026-02-18 19:51:06,552 - src.core.utils - INFO - Starting operation: silver customers transformation
2026-02-18 19:51:06,552 - src.core.silver_clean_customers - INFO - Starting silver customers transformation
2026-02-18 19:51:06,553 - src.core.storage - INFO - Reading latest parquet file from bronze layer with prefix 'bronze_customers_' using local backend
2026-02-18 19:51:06,564 - src.core.storage - INFO - Successfully read 500 rows from local storage: /home/runner/work/dna-platform/dna-platform/data/bronze/bronze_customers_20260218T195100Z.parquet
2026-02-18 19:51:06,564 - src.core.utils - INFO - Bronze customers input: 500 rows, 15 columns
2026-02-18 19:51:06,569 - src.core.utils - INFO - Transformed silver customers: 500 rows, 15 columns
2026-02-18 19:51:06,570 - src.core.storage - INFO - Writing DataFrame to silver/silver_clean_customers_20260218T195106Z.parquet using local backend
2026-02-18 19:51:06,572 - src.core.storage - INFO - Successfully wrote 50 rows to local storage: /home/runner/work/dna-platform/dna-platform/data/silver/sample_silver_clean_customers_20260218T195106Z.parquet
2026-02-18 19:51:06,578 - src.core.storage - INFO - Successfully wrote 500 rows to local storage: /home/runner/work/dna-platform/dna-platform/data/silver/silver_clean_customers_20260218T195106Z.parquet
2026-02-18 19:51:06,578 - src.core.silver_clean_customers - INFO - Silver customers transformation completed: /home/runner/work/dna-platform/dna-platform/data/silver/silver_clean_customers_20260218T195106Z.parquet
2026-02-18 19:51:06,578 - src.core.utils - INFO - Completed operation 'silver customers transformation' in 0.03 seconds
2026-02-18 19:51:06 +0000 - dagster - DEBUG - __ASSET_JOB - fe5737bf-cd55-4e4d-8eb6-e65bfe32b1ab - 2590 - run_silver_clean_customers - STEP_OUTPUT - Yielded output "result" of type "Any". (Type check passed).
2026-02-18 19:51:06 +0000 - dagster - DEBUG - __ASSET_JOB - fe5737bf-cd55-4e4d-8eb6-e65bfe32b1ab - run_silver_clean_customers - Writing file at: /home/runner/work/dna-platform/dna-platform/.dagster/storage/run_silver_clean_customers using PickledObjectFilesystemIOManager...
2026-02-18 19:51:06 +0000 - dagster - DEBUG - __ASSET_JOB - fe5737bf-cd55-4e4d-8eb6-e65bfe32b1ab - 2590 - run_silver_clean_customers - ASSET_MATERIALIZATION - Materialized value run_silver_clean_customers.
2026-02-18 19:51:06 +0000 - dagster - DEBUG - __ASSET_JOB - fe5737bf-cd55-4e4d-8eb6-e65bfe32b1ab - 2590 - run_silver_clean_customers - HANDLED_OUTPUT - Handled output "result" using IO manager "io_manager"
2026-02-18 19:51:06 +0000 - dagster - DEBUG - __ASSET_JOB - fe5737bf-cd55-4e4d-8eb6-e65bfe32b1ab - 2590 - run_silver_clean_customers - STEP_SUCCESS - Finished execution of step "run_silver_clean_customers" in 189ms.
