2026-02-18 19:51:12 +0000 - dagster - DEBUG - __ASSET_JOB - fe5737bf-cd55-4e4d-8eb6-e65bfe32b1ab - 2789 - LOGS_CAPTURED - Started capturing logs in process (pid: 2789).
2026-02-18 19:51:12 +0000 - dagster - DEBUG - __ASSET_JOB - fe5737bf-cd55-4e4d-8eb6-e65bfe32b1ab - 2789 - run_silver_policy_claims - STEP_START - Started execution of step "run_silver_policy_claims".
2026-02-18 19:51:12,253 - alembic.runtime.migration - INFO - Context impl SQLiteImpl.
2026-02-18 19:51:12,253 - alembic.runtime.migration - INFO - Will assume non-transactional DDL.
2026-02-18 19:51:12 +0000 - dagster - DEBUG - __ASSET_JOB - fe5737bf-cd55-4e4d-8eb6-e65bfe32b1ab - run_silver_policy_claims - Loading file from: /home/runner/work/dna-platform/dna-platform/.dagster/storage/run_silver_clean_claims using PickledObjectFilesystemIOManager...
2026-02-18 19:51:12 +0000 - dagster - DEBUG - __ASSET_JOB - fe5737bf-cd55-4e4d-8eb6-e65bfe32b1ab - 2789 - run_silver_policy_claims - LOADED_INPUT - Loaded input "run_silver_clean_claims" using input manager "io_manager", from output "result" of step "run_silver_clean_claims"
2026-02-18 19:51:12 +0000 - dagster - DEBUG - __ASSET_JOB - fe5737bf-cd55-4e4d-8eb6-e65bfe32b1ab - run_silver_policy_claims - Loading file from: /home/runner/work/dna-platform/dna-platform/.dagster/storage/run_silver_clean_policies using PickledObjectFilesystemIOManager...
2026-02-18 19:51:12 +0000 - dagster - DEBUG - __ASSET_JOB - fe5737bf-cd55-4e4d-8eb6-e65bfe32b1ab - 2789 - run_silver_policy_claims - LOADED_INPUT - Loaded input "run_silver_clean_policies" using input manager "io_manager", from output "result" of step "run_silver_clean_policies"
2026-02-18 19:51:12 +0000 - dagster - DEBUG - __ASSET_JOB - fe5737bf-cd55-4e4d-8eb6-e65bfe32b1ab - 2789 - run_silver_policy_claims - STEP_INPUT - Got input "run_silver_clean_claims" of type "Any". (Type check passed).
2026-02-18 19:51:12 +0000 - dagster - DEBUG - __ASSET_JOB - fe5737bf-cd55-4e4d-8eb6-e65bfe32b1ab - 2789 - run_silver_policy_claims - STEP_INPUT - Got input "run_silver_clean_policies" of type "Any". (Type check passed).
2026-02-18 19:51:12,326 - src.core.utils - INFO - Starting operation: silver policy-claims join
2026-02-18 19:51:12,326 - src.core.silver_policy_claims - INFO - Starting silver policy-claims join
2026-02-18 19:51:12,327 - src.core.storage - INFO - Reading latest parquet file from silver layer with prefix 'silver_clean_policies_' using local backend
2026-02-18 19:51:12,333 - src.core.storage - INFO - Successfully read 800 rows from local storage: /home/runner/work/dna-platform/dna-platform/data/silver/silver_clean_policies_20260218T195106Z.parquet
2026-02-18 19:51:12,333 - src.core.storage - INFO - Reading latest parquet file from silver layer with prefix 'silver_clean_claims_' using local backend
2026-02-18 19:51:12,335 - src.core.storage - INFO - Successfully read 300 rows from local storage: /home/runner/work/dna-platform/dna-platform/data/silver/silver_clean_claims_20260218T195103Z.parquet
2026-02-18 19:51:12,335 - src.core.utils - INFO - Silver policies input: 800 rows, 14 columns
2026-02-18 19:51:12,335 - src.core.utils - INFO - Silver claims input: 300 rows, 12 columns
2026-02-18 19:51:12,337 - src.core.utils - INFO - Joined silver policy-claims: 850 rows, 26 columns
2026-02-18 19:51:12,337 - src.core.storage - INFO - Writing DataFrame to silver/silver_policy_claims_20260218T195112Z.parquet using local backend
2026-02-18 19:51:12,339 - src.core.storage - INFO - Successfully wrote 50 rows to local storage: /home/runner/work/dna-platform/dna-platform/data/silver/sample_silver_policy_claims_20260218T195112Z.parquet
2026-02-18 19:51:12,341 - src.core.storage - INFO - Successfully wrote 850 rows to local storage: /home/runner/work/dna-platform/dna-platform/data/silver/silver_policy_claims_20260218T195112Z.parquet
2026-02-18 19:51:12,341 - src.core.silver_policy_claims - INFO - Silver policy-claims join completed: /home/runner/work/dna-platform/dna-platform/data/silver/silver_policy_claims_20260218T195112Z.parquet
2026-02-18 19:51:12,342 - src.core.utils - INFO - Completed operation 'silver policy-claims join' in 0.02 seconds
2026-02-18 19:51:12 +0000 - dagster - DEBUG - __ASSET_JOB - fe5737bf-cd55-4e4d-8eb6-e65bfe32b1ab - 2789 - run_silver_policy_claims - STEP_OUTPUT - Yielded output "result" of type "Any". (Type check passed).
2026-02-18 19:51:12 +0000 - dagster - DEBUG - __ASSET_JOB - fe5737bf-cd55-4e4d-8eb6-e65bfe32b1ab - run_silver_policy_claims - Writing file at: /home/runner/work/dna-platform/dna-platform/.dagster/storage/run_silver_policy_claims using PickledObjectFilesystemIOManager...
2026-02-18 19:51:12 +0000 - dagster - DEBUG - __ASSET_JOB - fe5737bf-cd55-4e4d-8eb6-e65bfe32b1ab - 2789 - run_silver_policy_claims - ASSET_MATERIALIZATION - Materialized value run_silver_policy_claims.
2026-02-18 19:51:12 +0000 - dagster - DEBUG - __ASSET_JOB - fe5737bf-cd55-4e4d-8eb6-e65bfe32b1ab - 2789 - run_silver_policy_claims - HANDLED_OUTPUT - Handled output "result" using IO manager "io_manager"
2026-02-18 19:51:12 +0000 - dagster - DEBUG - __ASSET_JOB - fe5737bf-cd55-4e4d-8eb6-e65bfe32b1ab - 2789 - run_silver_policy_claims - STEP_SUCCESS - Finished execution of step "run_silver_policy_claims" in 131ms.
