[32m2026-02-18 20:14:05 +0100[0m - dagster - [34mDEBUG[0m - __ASSET_JOB - e0ac930d-f50c-4cf3-b5a6-462eb233b405 - 18545 - LOGS_CAPTURED - Started capturing logs in process (pid: 18545).
[32m2026-02-18 20:14:05 +0100[0m - dagster - [34mDEBUG[0m - __ASSET_JOB - e0ac930d-f50c-4cf3-b5a6-462eb233b405 - 18545 - run_bronze_example - STEP_START - Started execution of step "run_bronze_example".
2026-02-18 20:14:05,691 - src.core.utils - INFO - Starting operation: bronze layer data extraction
2026-02-18 20:14:05,691 - src.core.bronze_example - INFO - Starting bronze layer data extraction
2026-02-18 20:14:05,691 - src.core.bronze_example - INFO - Generating 50 sample orders for adls storage
2026-02-18 20:14:05,692 - src.core.utils - INFO - Generated bronze data: 50 rows, 6 columns
2026-02-18 20:14:05,692 - src.core.storage - INFO - Writing DataFrame to bronze/bronze_orders_20260218T191405Z.parquet using adls backend
2026-02-18 20:14:05,692 - src.core.storage - INFO - Writing DataFrame (50 rows, 6 columns) to ADLS: abfss://dna-platform-data@woningmarktintelx9.dfs.core.windows.net/dna-platform/data/bronze/bronze_orders_20260218T191405Z.parquet
2026-02-18 20:14:05,819 - azure.core.pipeline.policies.http_logging_policy - INFO - Request URL: 'https://woningmarktintelx9.blob.core.windows.net/dna-platform-data?restype=REDACTED'
Request method: 'GET'
Request headers:
    'x-ms-version': 'REDACTED'
    'Accept': 'application/xml'
    'User-Agent': 'azsdk-python-storage-dfs/12.23.0 Python/3.14.2 (macOS-15.6.1-arm64-arm-64bit-Mach-O)'
    'x-ms-date': 'REDACTED'
    'x-ms-client-request-id': 'fe5140d6-0cfd-11f1-8a1b-765227f64d11'
    'Authorization': 'REDACTED'
No body was attached to the request
2026-02-18 20:14:05,992 - azure.core.pipeline.policies.http_logging_policy - INFO - Response status: 200
Response headers:
    'Content-Length': '0'
    'Last-Modified': 'Wed, 18 Feb 2026 19:12:05 GMT'
    'ETag': '"0x8DE6F219B11A707"'
    'Server': 'Windows-Azure-Blob/1.0 Microsoft-HTTPAPI/2.0'
    'x-ms-request-id': '80977cd0-d01e-003c-3c0a-a113f6000000'
    'x-ms-client-request-id': 'fe5140d6-0cfd-11f1-8a1b-765227f64d11'
    'x-ms-version': 'REDACTED'
    'x-ms-lease-status': 'REDACTED'
    'x-ms-lease-state': 'REDACTED'
    'x-ms-has-immutability-policy': 'REDACTED'
    'x-ms-has-legal-hold': 'REDACTED'
    'x-ms-immutable-storage-with-versioning-enabled': 'REDACTED'
    'x-ms-default-encryption-scope': 'REDACTED'
    'x-ms-deny-encryption-scope-override': 'REDACTED'
    'Date': 'Wed, 18 Feb 2026 19:14:05 GMT'
2026-02-18 20:14:05,993 - azure.core.pipeline.policies.http_logging_policy - INFO - Request URL: 'https://woningmarktintelx9.dfs.core.windows.net/dna-platform-data/dna-platform/data/bronze?resource=REDACTED'
Request method: 'PUT'
Request headers:
    'x-ms-version': 'REDACTED'
    'Accept': 'application/json'
    'User-Agent': 'azsdk-python-storage-dfs/12.23.0 Python/3.14.2 (macOS-15.6.1-arm64-arm-64bit-Mach-O)'
    'x-ms-date': 'REDACTED'
    'x-ms-client-request-id': 'fe6bd338-0cfd-11f1-8a1b-765227f64d11'
    'Authorization': 'REDACTED'
No body was attached to the request
2026-02-18 20:14:06,179 - azure.core.pipeline.policies.http_logging_policy - INFO - Response status: 201
Response headers:
    'Last-Modified': 'Wed, 18 Feb 2026 19:14:06 GMT'
    'ETag': '"0x8DE6F21E2C75B34"'
    'Server': 'Windows-Azure-HDFS/1.0 Microsoft-HTTPAPI/2.0'
    'x-ms-request-server-encrypted': 'REDACTED'
    'x-ms-request-id': '593b90bf-501f-0022-1a0a-a1ff2e000000'
    'x-ms-version': 'REDACTED'
    'x-ms-client-request-id': 'fe6bd338-0cfd-11f1-8a1b-765227f64d11'
    'Date': 'Wed, 18 Feb 2026 19:14:05 GMT'
    'Content-Length': '0'
2026-02-18 20:14:06,180 - azure.core.pipeline.policies.http_logging_policy - INFO - Request URL: 'https://woningmarktintelx9.dfs.core.windows.net/dna-platform-data/dna-platform/data/bronze/bronze_orders_20260218T191405Z.parquet?resource=REDACTED'
Request method: 'PUT'
Request headers:
    'x-ms-version': 'REDACTED'
    'Accept': 'application/json'
    'User-Agent': 'azsdk-python-storage-dfs/12.23.0 Python/3.14.2 (macOS-15.6.1-arm64-arm-64bit-Mach-O)'
    'x-ms-date': 'REDACTED'
    'x-ms-client-request-id': 'fe8854ae-0cfd-11f1-8a1b-765227f64d11'
    'Authorization': 'REDACTED'
No body was attached to the request
2026-02-18 20:14:06,228 - azure.core.pipeline.policies.http_logging_policy - INFO - Response status: 201
Response headers:
    'Last-Modified': 'Wed, 18 Feb 2026 19:14:06 GMT'
    'ETag': '"0x8DE6F21E2CDCEE0"'
    'Server': 'Windows-Azure-HDFS/1.0 Microsoft-HTTPAPI/2.0'
    'x-ms-request-server-encrypted': 'REDACTED'
    'x-ms-request-id': '593b90c9-501f-0022-240a-a1ff2e000000'
    'x-ms-version': 'REDACTED'
    'x-ms-client-request-id': 'fe8854ae-0cfd-11f1-8a1b-765227f64d11'
    'Date': 'Wed, 18 Feb 2026 19:14:05 GMT'
    'Content-Length': '0'
2026-02-18 20:14:06,230 - azure.core.pipeline.policies.http_logging_policy - INFO - Request URL: 'https://woningmarktintelx9.dfs.core.windows.net/dna-platform-data/dna-platform/data/bronze/bronze_orders_20260218T191405Z.parquet?action=REDACTED&position=REDACTED'
Request method: 'PATCH'
Request headers:
    'Content-Length': '3527'
    'x-ms-version': 'REDACTED'
    'Content-Type': 'application/json'
    'Accept': 'application/json'
    'User-Agent': 'azsdk-python-storage-dfs/12.23.0 Python/3.14.2 (macOS-15.6.1-arm64-arm-64bit-Mach-O)'
    'x-ms-date': 'REDACTED'
    'x-ms-client-request-id': 'fe8ff0ba-0cfd-11f1-8a1b-765227f64d11'
    'Authorization': 'REDACTED'
A body is sent with the request
2026-02-18 20:14:06,268 - azure.core.pipeline.policies.http_logging_policy - INFO - Response status: 202
Response headers:
    'Server': 'Windows-Azure-HDFS/1.0 Microsoft-HTTPAPI/2.0'
    'x-ms-request-server-encrypted': 'REDACTED'
    'x-ms-request-id': '593b90d8-501f-0022-330a-a1ff2e000000'
    'x-ms-version': 'REDACTED'
    'x-ms-client-request-id': 'fe8ff0ba-0cfd-11f1-8a1b-765227f64d11'
    'Date': 'Wed, 18 Feb 2026 19:14:05 GMT'
    'Content-Length': '0'
2026-02-18 20:14:06,269 - azure.core.pipeline.policies.http_logging_policy - INFO - Request URL: 'https://woningmarktintelx9.dfs.core.windows.net/dna-platform-data/dna-platform/data/bronze/bronze_orders_20260218T191405Z.parquet?action=REDACTED&position=REDACTED&close=REDACTED'
Request method: 'PATCH'
Request headers:
    'If-Match': '"0x8DE6F21E2CDCEE0"'
    'x-ms-version': 'REDACTED'
    'Accept': 'application/json'
    'User-Agent': 'azsdk-python-storage-dfs/12.23.0 Python/3.14.2 (macOS-15.6.1-arm64-arm-64bit-Mach-O)'
    'x-ms-date': 'REDACTED'
    'x-ms-client-request-id': 'fe95f06e-0cfd-11f1-8a1b-765227f64d11'
    'Authorization': 'REDACTED'
No body was attached to the request
2026-02-18 20:14:06,334 - azure.core.pipeline.policies.http_logging_policy - INFO - Response status: 200
Response headers:
    'Last-Modified': 'Wed, 18 Feb 2026 19:14:06 GMT'
    'ETag': '"0x8DE6F21E2DE8A1C"'
    'Server': 'Windows-Azure-HDFS/1.0 Microsoft-HTTPAPI/2.0'
    'x-ms-request-server-encrypted': 'REDACTED'
    'x-ms-request-id': '593b90e3-501f-0022-3e0a-a1ff2e000000'
    'x-ms-version': 'REDACTED'
    'x-ms-client-request-id': 'fe95f06e-0cfd-11f1-8a1b-765227f64d11'
    'Date': 'Wed, 18 Feb 2026 19:14:06 GMT'
    'Content-Length': '0'
2026-02-18 20:14:06,335 - src.core.storage - INFO - Successfully uploaded 0 bytes to ADLS: abfss://dna-platform-data@woningmarktintelx9.dfs.core.windows.net/dna-platform/data/bronze/bronze_orders_20260218T191405Z.parquet
2026-02-18 20:14:06,338 - src.core.storage - INFO - ADLS write successful: abfss://dna-platform-data@woningmarktintelx9.dfs.core.windows.net/dna-platform/data/bronze/bronze_orders_20260218T191405Z.parquet
2026-02-18 20:14:06,340 - src.core.storage - INFO - Successfully wrote 50 rows to local storage: /Users/taniskarigar/test-polster/dna-platform/data/bronze/sample_bronze_orders_20260218T191405Z.parquet
2026-02-18 20:14:06,340 - src.core.bronze_example - INFO - Bronze layer extraction completed successfully: abfss://dna-platform-data@woningmarktintelx9.dfs.core.windows.net/dna-platform/data/bronze/bronze_orders_20260218T191405Z.parquet
2026-02-18 20:14:06,340 - src.core.utils - INFO - Completed operation 'bronze layer data extraction' in 0.65 seconds
[32m2026-02-18 20:14:06 +0100[0m - dagster - [34mDEBUG[0m - __ASSET_JOB - e0ac930d-f50c-4cf3-b5a6-462eb233b405 - 18545 - run_bronze_example - STEP_OUTPUT - Yielded output "result" of type "Any". (Type check passed).
[32m2026-02-18 20:14:06 +0100[0m - dagster - [34mDEBUG[0m - __ASSET_JOB - e0ac930d-f50c-4cf3-b5a6-462eb233b405 - run_bronze_example - Writing file at: /Users/taniskarigar/test-polster/dna-platform/.dagster/storage/run_bronze_example using PickledObjectFilesystemIOManager...
2026-02-18 20:14:06,356 - alembic.runtime.migration - INFO - Context impl SQLiteImpl.
2026-02-18 20:14:06,356 - alembic.runtime.migration - INFO - Will assume non-transactional DDL.
[32m2026-02-18 20:14:06 +0100[0m - dagster - [34mDEBUG[0m - __ASSET_JOB - e0ac930d-f50c-4cf3-b5a6-462eb233b405 - 18545 - run_bronze_example - ASSET_MATERIALIZATION - Materialized value run_bronze_example.
[32m2026-02-18 20:14:06 +0100[0m - dagster - [34mDEBUG[0m - __ASSET_JOB - e0ac930d-f50c-4cf3-b5a6-462eb233b405 - 18545 - run_bronze_example - HANDLED_OUTPUT - Handled output "result" using IO manager "io_manager"
[32m2026-02-18 20:14:06 +0100[0m - dagster - [34mDEBUG[0m - __ASSET_JOB - e0ac930d-f50c-4cf3-b5a6-462eb233b405 - 18545 - run_bronze_example - STEP_SUCCESS - Finished execution of step "run_bronze_example" in 685ms.
