2026-02-18 20:30:58 +0100 - dagster - DEBUG - __ASSET_JOB - 1db16ce5-98ae-4db3-a288-48b57c6aa139 - 21892 - LOGS_CAPTURED - Started capturing logs in process (pid: 21892).
2026-02-18 20:30:58 +0100 - dagster - DEBUG - __ASSET_JOB - 1db16ce5-98ae-4db3-a288-48b57c6aa139 - 21892 - run_bronze_vehicles - STEP_START - Started execution of step "run_bronze_vehicles".
2026-02-18 20:30:58,165 - src.core.utils - INFO - Starting operation: bronze vehicles extraction
2026-02-18 20:30:58,168 - src.core.bronze_vehicles - INFO - Starting bronze vehicles extraction
2026-02-18 20:30:58,173 - src.core.utils - INFO - Bronze vehicles output: 40 rows, 13 columns
2026-02-18 20:30:58,174 - src.core.storage - INFO - Writing DataFrame to bronze/bronze_vehicles_20260218T193058Z.parquet using adls backend
2026-02-18 20:30:58,174 - src.core.storage - INFO - Writing DataFrame (40 rows, 13 columns) to ADLS: abfss://dna-platform-data@woningmarktintelx9.dfs.core.windows.net/dna-platform/data/bronze/bronze_vehicles_20260218T193058Z.parquet
2026-02-18 20:30:58,295 - azure.core.pipeline.policies.http_logging_policy - INFO - Request URL: 'https://woningmarktintelx9.blob.core.windows.net/dna-platform-data?restype=REDACTED'
Request method: 'GET'
Request headers:
    'x-ms-version': 'REDACTED'
    'Accept': 'application/xml'
    'User-Agent': 'azsdk-python-storage-dfs/12.23.0 Python/3.14.2 (macOS-15.6.1-arm64-arm-64bit-Mach-O)'
    'x-ms-date': 'REDACTED'
    'x-ms-client-request-id': '59ccca78-0d00-11f1-a3bf-765227f64d11'
    'Authorization': 'REDACTED'
No body was attached to the request
2026-02-18 20:30:58,507 - azure.core.pipeline.policies.http_logging_policy - INFO - Response status: 200
Response headers:
    'Content-Length': '0'
    'Last-Modified': 'Wed, 18 Feb 2026 19:12:05 GMT'
    'ETag': '"0x8DE6F219B11A707"'
    'Server': 'Windows-Azure-Blob/1.0 Microsoft-HTTPAPI/2.0'
    'x-ms-request-id': '8fb3a629-001e-0062-730d-a1f816000000'
    'x-ms-client-request-id': '59ccca78-0d00-11f1-a3bf-765227f64d11'
    'x-ms-version': 'REDACTED'
    'x-ms-lease-status': 'REDACTED'
    'x-ms-lease-state': 'REDACTED'
    'x-ms-has-immutability-policy': 'REDACTED'
    'x-ms-has-legal-hold': 'REDACTED'
    'x-ms-immutable-storage-with-versioning-enabled': 'REDACTED'
    'x-ms-default-encryption-scope': 'REDACTED'
    'x-ms-deny-encryption-scope-override': 'REDACTED'
    'Date': 'Wed, 18 Feb 2026 19:30:57 GMT'
2026-02-18 20:30:58,508 - azure.core.pipeline.policies.http_logging_policy - INFO - Request URL: 'https://woningmarktintelx9.dfs.core.windows.net/dna-platform-data/dna-platform/data/bronze?resource=REDACTED'
Request method: 'PUT'
Request headers:
    'x-ms-version': 'REDACTED'
    'Accept': 'application/json'
    'User-Agent': 'azsdk-python-storage-dfs/12.23.0 Python/3.14.2 (macOS-15.6.1-arm64-arm-64bit-Mach-O)'
    'x-ms-date': 'REDACTED'
    'x-ms-client-request-id': '59ed5edc-0d00-11f1-a3bf-765227f64d11'
    'Authorization': 'REDACTED'
No body was attached to the request
2026-02-18 20:30:58,872 - azure.core.pipeline.policies.http_logging_policy - INFO - Response status: 201
Response headers:
    'Last-Modified': 'Wed, 18 Feb 2026 19:30:58 GMT'
    'ETag': '"0x8DE6F243E5FF55C"'
    'Server': 'Windows-Azure-HDFS/1.0 Microsoft-HTTPAPI/2.0'
    'x-ms-request-server-encrypted': 'REDACTED'
    'x-ms-request-id': '2c6c8684-501f-006f-210d-a130c2000000'
    'x-ms-version': 'REDACTED'
    'x-ms-client-request-id': '59ed5edc-0d00-11f1-a3bf-765227f64d11'
    'Date': 'Wed, 18 Feb 2026 19:30:58 GMT'
    'Content-Length': '0'
2026-02-18 20:30:58,874 - azure.core.pipeline.policies.http_logging_policy - INFO - Request URL: 'https://woningmarktintelx9.dfs.core.windows.net/dna-platform-data/dna-platform/data/bronze/bronze_vehicles_20260218T193058Z.parquet?resource=REDACTED'
Request method: 'PUT'
Request headers:
    'x-ms-version': 'REDACTED'
    'Accept': 'application/json'
    'User-Agent': 'azsdk-python-storage-dfs/12.23.0 Python/3.14.2 (macOS-15.6.1-arm64-arm-64bit-Mach-O)'
    'x-ms-date': 'REDACTED'
    'x-ms-client-request-id': '5a251f52-0d00-11f1-a3bf-765227f64d11'
    'Authorization': 'REDACTED'
No body was attached to the request
2026-02-18 20:30:59,006 - azure.core.pipeline.policies.http_logging_policy - INFO - Response status: 201
Response headers:
    'Last-Modified': 'Wed, 18 Feb 2026 19:30:59 GMT'
    'ETag': '"0x8DE6F243E73616C"'
    'Server': 'Windows-Azure-HDFS/1.0 Microsoft-HTTPAPI/2.0'
    'x-ms-request-server-encrypted': 'REDACTED'
    'x-ms-request-id': '2c6c86de-501f-006f-7b0d-a130c2000000'
    'x-ms-version': 'REDACTED'
    'x-ms-client-request-id': '5a251f52-0d00-11f1-a3bf-765227f64d11'
    'Date': 'Wed, 18 Feb 2026 19:30:58 GMT'
    'Content-Length': '0'
2026-02-18 20:30:59,007 - azure.core.pipeline.policies.http_logging_policy - INFO - Request URL: 'https://woningmarktintelx9.dfs.core.windows.net/dna-platform-data/dna-platform/data/bronze/bronze_vehicles_20260218T193058Z.parquet?action=REDACTED&position=REDACTED'
Request method: 'PATCH'
Request headers:
    'Content-Length': '6374'
    'x-ms-version': 'REDACTED'
    'Content-Type': 'application/json'
    'Accept': 'application/json'
    'User-Agent': 'azsdk-python-storage-dfs/12.23.0 Python/3.14.2 (macOS-15.6.1-arm64-arm-64bit-Mach-O)'
    'x-ms-date': 'REDACTED'
    'x-ms-client-request-id': '5a397948-0d00-11f1-a3bf-765227f64d11'
    'Authorization': 'REDACTED'
A body is sent with the request
2026-02-18 20:30:59,057 - azure.core.pipeline.policies.http_logging_policy - INFO - Response status: 202
Response headers:
    'Server': 'Windows-Azure-HDFS/1.0 Microsoft-HTTPAPI/2.0'
    'x-ms-request-server-encrypted': 'REDACTED'
    'x-ms-request-id': '2c6c86fb-501f-006f-180d-a130c2000000'
    'x-ms-version': 'REDACTED'
    'x-ms-client-request-id': '5a397948-0d00-11f1-a3bf-765227f64d11'
    'Date': 'Wed, 18 Feb 2026 19:30:59 GMT'
    'Content-Length': '0'
2026-02-18 20:30:59,058 - azure.core.pipeline.policies.http_logging_policy - INFO - Request URL: 'https://woningmarktintelx9.dfs.core.windows.net/dna-platform-data/dna-platform/data/bronze/bronze_vehicles_20260218T193058Z.parquet?action=REDACTED&position=REDACTED&close=REDACTED'
Request method: 'PATCH'
Request headers:
    'If-Match': '"0x8DE6F243E73616C"'
    'x-ms-version': 'REDACTED'
    'Accept': 'application/json'
    'User-Agent': 'azsdk-python-storage-dfs/12.23.0 Python/3.14.2 (macOS-15.6.1-arm64-arm-64bit-Mach-O)'
    'x-ms-date': 'REDACTED'
    'x-ms-client-request-id': '5a4138fe-0d00-11f1-a3bf-765227f64d11'
    'Authorization': 'REDACTED'
No body was attached to the request
2026-02-18 20:30:59,116 - azure.core.pipeline.policies.http_logging_policy - INFO - Response status: 200
Response headers:
    'Last-Modified': 'Wed, 18 Feb 2026 19:30:59 GMT'
    'ETag': '"0x8DE6F243E8798DC"'
    'Server': 'Windows-Azure-HDFS/1.0 Microsoft-HTTPAPI/2.0'
    'x-ms-request-server-encrypted': 'REDACTED'
    'x-ms-request-id': '2c6c870d-501f-006f-2a0d-a130c2000000'
    'x-ms-version': 'REDACTED'
    'x-ms-client-request-id': '5a4138fe-0d00-11f1-a3bf-765227f64d11'
    'Date': 'Wed, 18 Feb 2026 19:30:59 GMT'
    'Content-Length': '0'
2026-02-18 20:30:59,116 - src.core.storage - INFO - Successfully uploaded 0 bytes to ADLS: abfss://dna-platform-data@woningmarktintelx9.dfs.core.windows.net/dna-platform/data/bronze/bronze_vehicles_20260218T193058Z.parquet
2026-02-18 20:30:59,118 - src.core.storage - INFO - ADLS write successful: abfss://dna-platform-data@woningmarktintelx9.dfs.core.windows.net/dna-platform/data/bronze/bronze_vehicles_20260218T193058Z.parquet
2026-02-18 20:30:59,120 - src.core.storage - INFO - Successfully wrote 40 rows to local storage: /Users/taniskarigar/test-polster/dna-platform/data/bronze/sample_bronze_vehicles_20260218T193058Z.parquet
2026-02-18 20:30:59,120 - src.core.bronze_vehicles - INFO - Bronze vehicles extraction completed: abfss://dna-platform-data@woningmarktintelx9.dfs.core.windows.net/dna-platform/data/bronze/bronze_vehicles_20260218T193058Z.parquet
2026-02-18 20:30:59,120 - src.core.utils - INFO - Completed operation 'bronze vehicles extraction' in 0.95 seconds
2026-02-18 20:30:59 +0100 - dagster - DEBUG - __ASSET_JOB - 1db16ce5-98ae-4db3-a288-48b57c6aa139 - 21892 - run_bronze_vehicles - STEP_OUTPUT - Yielded output "result" of type "Any". (Type check passed).
2026-02-18 20:30:59 +0100 - dagster - DEBUG - __ASSET_JOB - 1db16ce5-98ae-4db3-a288-48b57c6aa139 - run_bronze_vehicles - Writing file at: /Users/taniskarigar/test-polster/dna-platform/.dagster/storage/run_bronze_vehicles using PickledObjectFilesystemIOManager...
2026-02-18 20:30:59,134 - alembic.runtime.migration - INFO - Context impl SQLiteImpl.
2026-02-18 20:30:59,134 - alembic.runtime.migration - INFO - Will assume non-transactional DDL.
2026-02-18 20:30:59 +0100 - dagster - DEBUG - __ASSET_JOB - 1db16ce5-98ae-4db3-a288-48b57c6aa139 - 21892 - run_bronze_vehicles - ASSET_MATERIALIZATION - Materialized value run_bronze_vehicles.
2026-02-18 20:30:59 +0100 - dagster - DEBUG - __ASSET_JOB - 1db16ce5-98ae-4db3-a288-48b57c6aa139 - 21892 - run_bronze_vehicles - HANDLED_OUTPUT - Handled output "result" using IO manager "io_manager"
2026-02-18 20:30:59 +0100 - dagster - DEBUG - __ASSET_JOB - 1db16ce5-98ae-4db3-a288-48b57c6aa139 - 21892 - run_bronze_vehicles - STEP_SUCCESS - Finished execution of step "run_bronze_vehicles" in 990ms.
