2026-02-18 20:30:58 +0100 - dagster - DEBUG - __ASSET_JOB - 1db16ce5-98ae-4db3-a288-48b57c6aa139 - 21891 - LOGS_CAPTURED - Started capturing logs in process (pid: 21891).
2026-02-18 20:30:58 +0100 - dagster - DEBUG - __ASSET_JOB - 1db16ce5-98ae-4db3-a288-48b57c6aa139 - 21891 - run_bronze_policies - STEP_START - Started execution of step "run_bronze_policies".
2026-02-18 20:30:58,120 - src.core.utils - INFO - Starting operation: bronze policies extraction
2026-02-18 20:30:58,120 - src.core.bronze_policies - INFO - Starting bronze policies extraction
2026-02-18 20:30:58,125 - src.core.utils - INFO - Bronze policies output: 80 rows, 13 columns
2026-02-18 20:30:58,125 - src.core.storage - INFO - Writing DataFrame to bronze/bronze_policies_20260218T193058Z.parquet using adls backend
2026-02-18 20:30:58,127 - src.core.storage - INFO - Writing DataFrame (80 rows, 13 columns) to ADLS: abfss://dna-platform-data@woningmarktintelx9.dfs.core.windows.net/dna-platform/data/bronze/bronze_policies_20260218T193058Z.parquet
2026-02-18 20:30:58,280 - azure.core.pipeline.policies.http_logging_policy - INFO - Request URL: 'https://woningmarktintelx9.blob.core.windows.net/dna-platform-data?restype=REDACTED'
Request method: 'GET'
Request headers:
    'x-ms-version': 'REDACTED'
    'Accept': 'application/xml'
    'User-Agent': 'azsdk-python-storage-dfs/12.23.0 Python/3.14.2 (macOS-15.6.1-arm64-arm-64bit-Mach-O)'
    'x-ms-date': 'REDACTED'
    'x-ms-client-request-id': '59ca8024-0d00-11f1-8243-765227f64d11'
    'Authorization': 'REDACTED'
No body was attached to the request
2026-02-18 20:30:58,501 - azure.core.pipeline.policies.http_logging_policy - INFO - Response status: 200
Response headers:
    'Content-Length': '0'
    'Last-Modified': 'Wed, 18 Feb 2026 19:12:05 GMT'
    'ETag': '"0x8DE6F219B11A707"'
    'Server': 'Windows-Azure-Blob/1.0 Microsoft-HTTPAPI/2.0'
    'x-ms-request-id': '4d0d1e33-c01e-0020-4e0d-a14196000000'
    'x-ms-client-request-id': '59ca8024-0d00-11f1-8243-765227f64d11'
    'x-ms-version': 'REDACTED'
    'x-ms-lease-status': 'REDACTED'
    'x-ms-lease-state': 'REDACTED'
    'x-ms-has-immutability-policy': 'REDACTED'
    'x-ms-has-legal-hold': 'REDACTED'
    'x-ms-immutable-storage-with-versioning-enabled': 'REDACTED'
    'x-ms-default-encryption-scope': 'REDACTED'
    'x-ms-deny-encryption-scope-override': 'REDACTED'
    'Date': 'Wed, 18 Feb 2026 19:30:57 GMT'
2026-02-18 20:30:58,502 - azure.core.pipeline.policies.http_logging_policy - INFO - Request URL: 'https://woningmarktintelx9.dfs.core.windows.net/dna-platform-data/dna-platform/data/bronze?resource=REDACTED'
Request method: 'PUT'
Request headers:
    'x-ms-version': 'REDACTED'
    'Accept': 'application/json'
    'User-Agent': 'azsdk-python-storage-dfs/12.23.0 Python/3.14.2 (macOS-15.6.1-arm64-arm-64bit-Mach-O)'
    'x-ms-date': 'REDACTED'
    'x-ms-client-request-id': '59ec7a80-0d00-11f1-8243-765227f64d11'
    'Authorization': 'REDACTED'
No body was attached to the request
2026-02-18 20:30:58,960 - azure.core.pipeline.policies.http_logging_policy - INFO - Response status: 201
Response headers:
    'Last-Modified': 'Wed, 18 Feb 2026 19:30:58 GMT'
    'ETag': '"0x8DE6F243E66E774"'
    'Server': 'Windows-Azure-HDFS/1.0 Microsoft-HTTPAPI/2.0'
    'x-ms-request-server-encrypted': 'REDACTED'
    'x-ms-request-id': '02209089-301f-0034-1d0d-a109f9000000'
    'x-ms-version': 'REDACTED'
    'x-ms-client-request-id': '59ec7a80-0d00-11f1-8243-765227f64d11'
    'Date': 'Wed, 18 Feb 2026 19:30:58 GMT'
    'Content-Length': '0'
2026-02-18 20:30:58,961 - azure.core.pipeline.policies.http_logging_policy - INFO - Request URL: 'https://woningmarktintelx9.dfs.core.windows.net/dna-platform-data/dna-platform/data/bronze/bronze_policies_20260218T193058Z.parquet?resource=REDACTED'
Request method: 'PUT'
Request headers:
    'x-ms-version': 'REDACTED'
    'Accept': 'application/json'
    'User-Agent': 'azsdk-python-storage-dfs/12.23.0 Python/3.14.2 (macOS-15.6.1-arm64-arm-64bit-Mach-O)'
    'x-ms-date': 'REDACTED'
    'x-ms-client-request-id': '5a326c52-0d00-11f1-8243-765227f64d11'
    'Authorization': 'REDACTED'
No body was attached to the request
2026-02-18 20:30:59,039 - azure.core.pipeline.policies.http_logging_policy - INFO - Response status: 201
Response headers:
    'Last-Modified': 'Wed, 18 Feb 2026 19:30:59 GMT'
    'ETag': '"0x8DE6F243E7BC530"'
    'Server': 'Windows-Azure-HDFS/1.0 Microsoft-HTTPAPI/2.0'
    'x-ms-request-server-encrypted': 'REDACTED'
    'x-ms-request-id': '022090b0-301f-0034-440d-a109f9000000'
    'x-ms-version': 'REDACTED'
    'x-ms-client-request-id': '5a326c52-0d00-11f1-8243-765227f64d11'
    'Date': 'Wed, 18 Feb 2026 19:30:58 GMT'
    'Content-Length': '0'
2026-02-18 20:30:59,040 - azure.core.pipeline.policies.http_logging_policy - INFO - Request URL: 'https://woningmarktintelx9.dfs.core.windows.net/dna-platform-data/dna-platform/data/bronze/bronze_policies_20260218T193058Z.parquet?action=REDACTED&position=REDACTED'
Request method: 'PATCH'
Request headers:
    'Content-Length': '8933'
    'x-ms-version': 'REDACTED'
    'Content-Type': 'application/json'
    'Accept': 'application/json'
    'User-Agent': 'azsdk-python-storage-dfs/12.23.0 Python/3.14.2 (macOS-15.6.1-arm64-arm-64bit-Mach-O)'
    'x-ms-date': 'REDACTED'
    'x-ms-client-request-id': '5a3e89a6-0d00-11f1-8243-765227f64d11'
    'Authorization': 'REDACTED'
A body is sent with the request
2026-02-18 20:30:59,088 - azure.core.pipeline.policies.http_logging_policy - INFO - Response status: 202
Response headers:
    'Server': 'Windows-Azure-HDFS/1.0 Microsoft-HTTPAPI/2.0'
    'x-ms-request-server-encrypted': 'REDACTED'
    'x-ms-request-id': '022090b8-301f-0034-4c0d-a109f9000000'
    'x-ms-version': 'REDACTED'
    'x-ms-client-request-id': '5a3e89a6-0d00-11f1-8243-765227f64d11'
    'Date': 'Wed, 18 Feb 2026 19:30:58 GMT'
    'Content-Length': '0'
2026-02-18 20:30:59,088 - azure.core.pipeline.policies.http_logging_policy - INFO - Request URL: 'https://woningmarktintelx9.dfs.core.windows.net/dna-platform-data/dna-platform/data/bronze/bronze_policies_20260218T193058Z.parquet?action=REDACTED&position=REDACTED&close=REDACTED'
Request method: 'PATCH'
Request headers:
    'If-Match': '"0x8DE6F243E7BC530"'
    'x-ms-version': 'REDACTED'
    'Accept': 'application/json'
    'User-Agent': 'azsdk-python-storage-dfs/12.23.0 Python/3.14.2 (macOS-15.6.1-arm64-arm-64bit-Mach-O)'
    'x-ms-date': 'REDACTED'
    'x-ms-client-request-id': '5a45e5b6-0d00-11f1-8243-765227f64d11'
    'Authorization': 'REDACTED'
No body was attached to the request
2026-02-18 20:30:59,150 - azure.core.pipeline.policies.http_logging_policy - INFO - Response status: 200
Response headers:
    'Last-Modified': 'Wed, 18 Feb 2026 19:30:59 GMT'
    'ETag': '"0x8DE6F243E8C5F5C"'
    'Server': 'Windows-Azure-HDFS/1.0 Microsoft-HTTPAPI/2.0'
    'x-ms-request-server-encrypted': 'REDACTED'
    'x-ms-request-id': '022090c3-301f-0034-570d-a109f9000000'
    'x-ms-version': 'REDACTED'
    'x-ms-client-request-id': '5a45e5b6-0d00-11f1-8243-765227f64d11'
    'Date': 'Wed, 18 Feb 2026 19:30:58 GMT'
    'Content-Length': '0'
2026-02-18 20:30:59,150 - src.core.storage - INFO - Successfully uploaded 0 bytes to ADLS: abfss://dna-platform-data@woningmarktintelx9.dfs.core.windows.net/dna-platform/data/bronze/bronze_policies_20260218T193058Z.parquet
2026-02-18 20:30:59,152 - src.core.storage - INFO - ADLS write successful: abfss://dna-platform-data@woningmarktintelx9.dfs.core.windows.net/dna-platform/data/bronze/bronze_policies_20260218T193058Z.parquet
2026-02-18 20:30:59,153 - src.core.storage - INFO - Successfully wrote 50 rows to local storage: /Users/taniskarigar/test-polster/dna-platform/data/bronze/sample_bronze_policies_20260218T193058Z.parquet
2026-02-18 20:30:59,153 - src.core.bronze_policies - INFO - Bronze policies extraction completed: abfss://dna-platform-data@woningmarktintelx9.dfs.core.windows.net/dna-platform/data/bronze/bronze_policies_20260218T193058Z.parquet
2026-02-18 20:30:59,153 - src.core.utils - INFO - Completed operation 'bronze policies extraction' in 1.03 seconds
2026-02-18 20:30:59 +0100 - dagster - DEBUG - __ASSET_JOB - 1db16ce5-98ae-4db3-a288-48b57c6aa139 - 21891 - run_bronze_policies - STEP_OUTPUT - Yielded output "result" of type "Any". (Type check passed).
2026-02-18 20:30:59 +0100 - dagster - DEBUG - __ASSET_JOB - 1db16ce5-98ae-4db3-a288-48b57c6aa139 - run_bronze_policies - Writing file at: /Users/taniskarigar/test-polster/dna-platform/.dagster/storage/run_bronze_policies using PickledObjectFilesystemIOManager...
2026-02-18 20:30:59,163 - alembic.runtime.migration - INFO - Context impl SQLiteImpl.
2026-02-18 20:30:59,163 - alembic.runtime.migration - INFO - Will assume non-transactional DDL.
2026-02-18 20:30:59 +0100 - dagster - DEBUG - __ASSET_JOB - 1db16ce5-98ae-4db3-a288-48b57c6aa139 - 21891 - run_bronze_policies - ASSET_MATERIALIZATION - Materialized value run_bronze_policies.
2026-02-18 20:30:59 +0100 - dagster - DEBUG - __ASSET_JOB - 1db16ce5-98ae-4db3-a288-48b57c6aa139 - 21891 - run_bronze_policies - HANDLED_OUTPUT - Handled output "result" using IO manager "io_manager"
2026-02-18 20:30:59 +0100 - dagster - DEBUG - __ASSET_JOB - 1db16ce5-98ae-4db3-a288-48b57c6aa139 - 21891 - run_bronze_policies - STEP_SUCCESS - Finished execution of step "run_bronze_policies" in 1.07s.
