2026-02-18 20:30:58 +0100 - dagster - DEBUG - __ASSET_JOB - 1db16ce5-98ae-4db3-a288-48b57c6aa139 - 21889 - LOGS_CAPTURED - Started capturing logs in process (pid: 21889).
2026-02-18 20:30:58 +0100 - dagster - DEBUG - __ASSET_JOB - 1db16ce5-98ae-4db3-a288-48b57c6aa139 - 21889 - run_bronze_customers - STEP_START - Started execution of step "run_bronze_customers".
2026-02-18 20:30:58,054 - src.core.utils - INFO - Starting operation: bronze customers extraction
2026-02-18 20:30:58,054 - src.core.bronze_customers - INFO - Starting bronze customers extraction
2026-02-18 20:30:58,072 - src.core.utils - INFO - Bronze customers output: 50 rows, 15 columns
2026-02-18 20:30:58,072 - src.core.storage - INFO - Writing DataFrame to bronze/bronze_customers_20260218T193058Z.parquet using adls backend
2026-02-18 20:30:58,073 - src.core.storage - INFO - Writing DataFrame (50 rows, 15 columns) to ADLS: abfss://dna-platform-data@woningmarktintelx9.dfs.core.windows.net/dna-platform/data/bronze/bronze_customers_20260218T193058Z.parquet
2026-02-18 20:30:58,280 - azure.core.pipeline.policies.http_logging_policy - INFO - Request URL: 'https://woningmarktintelx9.blob.core.windows.net/dna-platform-data?restype=REDACTED'
Request method: 'GET'
Request headers:
    'x-ms-version': 'REDACTED'
    'Accept': 'application/xml'
    'User-Agent': 'azsdk-python-storage-dfs/12.23.0 Python/3.14.2 (macOS-15.6.1-arm64-arm-64bit-Mach-O)'
    'x-ms-date': 'REDACTED'
    'x-ms-client-request-id': '59ca8556-0d00-11f1-b080-765227f64d11'
    'Authorization': 'REDACTED'
No body was attached to the request
2026-02-18 20:30:58,498 - azure.core.pipeline.policies.http_logging_policy - INFO - Response status: 200
Response headers:
    'Content-Length': '0'
    'Last-Modified': 'Wed, 18 Feb 2026 19:12:05 GMT'
    'ETag': '"0x8DE6F219B11A707"'
    'Server': 'Windows-Azure-Blob/1.0 Microsoft-HTTPAPI/2.0'
    'x-ms-request-id': '59b9cad7-f01e-0059-440d-a1bdb2000000'
    'x-ms-client-request-id': '59ca8556-0d00-11f1-b080-765227f64d11'
    'x-ms-version': 'REDACTED'
    'x-ms-lease-status': 'REDACTED'
    'x-ms-lease-state': 'REDACTED'
    'x-ms-has-immutability-policy': 'REDACTED'
    'x-ms-has-legal-hold': 'REDACTED'
    'x-ms-immutable-storage-with-versioning-enabled': 'REDACTED'
    'x-ms-default-encryption-scope': 'REDACTED'
    'x-ms-deny-encryption-scope-override': 'REDACTED'
    'Date': 'Wed, 18 Feb 2026 19:30:57 GMT'
2026-02-18 20:30:58,500 - azure.core.pipeline.policies.http_logging_policy - INFO - Request URL: 'https://woningmarktintelx9.dfs.core.windows.net/dna-platform-data/dna-platform/data/bronze?resource=REDACTED'
Request method: 'PUT'
Request headers:
    'x-ms-version': 'REDACTED'
    'Accept': 'application/json'
    'User-Agent': 'azsdk-python-storage-dfs/12.23.0 Python/3.14.2 (macOS-15.6.1-arm64-arm-64bit-Mach-O)'
    'x-ms-date': 'REDACTED'
    'x-ms-client-request-id': '59ec100e-0d00-11f1-b080-765227f64d11'
    'Authorization': 'REDACTED'
No body was attached to the request
2026-02-18 20:30:58,872 - azure.core.pipeline.policies.http_logging_policy - INFO - Response status: 201
Response headers:
    'Last-Modified': 'Wed, 18 Feb 2026 19:30:58 GMT'
    'ETag': '"0x8DE6F243E617CBC"'
    'Server': 'Windows-Azure-HDFS/1.0 Microsoft-HTTPAPI/2.0'
    'x-ms-request-server-encrypted': 'REDACTED'
    'x-ms-request-id': 'f08185d7-b01f-002a-670d-a1e521000000'
    'x-ms-version': 'REDACTED'
    'x-ms-client-request-id': '59ec100e-0d00-11f1-b080-765227f64d11'
    'Date': 'Wed, 18 Feb 2026 19:30:58 GMT'
    'Content-Length': '0'
2026-02-18 20:30:58,874 - azure.core.pipeline.policies.http_logging_policy - INFO - Request URL: 'https://woningmarktintelx9.dfs.core.windows.net/dna-platform-data/dna-platform/data/bronze/bronze_customers_20260218T193058Z.parquet?resource=REDACTED'
Request method: 'PUT'
Request headers:
    'x-ms-version': 'REDACTED'
    'Accept': 'application/json'
    'User-Agent': 'azsdk-python-storage-dfs/12.23.0 Python/3.14.2 (macOS-15.6.1-arm64-arm-64bit-Mach-O)'
    'x-ms-date': 'REDACTED'
    'x-ms-client-request-id': '5a251732-0d00-11f1-b080-765227f64d11'
    'Authorization': 'REDACTED'
No body was attached to the request
2026-02-18 20:30:59,006 - azure.core.pipeline.policies.http_logging_policy - INFO - Response status: 201
Response headers:
    'Last-Modified': 'Wed, 18 Feb 2026 19:30:59 GMT'
    'ETag': '"0x8DE6F243E741428"'
    'Server': 'Windows-Azure-HDFS/1.0 Microsoft-HTTPAPI/2.0'
    'x-ms-request-server-encrypted': 'REDACTED'
    'x-ms-request-id': 'f0818600-b01f-002a-0f0d-a1e521000000'
    'x-ms-version': 'REDACTED'
    'x-ms-client-request-id': '5a251732-0d00-11f1-b080-765227f64d11'
    'Date': 'Wed, 18 Feb 2026 19:30:58 GMT'
    'Content-Length': '0'
2026-02-18 20:30:59,007 - azure.core.pipeline.policies.http_logging_policy - INFO - Request URL: 'https://woningmarktintelx9.dfs.core.windows.net/dna-platform-data/dna-platform/data/bronze/bronze_customers_20260218T193058Z.parquet?action=REDACTED&position=REDACTED'
Request method: 'PATCH'
Request headers:
    'Content-Length': '10538'
    'x-ms-version': 'REDACTED'
    'Content-Type': 'application/json'
    'Accept': 'application/json'
    'User-Agent': 'azsdk-python-storage-dfs/12.23.0 Python/3.14.2 (macOS-15.6.1-arm64-arm-64bit-Mach-O)'
    'x-ms-date': 'REDACTED'
    'x-ms-client-request-id': '5a3979c0-0d00-11f1-b080-765227f64d11'
    'Authorization': 'REDACTED'
A body is sent with the request
2026-02-18 20:30:59,057 - azure.core.pipeline.policies.http_logging_policy - INFO - Response status: 202
Response headers:
    'Server': 'Windows-Azure-HDFS/1.0 Microsoft-HTTPAPI/2.0'
    'x-ms-request-server-encrypted': 'REDACTED'
    'x-ms-request-id': 'f081860d-b01f-002a-1c0d-a1e521000000'
    'x-ms-version': 'REDACTED'
    'x-ms-client-request-id': '5a3979c0-0d00-11f1-b080-765227f64d11'
    'Date': 'Wed, 18 Feb 2026 19:30:58 GMT'
    'Content-Length': '0'
2026-02-18 20:30:59,058 - azure.core.pipeline.policies.http_logging_policy - INFO - Request URL: 'https://woningmarktintelx9.dfs.core.windows.net/dna-platform-data/dna-platform/data/bronze/bronze_customers_20260218T193058Z.parquet?action=REDACTED&position=REDACTED&close=REDACTED'
Request method: 'PATCH'
Request headers:
    'If-Match': '"0x8DE6F243E741428"'
    'x-ms-version': 'REDACTED'
    'Accept': 'application/json'
    'User-Agent': 'azsdk-python-storage-dfs/12.23.0 Python/3.14.2 (macOS-15.6.1-arm64-arm-64bit-Mach-O)'
    'x-ms-date': 'REDACTED'
    'x-ms-client-request-id': '5a413a52-0d00-11f1-b080-765227f64d11'
    'Authorization': 'REDACTED'
No body was attached to the request
2026-02-18 20:30:59,135 - azure.core.pipeline.policies.http_logging_policy - INFO - Response status: 200
Response headers:
    'Last-Modified': 'Wed, 18 Feb 2026 19:30:59 GMT'
    'ETag': '"0x8DE6F243E897AFC"'
    'Server': 'Windows-Azure-HDFS/1.0 Microsoft-HTTPAPI/2.0'
    'x-ms-request-server-encrypted': 'REDACTED'
    'x-ms-request-id': 'f0818625-b01f-002a-340d-a1e521000000'
    'x-ms-version': 'REDACTED'
    'x-ms-client-request-id': '5a413a52-0d00-11f1-b080-765227f64d11'
    'Date': 'Wed, 18 Feb 2026 19:30:58 GMT'
    'Content-Length': '0'
2026-02-18 20:30:59,135 - src.core.storage - INFO - Successfully uploaded 0 bytes to ADLS: abfss://dna-platform-data@woningmarktintelx9.dfs.core.windows.net/dna-platform/data/bronze/bronze_customers_20260218T193058Z.parquet
2026-02-18 20:30:59,137 - src.core.storage - INFO - ADLS write successful: abfss://dna-platform-data@woningmarktintelx9.dfs.core.windows.net/dna-platform/data/bronze/bronze_customers_20260218T193058Z.parquet
2026-02-18 20:30:59,139 - src.core.storage - INFO - Successfully wrote 50 rows to local storage: /Users/taniskarigar/test-polster/dna-platform/data/bronze/sample_bronze_customers_20260218T193058Z.parquet
2026-02-18 20:30:59,139 - src.core.bronze_customers - INFO - Bronze customers extraction completed: abfss://dna-platform-data@woningmarktintelx9.dfs.core.windows.net/dna-platform/data/bronze/bronze_customers_20260218T193058Z.parquet
2026-02-18 20:30:59,139 - src.core.utils - INFO - Completed operation 'bronze customers extraction' in 1.08 seconds
2026-02-18 20:30:59 +0100 - dagster - DEBUG - __ASSET_JOB - 1db16ce5-98ae-4db3-a288-48b57c6aa139 - 21889 - run_bronze_customers - STEP_OUTPUT - Yielded output "result" of type "Any". (Type check passed).
2026-02-18 20:30:59 +0100 - dagster - DEBUG - __ASSET_JOB - 1db16ce5-98ae-4db3-a288-48b57c6aa139 - run_bronze_customers - Writing file at: /Users/taniskarigar/test-polster/dna-platform/.dagster/storage/run_bronze_customers using PickledObjectFilesystemIOManager...
2026-02-18 20:30:59,151 - alembic.runtime.migration - INFO - Context impl SQLiteImpl.
2026-02-18 20:30:59,151 - alembic.runtime.migration - INFO - Will assume non-transactional DDL.
2026-02-18 20:30:59 +0100 - dagster - DEBUG - __ASSET_JOB - 1db16ce5-98ae-4db3-a288-48b57c6aa139 - 21889 - run_bronze_customers - ASSET_MATERIALIZATION - Materialized value run_bronze_customers.
2026-02-18 20:30:59 +0100 - dagster - DEBUG - __ASSET_JOB - 1db16ce5-98ae-4db3-a288-48b57c6aa139 - 21889 - run_bronze_customers - HANDLED_OUTPUT - Handled output "result" using IO manager "io_manager"
2026-02-18 20:30:59 +0100 - dagster - DEBUG - __ASSET_JOB - 1db16ce5-98ae-4db3-a288-48b57c6aa139 - 21889 - run_bronze_customers - STEP_SUCCESS - Finished execution of step "run_bronze_customers" in 1.14s.
