2026-02-18 20:30:58 +0100 - dagster - DEBUG - __ASSET_JOB - 1db16ce5-98ae-4db3-a288-48b57c6aa139 - 21888 - LOGS_CAPTURED - Started capturing logs in process (pid: 21888).
2026-02-18 20:30:58 +0100 - dagster - DEBUG - __ASSET_JOB - 1db16ce5-98ae-4db3-a288-48b57c6aa139 - 21888 - run_bronze_claims - STEP_START - Started execution of step "run_bronze_claims".
2026-02-18 20:30:58,028 - src.core.utils - INFO - Starting operation: bronze claims extraction
2026-02-18 20:30:58,028 - src.core.bronze_claims - INFO - Starting bronze claims extraction
2026-02-18 20:30:58,031 - src.core.utils - INFO - Bronze claims output: 30 rows, 11 columns
2026-02-18 20:30:58,031 - src.core.storage - INFO - Writing DataFrame to bronze/bronze_claims_20260218T193058Z.parquet using adls backend
2026-02-18 20:30:58,031 - src.core.storage - INFO - Writing DataFrame (30 rows, 11 columns) to ADLS: abfss://dna-platform-data@woningmarktintelx9.dfs.core.windows.net/dna-platform/data/bronze/bronze_claims_20260218T193058Z.parquet
2026-02-18 20:30:58,282 - azure.core.pipeline.policies.http_logging_policy - INFO - Request URL: 'https://woningmarktintelx9.blob.core.windows.net/dna-platform-data?restype=REDACTED'
Request method: 'GET'
Request headers:
    'x-ms-version': 'REDACTED'
    'Accept': 'application/xml'
    'User-Agent': 'azsdk-python-storage-dfs/12.23.0 Python/3.14.2 (macOS-15.6.1-arm64-arm-64bit-Mach-O)'
    'x-ms-date': 'REDACTED'
    'x-ms-client-request-id': '59caceee-0d00-11f1-833e-765227f64d11'
    'Authorization': 'REDACTED'
No body was attached to the request
2026-02-18 20:30:58,501 - azure.core.pipeline.policies.http_logging_policy - INFO - Response status: 200
Response headers:
    'Content-Length': '0'
    'Last-Modified': 'Wed, 18 Feb 2026 19:12:05 GMT'
    'ETag': '"0x8DE6F219B11A707"'
    'Server': 'Windows-Azure-Blob/1.0 Microsoft-HTTPAPI/2.0'
    'x-ms-request-id': '20473eac-101e-0033-110d-a1659a000000'
    'x-ms-client-request-id': '59caceee-0d00-11f1-833e-765227f64d11'
    'x-ms-version': 'REDACTED'
    'x-ms-lease-status': 'REDACTED'
    'x-ms-lease-state': 'REDACTED'
    'x-ms-has-immutability-policy': 'REDACTED'
    'x-ms-has-legal-hold': 'REDACTED'
    'x-ms-immutable-storage-with-versioning-enabled': 'REDACTED'
    'x-ms-default-encryption-scope': 'REDACTED'
    'x-ms-deny-encryption-scope-override': 'REDACTED'
    'Date': 'Wed, 18 Feb 2026 19:30:58 GMT'
2026-02-18 20:30:58,502 - azure.core.pipeline.policies.http_logging_policy - INFO - Request URL: 'https://woningmarktintelx9.dfs.core.windows.net/dna-platform-data/dna-platform/data/bronze?resource=REDACTED'
Request method: 'PUT'
Request headers:
    'x-ms-version': 'REDACTED'
    'Accept': 'application/json'
    'User-Agent': 'azsdk-python-storage-dfs/12.23.0 Python/3.14.2 (macOS-15.6.1-arm64-arm-64bit-Mach-O)'
    'x-ms-date': 'REDACTED'
    'x-ms-client-request-id': '59ec772e-0d00-11f1-833e-765227f64d11'
    'Authorization': 'REDACTED'
No body was attached to the request
2026-02-18 20:30:58,872 - azure.core.pipeline.policies.http_logging_policy - INFO - Response status: 201
Response headers:
    'Last-Modified': 'Wed, 18 Feb 2026 19:30:58 GMT'
    'ETag': '"0x8DE6F243E5DF0E0"'
    'Server': 'Windows-Azure-HDFS/1.0 Microsoft-HTTPAPI/2.0'
    'x-ms-request-server-encrypted': 'REDACTED'
    'x-ms-request-id': '306aacf7-401f-0073-7c0d-a162a2000000'
    'x-ms-version': 'REDACTED'
    'x-ms-client-request-id': '59ec772e-0d00-11f1-833e-765227f64d11'
    'Date': 'Wed, 18 Feb 2026 19:30:58 GMT'
    'Content-Length': '0'
2026-02-18 20:30:58,874 - azure.core.pipeline.policies.http_logging_policy - INFO - Request URL: 'https://woningmarktintelx9.dfs.core.windows.net/dna-platform-data/dna-platform/data/bronze/bronze_claims_20260218T193058Z.parquet?resource=REDACTED'
Request method: 'PUT'
Request headers:
    'x-ms-version': 'REDACTED'
    'Accept': 'application/json'
    'User-Agent': 'azsdk-python-storage-dfs/12.23.0 Python/3.14.2 (macOS-15.6.1-arm64-arm-64bit-Mach-O)'
    'x-ms-date': 'REDACTED'
    'x-ms-client-request-id': '5a251804-0d00-11f1-833e-765227f64d11'
    'Authorization': 'REDACTED'
No body was attached to the request
2026-02-18 20:30:59,006 - azure.core.pipeline.policies.http_logging_policy - INFO - Response status: 201
Response headers:
    'Last-Modified': 'Wed, 18 Feb 2026 19:30:59 GMT'
    'ETag': '"0x8DE6F243E73615C"'
    'Server': 'Windows-Azure-HDFS/1.0 Microsoft-HTTPAPI/2.0'
    'x-ms-request-server-encrypted': 'REDACTED'
    'x-ms-request-id': '306aad2f-401f-0073-340d-a162a2000000'
    'x-ms-version': 'REDACTED'
    'x-ms-client-request-id': '5a251804-0d00-11f1-833e-765227f64d11'
    'Date': 'Wed, 18 Feb 2026 19:30:58 GMT'
    'Content-Length': '0'
2026-02-18 20:30:59,008 - azure.core.pipeline.policies.http_logging_policy - INFO - Request URL: 'https://woningmarktintelx9.dfs.core.windows.net/dna-platform-data/dna-platform/data/bronze/bronze_claims_20260218T193058Z.parquet?action=REDACTED&position=REDACTED'
Request method: 'PATCH'
Request headers:
    'Content-Length': '7452'
    'x-ms-version': 'REDACTED'
    'Content-Type': 'application/json'
    'Accept': 'application/json'
    'User-Agent': 'azsdk-python-storage-dfs/12.23.0 Python/3.14.2 (macOS-15.6.1-arm64-arm-64bit-Mach-O)'
    'x-ms-date': 'REDACTED'
    'x-ms-client-request-id': '5a399d92-0d00-11f1-833e-765227f64d11'
    'Authorization': 'REDACTED'
A body is sent with the request
2026-02-18 20:30:59,057 - azure.core.pipeline.policies.http_logging_policy - INFO - Response status: 202
Response headers:
    'Server': 'Windows-Azure-HDFS/1.0 Microsoft-HTTPAPI/2.0'
    'x-ms-request-server-encrypted': 'REDACTED'
    'x-ms-request-id': '306aad40-401f-0073-450d-a162a2000000'
    'x-ms-version': 'REDACTED'
    'x-ms-client-request-id': '5a399d92-0d00-11f1-833e-765227f64d11'
    'Date': 'Wed, 18 Feb 2026 19:30:58 GMT'
    'Content-Length': '0'
2026-02-18 20:30:59,058 - azure.core.pipeline.policies.http_logging_policy - INFO - Request URL: 'https://woningmarktintelx9.dfs.core.windows.net/dna-platform-data/dna-platform/data/bronze/bronze_claims_20260218T193058Z.parquet?action=REDACTED&position=REDACTED&close=REDACTED'
Request method: 'PATCH'
Request headers:
    'If-Match': '"0x8DE6F243E73615C"'
    'x-ms-version': 'REDACTED'
    'Accept': 'application/json'
    'User-Agent': 'azsdk-python-storage-dfs/12.23.0 Python/3.14.2 (macOS-15.6.1-arm64-arm-64bit-Mach-O)'
    'x-ms-date': 'REDACTED'
    'x-ms-client-request-id': '5a413926-0d00-11f1-833e-765227f64d11'
    'Authorization': 'REDACTED'
No body was attached to the request
2026-02-18 20:30:59,118 - azure.core.pipeline.policies.http_logging_policy - INFO - Response status: 200
Response headers:
    'Last-Modified': 'Wed, 18 Feb 2026 19:30:59 GMT'
    'ETag': '"0x8DE6F243E87C7E0"'
    'Server': 'Windows-Azure-HDFS/1.0 Microsoft-HTTPAPI/2.0'
    'x-ms-request-server-encrypted': 'REDACTED'
    'x-ms-request-id': '306aad4e-401f-0073-530d-a162a2000000'
    'x-ms-version': 'REDACTED'
    'x-ms-client-request-id': '5a413926-0d00-11f1-833e-765227f64d11'
    'Date': 'Wed, 18 Feb 2026 19:30:58 GMT'
    'Content-Length': '0'
2026-02-18 20:30:59,119 - src.core.storage - INFO - Successfully uploaded 0 bytes to ADLS: abfss://dna-platform-data@woningmarktintelx9.dfs.core.windows.net/dna-platform/data/bronze/bronze_claims_20260218T193058Z.parquet
2026-02-18 20:30:59,121 - src.core.storage - INFO - ADLS write successful: abfss://dna-platform-data@woningmarktintelx9.dfs.core.windows.net/dna-platform/data/bronze/bronze_claims_20260218T193058Z.parquet
2026-02-18 20:30:59,122 - src.core.storage - INFO - Successfully wrote 30 rows to local storage: /Users/taniskarigar/test-polster/dna-platform/data/bronze/sample_bronze_claims_20260218T193058Z.parquet
2026-02-18 20:30:59,123 - src.core.bronze_claims - INFO - Bronze claims extraction completed: abfss://dna-platform-data@woningmarktintelx9.dfs.core.windows.net/dna-platform/data/bronze/bronze_claims_20260218T193058Z.parquet
2026-02-18 20:30:59,123 - src.core.utils - INFO - Completed operation 'bronze claims extraction' in 1.09 seconds
2026-02-18 20:30:59 +0100 - dagster - DEBUG - __ASSET_JOB - 1db16ce5-98ae-4db3-a288-48b57c6aa139 - 21888 - run_bronze_claims - STEP_OUTPUT - Yielded output "result" of type "Any". (Type check passed).
2026-02-18 20:30:59 +0100 - dagster - DEBUG - __ASSET_JOB - 1db16ce5-98ae-4db3-a288-48b57c6aa139 - run_bronze_claims - Writing file at: /Users/taniskarigar/test-polster/dna-platform/.dagster/storage/run_bronze_claims using PickledObjectFilesystemIOManager...
2026-02-18 20:30:59,135 - alembic.runtime.migration - INFO - Context impl SQLiteImpl.
2026-02-18 20:30:59,135 - alembic.runtime.migration - INFO - Will assume non-transactional DDL.
2026-02-18 20:30:59 +0100 - dagster - DEBUG - __ASSET_JOB - 1db16ce5-98ae-4db3-a288-48b57c6aa139 - 21888 - run_bronze_claims - ASSET_MATERIALIZATION - Materialized value run_bronze_claims.
2026-02-18 20:30:59 +0100 - dagster - DEBUG - __ASSET_JOB - 1db16ce5-98ae-4db3-a288-48b57c6aa139 - 21888 - run_bronze_claims - HANDLED_OUTPUT - Handled output "result" using IO manager "io_manager"
2026-02-18 20:30:59 +0100 - dagster - DEBUG - __ASSET_JOB - 1db16ce5-98ae-4db3-a288-48b57c6aa139 - 21888 - run_bronze_claims - STEP_SUCCESS - Finished execution of step "run_bronze_claims" in 1.13s.
