2026-02-18 20:31:00 +0100 - dagster - DEBUG - __ASSET_JOB - 1db16ce5-98ae-4db3-a288-48b57c6aa139 - 21938 - LOGS_CAPTURED - Started capturing logs in process (pid: 21938).
2026-02-18 20:31:00 +0100 - dagster - DEBUG - __ASSET_JOB - 1db16ce5-98ae-4db3-a288-48b57c6aa139 - 21938 - run_silver_clean_payments - STEP_START - Started execution of step "run_silver_clean_payments".
2026-02-18 20:31:00,461 - alembic.runtime.migration - INFO - Context impl SQLiteImpl.
2026-02-18 20:31:00,461 - alembic.runtime.migration - INFO - Will assume non-transactional DDL.
2026-02-18 20:31:00 +0100 - dagster - DEBUG - __ASSET_JOB - 1db16ce5-98ae-4db3-a288-48b57c6aa139 - run_silver_clean_payments - Loading file from: /Users/taniskarigar/test-polster/dna-platform/.dagster/storage/run_bronze_payments using PickledObjectFilesystemIOManager...
2026-02-18 20:31:00 +0100 - dagster - DEBUG - __ASSET_JOB - 1db16ce5-98ae-4db3-a288-48b57c6aa139 - 21938 - run_silver_clean_payments - LOADED_INPUT - Loaded input "run_bronze_payments" using input manager "io_manager", from output "result" of step "run_bronze_payments"
2026-02-18 20:31:00 +0100 - dagster - DEBUG - __ASSET_JOB - 1db16ce5-98ae-4db3-a288-48b57c6aa139 - 21938 - run_silver_clean_payments - STEP_INPUT - Got input "run_bronze_payments" of type "Any". (Type check passed).
2026-02-18 20:31:00,498 - src.core.utils - INFO - Starting operation: silver payments transformation
2026-02-18 20:31:00,498 - src.core.silver_clean_payments - INFO - Starting silver payments transformation
2026-02-18 20:31:00,498 - src.core.storage - INFO - Reading latest parquet file from bronze layer with prefix 'bronze_payments_' using adls backend
2026-02-18 20:31:00,597 - azure.core.pipeline.policies.http_logging_policy - INFO - Request URL: 'https://woningmarktintelx9.dfs.core.windows.net/dna-platform-data?resource=REDACTED&directory=REDACTED&recursive=REDACTED'
Request method: 'GET'
Request headers:
    'x-ms-version': 'REDACTED'
    'Accept': 'application/json'
    'User-Agent': 'azsdk-python-storage-dfs/12.23.0 Python/3.14.2 (macOS-15.6.1-arm64-arm-64bit-Mach-O)'
    'x-ms-date': 'REDACTED'
    'x-ms-client-request-id': '5b2c01f4-0d00-11f1-83f1-765227f64d11'
    'Authorization': 'REDACTED'
No body was attached to the request
2026-02-18 20:31:01,211 - azure.core.pipeline.policies.http_logging_policy - INFO - Response status: 200
Response headers:
    'Transfer-Encoding': 'chunked'
    'Content-Type': 'application/json;charset=utf-8'
    'Server': 'Windows-Azure-HDFS/1.0 Microsoft-HTTPAPI/2.0'
    'x-ms-request-id': '628cafff-601f-005b-010d-a1030a000000'
    'x-ms-version': 'REDACTED'
    'x-ms-client-request-id': '5b2c01f4-0d00-11f1-83f1-765227f64d11'
    'Date': 'Wed, 18 Feb 2026 19:31:00 GMT'
2026-02-18 20:31:01,215 - azure.core.pipeline.policies.http_logging_policy - INFO - Request URL: 'https://woningmarktintelx9.blob.core.windows.net/dna-platform-data/dna-platform/data/bronze/bronze_payments_20260218T193058Z.parquet'
Request method: 'GET'
Request headers:
    'x-ms-range': 'REDACTED'
    'x-ms-version': 'REDACTED'
    'Accept': 'application/xml'
    'User-Agent': 'azsdk-python-storage-dfs/12.23.0 Python/3.14.2 (macOS-15.6.1-arm64-arm-64bit-Mach-O)'
    'x-ms-date': 'REDACTED'
    'x-ms-client-request-id': '5b8a6a0a-0d00-11f1-83f1-765227f64d11'
    'Authorization': 'REDACTED'
No body was attached to the request
2026-02-18 20:31:01,394 - azure.core.pipeline.policies.http_logging_policy - INFO - Response status: 206
Response headers:
    'Content-Length': '8235'
    'Content-Type': 'application/octet-stream'
    'Content-Range': 'REDACTED'
    'Last-Modified': 'Wed, 18 Feb 2026 19:30:58 GMT'
    'Accept-Ranges': 'REDACTED'
    'ETag': '"0x8DE6F243E69DD70"'
    'Server': 'Windows-Azure-Blob/1.0 Microsoft-HTTPAPI/2.0'
    'x-ms-request-id': '610d198d-401e-0011-580d-a1a085000000'
    'x-ms-client-request-id': '5b8a6a0a-0d00-11f1-83f1-765227f64d11'
    'x-ms-version': 'REDACTED'
    'x-ms-resource-type': 'REDACTED'
    'x-ms-creation-time': 'REDACTED'
    'x-ms-lease-status': 'REDACTED'
    'x-ms-lease-state': 'REDACTED'
    'x-ms-blob-type': 'REDACTED'
    'x-ms-server-encrypted': 'REDACTED'
    'x-ms-owner': 'REDACTED'
    'x-ms-group': 'REDACTED'
    'x-ms-permissions': 'REDACTED'
    'x-ms-acl': 'REDACTED'
    'Date': 'Wed, 18 Feb 2026 19:31:00 GMT'
2026-02-18 20:31:01,407 - src.core.storage - INFO - Successfully read 100 rows from ADLS: dna-platform/data/bronze/bronze_payments_20260218T193058Z.parquet
2026-02-18 20:31:01,408 - src.core.utils - INFO - Bronze payments input: 100 rows, 10 columns
2026-02-18 20:31:01,408 - src.core.utils - ERROR - Operation 'silver payments transformation' failed after 0.91 seconds: 'ExprStringNameSpace' object has no attribute 'strip'
2026-02-18 20:31:01 +0100 - dagster - ERROR - __ASSET_JOB - 1db16ce5-98ae-4db3-a288-48b57c6aa139 - 21938 - run_silver_clean_payments - STEP_FAILURE - Execution of step "run_silver_clean_payments" failed.

dagster._core.errors.DagsterExecutionStepExecutionError: Error occurred while executing op "run_silver_clean_payments"::

AttributeError: 'ExprStringNameSpace' object has no attribute 'strip'

Stack Trace:
  File "/Users/taniskarigar/test-polster/dna-platform/.venv/lib/python3.14/site-packages/dagster/_core/execution/plan/utils.py", line 57, in op_execution_error_boundary
    yield
  File "/Users/taniskarigar/test-polster/dna-platform/.venv/lib/python3.14/site-packages/dagster/_utils/__init__.py", line 394, in iterate_with_context
    next_output = next(iterator)
  File "/Users/taniskarigar/test-polster/dna-platform/.venv/lib/python3.14/site-packages/dagster/_core/execution/plan/compute_generator.py", line 135, in _coerce_op_compute_fn_to_iterator
    result = invoke_compute_fn(
        fn, context, kwargs, context_arg_provided, config_arg_class, resource_arg_mapping
    )
  File "/Users/taniskarigar/test-polster/dna-platform/.venv/lib/python3.14/site-packages/dagster/_core/execution/plan/compute_generator.py", line 115, in invoke_compute_fn
    return fn(context, **args_to_pass) if context_arg_provided else fn(**args_to_pass)
                                                                    ~~^^^^^^^^^^^^^^^^
  File "/Users/taniskarigar/test-polster/dna-platform/src/orchestration/assets/silver/run_silver_clean_payments.py", line 18, in run_silver_clean_payments
    silver_path, df, metadata = transform()
                                ~~~~~~~~~^^
  File "/Users/taniskarigar/test-polster/dna-platform/src/core/silver_clean_payments.py", line 44, in transform
    pl.col("payment_number").str.strip().str.to_uppercase(),
    ^^^^^^^^^^^^^^^^^^^^^^^^^^^^^^^^^^

