2026-02-18 20:36:17 +0100 - dagster - DEBUG - __ASSET_JOB - ff8c8baa-c087-4cfa-ba86-91061ea4a16d - 39173 - LOGS_CAPTURED - Started capturing logs in process (pid: 39173).
2026-02-18 20:36:17 +0100 - dagster - DEBUG - __ASSET_JOB - ff8c8baa-c087-4cfa-ba86-91061ea4a16d - 39173 - run_gold_agent_performance - STEP_START - Started execution of step "run_gold_agent_performance".
2026-02-18 20:36:17,796 - alembic.runtime.migration - INFO - Context impl SQLiteImpl.
2026-02-18 20:36:17,797 - alembic.runtime.migration - INFO - Will assume non-transactional DDL.
2026-02-18 20:36:17 +0100 - dagster - DEBUG - __ASSET_JOB - ff8c8baa-c087-4cfa-ba86-91061ea4a16d - run_gold_agent_performance - Loading file from: /Users/taniskarigar/test-polster/dna-platform/.dagster/storage/run_silver_clean_agents using PickledObjectFilesystemIOManager...
2026-02-18 20:36:17 +0100 - dagster - DEBUG - __ASSET_JOB - ff8c8baa-c087-4cfa-ba86-91061ea4a16d - 39173 - run_gold_agent_performance - LOADED_INPUT - Loaded input "run_silver_clean_agents" using input manager "io_manager", from output "result" of step "run_silver_clean_agents"
2026-02-18 20:36:17 +0100 - dagster - DEBUG - __ASSET_JOB - ff8c8baa-c087-4cfa-ba86-91061ea4a16d - run_gold_agent_performance - Loading file from: /Users/taniskarigar/test-polster/dna-platform/.dagster/storage/run_silver_clean_claims using PickledObjectFilesystemIOManager...
2026-02-18 20:36:17 +0100 - dagster - DEBUG - __ASSET_JOB - ff8c8baa-c087-4cfa-ba86-91061ea4a16d - 39173 - run_gold_agent_performance - LOADED_INPUT - Loaded input "run_silver_clean_claims" using input manager "io_manager", from output "result" of step "run_silver_clean_claims"
2026-02-18 20:36:17 +0100 - dagster - DEBUG - __ASSET_JOB - ff8c8baa-c087-4cfa-ba86-91061ea4a16d - 39173 - run_gold_agent_performance - STEP_INPUT - Got input "run_silver_clean_agents" of type "Any". (Type check passed).
2026-02-18 20:36:17 +0100 - dagster - DEBUG - __ASSET_JOB - ff8c8baa-c087-4cfa-ba86-91061ea4a16d - 39173 - run_gold_agent_performance - STEP_INPUT - Got input "run_silver_clean_claims" of type "Any". (Type check passed).
2026-02-18 20:36:17,832 - src.core.utils - INFO - Starting operation: gold agent performance aggregation
2026-02-18 20:36:17,833 - src.core.gold_agent_performance - INFO - Starting gold agent performance aggregation
2026-02-18 20:36:17,833 - src.core.storage - INFO - Reading latest parquet file from silver layer with prefix 'silver_clean_agents_' using adls backend
2026-02-18 20:36:17,923 - azure.core.pipeline.policies.http_logging_policy - INFO - Request URL: 'https://woningmarktintelx9.dfs.core.windows.net/dna-platform-data?resource=REDACTED&directory=REDACTED&recursive=REDACTED'
Request method: 'GET'
Request headers:
    'x-ms-version': 'REDACTED'
    'Accept': 'application/json'
    'User-Agent': 'azsdk-python-storage-dfs/12.23.0 Python/3.14.2 (macOS-15.6.1-arm64-arm-64bit-Mach-O)'
    'x-ms-date': 'REDACTED'
    'x-ms-client-request-id': '18501a04-0d01-11f1-93ad-765227f64d11'
    'Authorization': 'REDACTED'
No body was attached to the request
2026-02-18 20:36:18,588 - azure.core.pipeline.policies.http_logging_policy - INFO - Response status: 200
Response headers:
    'Transfer-Encoding': 'chunked'
    'Content-Type': 'application/json;charset=utf-8'
    'Server': 'Windows-Azure-HDFS/1.0 Microsoft-HTTPAPI/2.0'
    'x-ms-request-id': '403fadc6-a01f-0044-7d0d-a1b00e000000'
    'x-ms-version': 'REDACTED'
    'x-ms-client-request-id': '18501a04-0d01-11f1-93ad-765227f64d11'
    'Date': 'Wed, 18 Feb 2026 19:36:18 GMT'
2026-02-18 20:36:18,592 - azure.core.pipeline.policies.http_logging_policy - INFO - Request URL: 'https://woningmarktintelx9.blob.core.windows.net/dna-platform-data/dna-platform/data/silver/silver_clean_agents_20260218T193615Z.parquet'
Request method: 'GET'
Request headers:
    'x-ms-range': 'REDACTED'
    'x-ms-version': 'REDACTED'
    'Accept': 'application/xml'
    'User-Agent': 'azsdk-python-storage-dfs/12.23.0 Python/3.14.2 (macOS-15.6.1-arm64-arm-64bit-Mach-O)'
    'x-ms-date': 'REDACTED'
    'x-ms-client-request-id': '18b64716-0d01-11f1-93ad-765227f64d11'
    'Authorization': 'REDACTED'
No body was attached to the request
2026-02-18 20:36:18,749 - azure.core.pipeline.policies.http_logging_policy - INFO - Response status: 206
Response headers:
    'Content-Length': '6485'
    'Content-Type': 'application/octet-stream'
    'Content-Range': 'REDACTED'
    'Last-Modified': 'Wed, 18 Feb 2026 19:36:16 GMT'
    'Accept-Ranges': 'REDACTED'
    'ETag': '"0x8DE6F24FBB9AEB4"'
    'Server': 'Windows-Azure-Blob/1.0 Microsoft-HTTPAPI/2.0'
    'x-ms-request-id': '2ef0a604-301e-0079-3a0d-a1c615000000'
    'x-ms-client-request-id': '18b64716-0d01-11f1-93ad-765227f64d11'
    'x-ms-version': 'REDACTED'
    'x-ms-resource-type': 'REDACTED'
    'x-ms-creation-time': 'REDACTED'
    'x-ms-lease-status': 'REDACTED'
    'x-ms-lease-state': 'REDACTED'
    'x-ms-blob-type': 'REDACTED'
    'x-ms-server-encrypted': 'REDACTED'
    'x-ms-owner': 'REDACTED'
    'x-ms-group': 'REDACTED'
    'x-ms-permissions': 'REDACTED'
    'x-ms-acl': 'REDACTED'
    'Date': 'Wed, 18 Feb 2026 19:36:18 GMT'
2026-02-18 20:36:18,753 - src.core.storage - INFO - Successfully read 20 rows from ADLS: dna-platform/data/silver/silver_clean_agents_20260218T193615Z.parquet
2026-02-18 20:36:18,753 - src.core.storage - INFO - Reading latest parquet file from silver layer with prefix 'silver_clean_policies_' using adls backend
2026-02-18 20:36:18,755 - azure.core.pipeline.policies.http_logging_policy - INFO - Request URL: 'https://woningmarktintelx9.dfs.core.windows.net/dna-platform-data?resource=REDACTED&directory=REDACTED&recursive=REDACTED'
Request method: 'GET'
Request headers:
    'x-ms-version': 'REDACTED'
    'Accept': 'application/json'
    'User-Agent': 'azsdk-python-storage-dfs/12.23.0 Python/3.14.2 (macOS-15.6.1-arm64-arm-64bit-Mach-O)'
    'x-ms-date': 'REDACTED'
    'x-ms-client-request-id': '18cf10ac-0d01-11f1-93ad-765227f64d11'
    'Authorization': 'REDACTED'
No body was attached to the request
2026-02-18 20:36:18,922 - azure.core.pipeline.policies.http_logging_policy - INFO - Response status: 200
Response headers:
    'Transfer-Encoding': 'chunked'
    'Content-Type': 'application/json;charset=utf-8'
    'Server': 'Windows-Azure-HDFS/1.0 Microsoft-HTTPAPI/2.0'
    'x-ms-request-id': 'b9692075-f01f-0066-460d-a17511000000'
    'x-ms-version': 'REDACTED'
    'x-ms-client-request-id': '18cf10ac-0d01-11f1-93ad-765227f64d11'
    'Date': 'Wed, 18 Feb 2026 19:36:18 GMT'
2026-02-18 20:36:18,924 - azure.core.pipeline.policies.http_logging_policy - INFO - Request URL: 'https://woningmarktintelx9.blob.core.windows.net/dna-platform-data/dna-platform/data/silver/silver_clean_policies_20260218T193614Z.parquet'
Request method: 'GET'
Request headers:
    'x-ms-range': 'REDACTED'
    'x-ms-version': 'REDACTED'
    'Accept': 'application/xml'
    'User-Agent': 'azsdk-python-storage-dfs/12.23.0 Python/3.14.2 (macOS-15.6.1-arm64-arm-64bit-Mach-O)'
    'x-ms-date': 'REDACTED'
    'x-ms-client-request-id': '18e8dfaa-0d01-11f1-93ad-765227f64d11'
    'Authorization': 'REDACTED'
No body was attached to the request
2026-02-18 20:36:19,084 - azure.core.pipeline.policies.http_logging_policy - INFO - Response status: 206
Response headers:
    'Content-Length': '9319'
    'Content-Type': 'application/octet-stream'
    'Content-Range': 'REDACTED'
    'Last-Modified': 'Wed, 18 Feb 2026 19:36:15 GMT'
    'Accept-Ranges': 'REDACTED'
    'ETag': '"0x8DE6F24FB433DFC"'
    'Server': 'Windows-Azure-Blob/1.0 Microsoft-HTTPAPI/2.0'
    'x-ms-request-id': 'e5bf6b41-a01e-0026-540d-a17229000000'
    'x-ms-client-request-id': '18e8dfaa-0d01-11f1-93ad-765227f64d11'
    'x-ms-version': 'REDACTED'
    'x-ms-resource-type': 'REDACTED'
    'x-ms-creation-time': 'REDACTED'
    'x-ms-lease-status': 'REDACTED'
    'x-ms-lease-state': 'REDACTED'
    'x-ms-blob-type': 'REDACTED'
    'x-ms-server-encrypted': 'REDACTED'
    'x-ms-owner': 'REDACTED'
    'x-ms-group': 'REDACTED'
    'x-ms-permissions': 'REDACTED'
    'x-ms-acl': 'REDACTED'
    'Date': 'Wed, 18 Feb 2026 19:36:18 GMT'
2026-02-18 20:36:19,085 - src.core.storage - INFO - Successfully read 80 rows from ADLS: dna-platform/data/silver/silver_clean_policies_20260218T193614Z.parquet
2026-02-18 20:36:19,086 - src.core.storage - INFO - Reading latest parquet file from silver layer with prefix 'silver_clean_claims_' using adls backend
2026-02-18 20:36:19,086 - azure.core.pipeline.policies.http_logging_policy - INFO - Request URL: 'https://woningmarktintelx9.dfs.core.windows.net/dna-platform-data?resource=REDACTED&directory=REDACTED&recursive=REDACTED'
Request method: 'GET'
Request headers:
    'x-ms-version': 'REDACTED'
    'Accept': 'application/json'
    'User-Agent': 'azsdk-python-storage-dfs/12.23.0 Python/3.14.2 (macOS-15.6.1-arm64-arm-64bit-Mach-O)'
    'x-ms-date': 'REDACTED'
    'x-ms-client-request-id': '1901b2a0-0d01-11f1-93ad-765227f64d11'
    'Authorization': 'REDACTED'
No body was attached to the request
2026-02-18 20:36:19,229 - azure.core.pipeline.policies.http_logging_policy - INFO - Response status: 200
Response headers:
    'Transfer-Encoding': 'chunked'
    'Content-Type': 'application/json;charset=utf-8'
    'Server': 'Windows-Azure-HDFS/1.0 Microsoft-HTTPAPI/2.0'
    'x-ms-request-id': 'f154a4f8-201f-0017-080d-a1933a000000'
    'x-ms-version': 'REDACTED'
    'x-ms-client-request-id': '1901b2a0-0d01-11f1-93ad-765227f64d11'
    'Date': 'Wed, 18 Feb 2026 19:36:18 GMT'
2026-02-18 20:36:19,231 - azure.core.pipeline.policies.http_logging_policy - INFO - Request URL: 'https://woningmarktintelx9.blob.core.windows.net/dna-platform-data/dna-platform/data/silver/silver_clean_claims_20260218T193615Z.parquet'
Request method: 'GET'
Request headers:
    'x-ms-range': 'REDACTED'
    'x-ms-version': 'REDACTED'
    'Accept': 'application/xml'
    'User-Agent': 'azsdk-python-storage-dfs/12.23.0 Python/3.14.2 (macOS-15.6.1-arm64-arm-64bit-Mach-O)'
    'x-ms-date': 'REDACTED'
    'x-ms-client-request-id': '1917b9d8-0d01-11f1-93ad-765227f64d11'
    'Authorization': 'REDACTED'
No body was attached to the request
2026-02-18 20:36:19,387 - azure.core.pipeline.policies.http_logging_policy - INFO - Response status: 206
Response headers:
    'Content-Length': '7823'
    'Content-Type': 'application/octet-stream'
    'Content-Range': 'REDACTED'
    'Last-Modified': 'Wed, 18 Feb 2026 19:36:16 GMT'
    'Accept-Ranges': 'REDACTED'
    'ETag': '"0x8DE6F24FBCAF1A4"'
    'Server': 'Windows-Azure-Blob/1.0 Microsoft-HTTPAPI/2.0'
    'x-ms-request-id': '0b9cc28f-001e-003f-270d-a1f292000000'
    'x-ms-client-request-id': '1917b9d8-0d01-11f1-93ad-765227f64d11'
    'x-ms-version': 'REDACTED'
    'x-ms-resource-type': 'REDACTED'
    'x-ms-creation-time': 'REDACTED'
    'x-ms-lease-status': 'REDACTED'
    'x-ms-lease-state': 'REDACTED'
    'x-ms-blob-type': 'REDACTED'
    'x-ms-server-encrypted': 'REDACTED'
    'x-ms-owner': 'REDACTED'
    'x-ms-group': 'REDACTED'
    'x-ms-permissions': 'REDACTED'
    'x-ms-acl': 'REDACTED'
    'Date': 'Wed, 18 Feb 2026 19:36:18 GMT'
2026-02-18 20:36:19,389 - src.core.storage - INFO - Successfully read 30 rows from ADLS: dna-platform/data/silver/silver_clean_claims_20260218T193615Z.parquet
2026-02-18 20:36:19,389 - src.core.utils - INFO - Silver agents input: 20 rows, 13 columns
2026-02-18 20:36:19,389 - src.core.utils - INFO - Silver policies input: 80 rows, 14 columns
2026-02-18 20:36:19,389 - src.core.utils - INFO - Silver claims input: 30 rows, 12 columns
2026-02-18 20:36:19,395 - src.core.utils - ERROR - Operation 'gold agent performance aggregation' failed after 1.56 seconds: cannot cast List type (inner: 'UInt32', to: 'Int32')
2026-02-18 20:36:19 +0100 - dagster - ERROR - __ASSET_JOB - ff8c8baa-c087-4cfa-ba86-91061ea4a16d - 39173 - run_gold_agent_performance - STEP_FAILURE - Execution of step "run_gold_agent_performance" failed.

dagster._core.errors.DagsterExecutionStepExecutionError: Error occurred while executing op "run_gold_agent_performance"::

polars.exceptions.InvalidOperationError: cannot cast List type (inner: 'UInt32', to: 'Int32')

Stack Trace:
  File "/Users/taniskarigar/test-polster/dna-platform/.venv/lib/python3.14/site-packages/dagster/_core/execution/plan/utils.py", line 57, in op_execution_error_boundary
    yield
  File "/Users/taniskarigar/test-polster/dna-platform/.venv/lib/python3.14/site-packages/dagster/_utils/__init__.py", line 394, in iterate_with_context
    next_output = next(iterator)
  File "/Users/taniskarigar/test-polster/dna-platform/.venv/lib/python3.14/site-packages/dagster/_core/execution/plan/compute_generator.py", line 135, in _coerce_op_compute_fn_to_iterator
    result = invoke_compute_fn(
        fn, context, kwargs, context_arg_provided, config_arg_class, resource_arg_mapping
    )
  File "/Users/taniskarigar/test-polster/dna-platform/.venv/lib/python3.14/site-packages/dagster/_core/execution/plan/compute_generator.py", line 115, in invoke_compute_fn
    return fn(context, **args_to_pass) if context_arg_provided else fn(**args_to_pass)
                                                                    ~~^^^^^^^^^^^^^^^^
  File "/Users/taniskarigar/test-polster/dna-platform/src/orchestration/assets/gold/run_gold_agent_performance.py", line 18, in run_gold_agent_performance
    gold_path, df, metadata = aggregate()
                              ~~~~~~~~~^^
  File "/Users/taniskarigar/test-polster/dna-platform/src/core/gold_agent_performance.py", line 62, in aggregate
    result = result.with_columns(
        [
            pl.col("policies_with_claims").cast(pl.Int32),
        ]
    )
  File "/Users/taniskarigar/test-polster/dna-platform/.venv/lib/python3.14/site-packages/polars/dataframe/frame.py", line 10473, in with_columns
    .collect(optimizations=QueryOptFlags._eager())
     ~~~~~~~^^^^^^^^^^^^^^^^^^^^^^^^^^^^^^^^^^^^^^
  File "/Users/taniskarigar/test-polster/dna-platform/.venv/lib/python3.14/site-packages/polars/_utils/deprecation.py", line 97, in wrapper
    return function(*args, **kwargs)
  File "/Users/taniskarigar/test-polster/dna-platform/.venv/lib/python3.14/site-packages/polars/lazyframe/opt_flags.py", line 326, in wrapper
    return function(*args, **kwargs)
  File "/Users/taniskarigar/test-polster/dna-platform/.venv/lib/python3.14/site-packages/polars/lazyframe/frame.py", line 2440, in collect
    return wrap_df(ldf.collect(engine, callback))
                   ~~~~~~~~~~~^^^^^^^^^^^^^^^^^^

