2026-02-18 20:36:14 +0100 - dagster - DEBUG - __ASSET_JOB - ff8c8baa-c087-4cfa-ba86-91061ea4a16d - 39118 - LOGS_CAPTURED - Started capturing logs in process (pid: 39118).
2026-02-18 20:36:14 +0100 - dagster - DEBUG - __ASSET_JOB - ff8c8baa-c087-4cfa-ba86-91061ea4a16d - 39118 - run_silver_clean_policies - STEP_START - Started execution of step "run_silver_clean_policies".
2026-02-18 20:36:14,437 - alembic.runtime.migration - INFO - Context impl SQLiteImpl.
2026-02-18 20:36:14,437 - alembic.runtime.migration - INFO - Will assume non-transactional DDL.
2026-02-18 20:36:14 +0100 - dagster - DEBUG - __ASSET_JOB - ff8c8baa-c087-4cfa-ba86-91061ea4a16d - run_silver_clean_policies - Loading file from: /Users/taniskarigar/test-polster/dna-platform/.dagster/storage/run_bronze_policies using PickledObjectFilesystemIOManager...
2026-02-18 20:36:14 +0100 - dagster - DEBUG - __ASSET_JOB - ff8c8baa-c087-4cfa-ba86-91061ea4a16d - 39118 - run_silver_clean_policies - LOADED_INPUT - Loaded input "run_bronze_policies" using input manager "io_manager", from output "result" of step "run_bronze_policies"
2026-02-18 20:36:14 +0100 - dagster - DEBUG - __ASSET_JOB - ff8c8baa-c087-4cfa-ba86-91061ea4a16d - 39118 - run_silver_clean_policies - STEP_INPUT - Got input "run_bronze_policies" of type "Any". (Type check passed).
2026-02-18 20:36:14,475 - src.core.utils - INFO - Starting operation: silver policies transformation
2026-02-18 20:36:14,475 - src.core.silver_clean_policies - INFO - Starting silver policies transformation
2026-02-18 20:36:14,476 - src.core.storage - INFO - Reading latest parquet file from bronze layer with prefix 'bronze_policies_' using adls backend
2026-02-18 20:36:14,574 - azure.core.pipeline.policies.http_logging_policy - INFO - Request URL: 'https://woningmarktintelx9.dfs.core.windows.net/dna-platform-data?resource=REDACTED&directory=REDACTED&recursive=REDACTED'
Request method: 'GET'
Request headers:
    'x-ms-version': 'REDACTED'
    'Accept': 'application/json'
    'User-Agent': 'azsdk-python-storage-dfs/12.23.0 Python/3.14.2 (macOS-15.6.1-arm64-arm-64bit-Mach-O)'
    'x-ms-date': 'REDACTED'
    'x-ms-client-request-id': '16512e14-0d01-11f1-92d5-765227f64d11'
    'Authorization': 'REDACTED'
No body was attached to the request
2026-02-18 20:36:14,741 - azure.core.pipeline.policies.http_logging_policy - INFO - Response status: 200
Response headers:
    'Transfer-Encoding': 'chunked'
    'Content-Type': 'application/json;charset=utf-8'
    'Server': 'Windows-Azure-HDFS/1.0 Microsoft-HTTPAPI/2.0'
    'x-ms-request-id': 'a65e78ce-701f-001a-120d-a15bee000000'
    'x-ms-version': 'REDACTED'
    'x-ms-client-request-id': '16512e14-0d01-11f1-92d5-765227f64d11'
    'Date': 'Wed, 18 Feb 2026 19:36:14 GMT'
2026-02-18 20:36:14,744 - azure.core.pipeline.policies.http_logging_policy - INFO - Request URL: 'https://woningmarktintelx9.blob.core.windows.net/dna-platform-data/dna-platform/data/bronze/bronze_policies_20260218T193610Z.parquet'
Request method: 'GET'
Request headers:
    'x-ms-range': 'REDACTED'
    'x-ms-version': 'REDACTED'
    'Accept': 'application/xml'
    'User-Agent': 'azsdk-python-storage-dfs/12.23.0 Python/3.14.2 (macOS-15.6.1-arm64-arm-64bit-Mach-O)'
    'x-ms-date': 'REDACTED'
    'x-ms-client-request-id': '166b14a0-0d01-11f1-92d5-765227f64d11'
    'Authorization': 'REDACTED'
No body was attached to the request
2026-02-18 20:36:14,903 - azure.core.pipeline.policies.http_logging_policy - INFO - Response status: 206
Response headers:
    'Content-Length': '8869'
    'Content-Type': 'application/octet-stream'
    'Content-Range': 'REDACTED'
    'Last-Modified': 'Wed, 18 Feb 2026 19:36:13 GMT'
    'Accept-Ranges': 'REDACTED'
    'ETag': '"0x8DE6F24F9A303F0"'
    'Server': 'Windows-Azure-Blob/1.0 Microsoft-HTTPAPI/2.0'
    'x-ms-request-id': '3616c968-f01e-0014-580d-a1725e000000'
    'x-ms-client-request-id': '166b14a0-0d01-11f1-92d5-765227f64d11'
    'x-ms-version': 'REDACTED'
    'x-ms-resource-type': 'REDACTED'
    'x-ms-creation-time': 'REDACTED'
    'x-ms-lease-status': 'REDACTED'
    'x-ms-lease-state': 'REDACTED'
    'x-ms-blob-type': 'REDACTED'
    'x-ms-server-encrypted': 'REDACTED'
    'x-ms-owner': 'REDACTED'
    'x-ms-group': 'REDACTED'
    'x-ms-permissions': 'REDACTED'
    'x-ms-acl': 'REDACTED'
    'Date': 'Wed, 18 Feb 2026 19:36:14 GMT'
2026-02-18 20:36:14,906 - src.core.storage - INFO - Successfully read 80 rows from ADLS: dna-platform/data/bronze/bronze_policies_20260218T193610Z.parquet
2026-02-18 20:36:14,906 - src.core.utils - INFO - Bronze policies input: 80 rows, 13 columns
2026-02-18 20:36:14,911 - src.core.utils - INFO - Transformed silver policies: 80 rows, 13 columns
2026-02-18 20:36:14,911 - src.core.storage - INFO - Writing DataFrame to silver/silver_clean_policies_20260218T193614Z.parquet using adls backend
2026-02-18 20:36:14,911 - src.core.storage - INFO - Writing DataFrame (80 rows, 14 columns) to ADLS: abfss://dna-platform-data@woningmarktintelx9.dfs.core.windows.net/dna-platform/data/silver/silver_clean_policies_20260218T193614Z.parquet
2026-02-18 20:36:14,913 - azure.core.pipeline.policies.http_logging_policy - INFO - Request URL: 'https://woningmarktintelx9.blob.core.windows.net/dna-platform-data?restype=REDACTED'
Request method: 'GET'
Request headers:
    'x-ms-version': 'REDACTED'
    'Accept': 'application/xml'
    'User-Agent': 'azsdk-python-storage-dfs/12.23.0 Python/3.14.2 (macOS-15.6.1-arm64-arm-64bit-Mach-O)'
    'x-ms-date': 'REDACTED'
    'x-ms-client-request-id': '1684d80e-0d01-11f1-92d5-765227f64d11'
    'Authorization': 'REDACTED'
No body was attached to the request
2026-02-18 20:36:15,247 - azure.core.pipeline.policies.http_logging_policy - INFO - Response status: 200
Response headers:
    'Content-Length': '0'
    'Last-Modified': 'Wed, 18 Feb 2026 19:12:05 GMT'
    'ETag': '"0x8DE6F219B11A707"'
    'Server': 'Windows-Azure-Blob/1.0 Microsoft-HTTPAPI/2.0'
    'x-ms-request-id': '95292239-301e-0056-100d-a1cbde000000'
    'x-ms-client-request-id': '1684d80e-0d01-11f1-92d5-765227f64d11'
    'x-ms-version': 'REDACTED'
    'x-ms-lease-status': 'REDACTED'
    'x-ms-lease-state': 'REDACTED'
    'x-ms-has-immutability-policy': 'REDACTED'
    'x-ms-has-legal-hold': 'REDACTED'
    'x-ms-immutable-storage-with-versioning-enabled': 'REDACTED'
    'x-ms-default-encryption-scope': 'REDACTED'
    'x-ms-deny-encryption-scope-override': 'REDACTED'
    'Date': 'Wed, 18 Feb 2026 19:36:14 GMT'
2026-02-18 20:36:15,248 - azure.core.pipeline.policies.http_logging_policy - INFO - Request URL: 'https://woningmarktintelx9.dfs.core.windows.net/dna-platform-data/dna-platform/data/silver?resource=REDACTED'
Request method: 'PUT'
Request headers:
    'x-ms-version': 'REDACTED'
    'Accept': 'application/json'
    'User-Agent': 'azsdk-python-storage-dfs/12.23.0 Python/3.14.2 (macOS-15.6.1-arm64-arm-64bit-Mach-O)'
    'x-ms-date': 'REDACTED'
    'x-ms-client-request-id': '16b8116a-0d01-11f1-92d5-765227f64d11'
    'Authorization': 'REDACTED'
No body was attached to the request
2026-02-18 20:36:15,466 - azure.core.pipeline.policies.http_logging_policy - INFO - Response status: 201
Response headers:
    'Last-Modified': 'Wed, 18 Feb 2026 19:36:15 GMT'
    'ETag': '"0x8DE6F24FB0E8740"'
    'Server': 'Windows-Azure-HDFS/1.0 Microsoft-HTTPAPI/2.0'
    'x-ms-request-server-encrypted': 'REDACTED'
    'x-ms-request-id': '625013ee-d01f-0013-570d-a11e3d000000'
    'x-ms-version': 'REDACTED'
    'x-ms-client-request-id': '16b8116a-0d01-11f1-92d5-765227f64d11'
    'Date': 'Wed, 18 Feb 2026 19:36:14 GMT'
    'Content-Length': '0'
2026-02-18 20:36:15,467 - azure.core.pipeline.policies.http_logging_policy - INFO - Request URL: 'https://woningmarktintelx9.dfs.core.windows.net/dna-platform-data/dna-platform/data/silver/silver_clean_policies_20260218T193614Z.parquet?resource=REDACTED'
Request method: 'PUT'
Request headers:
    'x-ms-version': 'REDACTED'
    'Accept': 'application/json'
    'User-Agent': 'azsdk-python-storage-dfs/12.23.0 Python/3.14.2 (macOS-15.6.1-arm64-arm-64bit-Mach-O)'
    'x-ms-date': 'REDACTED'
    'x-ms-client-request-id': '16d9645a-0d01-11f1-92d5-765227f64d11'
    'Authorization': 'REDACTED'
No body was attached to the request
2026-02-18 20:36:15,652 - azure.core.pipeline.policies.http_logging_policy - INFO - Response status: 201
Response headers:
    'Last-Modified': 'Wed, 18 Feb 2026 19:36:15 GMT'
    'ETag': '"0x8DE6F24FB32A680"'
    'Server': 'Windows-Azure-HDFS/1.0 Microsoft-HTTPAPI/2.0'
    'x-ms-request-server-encrypted': 'REDACTED'
    'x-ms-request-id': '625013f8-d01f-0013-610d-a11e3d000000'
    'x-ms-version': 'REDACTED'
    'x-ms-client-request-id': '16d9645a-0d01-11f1-92d5-765227f64d11'
    'Date': 'Wed, 18 Feb 2026 19:36:15 GMT'
    'Content-Length': '0'
2026-02-18 20:36:15,653 - azure.core.pipeline.policies.http_logging_policy - INFO - Request URL: 'https://woningmarktintelx9.dfs.core.windows.net/dna-platform-data/dna-platform/data/silver/silver_clean_policies_20260218T193614Z.parquet?action=REDACTED&position=REDACTED'
Request method: 'PATCH'
Request headers:
    'Content-Length': '9319'
    'x-ms-version': 'REDACTED'
    'Content-Type': 'application/json'
    'Accept': 'application/json'
    'User-Agent': 'azsdk-python-storage-dfs/12.23.0 Python/3.14.2 (macOS-15.6.1-arm64-arm-64bit-Mach-O)'
    'x-ms-date': 'REDACTED'
    'x-ms-client-request-id': '16f5d2e8-0d01-11f1-92d5-765227f64d11'
    'Authorization': 'REDACTED'
A body is sent with the request
2026-02-18 20:36:15,689 - azure.core.pipeline.policies.http_logging_policy - INFO - Response status: 202
Response headers:
    'Server': 'Windows-Azure-HDFS/1.0 Microsoft-HTTPAPI/2.0'
    'x-ms-request-server-encrypted': 'REDACTED'
    'x-ms-request-id': '625013fb-d01f-0013-640d-a11e3d000000'
    'x-ms-version': 'REDACTED'
    'x-ms-client-request-id': '16f5d2e8-0d01-11f1-92d5-765227f64d11'
    'Date': 'Wed, 18 Feb 2026 19:36:15 GMT'
    'Content-Length': '0'
2026-02-18 20:36:15,690 - azure.core.pipeline.policies.http_logging_policy - INFO - Request URL: 'https://woningmarktintelx9.dfs.core.windows.net/dna-platform-data/dna-platform/data/silver/silver_clean_policies_20260218T193614Z.parquet?action=REDACTED&position=REDACTED&close=REDACTED'
Request method: 'PATCH'
Request headers:
    'If-Match': '"0x8DE6F24FB32A680"'
    'x-ms-version': 'REDACTED'
    'Accept': 'application/json'
    'User-Agent': 'azsdk-python-storage-dfs/12.23.0 Python/3.14.2 (macOS-15.6.1-arm64-arm-64bit-Mach-O)'
    'x-ms-date': 'REDACTED'
    'x-ms-client-request-id': '16fb697e-0d01-11f1-92d5-765227f64d11'
    'Authorization': 'REDACTED'
No body was attached to the request
2026-02-18 20:36:15,758 - azure.core.pipeline.policies.http_logging_policy - INFO - Response status: 200
Response headers:
    'Last-Modified': 'Wed, 18 Feb 2026 19:36:15 GMT'
    'ETag': '"0x8DE6F24FB433DFC"'
    'Server': 'Windows-Azure-HDFS/1.0 Microsoft-HTTPAPI/2.0'
    'x-ms-request-server-encrypted': 'REDACTED'
    'x-ms-request-id': '625013fc-d01f-0013-650d-a11e3d000000'
    'x-ms-version': 'REDACTED'
    'x-ms-client-request-id': '16fb697e-0d01-11f1-92d5-765227f64d11'
    'Date': 'Wed, 18 Feb 2026 19:36:15 GMT'
    'Content-Length': '0'
2026-02-18 20:36:15,759 - src.core.storage - INFO - Successfully uploaded 0 bytes to ADLS: abfss://dna-platform-data@woningmarktintelx9.dfs.core.windows.net/dna-platform/data/silver/silver_clean_policies_20260218T193614Z.parquet
2026-02-18 20:36:15,760 - src.core.storage - INFO - ADLS write successful: abfss://dna-platform-data@woningmarktintelx9.dfs.core.windows.net/dna-platform/data/silver/silver_clean_policies_20260218T193614Z.parquet
2026-02-18 20:36:15,762 - src.core.storage - INFO - Successfully wrote 50 rows to local storage: /Users/taniskarigar/test-polster/dna-platform/data/silver/sample_silver_clean_policies_20260218T193614Z.parquet
2026-02-18 20:36:15,762 - src.core.silver_clean_policies - INFO - Silver policies transformation completed: abfss://dna-platform-data@woningmarktintelx9.dfs.core.windows.net/dna-platform/data/silver/silver_clean_policies_20260218T193614Z.parquet
2026-02-18 20:36:15,762 - src.core.utils - INFO - Completed operation 'silver policies transformation' in 1.29 seconds
2026-02-18 20:36:15 +0100 - dagster - DEBUG - __ASSET_JOB - ff8c8baa-c087-4cfa-ba86-91061ea4a16d - 39118 - run_silver_clean_policies - STEP_OUTPUT - Yielded output "result" of type "Any". (Type check passed).
2026-02-18 20:36:15 +0100 - dagster - DEBUG - __ASSET_JOB - ff8c8baa-c087-4cfa-ba86-91061ea4a16d - run_silver_clean_policies - Writing file at: /Users/taniskarigar/test-polster/dna-platform/.dagster/storage/run_silver_clean_policies using PickledObjectFilesystemIOManager...
2026-02-18 20:36:15 +0100 - dagster - DEBUG - __ASSET_JOB - ff8c8baa-c087-4cfa-ba86-91061ea4a16d - 39118 - run_silver_clean_policies - ASSET_MATERIALIZATION - Materialized value run_silver_clean_policies.
2026-02-18 20:36:15 +0100 - dagster - DEBUG - __ASSET_JOB - ff8c8baa-c087-4cfa-ba86-91061ea4a16d - 39118 - run_silver_clean_policies - HANDLED_OUTPUT - Handled output "result" using IO manager "io_manager"
2026-02-18 20:36:15 +0100 - dagster - DEBUG - __ASSET_JOB - ff8c8baa-c087-4cfa-ba86-91061ea4a16d - 39118 - run_silver_clean_policies - STEP_SUCCESS - Finished execution of step "run_silver_clean_policies" in 1.34s.
