2026-02-18 20:36:20 +0100 - dagster - DEBUG - __ASSET_JOB - ff8c8baa-c087-4cfa-ba86-91061ea4a16d - 39211 - LOGS_CAPTURED - Started capturing logs in process (pid: 39211).
2026-02-18 20:36:20 +0100 - dagster - DEBUG - __ASSET_JOB - ff8c8baa-c087-4cfa-ba86-91061ea4a16d - 39211 - run_gold_customer_risk - STEP_START - Started execution of step "run_gold_customer_risk".
2026-02-18 20:36:20,663 - alembic.runtime.migration - INFO - Context impl SQLiteImpl.
2026-02-18 20:36:20,663 - alembic.runtime.migration - INFO - Will assume non-transactional DDL.
2026-02-18 20:36:20 +0100 - dagster - DEBUG - __ASSET_JOB - ff8c8baa-c087-4cfa-ba86-91061ea4a16d - run_gold_customer_risk - Loading file from: /Users/taniskarigar/test-polster/dna-platform/.dagster/storage/run_silver_customer_policies using PickledObjectFilesystemIOManager...
2026-02-18 20:36:20 +0100 - dagster - DEBUG - __ASSET_JOB - ff8c8baa-c087-4cfa-ba86-91061ea4a16d - 39211 - run_gold_customer_risk - LOADED_INPUT - Loaded input "run_silver_customer_policies" using input manager "io_manager", from output "result" of step "run_silver_customer_policies"
2026-02-18 20:36:20 +0100 - dagster - DEBUG - __ASSET_JOB - ff8c8baa-c087-4cfa-ba86-91061ea4a16d - run_gold_customer_risk - Loading file from: /Users/taniskarigar/test-polster/dna-platform/.dagster/storage/run_silver_policy_claims using PickledObjectFilesystemIOManager...
2026-02-18 20:36:20 +0100 - dagster - DEBUG - __ASSET_JOB - ff8c8baa-c087-4cfa-ba86-91061ea4a16d - 39211 - run_gold_customer_risk - LOADED_INPUT - Loaded input "run_silver_policy_claims" using input manager "io_manager", from output "result" of step "run_silver_policy_claims"
2026-02-18 20:36:20 +0100 - dagster - DEBUG - __ASSET_JOB - ff8c8baa-c087-4cfa-ba86-91061ea4a16d - 39211 - run_gold_customer_risk - STEP_INPUT - Got input "run_silver_customer_policies" of type "Any". (Type check passed).
2026-02-18 20:36:20 +0100 - dagster - DEBUG - __ASSET_JOB - ff8c8baa-c087-4cfa-ba86-91061ea4a16d - 39211 - run_gold_customer_risk - STEP_INPUT - Got input "run_silver_policy_claims" of type "Any". (Type check passed).
2026-02-18 20:36:20,689 - src.core.utils - INFO - Starting operation: gold customer risk aggregation
2026-02-18 20:36:20,689 - src.core.gold_customer_risk - INFO - Starting gold customer risk aggregation
2026-02-18 20:36:20,689 - src.core.storage - INFO - Reading latest parquet file from silver layer with prefix 'silver_customer_policies_' using adls backend
2026-02-18 20:36:20,763 - azure.core.pipeline.policies.http_logging_policy - INFO - Request URL: 'https://woningmarktintelx9.dfs.core.windows.net/dna-platform-data?resource=REDACTED&directory=REDACTED&recursive=REDACTED'
Request method: 'GET'
Request headers:
    'x-ms-version': 'REDACTED'
    'Accept': 'application/json'
    'User-Agent': 'azsdk-python-storage-dfs/12.23.0 Python/3.14.2 (macOS-15.6.1-arm64-arm-64bit-Mach-O)'
    'x-ms-date': 'REDACTED'
    'x-ms-client-request-id': '1a0182d4-0d01-11f1-9636-765227f64d11'
    'Authorization': 'REDACTED'
No body was attached to the request
2026-02-18 20:36:21,910 - azure.core.pipeline.policies.http_logging_policy - INFO - Response status: 200
Response headers:
    'Transfer-Encoding': 'chunked'
    'Content-Type': 'application/json;charset=utf-8'
    'Server': 'Windows-Azure-HDFS/1.0 Microsoft-HTTPAPI/2.0'
    'x-ms-request-id': 'ec68aac2-201f-0038-350d-a19ef1000000'
    'x-ms-version': 'REDACTED'
    'x-ms-client-request-id': '1a0182d4-0d01-11f1-9636-765227f64d11'
    'Date': 'Wed, 18 Feb 2026 19:36:21 GMT'
2026-02-18 20:36:21,913 - azure.core.pipeline.policies.http_logging_policy - INFO - Request URL: 'https://woningmarktintelx9.blob.core.windows.net/dna-platform-data/dna-platform/data/silver/silver_customer_policies_20260218T193619Z.parquet'
Request method: 'GET'
Request headers:
    'x-ms-range': 'REDACTED'
    'x-ms-version': 'REDACTED'
    'Accept': 'application/xml'
    'User-Agent': 'azsdk-python-storage-dfs/12.23.0 Python/3.14.2 (macOS-15.6.1-arm64-arm-64bit-Mach-O)'
    'x-ms-date': 'REDACTED'
    'x-ms-client-request-id': '1ab10cb8-0d01-11f1-9636-765227f64d11'
    'Authorization': 'REDACTED'
No body was attached to the request
2026-02-18 20:36:22,074 - azure.core.pipeline.policies.http_logging_policy - INFO - Response status: 206
Response headers:
    'Content-Length': '12098'
    'Content-Type': 'application/octet-stream'
    'Content-Range': 'REDACTED'
    'Last-Modified': 'Wed, 18 Feb 2026 19:36:19 GMT'
    'Accept-Ranges': 'REDACTED'
    'ETag': '"0x8DE6F24FD9C00C0"'
    'Server': 'Windows-Azure-Blob/1.0 Microsoft-HTTPAPI/2.0'
    'x-ms-request-id': '5db763d9-801e-001e-120d-a1d6e9000000'
    'x-ms-client-request-id': '1ab10cb8-0d01-11f1-9636-765227f64d11'
    'x-ms-version': 'REDACTED'
    'x-ms-resource-type': 'REDACTED'
    'x-ms-creation-time': 'REDACTED'
    'x-ms-lease-status': 'REDACTED'
    'x-ms-lease-state': 'REDACTED'
    'x-ms-blob-type': 'REDACTED'
    'x-ms-server-encrypted': 'REDACTED'
    'x-ms-owner': 'REDACTED'
    'x-ms-group': 'REDACTED'
    'x-ms-permissions': 'REDACTED'
    'x-ms-acl': 'REDACTED'
    'Date': 'Wed, 18 Feb 2026 19:36:21 GMT'
2026-02-18 20:36:22,077 - src.core.storage - INFO - Successfully read 5 rows from ADLS: dna-platform/data/silver/silver_customer_policies_20260218T193619Z.parquet
2026-02-18 20:36:22,077 - src.core.storage - INFO - Reading latest parquet file from silver layer with prefix 'silver_policy_claims_' using adls backend
2026-02-18 20:36:22,078 - azure.core.pipeline.policies.http_logging_policy - INFO - Request URL: 'https://woningmarktintelx9.dfs.core.windows.net/dna-platform-data?resource=REDACTED&directory=REDACTED&recursive=REDACTED'
Request method: 'GET'
Request headers:
    'x-ms-version': 'REDACTED'
    'Accept': 'application/json'
    'User-Agent': 'azsdk-python-storage-dfs/12.23.0 Python/3.14.2 (macOS-15.6.1-arm64-arm-64bit-Mach-O)'
    'x-ms-date': 'REDACTED'
    'x-ms-client-request-id': '1aca3508-0d01-11f1-9636-765227f64d11'
    'Authorization': 'REDACTED'
No body was attached to the request
2026-02-18 20:36:22,258 - azure.core.pipeline.policies.http_logging_policy - INFO - Response status: 200
Response headers:
    'Transfer-Encoding': 'chunked'
    'Content-Type': 'application/json;charset=utf-8'
    'Server': 'Windows-Azure-HDFS/1.0 Microsoft-HTTPAPI/2.0'
    'x-ms-request-id': '9ed8260b-801f-0053-3c0d-a11905000000'
    'x-ms-version': 'REDACTED'
    'x-ms-client-request-id': '1aca3508-0d01-11f1-9636-765227f64d11'
    'Date': 'Wed, 18 Feb 2026 19:36:21 GMT'
2026-02-18 20:36:22,260 - azure.core.pipeline.policies.http_logging_policy - INFO - Request URL: 'https://woningmarktintelx9.blob.core.windows.net/dna-platform-data/dna-platform/data/silver/silver_policy_claims_20260218T193619Z.parquet'
Request method: 'GET'
Request headers:
    'x-ms-range': 'REDACTED'
    'x-ms-version': 'REDACTED'
    'Accept': 'application/xml'
    'User-Agent': 'azsdk-python-storage-dfs/12.23.0 Python/3.14.2 (macOS-15.6.1-arm64-arm-64bit-Mach-O)'
    'x-ms-date': 'REDACTED'
    'x-ms-client-request-id': '1ae60ac6-0d01-11f1-9636-765227f64d11'
    'Authorization': 'REDACTED'
No body was attached to the request
2026-02-18 20:36:22,456 - azure.core.pipeline.policies.http_logging_policy - INFO - Response status: 206
Response headers:
    'Content-Length': '15029'
    'Content-Type': 'application/octet-stream'
    'Content-Range': 'REDACTED'
    'Last-Modified': 'Wed, 18 Feb 2026 19:36:19 GMT'
    'Accept-Ranges': 'REDACTED'
    'ETag': '"0x8DE6F24FD862C10"'
    'Server': 'Windows-Azure-Blob/1.0 Microsoft-HTTPAPI/2.0'
    'x-ms-request-id': '60a90643-601e-004b-780d-a1c662000000'
    'x-ms-client-request-id': '1ae60ac6-0d01-11f1-9636-765227f64d11'
    'x-ms-version': 'REDACTED'
    'x-ms-resource-type': 'REDACTED'
    'x-ms-creation-time': 'REDACTED'
    'x-ms-lease-status': 'REDACTED'
    'x-ms-lease-state': 'REDACTED'
    'x-ms-blob-type': 'REDACTED'
    'x-ms-server-encrypted': 'REDACTED'
    'x-ms-owner': 'REDACTED'
    'x-ms-group': 'REDACTED'
    'x-ms-permissions': 'REDACTED'
    'x-ms-acl': 'REDACTED'
    'Date': 'Wed, 18 Feb 2026 19:36:21 GMT'
2026-02-18 20:36:22,460 - src.core.storage - INFO - Successfully read 80 rows from ADLS: dna-platform/data/silver/silver_policy_claims_20260218T193619Z.parquet
2026-02-18 20:36:22,460 - src.core.utils - INFO - Silver customer-policies input: 5 rows, 29 columns
2026-02-18 20:36:22,460 - src.core.utils - INFO - Silver policy-claims input: 80 rows, 26 columns
2026-02-18 20:36:22,465 - src.core.utils - INFO - Gold customer risk output: 5 rows, 9 columns
2026-02-18 20:36:22,465 - src.core.storage - INFO - Writing DataFrame to gold/gold_customer_risk_20260218T193622Z.parquet using adls backend
2026-02-18 20:36:22,465 - src.core.storage - INFO - Writing DataFrame (5 rows, 10 columns) to ADLS: abfss://dna-platform-data@woningmarktintelx9.dfs.core.windows.net/dna-platform/data/gold/gold_customer_risk_20260218T193622Z.parquet
2026-02-18 20:36:22,467 - azure.core.pipeline.policies.http_logging_policy - INFO - Request URL: 'https://woningmarktintelx9.blob.core.windows.net/dna-platform-data?restype=REDACTED'
Request method: 'GET'
Request headers:
    'x-ms-version': 'REDACTED'
    'Accept': 'application/xml'
    'User-Agent': 'azsdk-python-storage-dfs/12.23.0 Python/3.14.2 (macOS-15.6.1-arm64-arm-64bit-Mach-O)'
    'x-ms-date': 'REDACTED'
    'x-ms-client-request-id': '1b059792-0d01-11f1-9636-765227f64d11'
    'Authorization': 'REDACTED'
No body was attached to the request
2026-02-18 20:36:22,635 - azure.core.pipeline.policies.http_logging_policy - INFO - Response status: 200
Response headers:
    'Content-Length': '0'
    'Last-Modified': 'Wed, 18 Feb 2026 19:12:05 GMT'
    'ETag': '"0x8DE6F219B11A707"'
    'Server': 'Windows-Azure-Blob/1.0 Microsoft-HTTPAPI/2.0'
    'x-ms-request-id': 'f5d79545-401e-002e-480d-a16826000000'
    'x-ms-client-request-id': '1b059792-0d01-11f1-9636-765227f64d11'
    'x-ms-version': 'REDACTED'
    'x-ms-lease-status': 'REDACTED'
    'x-ms-lease-state': 'REDACTED'
    'x-ms-has-immutability-policy': 'REDACTED'
    'x-ms-has-legal-hold': 'REDACTED'
    'x-ms-immutable-storage-with-versioning-enabled': 'REDACTED'
    'x-ms-default-encryption-scope': 'REDACTED'
    'x-ms-deny-encryption-scope-override': 'REDACTED'
    'Date': 'Wed, 18 Feb 2026 19:36:21 GMT'
2026-02-18 20:36:22,638 - azure.core.pipeline.policies.http_logging_policy - INFO - Request URL: 'https://woningmarktintelx9.dfs.core.windows.net/dna-platform-data/dna-platform/data/gold?resource=REDACTED'
Request method: 'PUT'
Request headers:
    'x-ms-version': 'REDACTED'
    'Accept': 'application/json'
    'User-Agent': 'azsdk-python-storage-dfs/12.23.0 Python/3.14.2 (macOS-15.6.1-arm64-arm-64bit-Mach-O)'
    'x-ms-date': 'REDACTED'
    'x-ms-client-request-id': '1b1f9192-0d01-11f1-9636-765227f64d11'
    'Authorization': 'REDACTED'
No body was attached to the request
2026-02-18 20:36:22,806 - azure.core.pipeline.policies.http_logging_policy - INFO - Response status: 201
Response headers:
    'Last-Modified': 'Wed, 18 Feb 2026 19:36:22 GMT'
    'ETag': '"0x8DE6F24FF776074"'
    'Server': 'Windows-Azure-HDFS/1.0 Microsoft-HTTPAPI/2.0'
    'x-ms-request-server-encrypted': 'REDACTED'
    'x-ms-request-id': 'b273475a-401f-0063-7d0d-a1a7ca000000'
    'x-ms-version': 'REDACTED'
    'x-ms-client-request-id': '1b1f9192-0d01-11f1-9636-765227f64d11'
    'Date': 'Wed, 18 Feb 2026 19:36:22 GMT'
    'Content-Length': '0'
2026-02-18 20:36:22,807 - azure.core.pipeline.policies.http_logging_policy - INFO - Request URL: 'https://woningmarktintelx9.dfs.core.windows.net/dna-platform-data/dna-platform/data/gold/gold_customer_risk_20260218T193622Z.parquet?resource=REDACTED'
Request method: 'PUT'
Request headers:
    'x-ms-version': 'REDACTED'
    'Accept': 'application/json'
    'User-Agent': 'azsdk-python-storage-dfs/12.23.0 Python/3.14.2 (macOS-15.6.1-arm64-arm-64bit-Mach-O)'
    'x-ms-date': 'REDACTED'
    'x-ms-client-request-id': '1b3973d2-0d01-11f1-9636-765227f64d11'
    'Authorization': 'REDACTED'
No body was attached to the request
2026-02-18 20:36:22,856 - azure.core.pipeline.policies.http_logging_policy - INFO - Response status: 201
Response headers:
    'Last-Modified': 'Wed, 18 Feb 2026 19:36:22 GMT'
    'ETag': '"0x8DE6F24FF7E5A9C"'
    'Server': 'Windows-Azure-HDFS/1.0 Microsoft-HTTPAPI/2.0'
    'x-ms-request-server-encrypted': 'REDACTED'
    'x-ms-request-id': 'b273475b-401f-0063-7e0d-a1a7ca000000'
    'x-ms-version': 'REDACTED'
    'x-ms-client-request-id': '1b3973d2-0d01-11f1-9636-765227f64d11'
    'Date': 'Wed, 18 Feb 2026 19:36:22 GMT'
    'Content-Length': '0'
2026-02-18 20:36:22,858 - azure.core.pipeline.policies.http_logging_policy - INFO - Request URL: 'https://woningmarktintelx9.dfs.core.windows.net/dna-platform-data/dna-platform/data/gold/gold_customer_risk_20260218T193622Z.parquet?action=REDACTED&position=REDACTED'
Request method: 'PATCH'
Request headers:
    'Content-Length': '3958'
    'x-ms-version': 'REDACTED'
    'Content-Type': 'application/json'
    'Accept': 'application/json'
    'User-Agent': 'azsdk-python-storage-dfs/12.23.0 Python/3.14.2 (macOS-15.6.1-arm64-arm-64bit-Mach-O)'
    'x-ms-date': 'REDACTED'
    'x-ms-client-request-id': '1b41256e-0d01-11f1-9636-765227f64d11'
    'Authorization': 'REDACTED'
A body is sent with the request
2026-02-18 20:36:22,896 - azure.core.pipeline.policies.http_logging_policy - INFO - Response status: 202
Response headers:
    'Server': 'Windows-Azure-HDFS/1.0 Microsoft-HTTPAPI/2.0'
    'x-ms-request-server-encrypted': 'REDACTED'
    'x-ms-request-id': 'b273475c-401f-0063-7f0d-a1a7ca000000'
    'x-ms-version': 'REDACTED'
    'x-ms-client-request-id': '1b41256e-0d01-11f1-9636-765227f64d11'
    'Date': 'Wed, 18 Feb 2026 19:36:22 GMT'
    'Content-Length': '0'
2026-02-18 20:36:22,897 - azure.core.pipeline.policies.http_logging_policy - INFO - Request URL: 'https://woningmarktintelx9.dfs.core.windows.net/dna-platform-data/dna-platform/data/gold/gold_customer_risk_20260218T193622Z.parquet?action=REDACTED&position=REDACTED&close=REDACTED'
Request method: 'PATCH'
Request headers:
    'If-Match': '"0x8DE6F24FF7E5A9C"'
    'x-ms-version': 'REDACTED'
    'Accept': 'application/json'
    'User-Agent': 'azsdk-python-storage-dfs/12.23.0 Python/3.14.2 (macOS-15.6.1-arm64-arm-64bit-Mach-O)'
    'x-ms-date': 'REDACTED'
    'x-ms-client-request-id': '1b473878-0d01-11f1-9636-765227f64d11'
    'Authorization': 'REDACTED'
No body was attached to the request
2026-02-18 20:36:22,978 - azure.core.pipeline.policies.http_logging_policy - INFO - Response status: 200
Response headers:
    'Last-Modified': 'Wed, 18 Feb 2026 19:36:23 GMT'
    'ETag': '"0x8DE6F24FF8E9548"'
    'Server': 'Windows-Azure-HDFS/1.0 Microsoft-HTTPAPI/2.0'
    'x-ms-request-server-encrypted': 'REDACTED'
    'x-ms-request-id': 'b273475f-401f-0063-020d-a1a7ca000000'
    'x-ms-version': 'REDACTED'
    'x-ms-client-request-id': '1b473878-0d01-11f1-9636-765227f64d11'
    'Date': 'Wed, 18 Feb 2026 19:36:22 GMT'
    'Content-Length': '0'
2026-02-18 20:36:22,979 - src.core.storage - INFO - Successfully uploaded 0 bytes to ADLS: abfss://dna-platform-data@woningmarktintelx9.dfs.core.windows.net/dna-platform/data/gold/gold_customer_risk_20260218T193622Z.parquet
2026-02-18 20:36:22,982 - src.core.storage - INFO - ADLS write successful: abfss://dna-platform-data@woningmarktintelx9.dfs.core.windows.net/dna-platform/data/gold/gold_customer_risk_20260218T193622Z.parquet
2026-02-18 20:36:22,984 - src.core.storage - INFO - Successfully wrote 5 rows to local storage: /Users/taniskarigar/test-polster/dna-platform/data/gold/sample_gold_customer_risk_20260218T193622Z.parquet
2026-02-18 20:36:22,984 - src.core.gold_customer_risk - INFO - Gold customer risk aggregation completed: abfss://dna-platform-data@woningmarktintelx9.dfs.core.windows.net/dna-platform/data/gold/gold_customer_risk_20260218T193622Z.parquet
2026-02-18 20:36:22,984 - src.core.utils - INFO - Completed operation 'gold customer risk aggregation' in 2.29 seconds
2026-02-18 20:36:22 +0100 - dagster - DEBUG - __ASSET_JOB - ff8c8baa-c087-4cfa-ba86-91061ea4a16d - 39211 - run_gold_customer_risk - STEP_OUTPUT - Yielded output "result" of type "Any". (Type check passed).
2026-02-18 20:36:22 +0100 - dagster - DEBUG - __ASSET_JOB - ff8c8baa-c087-4cfa-ba86-91061ea4a16d - run_gold_customer_risk - Writing file at: /Users/taniskarigar/test-polster/dna-platform/.dagster/storage/run_gold_customer_risk using PickledObjectFilesystemIOManager...
2026-02-18 20:36:23 +0100 - dagster - DEBUG - __ASSET_JOB - ff8c8baa-c087-4cfa-ba86-91061ea4a16d - 39211 - run_gold_customer_risk - ASSET_MATERIALIZATION - Materialized value run_gold_customer_risk.
2026-02-18 20:36:23 +0100 - dagster - DEBUG - __ASSET_JOB - ff8c8baa-c087-4cfa-ba86-91061ea4a16d - 39211 - run_gold_customer_risk - HANDLED_OUTPUT - Handled output "result" using IO manager "io_manager"
2026-02-18 20:36:23 +0100 - dagster - DEBUG - __ASSET_JOB - ff8c8baa-c087-4cfa-ba86-91061ea4a16d - 39211 - run_gold_customer_risk - STEP_SUCCESS - Finished execution of step "run_gold_customer_risk" in 2.35s.
