2026-02-18 20:36:14 +0100 - dagster - DEBUG - __ASSET_JOB - ff8c8baa-c087-4cfa-ba86-91061ea4a16d - 39119 - LOGS_CAPTURED - Started capturing logs in process (pid: 39119).
2026-02-18 20:36:14 +0100 - dagster - DEBUG - __ASSET_JOB - ff8c8baa-c087-4cfa-ba86-91061ea4a16d - 39119 - run_silver_clean_vehicles - STEP_START - Started execution of step "run_silver_clean_vehicles".
2026-02-18 20:36:14,491 - alembic.runtime.migration - INFO - Context impl SQLiteImpl.
2026-02-18 20:36:14,491 - alembic.runtime.migration - INFO - Will assume non-transactional DDL.
2026-02-18 20:36:14 +0100 - dagster - DEBUG - __ASSET_JOB - ff8c8baa-c087-4cfa-ba86-91061ea4a16d - run_silver_clean_vehicles - Loading file from: /Users/taniskarigar/test-polster/dna-platform/.dagster/storage/run_bronze_vehicles using PickledObjectFilesystemIOManager...
2026-02-18 20:36:14 +0100 - dagster - DEBUG - __ASSET_JOB - ff8c8baa-c087-4cfa-ba86-91061ea4a16d - 39119 - run_silver_clean_vehicles - LOADED_INPUT - Loaded input "run_bronze_vehicles" using input manager "io_manager", from output "result" of step "run_bronze_vehicles"
2026-02-18 20:36:14 +0100 - dagster - DEBUG - __ASSET_JOB - ff8c8baa-c087-4cfa-ba86-91061ea4a16d - 39119 - run_silver_clean_vehicles - STEP_INPUT - Got input "run_bronze_vehicles" of type "Any". (Type check passed).
2026-02-18 20:36:14,527 - src.core.utils - INFO - Starting operation: silver vehicles transformation
2026-02-18 20:36:14,527 - src.core.silver_clean_vehicles - INFO - Starting silver vehicles transformation
2026-02-18 20:36:14,527 - src.core.storage - INFO - Reading latest parquet file from bronze layer with prefix 'bronze_vehicles_' using adls backend
2026-02-18 20:36:14,633 - azure.core.pipeline.policies.http_logging_policy - INFO - Request URL: 'https://woningmarktintelx9.dfs.core.windows.net/dna-platform-data?resource=REDACTED&directory=REDACTED&recursive=REDACTED'
Request method: 'GET'
Request headers:
    'x-ms-version': 'REDACTED'
    'Accept': 'application/json'
    'User-Agent': 'azsdk-python-storage-dfs/12.23.0 Python/3.14.2 (macOS-15.6.1-arm64-arm-64bit-Mach-O)'
    'x-ms-date': 'REDACTED'
    'x-ms-client-request-id': '165a246a-0d01-11f1-8489-765227f64d11'
    'Authorization': 'REDACTED'
No body was attached to the request
2026-02-18 20:36:14,798 - azure.core.pipeline.policies.http_logging_policy - INFO - Response status: 200
Response headers:
    'Transfer-Encoding': 'chunked'
    'Content-Type': 'application/json;charset=utf-8'
    'Server': 'Windows-Azure-HDFS/1.0 Microsoft-HTTPAPI/2.0'
    'x-ms-request-id': '57b7d41e-901f-004f-060d-a14b65000000'
    'x-ms-version': 'REDACTED'
    'x-ms-client-request-id': '165a246a-0d01-11f1-8489-765227f64d11'
    'Date': 'Wed, 18 Feb 2026 19:36:14 GMT'
2026-02-18 20:36:14,801 - azure.core.pipeline.policies.http_logging_policy - INFO - Request URL: 'https://woningmarktintelx9.blob.core.windows.net/dna-platform-data/dna-platform/data/bronze/bronze_vehicles_20260218T193610Z.parquet'
Request method: 'GET'
Request headers:
    'x-ms-range': 'REDACTED'
    'x-ms-version': 'REDACTED'
    'Accept': 'application/xml'
    'User-Agent': 'azsdk-python-storage-dfs/12.23.0 Python/3.14.2 (macOS-15.6.1-arm64-arm-64bit-Mach-O)'
    'x-ms-date': 'REDACTED'
    'x-ms-client-request-id': '1673ca5a-0d01-11f1-8489-765227f64d11'
    'Authorization': 'REDACTED'
No body was attached to the request
2026-02-18 20:36:15,118 - azure.core.pipeline.policies.http_logging_policy - INFO - Response status: 206
Response headers:
    'Content-Length': '6365'
    'Content-Type': 'application/octet-stream'
    'Content-Range': 'REDACTED'
    'Last-Modified': 'Wed, 18 Feb 2026 19:36:13 GMT'
    'Accept-Ranges': 'REDACTED'
    'ETag': '"0x8DE6F24F9A91D18"'
    'Server': 'Windows-Azure-Blob/1.0 Microsoft-HTTPAPI/2.0'
    'x-ms-request-id': '94070156-001e-0072-030d-a13d7e000000'
    'x-ms-client-request-id': '1673ca5a-0d01-11f1-8489-765227f64d11'
    'x-ms-version': 'REDACTED'
    'x-ms-resource-type': 'REDACTED'
    'x-ms-creation-time': 'REDACTED'
    'x-ms-lease-status': 'REDACTED'
    'x-ms-lease-state': 'REDACTED'
    'x-ms-blob-type': 'REDACTED'
    'x-ms-server-encrypted': 'REDACTED'
    'x-ms-owner': 'REDACTED'
    'x-ms-group': 'REDACTED'
    'x-ms-permissions': 'REDACTED'
    'x-ms-acl': 'REDACTED'
    'Date': 'Wed, 18 Feb 2026 19:36:14 GMT'
2026-02-18 20:36:15,125 - src.core.storage - INFO - Successfully read 40 rows from ADLS: dna-platform/data/bronze/bronze_vehicles_20260218T193610Z.parquet
2026-02-18 20:36:15,125 - src.core.utils - INFO - Bronze vehicles input: 40 rows, 13 columns
2026-02-18 20:36:15,128 - src.core.utils - INFO - Transformed silver vehicles: 40 rows, 13 columns
2026-02-18 20:36:15,128 - src.core.storage - INFO - Writing DataFrame to silver/silver_clean_vehicles_20260218T193615Z.parquet using adls backend
2026-02-18 20:36:15,128 - src.core.storage - INFO - Writing DataFrame (40 rows, 14 columns) to ADLS: abfss://dna-platform-data@woningmarktintelx9.dfs.core.windows.net/dna-platform/data/silver/silver_clean_vehicles_20260218T193615Z.parquet
2026-02-18 20:36:15,130 - azure.core.pipeline.policies.http_logging_policy - INFO - Request URL: 'https://woningmarktintelx9.blob.core.windows.net/dna-platform-data?restype=REDACTED'
Request method: 'GET'
Request headers:
    'x-ms-version': 'REDACTED'
    'Accept': 'application/xml'
    'User-Agent': 'azsdk-python-storage-dfs/12.23.0 Python/3.14.2 (macOS-15.6.1-arm64-arm-64bit-Mach-O)'
    'x-ms-date': 'REDACTED'
    'x-ms-client-request-id': '16a612e4-0d01-11f1-8489-765227f64d11'
    'Authorization': 'REDACTED'
No body was attached to the request
2026-02-18 20:36:15,316 - azure.core.pipeline.policies.http_logging_policy - INFO - Response status: 200
Response headers:
    'Content-Length': '0'
    'Last-Modified': 'Wed, 18 Feb 2026 19:12:05 GMT'
    'ETag': '"0x8DE6F219B11A707"'
    'Server': 'Windows-Azure-Blob/1.0 Microsoft-HTTPAPI/2.0'
    'x-ms-request-id': '3f347e35-f01e-0076-4a0d-a1b079000000'
    'x-ms-client-request-id': '16a612e4-0d01-11f1-8489-765227f64d11'
    'x-ms-version': 'REDACTED'
    'x-ms-lease-status': 'REDACTED'
    'x-ms-lease-state': 'REDACTED'
    'x-ms-has-immutability-policy': 'REDACTED'
    'x-ms-has-legal-hold': 'REDACTED'
    'x-ms-immutable-storage-with-versioning-enabled': 'REDACTED'
    'x-ms-default-encryption-scope': 'REDACTED'
    'x-ms-deny-encryption-scope-override': 'REDACTED'
    'Date': 'Wed, 18 Feb 2026 19:36:14 GMT'
2026-02-18 20:36:15,316 - azure.core.pipeline.policies.http_logging_policy - INFO - Request URL: 'https://woningmarktintelx9.dfs.core.windows.net/dna-platform-data/dna-platform/data/silver?resource=REDACTED'
Request method: 'PUT'
Request headers:
    'x-ms-version': 'REDACTED'
    'Accept': 'application/json'
    'User-Agent': 'azsdk-python-storage-dfs/12.23.0 Python/3.14.2 (macOS-15.6.1-arm64-arm-64bit-Mach-O)'
    'x-ms-date': 'REDACTED'
    'x-ms-client-request-id': '16c2745c-0d01-11f1-8489-765227f64d11'
    'Authorization': 'REDACTED'
No body was attached to the request
2026-02-18 20:36:15,701 - azure.core.pipeline.policies.http_logging_policy - INFO - Response status: 201
Response headers:
    'Last-Modified': 'Wed, 18 Feb 2026 19:36:15 GMT'
    'ETag': '"0x8DE6F24FB3AAC30"'
    'Server': 'Windows-Azure-HDFS/1.0 Microsoft-HTTPAPI/2.0'
    'x-ms-request-server-encrypted': 'REDACTED'
    'x-ms-request-id': 'f89de416-b01f-0067-180d-a12acd000000'
    'x-ms-version': 'REDACTED'
    'x-ms-client-request-id': '16c2745c-0d01-11f1-8489-765227f64d11'
    'Date': 'Wed, 18 Feb 2026 19:36:14 GMT'
    'Content-Length': '0'
2026-02-18 20:36:15,702 - azure.core.pipeline.policies.http_logging_policy - INFO - Request URL: 'https://woningmarktintelx9.dfs.core.windows.net/dna-platform-data/dna-platform/data/silver/silver_clean_vehicles_20260218T193615Z.parquet?resource=REDACTED'
Request method: 'PUT'
Request headers:
    'x-ms-version': 'REDACTED'
    'Accept': 'application/json'
    'User-Agent': 'azsdk-python-storage-dfs/12.23.0 Python/3.14.2 (macOS-15.6.1-arm64-arm-64bit-Mach-O)'
    'x-ms-date': 'REDACTED'
    'x-ms-client-request-id': '16fd4ef6-0d01-11f1-8489-765227f64d11'
    'Authorization': 'REDACTED'
No body was attached to the request
2026-02-18 20:36:15,743 - azure.core.pipeline.policies.http_logging_policy - INFO - Response status: 201
Response headers:
    'Last-Modified': 'Wed, 18 Feb 2026 19:36:15 GMT'
    'ETag': '"0x8DE6F24FB4092A4"'
    'Server': 'Windows-Azure-HDFS/1.0 Microsoft-HTTPAPI/2.0'
    'x-ms-request-server-encrypted': 'REDACTED'
    'x-ms-request-id': 'f89de41c-b01f-0067-1e0d-a12acd000000'
    'x-ms-version': 'REDACTED'
    'x-ms-client-request-id': '16fd4ef6-0d01-11f1-8489-765227f64d11'
    'Date': 'Wed, 18 Feb 2026 19:36:14 GMT'
    'Content-Length': '0'
2026-02-18 20:36:15,744 - azure.core.pipeline.policies.http_logging_policy - INFO - Request URL: 'https://woningmarktintelx9.dfs.core.windows.net/dna-platform-data/dna-platform/data/silver/silver_clean_vehicles_20260218T193615Z.parquet?action=REDACTED&position=REDACTED'
Request method: 'PATCH'
Request headers:
    'Content-Length': '6799'
    'x-ms-version': 'REDACTED'
    'Content-Type': 'application/json'
    'Accept': 'application/json'
    'User-Agent': 'azsdk-python-storage-dfs/12.23.0 Python/3.14.2 (macOS-15.6.1-arm64-arm-64bit-Mach-O)'
    'x-ms-date': 'REDACTED'
    'x-ms-client-request-id': '1703b8f4-0d01-11f1-8489-765227f64d11'
    'Authorization': 'REDACTED'
A body is sent with the request
2026-02-18 20:36:15,805 - azure.core.pipeline.policies.http_logging_policy - INFO - Response status: 202
Response headers:
    'Server': 'Windows-Azure-HDFS/1.0 Microsoft-HTTPAPI/2.0'
    'x-ms-request-server-encrypted': 'REDACTED'
    'x-ms-request-id': 'f89de422-b01f-0067-240d-a12acd000000'
    'x-ms-version': 'REDACTED'
    'x-ms-client-request-id': '1703b8f4-0d01-11f1-8489-765227f64d11'
    'Date': 'Wed, 18 Feb 2026 19:36:15 GMT'
    'Content-Length': '0'
2026-02-18 20:36:15,805 - azure.core.pipeline.policies.http_logging_policy - INFO - Request URL: 'https://woningmarktintelx9.dfs.core.windows.net/dna-platform-data/dna-platform/data/silver/silver_clean_vehicles_20260218T193615Z.parquet?action=REDACTED&position=REDACTED&close=REDACTED'
Request method: 'PATCH'
Request headers:
    'If-Match': '"0x8DE6F24FB4092A4"'
    'x-ms-version': 'REDACTED'
    'Accept': 'application/json'
    'User-Agent': 'azsdk-python-storage-dfs/12.23.0 Python/3.14.2 (macOS-15.6.1-arm64-arm-64bit-Mach-O)'
    'x-ms-date': 'REDACTED'
    'x-ms-client-request-id': '170d1282-0d01-11f1-8489-765227f64d11'
    'Authorization': 'REDACTED'
No body was attached to the request
2026-02-18 20:36:15,900 - azure.core.pipeline.policies.http_logging_policy - INFO - Response status: 200
Response headers:
    'Last-Modified': 'Wed, 18 Feb 2026 19:36:15 GMT'
    'ETag': '"0x8DE6F24FB55E4C8"'
    'Server': 'Windows-Azure-HDFS/1.0 Microsoft-HTTPAPI/2.0'
    'x-ms-request-server-encrypted': 'REDACTED'
    'x-ms-request-id': 'f89de428-b01f-0067-2a0d-a12acd000000'
    'x-ms-version': 'REDACTED'
    'x-ms-client-request-id': '170d1282-0d01-11f1-8489-765227f64d11'
    'Date': 'Wed, 18 Feb 2026 19:36:15 GMT'
    'Content-Length': '0'
2026-02-18 20:36:15,900 - src.core.storage - INFO - Successfully uploaded 0 bytes to ADLS: abfss://dna-platform-data@woningmarktintelx9.dfs.core.windows.net/dna-platform/data/silver/silver_clean_vehicles_20260218T193615Z.parquet
2026-02-18 20:36:15,901 - src.core.storage - INFO - ADLS write successful: abfss://dna-platform-data@woningmarktintelx9.dfs.core.windows.net/dna-platform/data/silver/silver_clean_vehicles_20260218T193615Z.parquet
2026-02-18 20:36:15,903 - src.core.storage - INFO - Successfully wrote 40 rows to local storage: /Users/taniskarigar/test-polster/dna-platform/data/silver/sample_silver_clean_vehicles_20260218T193615Z.parquet
2026-02-18 20:36:15,903 - src.core.silver_clean_vehicles - INFO - Silver vehicles transformation completed: abfss://dna-platform-data@woningmarktintelx9.dfs.core.windows.net/dna-platform/data/silver/silver_clean_vehicles_20260218T193615Z.parquet
2026-02-18 20:36:15,903 - src.core.utils - INFO - Completed operation 'silver vehicles transformation' in 1.38 seconds
2026-02-18 20:36:15 +0100 - dagster - DEBUG - __ASSET_JOB - ff8c8baa-c087-4cfa-ba86-91061ea4a16d - 39119 - run_silver_clean_vehicles - STEP_OUTPUT - Yielded output "result" of type "Any". (Type check passed).
2026-02-18 20:36:15 +0100 - dagster - DEBUG - __ASSET_JOB - ff8c8baa-c087-4cfa-ba86-91061ea4a16d - run_silver_clean_vehicles - Writing file at: /Users/taniskarigar/test-polster/dna-platform/.dagster/storage/run_silver_clean_vehicles using PickledObjectFilesystemIOManager...
2026-02-18 20:36:15 +0100 - dagster - DEBUG - __ASSET_JOB - ff8c8baa-c087-4cfa-ba86-91061ea4a16d - 39119 - run_silver_clean_vehicles - ASSET_MATERIALIZATION - Materialized value run_silver_clean_vehicles.
2026-02-18 20:36:15 +0100 - dagster - DEBUG - __ASSET_JOB - ff8c8baa-c087-4cfa-ba86-91061ea4a16d - 39119 - run_silver_clean_vehicles - HANDLED_OUTPUT - Handled output "result" using IO manager "io_manager"
2026-02-18 20:36:15 +0100 - dagster - DEBUG - __ASSET_JOB - ff8c8baa-c087-4cfa-ba86-91061ea4a16d - 39119 - run_silver_clean_vehicles - STEP_SUCCESS - Finished execution of step "run_silver_clean_vehicles" in 1.43s.
