2026-02-18 20:36:10 +0100 - dagster - DEBUG - __ASSET_JOB - ff8c8baa-c087-4cfa-ba86-91061ea4a16d - 39065 - LOGS_CAPTURED - Started capturing logs in process (pid: 39065).
2026-02-18 20:36:10 +0100 - dagster - DEBUG - __ASSET_JOB - ff8c8baa-c087-4cfa-ba86-91061ea4a16d - 39065 - run_bronze_agents - STEP_START - Started execution of step "run_bronze_agents".
2026-02-18 20:36:10,600 - src.core.utils - INFO - Starting operation: bronze agents extraction
2026-02-18 20:36:10,600 - src.core.bronze_agents - INFO - Starting bronze agents extraction
2026-02-18 20:36:10,627 - src.core.utils - INFO - Bronze agents output: 20 rows, 12 columns
2026-02-18 20:36:10,629 - src.core.storage - INFO - Writing DataFrame to bronze/bronze_agents_20260218T193610Z.parquet using adls backend
2026-02-18 20:36:10,629 - src.core.storage - INFO - Writing DataFrame (20 rows, 12 columns) to ADLS: abfss://dna-platform-data@woningmarktintelx9.dfs.core.windows.net/dna-platform/data/bronze/bronze_agents_20260218T193610Z.parquet
2026-02-18 20:36:10,840 - azure.core.pipeline.policies.http_logging_policy - INFO - Request URL: 'https://woningmarktintelx9.blob.core.windows.net/dna-platform-data?restype=REDACTED'
Request method: 'GET'
Request headers:
    'x-ms-version': 'REDACTED'
    'Accept': 'application/xml'
    'User-Agent': 'azsdk-python-storage-dfs/12.23.0 Python/3.14.2 (macOS-15.6.1-arm64-arm-64bit-Mach-O)'
    'x-ms-date': 'REDACTED'
    'x-ms-client-request-id': '14177216-0d01-11f1-a5de-765227f64d11'
    'Authorization': 'REDACTED'
No body was attached to the request
2026-02-18 20:36:11,606 - azure.core.pipeline.policies.http_logging_policy - INFO - Response status: 200
Response headers:
    'Content-Length': '0'
    'Last-Modified': 'Wed, 18 Feb 2026 19:12:05 GMT'
    'ETag': '"0x8DE6F219B11A707"'
    'Server': 'Windows-Azure-Blob/1.0 Microsoft-HTTPAPI/2.0'
    'x-ms-request-id': '584cc062-601e-0029-320d-a10445000000'
    'x-ms-client-request-id': '14177216-0d01-11f1-a5de-765227f64d11'
    'x-ms-version': 'REDACTED'
    'x-ms-lease-status': 'REDACTED'
    'x-ms-lease-state': 'REDACTED'
    'x-ms-has-immutability-policy': 'REDACTED'
    'x-ms-has-legal-hold': 'REDACTED'
    'x-ms-immutable-storage-with-versioning-enabled': 'REDACTED'
    'x-ms-default-encryption-scope': 'REDACTED'
    'x-ms-deny-encryption-scope-override': 'REDACTED'
    'Date': 'Wed, 18 Feb 2026 19:36:10 GMT'
2026-02-18 20:36:11,608 - azure.core.pipeline.policies.http_logging_policy - INFO - Request URL: 'https://woningmarktintelx9.dfs.core.windows.net/dna-platform-data/dna-platform/data/bronze?resource=REDACTED'
Request method: 'PUT'
Request headers:
    'x-ms-version': 'REDACTED'
    'Accept': 'application/json'
    'User-Agent': 'azsdk-python-storage-dfs/12.23.0 Python/3.14.2 (macOS-15.6.1-arm64-arm-64bit-Mach-O)'
    'x-ms-date': 'REDACTED'
    'x-ms-client-request-id': '148ca0cc-0d01-11f1-a5de-765227f64d11'
    'Authorization': 'REDACTED'
No body was attached to the request
2026-02-18 20:36:12,496 - azure.core.pipeline.policies.http_logging_policy - INFO - Response status: 201
Response headers:
    'Last-Modified': 'Wed, 18 Feb 2026 19:36:12 GMT'
    'ETag': '"0x8DE6F24F94924EC"'
    'Server': 'Windows-Azure-HDFS/1.0 Microsoft-HTTPAPI/2.0'
    'x-ms-request-server-encrypted': 'REDACTED'
    'x-ms-request-id': '749b7028-f01f-0049-690d-a178da000000'
    'x-ms-version': 'REDACTED'
    'x-ms-client-request-id': '148ca0cc-0d01-11f1-a5de-765227f64d11'
    'Date': 'Wed, 18 Feb 2026 19:36:11 GMT'
    'Content-Length': '0'
2026-02-18 20:36:12,498 - azure.core.pipeline.policies.http_logging_policy - INFO - Request URL: 'https://woningmarktintelx9.dfs.core.windows.net/dna-platform-data/dna-platform/data/bronze/bronze_agents_20260218T193610Z.parquet?resource=REDACTED'
Request method: 'PUT'
Request headers:
    'x-ms-version': 'REDACTED'
    'Accept': 'application/json'
    'User-Agent': 'azsdk-python-storage-dfs/12.23.0 Python/3.14.2 (macOS-15.6.1-arm64-arm-64bit-Mach-O)'
    'x-ms-date': 'REDACTED'
    'x-ms-client-request-id': '15145e72-0d01-11f1-a5de-765227f64d11'
    'Authorization': 'REDACTED'
No body was attached to the request
2026-02-18 20:36:12,970 - azure.core.pipeline.policies.http_logging_policy - INFO - Response status: 201
Response headers:
    'Last-Modified': 'Wed, 18 Feb 2026 19:36:13 GMT'
    'ETag': '"0x8DE6F24F99A0068"'
    'Server': 'Windows-Azure-HDFS/1.0 Microsoft-HTTPAPI/2.0'
    'x-ms-request-server-encrypted': 'REDACTED'
    'x-ms-request-id': '749b7059-f01f-0049-1a0d-a178da000000'
    'x-ms-version': 'REDACTED'
    'x-ms-client-request-id': '15145e72-0d01-11f1-a5de-765227f64d11'
    'Date': 'Wed, 18 Feb 2026 19:36:12 GMT'
    'Content-Length': '0'
2026-02-18 20:36:12,971 - azure.core.pipeline.policies.http_logging_policy - INFO - Request URL: 'https://woningmarktintelx9.dfs.core.windows.net/dna-platform-data/dna-platform/data/bronze/bronze_agents_20260218T193610Z.parquet?action=REDACTED&position=REDACTED'
Request method: 'PATCH'
Request headers:
    'Content-Length': '6165'
    'x-ms-version': 'REDACTED'
    'Content-Type': 'application/json'
    'Accept': 'application/json'
    'User-Agent': 'azsdk-python-storage-dfs/12.23.0 Python/3.14.2 (macOS-15.6.1-arm64-arm-64bit-Mach-O)'
    'x-ms-date': 'REDACTED'
    'x-ms-client-request-id': '155c8260-0d01-11f1-a5de-765227f64d11'
    'Authorization': 'REDACTED'
A body is sent with the request
2026-02-18 20:36:13,036 - azure.core.pipeline.policies.http_logging_policy - INFO - Response status: 202
Response headers:
    'Server': 'Windows-Azure-HDFS/1.0 Microsoft-HTTPAPI/2.0'
    'x-ms-request-server-encrypted': 'REDACTED'
    'x-ms-request-id': '749b705b-f01f-0049-1c0d-a178da000000'
    'x-ms-version': 'REDACTED'
    'x-ms-client-request-id': '155c8260-0d01-11f1-a5de-765227f64d11'
    'Date': 'Wed, 18 Feb 2026 19:36:12 GMT'
    'Content-Length': '0'
2026-02-18 20:36:13,037 - azure.core.pipeline.policies.http_logging_policy - INFO - Request URL: 'https://woningmarktintelx9.dfs.core.windows.net/dna-platform-data/dna-platform/data/bronze/bronze_agents_20260218T193610Z.parquet?action=REDACTED&position=REDACTED&close=REDACTED'
Request method: 'PATCH'
Request headers:
    'If-Match': '"0x8DE6F24F99A0068"'
    'x-ms-version': 'REDACTED'
    'Accept': 'application/json'
    'User-Agent': 'azsdk-python-storage-dfs/12.23.0 Python/3.14.2 (macOS-15.6.1-arm64-arm-64bit-Mach-O)'
    'x-ms-date': 'REDACTED'
    'x-ms-client-request-id': '156699e4-0d01-11f1-a5de-765227f64d11'
    'Authorization': 'REDACTED'
No body was attached to the request
2026-02-18 20:36:13,099 - azure.core.pipeline.policies.http_logging_policy - INFO - Response status: 200
Response headers:
    'Last-Modified': 'Wed, 18 Feb 2026 19:36:13 GMT'
    'ETag': '"0x8DE6F24F9AD40D8"'
    'Server': 'Windows-Azure-HDFS/1.0 Microsoft-HTTPAPI/2.0'
    'x-ms-request-server-encrypted': 'REDACTED'
    'x-ms-request-id': '749b705f-f01f-0049-200d-a178da000000'
    'x-ms-version': 'REDACTED'
    'x-ms-client-request-id': '156699e4-0d01-11f1-a5de-765227f64d11'
    'Date': 'Wed, 18 Feb 2026 19:36:12 GMT'
    'Content-Length': '0'
2026-02-18 20:36:13,099 - src.core.storage - INFO - Successfully uploaded 0 bytes to ADLS: abfss://dna-platform-data@woningmarktintelx9.dfs.core.windows.net/dna-platform/data/bronze/bronze_agents_20260218T193610Z.parquet
2026-02-18 20:36:13,101 - src.core.storage - INFO - ADLS write successful: abfss://dna-platform-data@woningmarktintelx9.dfs.core.windows.net/dna-platform/data/bronze/bronze_agents_20260218T193610Z.parquet
2026-02-18 20:36:13,104 - src.core.storage - INFO - Successfully wrote 20 rows to local storage: /Users/taniskarigar/test-polster/dna-platform/data/bronze/sample_bronze_agents_20260218T193610Z.parquet
2026-02-18 20:36:13,104 - src.core.bronze_agents - INFO - Bronze agents extraction completed: abfss://dna-platform-data@woningmarktintelx9.dfs.core.windows.net/dna-platform/data/bronze/bronze_agents_20260218T193610Z.parquet
2026-02-18 20:36:13,104 - src.core.utils - INFO - Completed operation 'bronze agents extraction' in 2.50 seconds
2026-02-18 20:36:13 +0100 - dagster - DEBUG - __ASSET_JOB - ff8c8baa-c087-4cfa-ba86-91061ea4a16d - 39065 - run_bronze_agents - STEP_OUTPUT - Yielded output "result" of type "Any". (Type check passed).
2026-02-18 20:36:13 +0100 - dagster - DEBUG - __ASSET_JOB - ff8c8baa-c087-4cfa-ba86-91061ea4a16d - run_bronze_agents - Writing file at: /Users/taniskarigar/test-polster/dna-platform/.dagster/storage/run_bronze_agents using PickledObjectFilesystemIOManager...
2026-02-18 20:36:13,116 - alembic.runtime.migration - INFO - Context impl SQLiteImpl.
2026-02-18 20:36:13,116 - alembic.runtime.migration - INFO - Will assume non-transactional DDL.
2026-02-18 20:36:13 +0100 - dagster - DEBUG - __ASSET_JOB - ff8c8baa-c087-4cfa-ba86-91061ea4a16d - 39065 - run_bronze_agents - ASSET_MATERIALIZATION - Materialized value run_bronze_agents.
2026-02-18 20:36:13 +0100 - dagster - DEBUG - __ASSET_JOB - ff8c8baa-c087-4cfa-ba86-91061ea4a16d - 39065 - run_bronze_agents - HANDLED_OUTPUT - Handled output "result" using IO manager "io_manager"
2026-02-18 20:36:13 +0100 - dagster - DEBUG - __ASSET_JOB - ff8c8baa-c087-4cfa-ba86-91061ea4a16d - 39065 - run_bronze_agents - STEP_SUCCESS - Finished execution of step "run_bronze_agents" in 2.54s.
