2026-02-18 20:36:10 +0100 - dagster - DEBUG - __ASSET_JOB - ff8c8baa-c087-4cfa-ba86-91061ea4a16d - 39070 - LOGS_CAPTURED - Started capturing logs in process (pid: 39070).
2026-02-18 20:36:10 +0100 - dagster - DEBUG - __ASSET_JOB - ff8c8baa-c087-4cfa-ba86-91061ea4a16d - 39070 - run_bronze_vehicles - STEP_START - Started execution of step "run_bronze_vehicles".
2026-02-18 20:36:10,827 - src.core.utils - INFO - Starting operation: bronze vehicles extraction
2026-02-18 20:36:10,827 - src.core.bronze_vehicles - INFO - Starting bronze vehicles extraction
2026-02-18 20:36:10,832 - src.core.utils - INFO - Bronze vehicles output: 40 rows, 13 columns
2026-02-18 20:36:10,832 - src.core.storage - INFO - Writing DataFrame to bronze/bronze_vehicles_20260218T193610Z.parquet using adls backend
2026-02-18 20:36:10,833 - src.core.storage - INFO - Writing DataFrame (40 rows, 13 columns) to ADLS: abfss://dna-platform-data@woningmarktintelx9.dfs.core.windows.net/dna-platform/data/bronze/bronze_vehicles_20260218T193610Z.parquet
2026-02-18 20:36:10,928 - azure.core.pipeline.policies.http_logging_policy - INFO - Request URL: 'https://woningmarktintelx9.blob.core.windows.net/dna-platform-data?restype=REDACTED'
Request method: 'GET'
Request headers:
    'x-ms-version': 'REDACTED'
    'Accept': 'application/xml'
    'User-Agent': 'azsdk-python-storage-dfs/12.23.0 Python/3.14.2 (macOS-15.6.1-arm64-arm-64bit-Mach-O)'
    'x-ms-date': 'REDACTED'
    'x-ms-client-request-id': '1424da96-0d01-11f1-9e20-765227f64d11'
    'Authorization': 'REDACTED'
No body was attached to the request
2026-02-18 20:36:11,606 - azure.core.pipeline.policies.http_logging_policy - INFO - Response status: 200
Response headers:
    'Content-Length': '0'
    'Last-Modified': 'Wed, 18 Feb 2026 19:12:05 GMT'
    'ETag': '"0x8DE6F219B11A707"'
    'Server': 'Windows-Azure-Blob/1.0 Microsoft-HTTPAPI/2.0'
    'x-ms-request-id': '5eb6b360-101e-001c-2b0d-a16851000000'
    'x-ms-client-request-id': '1424da96-0d01-11f1-9e20-765227f64d11'
    'x-ms-version': 'REDACTED'
    'x-ms-lease-status': 'REDACTED'
    'x-ms-lease-state': 'REDACTED'
    'x-ms-has-immutability-policy': 'REDACTED'
    'x-ms-has-legal-hold': 'REDACTED'
    'x-ms-immutable-storage-with-versioning-enabled': 'REDACTED'
    'x-ms-default-encryption-scope': 'REDACTED'
    'x-ms-deny-encryption-scope-override': 'REDACTED'
    'Date': 'Wed, 18 Feb 2026 19:36:11 GMT'
2026-02-18 20:36:11,607 - azure.core.pipeline.policies.http_logging_policy - INFO - Request URL: 'https://woningmarktintelx9.dfs.core.windows.net/dna-platform-data/dna-platform/data/bronze?resource=REDACTED'
Request method: 'PUT'
Request headers:
    'x-ms-version': 'REDACTED'
    'Accept': 'application/json'
    'User-Agent': 'azsdk-python-storage-dfs/12.23.0 Python/3.14.2 (macOS-15.6.1-arm64-arm-64bit-Mach-O)'
    'x-ms-date': 'REDACTED'
    'x-ms-client-request-id': '148c7a98-0d01-11f1-9e20-765227f64d11'
    'Authorization': 'REDACTED'
No body was attached to the request
2026-02-18 20:36:12,492 - azure.core.pipeline.policies.http_logging_policy - INFO - Response status: 201
Response headers:
    'Last-Modified': 'Wed, 18 Feb 2026 19:36:12 GMT'
    'ETag': '"0x8DE6F24F92E4444"'
    'Server': 'Windows-Azure-HDFS/1.0 Microsoft-HTTPAPI/2.0'
    'x-ms-request-server-encrypted': 'REDACTED'
    'x-ms-request-id': 'f035894d-e01f-0027-340d-a12df5000000'
    'x-ms-version': 'REDACTED'
    'x-ms-client-request-id': '148c7a98-0d01-11f1-9e20-765227f64d11'
    'Date': 'Wed, 18 Feb 2026 19:36:11 GMT'
    'Content-Length': '0'
2026-02-18 20:36:12,494 - azure.core.pipeline.policies.http_logging_policy - INFO - Request URL: 'https://woningmarktintelx9.dfs.core.windows.net/dna-platform-data/dna-platform/data/bronze/bronze_vehicles_20260218T193610Z.parquet?resource=REDACTED'
Request method: 'PUT'
Request headers:
    'x-ms-version': 'REDACTED'
    'Accept': 'application/json'
    'User-Agent': 'azsdk-python-storage-dfs/12.23.0 Python/3.14.2 (macOS-15.6.1-arm64-arm-64bit-Mach-O)'
    'x-ms-date': 'REDACTED'
    'x-ms-client-request-id': '1513bb02-0d01-11f1-9e20-765227f64d11'
    'Authorization': 'REDACTED'
No body was attached to the request
2026-02-18 20:36:12,970 - azure.core.pipeline.policies.http_logging_policy - INFO - Response status: 201
Response headers:
    'Last-Modified': 'Wed, 18 Feb 2026 19:36:13 GMT'
    'ETag': '"0x8DE6F24F99A0068"'
    'Server': 'Windows-Azure-HDFS/1.0 Microsoft-HTTPAPI/2.0'
    'x-ms-request-server-encrypted': 'REDACTED'
    'x-ms-request-id': 'f035897b-e01f-0027-610d-a12df5000000'
    'x-ms-version': 'REDACTED'
    'x-ms-client-request-id': '1513bb02-0d01-11f1-9e20-765227f64d11'
    'Date': 'Wed, 18 Feb 2026 19:36:12 GMT'
    'Content-Length': '0'
2026-02-18 20:36:12,971 - azure.core.pipeline.policies.http_logging_policy - INFO - Request URL: 'https://woningmarktintelx9.dfs.core.windows.net/dna-platform-data/dna-platform/data/bronze/bronze_vehicles_20260218T193610Z.parquet?action=REDACTED&position=REDACTED'
Request method: 'PATCH'
Request headers:
    'Content-Length': '6365'
    'x-ms-version': 'REDACTED'
    'Content-Type': 'application/json'
    'Accept': 'application/json'
    'User-Agent': 'azsdk-python-storage-dfs/12.23.0 Python/3.14.2 (macOS-15.6.1-arm64-arm-64bit-Mach-O)'
    'x-ms-date': 'REDACTED'
    'x-ms-client-request-id': '155c835a-0d01-11f1-9e20-765227f64d11'
    'Authorization': 'REDACTED'
A body is sent with the request
2026-02-18 20:36:13,008 - azure.core.pipeline.policies.http_logging_policy - INFO - Response status: 202
Response headers:
    'Server': 'Windows-Azure-HDFS/1.0 Microsoft-HTTPAPI/2.0'
    'x-ms-request-server-encrypted': 'REDACTED'
    'x-ms-request-id': 'f035897f-e01f-0027-650d-a12df5000000'
    'x-ms-version': 'REDACTED'
    'x-ms-client-request-id': '155c835a-0d01-11f1-9e20-765227f64d11'
    'Date': 'Wed, 18 Feb 2026 19:36:12 GMT'
    'Content-Length': '0'
2026-02-18 20:36:13,009 - azure.core.pipeline.policies.http_logging_policy - INFO - Request URL: 'https://woningmarktintelx9.dfs.core.windows.net/dna-platform-data/dna-platform/data/bronze/bronze_vehicles_20260218T193610Z.parquet?action=REDACTED&position=REDACTED&close=REDACTED'
Request method: 'PATCH'
Request headers:
    'If-Match': '"0x8DE6F24F99A0068"'
    'x-ms-version': 'REDACTED'
    'Accept': 'application/json'
    'User-Agent': 'azsdk-python-storage-dfs/12.23.0 Python/3.14.2 (macOS-15.6.1-arm64-arm-64bit-Mach-O)'
    'x-ms-date': 'REDACTED'
    'x-ms-client-request-id': '15626658-0d01-11f1-9e20-765227f64d11'
    'Authorization': 'REDACTED'
No body was attached to the request
2026-02-18 20:36:13,069 - azure.core.pipeline.policies.http_logging_policy - INFO - Response status: 200
Response headers:
    'Last-Modified': 'Wed, 18 Feb 2026 19:36:13 GMT'
    'ETag': '"0x8DE6F24F9A91D18"'
    'Server': 'Windows-Azure-HDFS/1.0 Microsoft-HTTPAPI/2.0'
    'x-ms-request-server-encrypted': 'REDACTED'
    'x-ms-request-id': 'f0358980-e01f-0027-660d-a12df5000000'
    'x-ms-version': 'REDACTED'
    'x-ms-client-request-id': '15626658-0d01-11f1-9e20-765227f64d11'
    'Date': 'Wed, 18 Feb 2026 19:36:12 GMT'
    'Content-Length': '0'
2026-02-18 20:36:13,070 - src.core.storage - INFO - Successfully uploaded 0 bytes to ADLS: abfss://dna-platform-data@woningmarktintelx9.dfs.core.windows.net/dna-platform/data/bronze/bronze_vehicles_20260218T193610Z.parquet
2026-02-18 20:36:13,072 - src.core.storage - INFO - ADLS write successful: abfss://dna-platform-data@woningmarktintelx9.dfs.core.windows.net/dna-platform/data/bronze/bronze_vehicles_20260218T193610Z.parquet
2026-02-18 20:36:13,073 - src.core.storage - INFO - Successfully wrote 40 rows to local storage: /Users/taniskarigar/test-polster/dna-platform/data/bronze/sample_bronze_vehicles_20260218T193610Z.parquet
2026-02-18 20:36:13,073 - src.core.bronze_vehicles - INFO - Bronze vehicles extraction completed: abfss://dna-platform-data@woningmarktintelx9.dfs.core.windows.net/dna-platform/data/bronze/bronze_vehicles_20260218T193610Z.parquet
2026-02-18 20:36:13,073 - src.core.utils - INFO - Completed operation 'bronze vehicles extraction' in 2.25 seconds
2026-02-18 20:36:13 +0100 - dagster - DEBUG - __ASSET_JOB - ff8c8baa-c087-4cfa-ba86-91061ea4a16d - 39070 - run_bronze_vehicles - STEP_OUTPUT - Yielded output "result" of type "Any". (Type check passed).
2026-02-18 20:36:13 +0100 - dagster - DEBUG - __ASSET_JOB - ff8c8baa-c087-4cfa-ba86-91061ea4a16d - run_bronze_vehicles - Writing file at: /Users/taniskarigar/test-polster/dna-platform/.dagster/storage/run_bronze_vehicles using PickledObjectFilesystemIOManager...
2026-02-18 20:36:13,084 - alembic.runtime.migration - INFO - Context impl SQLiteImpl.
2026-02-18 20:36:13,084 - alembic.runtime.migration - INFO - Will assume non-transactional DDL.
2026-02-18 20:36:13 +0100 - dagster - DEBUG - __ASSET_JOB - ff8c8baa-c087-4cfa-ba86-91061ea4a16d - 39070 - run_bronze_vehicles - ASSET_MATERIALIZATION - Materialized value run_bronze_vehicles.
2026-02-18 20:36:13 +0100 - dagster - DEBUG - __ASSET_JOB - ff8c8baa-c087-4cfa-ba86-91061ea4a16d - 39070 - run_bronze_vehicles - HANDLED_OUTPUT - Handled output "result" using IO manager "io_manager"
2026-02-18 20:36:13 +0100 - dagster - DEBUG - __ASSET_JOB - ff8c8baa-c087-4cfa-ba86-91061ea4a16d - 39070 - run_bronze_vehicles - STEP_SUCCESS - Finished execution of step "run_bronze_vehicles" in 2.28s.
