2026-02-18 20:36:10 +0100 - dagster - DEBUG - __ASSET_JOB - ff8c8baa-c087-4cfa-ba86-91061ea4a16d - 39069 - LOGS_CAPTURED - Started capturing logs in process (pid: 39069).
2026-02-18 20:36:10 +0100 - dagster - DEBUG - __ASSET_JOB - ff8c8baa-c087-4cfa-ba86-91061ea4a16d - 39069 - run_bronze_policies - STEP_START - Started execution of step "run_bronze_policies".
2026-02-18 20:36:10,748 - src.core.utils - INFO - Starting operation: bronze policies extraction
2026-02-18 20:36:10,748 - src.core.bronze_policies - INFO - Starting bronze policies extraction
2026-02-18 20:36:10,753 - src.core.utils - INFO - Bronze policies output: 80 rows, 13 columns
2026-02-18 20:36:10,753 - src.core.storage - INFO - Writing DataFrame to bronze/bronze_policies_20260218T193610Z.parquet using adls backend
2026-02-18 20:36:10,753 - src.core.storage - INFO - Writing DataFrame (80 rows, 13 columns) to ADLS: abfss://dna-platform-data@woningmarktintelx9.dfs.core.windows.net/dna-platform/data/bronze/bronze_policies_20260218T193610Z.parquet
2026-02-18 20:36:10,877 - azure.core.pipeline.policies.http_logging_policy - INFO - Request URL: 'https://woningmarktintelx9.blob.core.windows.net/dna-platform-data?restype=REDACTED'
Request method: 'GET'
Request headers:
    'x-ms-version': 'REDACTED'
    'Accept': 'application/xml'
    'User-Agent': 'azsdk-python-storage-dfs/12.23.0 Python/3.14.2 (macOS-15.6.1-arm64-arm-64bit-Mach-O)'
    'x-ms-date': 'REDACTED'
    'x-ms-client-request-id': '141d18d8-0d01-11f1-8228-765227f64d11'
    'Authorization': 'REDACTED'
No body was attached to the request
2026-02-18 20:36:11,606 - azure.core.pipeline.policies.http_logging_policy - INFO - Response status: 200
Response headers:
    'Content-Length': '0'
    'Last-Modified': 'Wed, 18 Feb 2026 19:12:05 GMT'
    'ETag': '"0x8DE6F219B11A707"'
    'Server': 'Windows-Azure-Blob/1.0 Microsoft-HTTPAPI/2.0'
    'x-ms-request-id': '37564e98-501e-001d-790d-a1378d000000'
    'x-ms-client-request-id': '141d18d8-0d01-11f1-8228-765227f64d11'
    'x-ms-version': 'REDACTED'
    'x-ms-lease-status': 'REDACTED'
    'x-ms-lease-state': 'REDACTED'
    'x-ms-has-immutability-policy': 'REDACTED'
    'x-ms-has-legal-hold': 'REDACTED'
    'x-ms-immutable-storage-with-versioning-enabled': 'REDACTED'
    'x-ms-default-encryption-scope': 'REDACTED'
    'x-ms-deny-encryption-scope-override': 'REDACTED'
    'Date': 'Wed, 18 Feb 2026 19:36:11 GMT'
2026-02-18 20:36:11,607 - azure.core.pipeline.policies.http_logging_policy - INFO - Request URL: 'https://woningmarktintelx9.dfs.core.windows.net/dna-platform-data/dna-platform/data/bronze?resource=REDACTED'
Request method: 'PUT'
Request headers:
    'x-ms-version': 'REDACTED'
    'Accept': 'application/json'
    'User-Agent': 'azsdk-python-storage-dfs/12.23.0 Python/3.14.2 (macOS-15.6.1-arm64-arm-64bit-Mach-O)'
    'x-ms-date': 'REDACTED'
    'x-ms-client-request-id': '148c79bc-0d01-11f1-8228-765227f64d11'
    'Authorization': 'REDACTED'
No body was attached to the request
2026-02-18 20:36:12,403 - azure.core.pipeline.policies.http_logging_policy - INFO - Response status: 201
Response headers:
    'Last-Modified': 'Wed, 18 Feb 2026 19:36:12 GMT'
    'ETag': '"0x8DE6F24F91AA298"'
    'Server': 'Windows-Azure-HDFS/1.0 Microsoft-HTTPAPI/2.0'
    'x-ms-request-server-encrypted': 'REDACTED'
    'x-ms-request-id': '980f8e52-801f-000e-0f0d-a11381000000'
    'x-ms-version': 'REDACTED'
    'x-ms-client-request-id': '148c79bc-0d01-11f1-8228-765227f64d11'
    'Date': 'Wed, 18 Feb 2026 19:36:11 GMT'
    'Content-Length': '0'
2026-02-18 20:36:12,404 - azure.core.pipeline.policies.http_logging_policy - INFO - Request URL: 'https://woningmarktintelx9.dfs.core.windows.net/dna-platform-data/dna-platform/data/bronze/bronze_policies_20260218T193610Z.parquet?resource=REDACTED'
Request method: 'PUT'
Request headers:
    'x-ms-version': 'REDACTED'
    'Accept': 'application/json'
    'User-Agent': 'azsdk-python-storage-dfs/12.23.0 Python/3.14.2 (macOS-15.6.1-arm64-arm-64bit-Mach-O)'
    'x-ms-date': 'REDACTED'
    'x-ms-client-request-id': '150610ba-0d01-11f1-8228-765227f64d11'
    'Authorization': 'REDACTED'
No body was attached to the request
2026-02-18 20:36:12,496 - azure.core.pipeline.policies.http_logging_policy - INFO - Response status: 201
Response headers:
    'Last-Modified': 'Wed, 18 Feb 2026 19:36:12 GMT'
    'ETag': '"0x8DE6F24F94F7734"'
    'Server': 'Windows-Azure-HDFS/1.0 Microsoft-HTTPAPI/2.0'
    'x-ms-request-server-encrypted': 'REDACTED'
    'x-ms-request-id': '980f8e71-801f-000e-2e0d-a11381000000'
    'x-ms-version': 'REDACTED'
    'x-ms-client-request-id': '150610ba-0d01-11f1-8228-765227f64d11'
    'Date': 'Wed, 18 Feb 2026 19:36:12 GMT'
    'Content-Length': '0'
2026-02-18 20:36:12,497 - azure.core.pipeline.policies.http_logging_policy - INFO - Request URL: 'https://woningmarktintelx9.dfs.core.windows.net/dna-platform-data/dna-platform/data/bronze/bronze_policies_20260218T193610Z.parquet?action=REDACTED&position=REDACTED'
Request method: 'PATCH'
Request headers:
    'Content-Length': '8869'
    'x-ms-version': 'REDACTED'
    'Content-Type': 'application/json'
    'Accept': 'application/json'
    'User-Agent': 'azsdk-python-storage-dfs/12.23.0 Python/3.14.2 (macOS-15.6.1-arm64-arm-64bit-Mach-O)'
    'x-ms-date': 'REDACTED'
    'x-ms-client-request-id': '15144da6-0d01-11f1-8228-765227f64d11'
    'Authorization': 'REDACTED'
A body is sent with the request
2026-02-18 20:36:12,967 - azure.core.pipeline.policies.http_logging_policy - INFO - Response status: 202
Response headers:
    'Server': 'Windows-Azure-HDFS/1.0 Microsoft-HTTPAPI/2.0'
    'x-ms-request-server-encrypted': 'REDACTED'
    'x-ms-request-id': '980f8eb0-801f-000e-6c0d-a11381000000'
    'x-ms-version': 'REDACTED'
    'x-ms-client-request-id': '15144da6-0d01-11f1-8228-765227f64d11'
    'Date': 'Wed, 18 Feb 2026 19:36:12 GMT'
    'Content-Length': '0'
2026-02-18 20:36:12,968 - azure.core.pipeline.policies.http_logging_policy - INFO - Request URL: 'https://woningmarktintelx9.dfs.core.windows.net/dna-platform-data/dna-platform/data/bronze/bronze_policies_20260218T193610Z.parquet?action=REDACTED&position=REDACTED&close=REDACTED'
Request method: 'PATCH'
Request headers:
    'If-Match': '"0x8DE6F24F94F7734"'
    'x-ms-version': 'REDACTED'
    'Accept': 'application/json'
    'User-Agent': 'azsdk-python-storage-dfs/12.23.0 Python/3.14.2 (macOS-15.6.1-arm64-arm-64bit-Mach-O)'
    'x-ms-date': 'REDACTED'
    'x-ms-client-request-id': '155c1b54-0d01-11f1-8228-765227f64d11'
    'Authorization': 'REDACTED'
No body was attached to the request
2026-02-18 20:36:13,025 - azure.core.pipeline.policies.http_logging_policy - INFO - Response status: 200
Response headers:
    'Last-Modified': 'Wed, 18 Feb 2026 19:36:13 GMT'
    'ETag': '"0x8DE6F24F9A303F0"'
    'Server': 'Windows-Azure-HDFS/1.0 Microsoft-HTTPAPI/2.0'
    'x-ms-request-server-encrypted': 'REDACTED'
    'x-ms-request-id': '980f8eb7-801f-000e-730d-a11381000000'
    'x-ms-version': 'REDACTED'
    'x-ms-client-request-id': '155c1b54-0d01-11f1-8228-765227f64d11'
    'Date': 'Wed, 18 Feb 2026 19:36:12 GMT'
    'Content-Length': '0'
2026-02-18 20:36:13,025 - src.core.storage - INFO - Successfully uploaded 0 bytes to ADLS: abfss://dna-platform-data@woningmarktintelx9.dfs.core.windows.net/dna-platform/data/bronze/bronze_policies_20260218T193610Z.parquet
2026-02-18 20:36:13,029 - src.core.storage - INFO - ADLS write successful: abfss://dna-platform-data@woningmarktintelx9.dfs.core.windows.net/dna-platform/data/bronze/bronze_policies_20260218T193610Z.parquet
2026-02-18 20:36:13,032 - src.core.storage - INFO - Successfully wrote 50 rows to local storage: /Users/taniskarigar/test-polster/dna-platform/data/bronze/sample_bronze_policies_20260218T193610Z.parquet
2026-02-18 20:36:13,033 - src.core.bronze_policies - INFO - Bronze policies extraction completed: abfss://dna-platform-data@woningmarktintelx9.dfs.core.windows.net/dna-platform/data/bronze/bronze_policies_20260218T193610Z.parquet
2026-02-18 20:36:13,033 - src.core.utils - INFO - Completed operation 'bronze policies extraction' in 2.29 seconds
2026-02-18 20:36:13 +0100 - dagster - DEBUG - __ASSET_JOB - ff8c8baa-c087-4cfa-ba86-91061ea4a16d - 39069 - run_bronze_policies - STEP_OUTPUT - Yielded output "result" of type "Any". (Type check passed).
2026-02-18 20:36:13 +0100 - dagster - DEBUG - __ASSET_JOB - ff8c8baa-c087-4cfa-ba86-91061ea4a16d - run_bronze_policies - Writing file at: /Users/taniskarigar/test-polster/dna-platform/.dagster/storage/run_bronze_policies using PickledObjectFilesystemIOManager...
2026-02-18 20:36:13,050 - alembic.runtime.migration - INFO - Context impl SQLiteImpl.
2026-02-18 20:36:13,050 - alembic.runtime.migration - INFO - Will assume non-transactional DDL.
2026-02-18 20:36:13 +0100 - dagster - DEBUG - __ASSET_JOB - ff8c8baa-c087-4cfa-ba86-91061ea4a16d - 39069 - run_bronze_policies - ASSET_MATERIALIZATION - Materialized value run_bronze_policies.
2026-02-18 20:36:13 +0100 - dagster - DEBUG - __ASSET_JOB - ff8c8baa-c087-4cfa-ba86-91061ea4a16d - 39069 - run_bronze_policies - HANDLED_OUTPUT - Handled output "result" using IO manager "io_manager"
2026-02-18 20:36:13 +0100 - dagster - DEBUG - __ASSET_JOB - ff8c8baa-c087-4cfa-ba86-91061ea4a16d - 39069 - run_bronze_policies - STEP_SUCCESS - Finished execution of step "run_bronze_policies" in 2.32s.
