2026-02-18 20:36:18 +0100 - dagster - DEBUG - __ASSET_JOB - ff8c8baa-c087-4cfa-ba86-91061ea4a16d - 39181 - LOGS_CAPTURED - Started capturing logs in process (pid: 39181).
2026-02-18 20:36:18 +0100 - dagster - DEBUG - __ASSET_JOB - ff8c8baa-c087-4cfa-ba86-91061ea4a16d - 39181 - run_silver_customer_policies - STEP_START - Started execution of step "run_silver_customer_policies".
2026-02-18 20:36:18,053 - alembic.runtime.migration - INFO - Context impl SQLiteImpl.
2026-02-18 20:36:18,053 - alembic.runtime.migration - INFO - Will assume non-transactional DDL.
2026-02-18 20:36:18 +0100 - dagster - DEBUG - __ASSET_JOB - ff8c8baa-c087-4cfa-ba86-91061ea4a16d - run_silver_customer_policies - Loading file from: /Users/taniskarigar/test-polster/dna-platform/.dagster/storage/run_silver_clean_customers using PickledObjectFilesystemIOManager...
2026-02-18 20:36:18 +0100 - dagster - DEBUG - __ASSET_JOB - ff8c8baa-c087-4cfa-ba86-91061ea4a16d - 39181 - run_silver_customer_policies - LOADED_INPUT - Loaded input "run_silver_clean_customers" using input manager "io_manager", from output "result" of step "run_silver_clean_customers"
2026-02-18 20:36:18 +0100 - dagster - DEBUG - __ASSET_JOB - ff8c8baa-c087-4cfa-ba86-91061ea4a16d - run_silver_customer_policies - Loading file from: /Users/taniskarigar/test-polster/dna-platform/.dagster/storage/run_silver_clean_policies using PickledObjectFilesystemIOManager...
2026-02-18 20:36:18 +0100 - dagster - DEBUG - __ASSET_JOB - ff8c8baa-c087-4cfa-ba86-91061ea4a16d - 39181 - run_silver_customer_policies - LOADED_INPUT - Loaded input "run_silver_clean_policies" using input manager "io_manager", from output "result" of step "run_silver_clean_policies"
2026-02-18 20:36:18 +0100 - dagster - DEBUG - __ASSET_JOB - ff8c8baa-c087-4cfa-ba86-91061ea4a16d - 39181 - run_silver_customer_policies - STEP_INPUT - Got input "run_silver_clean_customers" of type "Any". (Type check passed).
2026-02-18 20:36:18 +0100 - dagster - DEBUG - __ASSET_JOB - ff8c8baa-c087-4cfa-ba86-91061ea4a16d - 39181 - run_silver_customer_policies - STEP_INPUT - Got input "run_silver_clean_policies" of type "Any". (Type check passed).
2026-02-18 20:36:18,080 - src.core.utils - INFO - Starting operation: silver customer-policies join
2026-02-18 20:36:18,080 - src.core.silver_customer_policies - INFO - Starting silver customer-policies join
2026-02-18 20:36:18,080 - src.core.storage - INFO - Reading latest parquet file from silver layer with prefix 'silver_clean_customers_' using adls backend
2026-02-18 20:36:18,155 - azure.core.pipeline.policies.http_logging_policy - INFO - Request URL: 'https://woningmarktintelx9.dfs.core.windows.net/dna-platform-data?resource=REDACTED&directory=REDACTED&recursive=REDACTED'
Request method: 'GET'
Request headers:
    'x-ms-version': 'REDACTED'
    'Accept': 'application/json'
    'User-Agent': 'azsdk-python-storage-dfs/12.23.0 Python/3.14.2 (macOS-15.6.1-arm64-arm-64bit-Mach-O)'
    'x-ms-date': 'REDACTED'
    'x-ms-client-request-id': '18739f10-0d01-11f1-b903-765227f64d11'
    'Authorization': 'REDACTED'
No body was attached to the request
2026-02-18 20:36:18,584 - azure.core.pipeline.policies.http_logging_policy - INFO - Response status: 200
Response headers:
    'Transfer-Encoding': 'chunked'
    'Content-Type': 'application/json;charset=utf-8'
    'Server': 'Windows-Azure-HDFS/1.0 Microsoft-HTTPAPI/2.0'
    'x-ms-request-id': '6f6c5323-c01f-0052-650d-a146d9000000'
    'x-ms-version': 'REDACTED'
    'x-ms-client-request-id': '18739f10-0d01-11f1-b903-765227f64d11'
    'Date': 'Wed, 18 Feb 2026 19:36:17 GMT'
2026-02-18 20:36:18,588 - azure.core.pipeline.policies.http_logging_policy - INFO - Request URL: 'https://woningmarktintelx9.blob.core.windows.net/dna-platform-data/dna-platform/data/silver/silver_clean_customers_20260218T193615Z.parquet'
Request method: 'GET'
Request headers:
    'x-ms-range': 'REDACTED'
    'x-ms-version': 'REDACTED'
    'Accept': 'application/xml'
    'User-Agent': 'azsdk-python-storage-dfs/12.23.0 Python/3.14.2 (macOS-15.6.1-arm64-arm-64bit-Mach-O)'
    'x-ms-date': 'REDACTED'
    'x-ms-client-request-id': '18b5ad42-0d01-11f1-b903-765227f64d11'
    'Authorization': 'REDACTED'
No body was attached to the request
2026-02-18 20:36:18,753 - azure.core.pipeline.policies.http_logging_policy - INFO - Response status: 206
Response headers:
    'Content-Length': '10896'
    'Content-Type': 'application/octet-stream'
    'Content-Range': 'REDACTED'
    'Last-Modified': 'Wed, 18 Feb 2026 19:36:16 GMT'
    'Accept-Ranges': 'REDACTED'
    'ETag': '"0x8DE6F24FBDBFCE8"'
    'Server': 'Windows-Azure-Blob/1.0 Microsoft-HTTPAPI/2.0'
    'x-ms-request-id': '19056a55-b01e-0077-490d-a1efa5000000'
    'x-ms-client-request-id': '18b5ad42-0d01-11f1-b903-765227f64d11'
    'x-ms-version': 'REDACTED'
    'x-ms-resource-type': 'REDACTED'
    'x-ms-creation-time': 'REDACTED'
    'x-ms-lease-status': 'REDACTED'
    'x-ms-lease-state': 'REDACTED'
    'x-ms-blob-type': 'REDACTED'
    'x-ms-server-encrypted': 'REDACTED'
    'x-ms-owner': 'REDACTED'
    'x-ms-group': 'REDACTED'
    'x-ms-permissions': 'REDACTED'
    'x-ms-acl': 'REDACTED'
    'Date': 'Wed, 18 Feb 2026 19:36:18 GMT'
2026-02-18 20:36:18,757 - src.core.storage - INFO - Successfully read 50 rows from ADLS: dna-platform/data/silver/silver_clean_customers_20260218T193615Z.parquet
2026-02-18 20:36:18,757 - src.core.storage - INFO - Reading latest parquet file from silver layer with prefix 'silver_clean_policies_' using adls backend
2026-02-18 20:36:18,759 - azure.core.pipeline.policies.http_logging_policy - INFO - Request URL: 'https://woningmarktintelx9.dfs.core.windows.net/dna-platform-data?resource=REDACTED&directory=REDACTED&recursive=REDACTED'
Request method: 'GET'
Request headers:
    'x-ms-version': 'REDACTED'
    'Accept': 'application/json'
    'User-Agent': 'azsdk-python-storage-dfs/12.23.0 Python/3.14.2 (macOS-15.6.1-arm64-arm-64bit-Mach-O)'
    'x-ms-date': 'REDACTED'
    'x-ms-client-request-id': '18cfb0f2-0d01-11f1-b903-765227f64d11'
    'Authorization': 'REDACTED'
No body was attached to the request
2026-02-18 20:36:18,922 - azure.core.pipeline.policies.http_logging_policy - INFO - Response status: 200
Response headers:
    'Transfer-Encoding': 'chunked'
    'Content-Type': 'application/json;charset=utf-8'
    'Server': 'Windows-Azure-HDFS/1.0 Microsoft-HTTPAPI/2.0'
    'x-ms-request-id': '5b9a1f9a-901f-002d-070d-a18942000000'
    'x-ms-version': 'REDACTED'
    'x-ms-client-request-id': '18cfb0f2-0d01-11f1-b903-765227f64d11'
    'Date': 'Wed, 18 Feb 2026 19:36:18 GMT'
2026-02-18 20:36:18,924 - azure.core.pipeline.policies.http_logging_policy - INFO - Request URL: 'https://woningmarktintelx9.blob.core.windows.net/dna-platform-data/dna-platform/data/silver/silver_clean_policies_20260218T193614Z.parquet'
Request method: 'GET'
Request headers:
    'x-ms-range': 'REDACTED'
    'x-ms-version': 'REDACTED'
    'Accept': 'application/xml'
    'User-Agent': 'azsdk-python-storage-dfs/12.23.0 Python/3.14.2 (macOS-15.6.1-arm64-arm-64bit-Mach-O)'
    'x-ms-date': 'REDACTED'
    'x-ms-client-request-id': '18e8dece-0d01-11f1-b903-765227f64d11'
    'Authorization': 'REDACTED'
No body was attached to the request
2026-02-18 20:36:19,084 - azure.core.pipeline.policies.http_logging_policy - INFO - Response status: 206
Response headers:
    'Content-Length': '9319'
    'Content-Type': 'application/octet-stream'
    'Content-Range': 'REDACTED'
    'Last-Modified': 'Wed, 18 Feb 2026 19:36:15 GMT'
    'Accept-Ranges': 'REDACTED'
    'ETag': '"0x8DE6F24FB433DFC"'
    'Server': 'Windows-Azure-Blob/1.0 Microsoft-HTTPAPI/2.0'
    'x-ms-request-id': '14190f2a-001e-0010-510d-a1ff59000000'
    'x-ms-client-request-id': '18e8dece-0d01-11f1-b903-765227f64d11'
    'x-ms-version': 'REDACTED'
    'x-ms-resource-type': 'REDACTED'
    'x-ms-creation-time': 'REDACTED'
    'x-ms-lease-status': 'REDACTED'
    'x-ms-lease-state': 'REDACTED'
    'x-ms-blob-type': 'REDACTED'
    'x-ms-server-encrypted': 'REDACTED'
    'x-ms-owner': 'REDACTED'
    'x-ms-group': 'REDACTED'
    'x-ms-permissions': 'REDACTED'
    'x-ms-acl': 'REDACTED'
    'Date': 'Wed, 18 Feb 2026 19:36:18 GMT'
2026-02-18 20:36:19,085 - src.core.storage - INFO - Successfully read 80 rows from ADLS: dna-platform/data/silver/silver_clean_policies_20260218T193614Z.parquet
2026-02-18 20:36:19,086 - src.core.utils - INFO - Silver customers input: 50 rows, 16 columns
2026-02-18 20:36:19,086 - src.core.utils - INFO - Silver policies input: 80 rows, 14 columns
2026-02-18 20:36:19,087 - src.core.utils - INFO - Joined silver customer-policies: 5 rows, 29 columns
2026-02-18 20:36:19,088 - src.core.storage - INFO - Writing DataFrame to silver/silver_customer_policies_20260218T193619Z.parquet using adls backend
2026-02-18 20:36:19,088 - src.core.storage - INFO - Writing DataFrame (5 rows, 29 columns) to ADLS: abfss://dna-platform-data@woningmarktintelx9.dfs.core.windows.net/dna-platform/data/silver/silver_customer_policies_20260218T193619Z.parquet
2026-02-18 20:36:19,090 - azure.core.pipeline.policies.http_logging_policy - INFO - Request URL: 'https://woningmarktintelx9.blob.core.windows.net/dna-platform-data?restype=REDACTED'
Request method: 'GET'
Request headers:
    'x-ms-version': 'REDACTED'
    'Accept': 'application/xml'
    'User-Agent': 'azsdk-python-storage-dfs/12.23.0 Python/3.14.2 (macOS-15.6.1-arm64-arm-64bit-Mach-O)'
    'x-ms-date': 'REDACTED'
    'x-ms-client-request-id': '19024148-0d01-11f1-b903-765227f64d11'
    'Authorization': 'REDACTED'
No body was attached to the request
2026-02-18 20:36:19,234 - azure.core.pipeline.policies.http_logging_policy - INFO - Response status: 200
Response headers:
    'Content-Length': '0'
    'Last-Modified': 'Wed, 18 Feb 2026 19:12:05 GMT'
    'ETag': '"0x8DE6F219B11A707"'
    'Server': 'Windows-Azure-Blob/1.0 Microsoft-HTTPAPI/2.0'
    'x-ms-request-id': '47dc84f5-701e-001a-300d-a15bee000000'
    'x-ms-client-request-id': '19024148-0d01-11f1-b903-765227f64d11'
    'x-ms-version': 'REDACTED'
    'x-ms-lease-status': 'REDACTED'
    'x-ms-lease-state': 'REDACTED'
    'x-ms-has-immutability-policy': 'REDACTED'
    'x-ms-has-legal-hold': 'REDACTED'
    'x-ms-immutable-storage-with-versioning-enabled': 'REDACTED'
    'x-ms-default-encryption-scope': 'REDACTED'
    'x-ms-deny-encryption-scope-override': 'REDACTED'
    'Date': 'Wed, 18 Feb 2026 19:36:19 GMT'
2026-02-18 20:36:19,234 - azure.core.pipeline.policies.http_logging_policy - INFO - Request URL: 'https://woningmarktintelx9.dfs.core.windows.net/dna-platform-data/dna-platform/data/silver?resource=REDACTED'
Request method: 'PUT'
Request headers:
    'x-ms-version': 'REDACTED'
    'Accept': 'application/json'
    'User-Agent': 'azsdk-python-storage-dfs/12.23.0 Python/3.14.2 (macOS-15.6.1-arm64-arm-64bit-Mach-O)'
    'x-ms-date': 'REDACTED'
    'x-ms-client-request-id': '19184e2a-0d01-11f1-b903-765227f64d11'
    'Authorization': 'REDACTED'
No body was attached to the request
2026-02-18 20:36:19,555 - azure.core.pipeline.policies.http_logging_policy - INFO - Response status: 201
Response headers:
    'Last-Modified': 'Wed, 18 Feb 2026 19:36:19 GMT'
    'ETag': '"0x8DE6F24FD87725C"'
    'Server': 'Windows-Azure-HDFS/1.0 Microsoft-HTTPAPI/2.0'
    'x-ms-request-server-encrypted': 'REDACTED'
    'x-ms-request-id': 'a4811b6f-d01f-004e-070d-a114b9000000'
    'x-ms-version': 'REDACTED'
    'x-ms-client-request-id': '19184e2a-0d01-11f1-b903-765227f64d11'
    'Date': 'Wed, 18 Feb 2026 19:36:19 GMT'
    'Content-Length': '0'
2026-02-18 20:36:19,556 - azure.core.pipeline.policies.http_logging_policy - INFO - Request URL: 'https://woningmarktintelx9.dfs.core.windows.net/dna-platform-data/dna-platform/data/silver/silver_customer_policies_20260218T193619Z.parquet?resource=REDACTED'
Request method: 'PUT'
Request headers:
    'x-ms-version': 'REDACTED'
    'Accept': 'application/json'
    'User-Agent': 'azsdk-python-storage-dfs/12.23.0 Python/3.14.2 (macOS-15.6.1-arm64-arm-64bit-Mach-O)'
    'x-ms-date': 'REDACTED'
    'x-ms-client-request-id': '19495592-0d01-11f1-b903-765227f64d11'
    'Authorization': 'REDACTED'
No body was attached to the request
2026-02-18 20:36:19,597 - azure.core.pipeline.policies.http_logging_policy - INFO - Response status: 201
Response headers:
    'Last-Modified': 'Wed, 18 Feb 2026 19:36:19 GMT'
    'ETag': '"0x8DE6F24FD8D6C70"'
    'Server': 'Windows-Azure-HDFS/1.0 Microsoft-HTTPAPI/2.0'
    'x-ms-request-server-encrypted': 'REDACTED'
    'x-ms-request-id': 'a4811b8a-d01f-004e-220d-a114b9000000'
    'x-ms-version': 'REDACTED'
    'x-ms-client-request-id': '19495592-0d01-11f1-b903-765227f64d11'
    'Date': 'Wed, 18 Feb 2026 19:36:19 GMT'
    'Content-Length': '0'
2026-02-18 20:36:19,597 - azure.core.pipeline.policies.http_logging_policy - INFO - Request URL: 'https://woningmarktintelx9.dfs.core.windows.net/dna-platform-data/dna-platform/data/silver/silver_customer_policies_20260218T193619Z.parquet?action=REDACTED&position=REDACTED'
Request method: 'PATCH'
Request headers:
    'Content-Length': '12098'
    'x-ms-version': 'REDACTED'
    'Content-Type': 'application/json'
    'Accept': 'application/json'
    'User-Agent': 'azsdk-python-storage-dfs/12.23.0 Python/3.14.2 (macOS-15.6.1-arm64-arm-64bit-Mach-O)'
    'x-ms-date': 'REDACTED'
    'x-ms-client-request-id': '194fad34-0d01-11f1-b903-765227f64d11'
    'Authorization': 'REDACTED'
A body is sent with the request
2026-02-18 20:36:19,633 - azure.core.pipeline.policies.http_logging_policy - INFO - Response status: 202
Response headers:
    'Server': 'Windows-Azure-HDFS/1.0 Microsoft-HTTPAPI/2.0'
    'x-ms-request-server-encrypted': 'REDACTED'
    'x-ms-request-id': 'a4811b8e-d01f-004e-260d-a114b9000000'
    'x-ms-version': 'REDACTED'
    'x-ms-client-request-id': '194fad34-0d01-11f1-b903-765227f64d11'
    'Date': 'Wed, 18 Feb 2026 19:36:19 GMT'
    'Content-Length': '0'
2026-02-18 20:36:19,633 - azure.core.pipeline.policies.http_logging_policy - INFO - Request URL: 'https://woningmarktintelx9.dfs.core.windows.net/dna-platform-data/dna-platform/data/silver/silver_customer_policies_20260218T193619Z.parquet?action=REDACTED&position=REDACTED&close=REDACTED'
Request method: 'PATCH'
Request headers:
    'If-Match': '"0x8DE6F24FD8D6C70"'
    'x-ms-version': 'REDACTED'
    'Accept': 'application/json'
    'User-Agent': 'azsdk-python-storage-dfs/12.23.0 Python/3.14.2 (macOS-15.6.1-arm64-arm-64bit-Mach-O)'
    'x-ms-date': 'REDACTED'
    'x-ms-client-request-id': '195522d2-0d01-11f1-b903-765227f64d11'
    'Authorization': 'REDACTED'
No body was attached to the request
2026-02-18 20:36:19,694 - azure.core.pipeline.policies.http_logging_policy - INFO - Response status: 200
Response headers:
    'Last-Modified': 'Wed, 18 Feb 2026 19:36:19 GMT'
    'ETag': '"0x8DE6F24FD9C00C0"'
    'Server': 'Windows-Azure-HDFS/1.0 Microsoft-HTTPAPI/2.0'
    'x-ms-request-server-encrypted': 'REDACTED'
    'x-ms-request-id': 'a4811b91-d01f-004e-290d-a114b9000000'
    'x-ms-version': 'REDACTED'
    'x-ms-client-request-id': '195522d2-0d01-11f1-b903-765227f64d11'
    'Date': 'Wed, 18 Feb 2026 19:36:19 GMT'
    'Content-Length': '0'
2026-02-18 20:36:19,694 - src.core.storage - INFO - Successfully uploaded 0 bytes to ADLS: abfss://dna-platform-data@woningmarktintelx9.dfs.core.windows.net/dna-platform/data/silver/silver_customer_policies_20260218T193619Z.parquet
2026-02-18 20:36:19,695 - src.core.storage - INFO - ADLS write successful: abfss://dna-platform-data@woningmarktintelx9.dfs.core.windows.net/dna-platform/data/silver/silver_customer_policies_20260218T193619Z.parquet
2026-02-18 20:36:19,697 - src.core.storage - INFO - Successfully wrote 5 rows to local storage: /Users/taniskarigar/test-polster/dna-platform/data/silver/sample_silver_customer_policies_20260218T193619Z.parquet
2026-02-18 20:36:19,697 - src.core.silver_customer_policies - INFO - Silver customer-policies join completed: abfss://dna-platform-data@woningmarktintelx9.dfs.core.windows.net/dna-platform/data/silver/silver_customer_policies_20260218T193619Z.parquet
2026-02-18 20:36:19,697 - src.core.utils - INFO - Completed operation 'silver customer-policies join' in 1.62 seconds
2026-02-18 20:36:19 +0100 - dagster - DEBUG - __ASSET_JOB - ff8c8baa-c087-4cfa-ba86-91061ea4a16d - 39181 - run_silver_customer_policies - STEP_OUTPUT - Yielded output "result" of type "Any". (Type check passed).
2026-02-18 20:36:19 +0100 - dagster - DEBUG - __ASSET_JOB - ff8c8baa-c087-4cfa-ba86-91061ea4a16d - run_silver_customer_policies - Writing file at: /Users/taniskarigar/test-polster/dna-platform/.dagster/storage/run_silver_customer_policies using PickledObjectFilesystemIOManager...
2026-02-18 20:36:19 +0100 - dagster - DEBUG - __ASSET_JOB - ff8c8baa-c087-4cfa-ba86-91061ea4a16d - 39181 - run_silver_customer_policies - ASSET_MATERIALIZATION - Materialized value run_silver_customer_policies.
2026-02-18 20:36:19 +0100 - dagster - DEBUG - __ASSET_JOB - ff8c8baa-c087-4cfa-ba86-91061ea4a16d - 39181 - run_silver_customer_policies - HANDLED_OUTPUT - Handled output "result" using IO manager "io_manager"
2026-02-18 20:36:19 +0100 - dagster - DEBUG - __ASSET_JOB - ff8c8baa-c087-4cfa-ba86-91061ea4a16d - 39181 - run_silver_customer_policies - STEP_SUCCESS - Finished execution of step "run_silver_customer_policies" in 1.66s.
