2026-02-18 20:36:10 +0100 - dagster - DEBUG - __ASSET_JOB - ff8c8baa-c087-4cfa-ba86-91061ea4a16d - 39067 - LOGS_CAPTURED - Started capturing logs in process (pid: 39067).
2026-02-18 20:36:10 +0100 - dagster - DEBUG - __ASSET_JOB - ff8c8baa-c087-4cfa-ba86-91061ea4a16d - 39067 - run_bronze_customers - STEP_START - Started execution of step "run_bronze_customers".
2026-02-18 20:36:10,709 - src.core.utils - INFO - Starting operation: bronze customers extraction
2026-02-18 20:36:10,709 - src.core.bronze_customers - INFO - Starting bronze customers extraction
2026-02-18 20:36:10,730 - src.core.utils - INFO - Bronze customers output: 50 rows, 15 columns
2026-02-18 20:36:10,730 - src.core.storage - INFO - Writing DataFrame to bronze/bronze_customers_20260218T193610Z.parquet using adls backend
2026-02-18 20:36:10,730 - src.core.storage - INFO - Writing DataFrame (50 rows, 15 columns) to ADLS: abfss://dna-platform-data@woningmarktintelx9.dfs.core.windows.net/dna-platform/data/bronze/bronze_customers_20260218T193610Z.parquet
2026-02-18 20:36:10,868 - azure.core.pipeline.policies.http_logging_policy - INFO - Request URL: 'https://woningmarktintelx9.blob.core.windows.net/dna-platform-data?restype=REDACTED'
Request method: 'GET'
Request headers:
    'x-ms-version': 'REDACTED'
    'Accept': 'application/xml'
    'User-Agent': 'azsdk-python-storage-dfs/12.23.0 Python/3.14.2 (macOS-15.6.1-arm64-arm-64bit-Mach-O)'
    'x-ms-date': 'REDACTED'
    'x-ms-client-request-id': '141ba890-0d01-11f1-82c4-765227f64d11'
    'Authorization': 'REDACTED'
No body was attached to the request
2026-02-18 20:36:11,606 - azure.core.pipeline.policies.http_logging_policy - INFO - Response status: 200
Response headers:
    'Content-Length': '0'
    'Last-Modified': 'Wed, 18 Feb 2026 19:12:05 GMT'
    'ETag': '"0x8DE6F219B11A707"'
    'Server': 'Windows-Azure-Blob/1.0 Microsoft-HTTPAPI/2.0'
    'x-ms-request-id': '65e9629d-201e-0007-7b0d-a15652000000'
    'x-ms-client-request-id': '141ba890-0d01-11f1-82c4-765227f64d11'
    'x-ms-version': 'REDACTED'
    'x-ms-lease-status': 'REDACTED'
    'x-ms-lease-state': 'REDACTED'
    'x-ms-has-immutability-policy': 'REDACTED'
    'x-ms-has-legal-hold': 'REDACTED'
    'x-ms-immutable-storage-with-versioning-enabled': 'REDACTED'
    'x-ms-default-encryption-scope': 'REDACTED'
    'x-ms-deny-encryption-scope-override': 'REDACTED'
    'Date': 'Wed, 18 Feb 2026 19:36:11 GMT'
2026-02-18 20:36:11,607 - azure.core.pipeline.policies.http_logging_policy - INFO - Request URL: 'https://woningmarktintelx9.dfs.core.windows.net/dna-platform-data/dna-platform/data/bronze?resource=REDACTED'
Request method: 'PUT'
Request headers:
    'x-ms-version': 'REDACTED'
    'Accept': 'application/json'
    'User-Agent': 'azsdk-python-storage-dfs/12.23.0 Python/3.14.2 (macOS-15.6.1-arm64-arm-64bit-Mach-O)'
    'x-ms-date': 'REDACTED'
    'x-ms-client-request-id': '148c77f0-0d01-11f1-82c4-765227f64d11'
    'Authorization': 'REDACTED'
No body was attached to the request
2026-02-18 20:36:12,938 - azure.core.pipeline.policies.http_logging_policy - INFO - Response status: 201
Response headers:
    'Last-Modified': 'Wed, 18 Feb 2026 19:36:12 GMT'
    'ETag': '"0x8DE6F24F9625EF0"'
    'Server': 'Windows-Azure-HDFS/1.0 Microsoft-HTTPAPI/2.0'
    'x-ms-request-server-encrypted': 'REDACTED'
    'x-ms-request-id': '04129f4a-201f-0065-190d-a19475000000'
    'x-ms-version': 'REDACTED'
    'x-ms-client-request-id': '148c77f0-0d01-11f1-82c4-765227f64d11'
    'Date': 'Wed, 18 Feb 2026 19:36:12 GMT'
    'Content-Length': '0'
2026-02-18 20:36:12,940 - azure.core.pipeline.policies.http_logging_policy - INFO - Request URL: 'https://woningmarktintelx9.dfs.core.windows.net/dna-platform-data/dna-platform/data/bronze/bronze_customers_20260218T193610Z.parquet?resource=REDACTED'
Request method: 'PUT'
Request headers:
    'x-ms-version': 'REDACTED'
    'Accept': 'application/json'
    'User-Agent': 'azsdk-python-storage-dfs/12.23.0 Python/3.14.2 (macOS-15.6.1-arm64-arm-64bit-Mach-O)'
    'x-ms-date': 'REDACTED'
    'x-ms-client-request-id': '1557c37e-0d01-11f1-82c4-765227f64d11'
    'Authorization': 'REDACTED'
No body was attached to the request
2026-02-18 20:36:12,984 - azure.core.pipeline.policies.http_logging_policy - INFO - Response status: 201
Response headers:
    'Last-Modified': 'Wed, 18 Feb 2026 19:36:13 GMT'
    'ETag': '"0x8DE6F24F99BBFAC"'
    'Server': 'Windows-Azure-HDFS/1.0 Microsoft-HTTPAPI/2.0'
    'x-ms-request-server-encrypted': 'REDACTED'
    'x-ms-request-id': '04129f69-201f-0065-370d-a19475000000'
    'x-ms-version': 'REDACTED'
    'x-ms-client-request-id': '1557c37e-0d01-11f1-82c4-765227f64d11'
    'Date': 'Wed, 18 Feb 2026 19:36:12 GMT'
    'Content-Length': '0'
2026-02-18 20:36:12,985 - azure.core.pipeline.policies.http_logging_policy - INFO - Request URL: 'https://woningmarktintelx9.dfs.core.windows.net/dna-platform-data/dna-platform/data/bronze/bronze_customers_20260218T193610Z.parquet?action=REDACTED&position=REDACTED'
Request method: 'PATCH'
Request headers:
    'Content-Length': '10505'
    'x-ms-version': 'REDACTED'
    'Content-Type': 'application/json'
    'Accept': 'application/json'
    'User-Agent': 'azsdk-python-storage-dfs/12.23.0 Python/3.14.2 (macOS-15.6.1-arm64-arm-64bit-Mach-O)'
    'x-ms-date': 'REDACTED'
    'x-ms-client-request-id': '155eaaea-0d01-11f1-82c4-765227f64d11'
    'Authorization': 'REDACTED'
A body is sent with the request
2026-02-18 20:36:13,069 - azure.core.pipeline.policies.http_logging_policy - INFO - Response status: 202
Response headers:
    'Server': 'Windows-Azure-HDFS/1.0 Microsoft-HTTPAPI/2.0'
    'x-ms-request-server-encrypted': 'REDACTED'
    'x-ms-request-id': '04129f6f-201f-0065-3d0d-a19475000000'
    'x-ms-version': 'REDACTED'
    'x-ms-client-request-id': '155eaaea-0d01-11f1-82c4-765227f64d11'
    'Date': 'Wed, 18 Feb 2026 19:36:12 GMT'
    'Content-Length': '0'
2026-02-18 20:36:13,070 - azure.core.pipeline.policies.http_logging_policy - INFO - Request URL: 'https://woningmarktintelx9.dfs.core.windows.net/dna-platform-data/dna-platform/data/bronze/bronze_customers_20260218T193610Z.parquet?action=REDACTED&position=REDACTED&close=REDACTED'
Request method: 'PATCH'
Request headers:
    'If-Match': '"0x8DE6F24F99BBFAC"'
    'x-ms-version': 'REDACTED'
    'Accept': 'application/json'
    'User-Agent': 'azsdk-python-storage-dfs/12.23.0 Python/3.14.2 (macOS-15.6.1-arm64-arm-64bit-Mach-O)'
    'x-ms-date': 'REDACTED'
    'x-ms-client-request-id': '156bb23a-0d01-11f1-82c4-765227f64d11'
    'Authorization': 'REDACTED'
No body was attached to the request
2026-02-18 20:36:13,129 - azure.core.pipeline.policies.http_logging_policy - INFO - Response status: 200
Response headers:
    'Last-Modified': 'Wed, 18 Feb 2026 19:36:13 GMT'
    'ETag': '"0x8DE6F24F9B1D13C"'
    'Server': 'Windows-Azure-HDFS/1.0 Microsoft-HTTPAPI/2.0'
    'x-ms-request-server-encrypted': 'REDACTED'
    'x-ms-request-id': '04129f7b-201f-0065-490d-a19475000000'
    'x-ms-version': 'REDACTED'
    'x-ms-client-request-id': '156bb23a-0d01-11f1-82c4-765227f64d11'
    'Date': 'Wed, 18 Feb 2026 19:36:12 GMT'
    'Content-Length': '0'
2026-02-18 20:36:13,129 - src.core.storage - INFO - Successfully uploaded 0 bytes to ADLS: abfss://dna-platform-data@woningmarktintelx9.dfs.core.windows.net/dna-platform/data/bronze/bronze_customers_20260218T193610Z.parquet
2026-02-18 20:36:13,131 - src.core.storage - INFO - ADLS write successful: abfss://dna-platform-data@woningmarktintelx9.dfs.core.windows.net/dna-platform/data/bronze/bronze_customers_20260218T193610Z.parquet
2026-02-18 20:36:13,133 - src.core.storage - INFO - Successfully wrote 50 rows to local storage: /Users/taniskarigar/test-polster/dna-platform/data/bronze/sample_bronze_customers_20260218T193610Z.parquet
2026-02-18 20:36:13,133 - src.core.bronze_customers - INFO - Bronze customers extraction completed: abfss://dna-platform-data@woningmarktintelx9.dfs.core.windows.net/dna-platform/data/bronze/bronze_customers_20260218T193610Z.parquet
2026-02-18 20:36:13,133 - src.core.utils - INFO - Completed operation 'bronze customers extraction' in 2.42 seconds
2026-02-18 20:36:13 +0100 - dagster - DEBUG - __ASSET_JOB - ff8c8baa-c087-4cfa-ba86-91061ea4a16d - 39067 - run_bronze_customers - STEP_OUTPUT - Yielded output "result" of type "Any". (Type check passed).
2026-02-18 20:36:13 +0100 - dagster - DEBUG - __ASSET_JOB - ff8c8baa-c087-4cfa-ba86-91061ea4a16d - run_bronze_customers - Writing file at: /Users/taniskarigar/test-polster/dna-platform/.dagster/storage/run_bronze_customers using PickledObjectFilesystemIOManager...
2026-02-18 20:36:13,148 - alembic.runtime.migration - INFO - Context impl SQLiteImpl.
2026-02-18 20:36:13,148 - alembic.runtime.migration - INFO - Will assume non-transactional DDL.
2026-02-18 20:36:13 +0100 - dagster - DEBUG - __ASSET_JOB - ff8c8baa-c087-4cfa-ba86-91061ea4a16d - 39067 - run_bronze_customers - ASSET_MATERIALIZATION - Materialized value run_bronze_customers.
2026-02-18 20:36:13 +0100 - dagster - DEBUG - __ASSET_JOB - ff8c8baa-c087-4cfa-ba86-91061ea4a16d - 39067 - run_bronze_customers - HANDLED_OUTPUT - Handled output "result" using IO manager "io_manager"
2026-02-18 20:36:13 +0100 - dagster - DEBUG - __ASSET_JOB - ff8c8baa-c087-4cfa-ba86-91061ea4a16d - 39067 - run_bronze_customers - STEP_SUCCESS - Finished execution of step "run_bronze_customers" in 2.46s.
