2026-02-18 20:36:14 +0100 - dagster - DEBUG - __ASSET_JOB - ff8c8baa-c087-4cfa-ba86-91061ea4a16d - 39117 - LOGS_CAPTURED - Started capturing logs in process (pid: 39117).
2026-02-18 20:36:14 +0100 - dagster - DEBUG - __ASSET_JOB - ff8c8baa-c087-4cfa-ba86-91061ea4a16d - 39117 - run_silver_clean_payments - STEP_START - Started execution of step "run_silver_clean_payments".
2026-02-18 20:36:14,392 - alembic.runtime.migration - INFO - Context impl SQLiteImpl.
2026-02-18 20:36:14,392 - alembic.runtime.migration - INFO - Will assume non-transactional DDL.
2026-02-18 20:36:14 +0100 - dagster - DEBUG - __ASSET_JOB - ff8c8baa-c087-4cfa-ba86-91061ea4a16d - run_silver_clean_payments - Loading file from: /Users/taniskarigar/test-polster/dna-platform/.dagster/storage/run_bronze_payments using PickledObjectFilesystemIOManager...
2026-02-18 20:36:14 +0100 - dagster - DEBUG - __ASSET_JOB - ff8c8baa-c087-4cfa-ba86-91061ea4a16d - 39117 - run_silver_clean_payments - LOADED_INPUT - Loaded input "run_bronze_payments" using input manager "io_manager", from output "result" of step "run_bronze_payments"
2026-02-18 20:36:14 +0100 - dagster - DEBUG - __ASSET_JOB - ff8c8baa-c087-4cfa-ba86-91061ea4a16d - 39117 - run_silver_clean_payments - STEP_INPUT - Got input "run_bronze_payments" of type "Any". (Type check passed).
2026-02-18 20:36:14,425 - src.core.utils - INFO - Starting operation: silver payments transformation
2026-02-18 20:36:14,425 - src.core.silver_clean_payments - INFO - Starting silver payments transformation
2026-02-18 20:36:14,425 - src.core.storage - INFO - Reading latest parquet file from bronze layer with prefix 'bronze_payments_' using adls backend
2026-02-18 20:36:14,533 - azure.core.pipeline.policies.http_logging_policy - INFO - Request URL: 'https://woningmarktintelx9.dfs.core.windows.net/dna-platform-data?resource=REDACTED&directory=REDACTED&recursive=REDACTED'
Request method: 'GET'
Request headers:
    'x-ms-version': 'REDACTED'
    'Accept': 'application/json'
    'User-Agent': 'azsdk-python-storage-dfs/12.23.0 Python/3.14.2 (macOS-15.6.1-arm64-arm-64bit-Mach-O)'
    'x-ms-date': 'REDACTED'
    'x-ms-client-request-id': '164af79c-0d01-11f1-94fc-765227f64d11'
    'Authorization': 'REDACTED'
No body was attached to the request
2026-02-18 20:36:14,707 - azure.core.pipeline.policies.http_logging_policy - INFO - Response status: 200
Response headers:
    'Transfer-Encoding': 'chunked'
    'Content-Type': 'application/json;charset=utf-8'
    'Server': 'Windows-Azure-HDFS/1.0 Microsoft-HTTPAPI/2.0'
    'x-ms-request-id': '7cb463ce-201f-0007-4c0d-a15652000000'
    'x-ms-version': 'REDACTED'
    'x-ms-client-request-id': '164af79c-0d01-11f1-94fc-765227f64d11'
    'Date': 'Wed, 18 Feb 2026 19:36:14 GMT'
2026-02-18 20:36:14,710 - azure.core.pipeline.policies.http_logging_policy - INFO - Request URL: 'https://woningmarktintelx9.blob.core.windows.net/dna-platform-data/dna-platform/data/bronze/bronze_payments_20260218T193610Z.parquet'
Request method: 'GET'
Request headers:
    'x-ms-range': 'REDACTED'
    'x-ms-version': 'REDACTED'
    'Accept': 'application/xml'
    'User-Agent': 'azsdk-python-storage-dfs/12.23.0 Python/3.14.2 (macOS-15.6.1-arm64-arm-64bit-Mach-O)'
    'x-ms-date': 'REDACTED'
    'x-ms-client-request-id': '1665f0d8-0d01-11f1-94fc-765227f64d11'
    'Authorization': 'REDACTED'
No body was attached to the request
2026-02-18 20:36:14,864 - azure.core.pipeline.policies.http_logging_policy - INFO - Response status: 206
Response headers:
    'Content-Length': '8217'
    'Content-Type': 'application/octet-stream'
    'Content-Range': 'REDACTED'
    'Last-Modified': 'Wed, 18 Feb 2026 19:36:13 GMT'
    'Accept-Ranges': 'REDACTED'
    'ETag': '"0x8DE6F24F9A2C728"'
    'Server': 'Windows-Azure-Blob/1.0 Microsoft-HTTPAPI/2.0'
    'x-ms-request-id': 'a3bb39dd-401e-0073-2a0d-a162a2000000'
    'x-ms-client-request-id': '1665f0d8-0d01-11f1-94fc-765227f64d11'
    'x-ms-version': 'REDACTED'
    'x-ms-resource-type': 'REDACTED'
    'x-ms-creation-time': 'REDACTED'
    'x-ms-lease-status': 'REDACTED'
    'x-ms-lease-state': 'REDACTED'
    'x-ms-blob-type': 'REDACTED'
    'x-ms-server-encrypted': 'REDACTED'
    'x-ms-owner': 'REDACTED'
    'x-ms-group': 'REDACTED'
    'x-ms-permissions': 'REDACTED'
    'x-ms-acl': 'REDACTED'
    'Date': 'Wed, 18 Feb 2026 19:36:14 GMT'
2026-02-18 20:36:14,879 - src.core.storage - INFO - Successfully read 100 rows from ADLS: dna-platform/data/bronze/bronze_payments_20260218T193610Z.parquet
2026-02-18 20:36:14,880 - src.core.utils - INFO - Bronze payments input: 100 rows, 10 columns
2026-02-18 20:36:14,889 - src.core.utils - INFO - Transformed silver payments: 100 rows, 10 columns
2026-02-18 20:36:14,889 - src.core.storage - INFO - Writing DataFrame to silver/silver_clean_payments_20260218T193614Z.parquet using adls backend
2026-02-18 20:36:14,889 - src.core.storage - INFO - Writing DataFrame (100 rows, 11 columns) to ADLS: abfss://dna-platform-data@woningmarktintelx9.dfs.core.windows.net/dna-platform/data/silver/silver_clean_payments_20260218T193614Z.parquet
2026-02-18 20:36:14,891 - azure.core.pipeline.policies.http_logging_policy - INFO - Request URL: 'https://woningmarktintelx9.blob.core.windows.net/dna-platform-data?restype=REDACTED'
Request method: 'GET'
Request headers:
    'x-ms-version': 'REDACTED'
    'Accept': 'application/xml'
    'User-Agent': 'azsdk-python-storage-dfs/12.23.0 Python/3.14.2 (macOS-15.6.1-arm64-arm-64bit-Mach-O)'
    'x-ms-date': 'REDACTED'
    'x-ms-client-request-id': '16818276-0d01-11f1-94fc-765227f64d11'
    'Authorization': 'REDACTED'
No body was attached to the request
2026-02-18 20:36:15,249 - azure.core.pipeline.policies.http_logging_policy - INFO - Response status: 200
Response headers:
    'Content-Length': '0'
    'Last-Modified': 'Wed, 18 Feb 2026 19:12:05 GMT'
    'ETag': '"0x8DE6F219B11A707"'
    'Server': 'Windows-Azure-Blob/1.0 Microsoft-HTTPAPI/2.0'
    'x-ms-request-id': '5a66f225-301e-0069-230d-a1037d000000'
    'x-ms-client-request-id': '16818276-0d01-11f1-94fc-765227f64d11'
    'x-ms-version': 'REDACTED'
    'x-ms-lease-status': 'REDACTED'
    'x-ms-lease-state': 'REDACTED'
    'x-ms-has-immutability-policy': 'REDACTED'
    'x-ms-has-legal-hold': 'REDACTED'
    'x-ms-immutable-storage-with-versioning-enabled': 'REDACTED'
    'x-ms-default-encryption-scope': 'REDACTED'
    'x-ms-deny-encryption-scope-override': 'REDACTED'
    'Date': 'Wed, 18 Feb 2026 19:36:14 GMT'
2026-02-18 20:36:15,250 - azure.core.pipeline.policies.http_logging_policy - INFO - Request URL: 'https://woningmarktintelx9.dfs.core.windows.net/dna-platform-data/dna-platform/data/silver?resource=REDACTED'
Request method: 'PUT'
Request headers:
    'x-ms-version': 'REDACTED'
    'Accept': 'application/json'
    'User-Agent': 'azsdk-python-storage-dfs/12.23.0 Python/3.14.2 (macOS-15.6.1-arm64-arm-64bit-Mach-O)'
    'x-ms-date': 'REDACTED'
    'x-ms-client-request-id': '16b86124-0d01-11f1-94fc-765227f64d11'
    'Authorization': 'REDACTED'
No body was attached to the request
2026-02-18 20:36:15,466 - azure.core.pipeline.policies.http_logging_policy - INFO - Response status: 201
Response headers:
    'Last-Modified': 'Wed, 18 Feb 2026 19:36:15 GMT'
    'ETag': '"0x8DE6F24FB1135F8"'
    'Server': 'Windows-Azure-HDFS/1.0 Microsoft-HTTPAPI/2.0'
    'x-ms-request-server-encrypted': 'REDACTED'
    'x-ms-request-id': 'c772f15a-101f-000c-090d-a1ad39000000'
    'x-ms-version': 'REDACTED'
    'x-ms-client-request-id': '16b86124-0d01-11f1-94fc-765227f64d11'
    'Date': 'Wed, 18 Feb 2026 19:36:14 GMT'
    'Content-Length': '0'
2026-02-18 20:36:15,466 - azure.core.pipeline.policies.http_logging_policy - INFO - Request URL: 'https://woningmarktintelx9.dfs.core.windows.net/dna-platform-data/dna-platform/data/silver/silver_clean_payments_20260218T193614Z.parquet?resource=REDACTED'
Request method: 'PUT'
Request headers:
    'x-ms-version': 'REDACTED'
    'Accept': 'application/json'
    'User-Agent': 'azsdk-python-storage-dfs/12.23.0 Python/3.14.2 (macOS-15.6.1-arm64-arm-64bit-Mach-O)'
    'x-ms-date': 'REDACTED'
    'x-ms-client-request-id': '16d956ea-0d01-11f1-94fc-765227f64d11'
    'Authorization': 'REDACTED'
No body was attached to the request
2026-02-18 20:36:15,656 - azure.core.pipeline.policies.http_logging_policy - INFO - Response status: 201
Response headers:
    'Last-Modified': 'Wed, 18 Feb 2026 19:36:15 GMT'
    'ETag': '"0x8DE6F24FB333DFC"'
    'Server': 'Windows-Azure-HDFS/1.0 Microsoft-HTTPAPI/2.0'
    'x-ms-request-server-encrypted': 'REDACTED'
    'x-ms-request-id': 'c772f175-101f-000c-240d-a1ad39000000'
    'x-ms-version': 'REDACTED'
    'x-ms-client-request-id': '16d956ea-0d01-11f1-94fc-765227f64d11'
    'Date': 'Wed, 18 Feb 2026 19:36:14 GMT'
    'Content-Length': '0'
2026-02-18 20:36:15,657 - azure.core.pipeline.policies.http_logging_policy - INFO - Request URL: 'https://woningmarktintelx9.dfs.core.windows.net/dna-platform-data/dna-platform/data/silver/silver_clean_payments_20260218T193614Z.parquet?action=REDACTED&position=REDACTED'
Request method: 'PATCH'
Request headers:
    'Content-Length': '8582'
    'x-ms-version': 'REDACTED'
    'Content-Type': 'application/json'
    'Accept': 'application/json'
    'User-Agent': 'azsdk-python-storage-dfs/12.23.0 Python/3.14.2 (macOS-15.6.1-arm64-arm-64bit-Mach-O)'
    'x-ms-date': 'REDACTED'
    'x-ms-client-request-id': '16f660d2-0d01-11f1-94fc-765227f64d11'
    'Authorization': 'REDACTED'
A body is sent with the request
2026-02-18 20:36:15,695 - azure.core.pipeline.policies.http_logging_policy - INFO - Response status: 202
Response headers:
    'Server': 'Windows-Azure-HDFS/1.0 Microsoft-HTTPAPI/2.0'
    'x-ms-request-server-encrypted': 'REDACTED'
    'x-ms-request-id': 'c772f17a-101f-000c-290d-a1ad39000000'
    'x-ms-version': 'REDACTED'
    'x-ms-client-request-id': '16f660d2-0d01-11f1-94fc-765227f64d11'
    'Date': 'Wed, 18 Feb 2026 19:36:14 GMT'
    'Content-Length': '0'
2026-02-18 20:36:15,696 - azure.core.pipeline.policies.http_logging_policy - INFO - Request URL: 'https://woningmarktintelx9.dfs.core.windows.net/dna-platform-data/dna-platform/data/silver/silver_clean_payments_20260218T193614Z.parquet?action=REDACTED&position=REDACTED&close=REDACTED'
Request method: 'PATCH'
Request headers:
    'If-Match': '"0x8DE6F24FB333DFC"'
    'x-ms-version': 'REDACTED'
    'Accept': 'application/json'
    'User-Agent': 'azsdk-python-storage-dfs/12.23.0 Python/3.14.2 (macOS-15.6.1-arm64-arm-64bit-Mach-O)'
    'x-ms-date': 'REDACTED'
    'x-ms-client-request-id': '16fc4f1a-0d01-11f1-94fc-765227f64d11'
    'Authorization': 'REDACTED'
No body was attached to the request
2026-02-18 20:36:15,805 - azure.core.pipeline.policies.http_logging_policy - INFO - Response status: 200
Response headers:
    'Last-Modified': 'Wed, 18 Feb 2026 19:36:15 GMT'
    'ETag': '"0x8DE6F24FB46E544"'
    'Server': 'Windows-Azure-HDFS/1.0 Microsoft-HTTPAPI/2.0'
    'x-ms-request-server-encrypted': 'REDACTED'
    'x-ms-request-id': 'c772f183-101f-000c-320d-a1ad39000000'
    'x-ms-version': 'REDACTED'
    'x-ms-client-request-id': '16fc4f1a-0d01-11f1-94fc-765227f64d11'
    'Date': 'Wed, 18 Feb 2026 19:36:14 GMT'
    'Content-Length': '0'
2026-02-18 20:36:15,805 - src.core.storage - INFO - Successfully uploaded 0 bytes to ADLS: abfss://dna-platform-data@woningmarktintelx9.dfs.core.windows.net/dna-platform/data/silver/silver_clean_payments_20260218T193614Z.parquet
2026-02-18 20:36:15,807 - src.core.storage - INFO - ADLS write successful: abfss://dna-platform-data@woningmarktintelx9.dfs.core.windows.net/dna-platform/data/silver/silver_clean_payments_20260218T193614Z.parquet
2026-02-18 20:36:15,808 - src.core.storage - INFO - Successfully wrote 50 rows to local storage: /Users/taniskarigar/test-polster/dna-platform/data/silver/sample_silver_clean_payments_20260218T193614Z.parquet
2026-02-18 20:36:15,808 - src.core.silver_clean_payments - INFO - Silver payments transformation completed: abfss://dna-platform-data@woningmarktintelx9.dfs.core.windows.net/dna-platform/data/silver/silver_clean_payments_20260218T193614Z.parquet
2026-02-18 20:36:15,808 - src.core.utils - INFO - Completed operation 'silver payments transformation' in 1.38 seconds
2026-02-18 20:36:15 +0100 - dagster - DEBUG - __ASSET_JOB - ff8c8baa-c087-4cfa-ba86-91061ea4a16d - 39117 - run_silver_clean_payments - STEP_OUTPUT - Yielded output "result" of type "Any". (Type check passed).
2026-02-18 20:36:15 +0100 - dagster - DEBUG - __ASSET_JOB - ff8c8baa-c087-4cfa-ba86-91061ea4a16d - run_silver_clean_payments - Writing file at: /Users/taniskarigar/test-polster/dna-platform/.dagster/storage/run_silver_clean_payments using PickledObjectFilesystemIOManager...
2026-02-18 20:36:15 +0100 - dagster - DEBUG - __ASSET_JOB - ff8c8baa-c087-4cfa-ba86-91061ea4a16d - 39117 - run_silver_clean_payments - ASSET_MATERIALIZATION - Materialized value run_silver_clean_payments.
2026-02-18 20:36:15 +0100 - dagster - DEBUG - __ASSET_JOB - ff8c8baa-c087-4cfa-ba86-91061ea4a16d - 39117 - run_silver_clean_payments - HANDLED_OUTPUT - Handled output "result" using IO manager "io_manager"
2026-02-18 20:36:15 +0100 - dagster - DEBUG - __ASSET_JOB - ff8c8baa-c087-4cfa-ba86-91061ea4a16d - 39117 - run_silver_clean_payments - STEP_SUCCESS - Finished execution of step "run_silver_clean_payments" in 1.43s.
