2026-02-18 20:36:14 +0100 - dagster - DEBUG - __ASSET_JOB - ff8c8baa-c087-4cfa-ba86-91061ea4a16d - 39129 - LOGS_CAPTURED - Started capturing logs in process (pid: 39129).
2026-02-18 20:36:14 +0100 - dagster - DEBUG - __ASSET_JOB - ff8c8baa-c087-4cfa-ba86-91061ea4a16d - 39129 - run_silver_clean_customers - STEP_START - Started execution of step "run_silver_clean_customers".
2026-02-18 20:36:14,840 - alembic.runtime.migration - INFO - Context impl SQLiteImpl.
2026-02-18 20:36:14,840 - alembic.runtime.migration - INFO - Will assume non-transactional DDL.
2026-02-18 20:36:14 +0100 - dagster - DEBUG - __ASSET_JOB - ff8c8baa-c087-4cfa-ba86-91061ea4a16d - run_silver_clean_customers - Loading file from: /Users/taniskarigar/test-polster/dna-platform/.dagster/storage/run_bronze_customers using PickledObjectFilesystemIOManager...
2026-02-18 20:36:14 +0100 - dagster - DEBUG - __ASSET_JOB - ff8c8baa-c087-4cfa-ba86-91061ea4a16d - 39129 - run_silver_clean_customers - LOADED_INPUT - Loaded input "run_bronze_customers" using input manager "io_manager", from output "result" of step "run_bronze_customers"
2026-02-18 20:36:14 +0100 - dagster - DEBUG - __ASSET_JOB - ff8c8baa-c087-4cfa-ba86-91061ea4a16d - 39129 - run_silver_clean_customers - STEP_INPUT - Got input "run_bronze_customers" of type "Any". (Type check passed).
2026-02-18 20:36:14,864 - src.core.utils - INFO - Starting operation: silver customers transformation
2026-02-18 20:36:14,864 - src.core.silver_clean_customers - INFO - Starting silver customers transformation
2026-02-18 20:36:14,864 - src.core.storage - INFO - Reading latest parquet file from bronze layer with prefix 'bronze_customers_' using adls backend
2026-02-18 20:36:14,953 - azure.core.pipeline.policies.http_logging_policy - INFO - Request URL: 'https://woningmarktintelx9.dfs.core.windows.net/dna-platform-data?resource=REDACTED&directory=REDACTED&recursive=REDACTED'
Request method: 'GET'
Request headers:
    'x-ms-version': 'REDACTED'
    'Accept': 'application/json'
    'User-Agent': 'azsdk-python-storage-dfs/12.23.0 Python/3.14.2 (macOS-15.6.1-arm64-arm-64bit-Mach-O)'
    'x-ms-date': 'REDACTED'
    'x-ms-client-request-id': '168b0544-0d01-11f1-8e91-765227f64d11'
    'Authorization': 'REDACTED'
No body was attached to the request
2026-02-18 20:36:15,321 - azure.core.pipeline.policies.http_logging_policy - INFO - Response status: 200
Response headers:
    'Transfer-Encoding': 'chunked'
    'Content-Type': 'application/json;charset=utf-8'
    'Server': 'Windows-Azure-HDFS/1.0 Microsoft-HTTPAPI/2.0'
    'x-ms-request-id': 'faf552ea-a01f-0054-430d-a17566000000'
    'x-ms-version': 'REDACTED'
    'x-ms-client-request-id': '168b0544-0d01-11f1-8e91-765227f64d11'
    'Date': 'Wed, 18 Feb 2026 19:36:14 GMT'
2026-02-18 20:36:15,325 - azure.core.pipeline.policies.http_logging_policy - INFO - Request URL: 'https://woningmarktintelx9.blob.core.windows.net/dna-platform-data/dna-platform/data/bronze/bronze_customers_20260218T193610Z.parquet'
Request method: 'GET'
Request headers:
    'x-ms-range': 'REDACTED'
    'x-ms-version': 'REDACTED'
    'Accept': 'application/xml'
    'User-Agent': 'azsdk-python-storage-dfs/12.23.0 Python/3.14.2 (macOS-15.6.1-arm64-arm-64bit-Mach-O)'
    'x-ms-date': 'REDACTED'
    'x-ms-client-request-id': '16c3d13a-0d01-11f1-8e91-765227f64d11'
    'Authorization': 'REDACTED'
No body was attached to the request
2026-02-18 20:36:15,695 - azure.core.pipeline.policies.http_logging_policy - INFO - Response status: 206
Response headers:
    'Content-Length': '10505'
    'Content-Type': 'application/octet-stream'
    'Content-Range': 'REDACTED'
    'Last-Modified': 'Wed, 18 Feb 2026 19:36:13 GMT'
    'Accept-Ranges': 'REDACTED'
    'ETag': '"0x8DE6F24F9B1D13C"'
    'Server': 'Windows-Azure-Blob/1.0 Microsoft-HTTPAPI/2.0'
    'x-ms-request-id': '4dbe994d-901e-0060-190d-a146ae000000'
    'x-ms-client-request-id': '16c3d13a-0d01-11f1-8e91-765227f64d11'
    'x-ms-version': 'REDACTED'
    'x-ms-resource-type': 'REDACTED'
    'x-ms-creation-time': 'REDACTED'
    'x-ms-lease-status': 'REDACTED'
    'x-ms-lease-state': 'REDACTED'
    'x-ms-blob-type': 'REDACTED'
    'x-ms-server-encrypted': 'REDACTED'
    'x-ms-owner': 'REDACTED'
    'x-ms-group': 'REDACTED'
    'x-ms-permissions': 'REDACTED'
    'x-ms-acl': 'REDACTED'
    'Date': 'Wed, 18 Feb 2026 19:36:15 GMT'
2026-02-18 20:36:15,699 - src.core.storage - INFO - Successfully read 50 rows from ADLS: dna-platform/data/bronze/bronze_customers_20260218T193610Z.parquet
2026-02-18 20:36:15,699 - src.core.utils - INFO - Bronze customers input: 50 rows, 15 columns
2026-02-18 20:36:15,702 - src.core.utils - INFO - Transformed silver customers: 50 rows, 15 columns
2026-02-18 20:36:15,703 - src.core.storage - INFO - Writing DataFrame to silver/silver_clean_customers_20260218T193615Z.parquet using adls backend
2026-02-18 20:36:15,703 - src.core.storage - INFO - Writing DataFrame (50 rows, 16 columns) to ADLS: abfss://dna-platform-data@woningmarktintelx9.dfs.core.windows.net/dna-platform/data/silver/silver_clean_customers_20260218T193615Z.parquet
2026-02-18 20:36:15,705 - azure.core.pipeline.policies.http_logging_policy - INFO - Request URL: 'https://woningmarktintelx9.blob.core.windows.net/dna-platform-data?restype=REDACTED'
Request method: 'GET'
Request headers:
    'x-ms-version': 'REDACTED'
    'Accept': 'application/xml'
    'User-Agent': 'azsdk-python-storage-dfs/12.23.0 Python/3.14.2 (macOS-15.6.1-arm64-arm-64bit-Mach-O)'
    'x-ms-date': 'REDACTED'
    'x-ms-client-request-id': '16fdd1be-0d01-11f1-8e91-765227f64d11'
    'Authorization': 'REDACTED'
No body was attached to the request
2026-02-18 20:36:16,143 - azure.core.pipeline.policies.http_logging_policy - INFO - Response status: 200
Response headers:
    'Content-Length': '0'
    'Last-Modified': 'Wed, 18 Feb 2026 19:12:05 GMT'
    'ETag': '"0x8DE6F219B11A707"'
    'Server': 'Windows-Azure-Blob/1.0 Microsoft-HTTPAPI/2.0'
    'x-ms-request-id': '6d113511-101e-0051-2f0d-a1a7bd000000'
    'x-ms-client-request-id': '16fdd1be-0d01-11f1-8e91-765227f64d11'
    'x-ms-version': 'REDACTED'
    'x-ms-lease-status': 'REDACTED'
    'x-ms-lease-state': 'REDACTED'
    'x-ms-has-immutability-policy': 'REDACTED'
    'x-ms-has-legal-hold': 'REDACTED'
    'x-ms-immutable-storage-with-versioning-enabled': 'REDACTED'
    'x-ms-default-encryption-scope': 'REDACTED'
    'x-ms-deny-encryption-scope-override': 'REDACTED'
    'Date': 'Wed, 18 Feb 2026 19:36:15 GMT'
2026-02-18 20:36:16,144 - azure.core.pipeline.policies.http_logging_policy - INFO - Request URL: 'https://woningmarktintelx9.dfs.core.windows.net/dna-platform-data/dna-platform/data/silver?resource=REDACTED'
Request method: 'PUT'
Request headers:
    'x-ms-version': 'REDACTED'
    'Accept': 'application/json'
    'User-Agent': 'azsdk-python-storage-dfs/12.23.0 Python/3.14.2 (macOS-15.6.1-arm64-arm-64bit-Mach-O)'
    'x-ms-date': 'REDACTED'
    'x-ms-client-request-id': '1740b132-0d01-11f1-8e91-765227f64d11'
    'Authorization': 'REDACTED'
No body was attached to the request
2026-02-18 20:36:16,617 - azure.core.pipeline.policies.http_logging_policy - INFO - Response status: 201
Response headers:
    'Last-Modified': 'Wed, 18 Feb 2026 19:36:16 GMT'
    'ETag': '"0x8DE6F24FBC73D18"'
    'Server': 'Windows-Azure-HDFS/1.0 Microsoft-HTTPAPI/2.0'
    'x-ms-request-server-encrypted': 'REDACTED'
    'x-ms-request-id': 'fef690c4-001f-0062-480d-a1f816000000'
    'x-ms-version': 'REDACTED'
    'x-ms-client-request-id': '1740b132-0d01-11f1-8e91-765227f64d11'
    'Date': 'Wed, 18 Feb 2026 19:36:16 GMT'
    'Content-Length': '0'
2026-02-18 20:36:16,618 - azure.core.pipeline.policies.http_logging_policy - INFO - Request URL: 'https://woningmarktintelx9.dfs.core.windows.net/dna-platform-data/dna-platform/data/silver/silver_clean_customers_20260218T193615Z.parquet?resource=REDACTED'
Request method: 'PUT'
Request headers:
    'x-ms-version': 'REDACTED'
    'Accept': 'application/json'
    'User-Agent': 'azsdk-python-storage-dfs/12.23.0 Python/3.14.2 (macOS-15.6.1-arm64-arm-64bit-Mach-O)'
    'x-ms-date': 'REDACTED'
    'x-ms-client-request-id': '1789045a-0d01-11f1-8e91-765227f64d11'
    'Authorization': 'REDACTED'
No body was attached to the request
2026-02-18 20:36:16,655 - azure.core.pipeline.policies.http_logging_policy - INFO - Response status: 201
Response headers:
    'Last-Modified': 'Wed, 18 Feb 2026 19:36:16 GMT'
    'ETag': '"0x8DE6F24FBCCC538"'
    'Server': 'Windows-Azure-HDFS/1.0 Microsoft-HTTPAPI/2.0'
    'x-ms-request-server-encrypted': 'REDACTED'
    'x-ms-request-id': 'fef690ce-001f-0062-520d-a1f816000000'
    'x-ms-version': 'REDACTED'
    'x-ms-client-request-id': '1789045a-0d01-11f1-8e91-765227f64d11'
    'Date': 'Wed, 18 Feb 2026 19:36:16 GMT'
    'Content-Length': '0'
2026-02-18 20:36:16,655 - azure.core.pipeline.policies.http_logging_policy - INFO - Request URL: 'https://woningmarktintelx9.dfs.core.windows.net/dna-platform-data/dna-platform/data/silver/silver_clean_customers_20260218T193615Z.parquet?action=REDACTED&position=REDACTED'
Request method: 'PATCH'
Request headers:
    'Content-Length': '10896'
    'x-ms-version': 'REDACTED'
    'Content-Type': 'application/json'
    'Accept': 'application/json'
    'User-Agent': 'azsdk-python-storage-dfs/12.23.0 Python/3.14.2 (macOS-15.6.1-arm64-arm-64bit-Mach-O)'
    'x-ms-date': 'REDACTED'
    'x-ms-client-request-id': '178ec8c2-0d01-11f1-8e91-765227f64d11'
    'Authorization': 'REDACTED'
A body is sent with the request
2026-02-18 20:36:16,690 - azure.core.pipeline.policies.http_logging_policy - INFO - Response status: 202
Response headers:
    'Server': 'Windows-Azure-HDFS/1.0 Microsoft-HTTPAPI/2.0'
    'x-ms-request-server-encrypted': 'REDACTED'
    'x-ms-request-id': 'fef690d5-001f-0062-590d-a1f816000000'
    'x-ms-version': 'REDACTED'
    'x-ms-client-request-id': '178ec8c2-0d01-11f1-8e91-765227f64d11'
    'Date': 'Wed, 18 Feb 2026 19:36:16 GMT'
    'Content-Length': '0'
2026-02-18 20:36:16,690 - azure.core.pipeline.policies.http_logging_policy - INFO - Request URL: 'https://woningmarktintelx9.dfs.core.windows.net/dna-platform-data/dna-platform/data/silver/silver_clean_customers_20260218T193615Z.parquet?action=REDACTED&position=REDACTED&close=REDACTED'
Request method: 'PATCH'
Request headers:
    'If-Match': '"0x8DE6F24FBCCC538"'
    'x-ms-version': 'REDACTED'
    'Accept': 'application/json'
    'User-Agent': 'azsdk-python-storage-dfs/12.23.0 Python/3.14.2 (macOS-15.6.1-arm64-arm-64bit-Mach-O)'
    'x-ms-date': 'REDACTED'
    'x-ms-client-request-id': '17941e44-0d01-11f1-8e91-765227f64d11'
    'Authorization': 'REDACTED'
No body was attached to the request
2026-02-18 20:36:16,755 - azure.core.pipeline.policies.http_logging_policy - INFO - Response status: 200
Response headers:
    'Last-Modified': 'Wed, 18 Feb 2026 19:36:16 GMT'
    'ETag': '"0x8DE6F24FBDBFCE8"'
    'Server': 'Windows-Azure-HDFS/1.0 Microsoft-HTTPAPI/2.0'
    'x-ms-request-server-encrypted': 'REDACTED'
    'x-ms-request-id': 'fef690db-001f-0062-5f0d-a1f816000000'
    'x-ms-version': 'REDACTED'
    'x-ms-client-request-id': '17941e44-0d01-11f1-8e91-765227f64d11'
    'Date': 'Wed, 18 Feb 2026 19:36:16 GMT'
    'Content-Length': '0'
2026-02-18 20:36:16,756 - src.core.storage - INFO - Successfully uploaded 0 bytes to ADLS: abfss://dna-platform-data@woningmarktintelx9.dfs.core.windows.net/dna-platform/data/silver/silver_clean_customers_20260218T193615Z.parquet
2026-02-18 20:36:16,757 - src.core.storage - INFO - ADLS write successful: abfss://dna-platform-data@woningmarktintelx9.dfs.core.windows.net/dna-platform/data/silver/silver_clean_customers_20260218T193615Z.parquet
2026-02-18 20:36:16,759 - src.core.storage - INFO - Successfully wrote 50 rows to local storage: /Users/taniskarigar/test-polster/dna-platform/data/silver/sample_silver_clean_customers_20260218T193615Z.parquet
2026-02-18 20:36:16,759 - src.core.silver_clean_customers - INFO - Silver customers transformation completed: abfss://dna-platform-data@woningmarktintelx9.dfs.core.windows.net/dna-platform/data/silver/silver_clean_customers_20260218T193615Z.parquet
2026-02-18 20:36:16,759 - src.core.utils - INFO - Completed operation 'silver customers transformation' in 1.90 seconds
2026-02-18 20:36:16 +0100 - dagster - DEBUG - __ASSET_JOB - ff8c8baa-c087-4cfa-ba86-91061ea4a16d - 39129 - run_silver_clean_customers - STEP_OUTPUT - Yielded output "result" of type "Any". (Type check passed).
2026-02-18 20:36:16 +0100 - dagster - DEBUG - __ASSET_JOB - ff8c8baa-c087-4cfa-ba86-91061ea4a16d - run_silver_clean_customers - Writing file at: /Users/taniskarigar/test-polster/dna-platform/.dagster/storage/run_silver_clean_customers using PickledObjectFilesystemIOManager...
2026-02-18 20:36:16 +0100 - dagster - DEBUG - __ASSET_JOB - ff8c8baa-c087-4cfa-ba86-91061ea4a16d - 39129 - run_silver_clean_customers - ASSET_MATERIALIZATION - Materialized value run_silver_clean_customers.
2026-02-18 20:36:16 +0100 - dagster - DEBUG - __ASSET_JOB - ff8c8baa-c087-4cfa-ba86-91061ea4a16d - 39129 - run_silver_clean_customers - HANDLED_OUTPUT - Handled output "result" using IO manager "io_manager"
2026-02-18 20:36:16 +0100 - dagster - DEBUG - __ASSET_JOB - ff8c8baa-c087-4cfa-ba86-91061ea4a16d - 39129 - run_silver_clean_customers - STEP_SUCCESS - Finished execution of step "run_silver_clean_customers" in 1.94s.
