2026-02-18 20:36:17 +0100 - dagster - DEBUG - __ASSET_JOB - ff8c8baa-c087-4cfa-ba86-91061ea4a16d - 39167 - LOGS_CAPTURED - Started capturing logs in process (pid: 39167).
2026-02-18 20:36:17 +0100 - dagster - DEBUG - __ASSET_JOB - ff8c8baa-c087-4cfa-ba86-91061ea4a16d - 39167 - run_gold_premium_revenue - STEP_START - Started execution of step "run_gold_premium_revenue".
2026-02-18 20:36:17,099 - alembic.runtime.migration - INFO - Context impl SQLiteImpl.
2026-02-18 20:36:17,100 - alembic.runtime.migration - INFO - Will assume non-transactional DDL.
2026-02-18 20:36:17 +0100 - dagster - DEBUG - __ASSET_JOB - ff8c8baa-c087-4cfa-ba86-91061ea4a16d - run_gold_premium_revenue - Loading file from: /Users/taniskarigar/test-polster/dna-platform/.dagster/storage/run_silver_clean_payments using PickledObjectFilesystemIOManager...
2026-02-18 20:36:17 +0100 - dagster - DEBUG - __ASSET_JOB - ff8c8baa-c087-4cfa-ba86-91061ea4a16d - 39167 - run_gold_premium_revenue - LOADED_INPUT - Loaded input "run_silver_clean_payments" using input manager "io_manager", from output "result" of step "run_silver_clean_payments"
2026-02-18 20:36:17 +0100 - dagster - DEBUG - __ASSET_JOB - ff8c8baa-c087-4cfa-ba86-91061ea4a16d - run_gold_premium_revenue - Loading file from: /Users/taniskarigar/test-polster/dna-platform/.dagster/storage/run_silver_clean_policies using PickledObjectFilesystemIOManager...
2026-02-18 20:36:17 +0100 - dagster - DEBUG - __ASSET_JOB - ff8c8baa-c087-4cfa-ba86-91061ea4a16d - 39167 - run_gold_premium_revenue - LOADED_INPUT - Loaded input "run_silver_clean_policies" using input manager "io_manager", from output "result" of step "run_silver_clean_policies"
2026-02-18 20:36:17 +0100 - dagster - DEBUG - __ASSET_JOB - ff8c8baa-c087-4cfa-ba86-91061ea4a16d - 39167 - run_gold_premium_revenue - STEP_INPUT - Got input "run_silver_clean_payments" of type "Any". (Type check passed).
2026-02-18 20:36:17 +0100 - dagster - DEBUG - __ASSET_JOB - ff8c8baa-c087-4cfa-ba86-91061ea4a16d - 39167 - run_gold_premium_revenue - STEP_INPUT - Got input "run_silver_clean_policies" of type "Any". (Type check passed).
2026-02-18 20:36:17,129 - src.core.utils - INFO - Starting operation: gold premium revenue aggregation
2026-02-18 20:36:17,130 - src.core.gold_premium_revenue - INFO - Starting gold premium revenue aggregation
2026-02-18 20:36:17,130 - src.core.storage - INFO - Reading latest parquet file from silver layer with prefix 'silver_clean_policies_' using adls backend
2026-02-18 20:36:17,217 - azure.core.pipeline.policies.http_logging_policy - INFO - Request URL: 'https://woningmarktintelx9.dfs.core.windows.net/dna-platform-data?resource=REDACTED&directory=REDACTED&recursive=REDACTED'
Request method: 'GET'
Request headers:
    'x-ms-version': 'REDACTED'
    'Accept': 'application/json'
    'User-Agent': 'azsdk-python-storage-dfs/12.23.0 Python/3.14.2 (macOS-15.6.1-arm64-arm-64bit-Mach-O)'
    'x-ms-date': 'REDACTED'
    'x-ms-client-request-id': '17e47af6-0d01-11f1-900c-765227f64d11'
    'Authorization': 'REDACTED'
No body was attached to the request
2026-02-18 20:36:17,372 - azure.core.pipeline.policies.http_logging_policy - INFO - Response status: 200
Response headers:
    'Transfer-Encoding': 'chunked'
    'Content-Type': 'application/json;charset=utf-8'
    'Server': 'Windows-Azure-HDFS/1.0 Microsoft-HTTPAPI/2.0'
    'x-ms-request-id': '04d45dc3-801f-0031-050d-a1db22000000'
    'x-ms-version': 'REDACTED'
    'x-ms-client-request-id': '17e47af6-0d01-11f1-900c-765227f64d11'
    'Date': 'Wed, 18 Feb 2026 19:36:17 GMT'
2026-02-18 20:36:17,375 - azure.core.pipeline.policies.http_logging_policy - INFO - Request URL: 'https://woningmarktintelx9.blob.core.windows.net/dna-platform-data/dna-platform/data/silver/silver_clean_policies_20260218T193614Z.parquet'
Request method: 'GET'
Request headers:
    'x-ms-range': 'REDACTED'
    'x-ms-version': 'REDACTED'
    'Accept': 'application/xml'
    'User-Agent': 'azsdk-python-storage-dfs/12.23.0 Python/3.14.2 (macOS-15.6.1-arm64-arm-64bit-Mach-O)'
    'x-ms-date': 'REDACTED'
    'x-ms-client-request-id': '17fc9050-0d01-11f1-900c-765227f64d11'
    'Authorization': 'REDACTED'
No body was attached to the request
2026-02-18 20:36:18,150 - azure.core.pipeline.policies.http_logging_policy - INFO - Response status: 206
Response headers:
    'Content-Length': '9319'
    'Content-Type': 'application/octet-stream'
    'Content-Range': 'REDACTED'
    'Last-Modified': 'Wed, 18 Feb 2026 19:36:15 GMT'
    'Accept-Ranges': 'REDACTED'
    'ETag': '"0x8DE6F24FB433DFC"'
    'Server': 'Windows-Azure-Blob/1.0 Microsoft-HTTPAPI/2.0'
    'x-ms-request-id': 'a65962c0-101e-0023-010d-a1a0f2000000'
    'x-ms-client-request-id': '17fc9050-0d01-11f1-900c-765227f64d11'
    'x-ms-version': 'REDACTED'
    'x-ms-resource-type': 'REDACTED'
    'x-ms-creation-time': 'REDACTED'
    'x-ms-lease-status': 'REDACTED'
    'x-ms-lease-state': 'REDACTED'
    'x-ms-blob-type': 'REDACTED'
    'x-ms-server-encrypted': 'REDACTED'
    'x-ms-owner': 'REDACTED'
    'x-ms-group': 'REDACTED'
    'x-ms-permissions': 'REDACTED'
    'x-ms-acl': 'REDACTED'
    'Date': 'Wed, 18 Feb 2026 19:36:17 GMT'
2026-02-18 20:36:18,152 - src.core.storage - INFO - Successfully read 80 rows from ADLS: dna-platform/data/silver/silver_clean_policies_20260218T193614Z.parquet
2026-02-18 20:36:18,152 - src.core.storage - INFO - Reading latest parquet file from silver layer with prefix 'silver_clean_payments_' using adls backend
2026-02-18 20:36:18,152 - azure.core.pipeline.policies.http_logging_policy - INFO - Request URL: 'https://woningmarktintelx9.dfs.core.windows.net/dna-platform-data?resource=REDACTED&directory=REDACTED&recursive=REDACTED'
Request method: 'GET'
Request headers:
    'x-ms-version': 'REDACTED'
    'Accept': 'application/json'
    'User-Agent': 'azsdk-python-storage-dfs/12.23.0 Python/3.14.2 (macOS-15.6.1-arm64-arm-64bit-Mach-O)'
    'x-ms-date': 'REDACTED'
    'x-ms-client-request-id': '1873367e-0d01-11f1-900c-765227f64d11'
    'Authorization': 'REDACTED'
No body was attached to the request
2026-02-18 20:36:18,587 - azure.core.pipeline.policies.http_logging_policy - INFO - Response status: 200
Response headers:
    'Transfer-Encoding': 'chunked'
    'Content-Type': 'application/json;charset=utf-8'
    'Server': 'Windows-Azure-HDFS/1.0 Microsoft-HTTPAPI/2.0'
    'x-ms-request-id': '07a86d29-001f-004d-590d-a1f5dd000000'
    'x-ms-version': 'REDACTED'
    'x-ms-client-request-id': '1873367e-0d01-11f1-900c-765227f64d11'
    'Date': 'Wed, 18 Feb 2026 19:36:18 GMT'
2026-02-18 20:36:18,589 - azure.core.pipeline.policies.http_logging_policy - INFO - Request URL: 'https://woningmarktintelx9.blob.core.windows.net/dna-platform-data/dna-platform/data/silver/silver_clean_payments_20260218T193614Z.parquet'
Request method: 'GET'
Request headers:
    'x-ms-range': 'REDACTED'
    'x-ms-version': 'REDACTED'
    'Accept': 'application/xml'
    'User-Agent': 'azsdk-python-storage-dfs/12.23.0 Python/3.14.2 (macOS-15.6.1-arm64-arm-64bit-Mach-O)'
    'x-ms-date': 'REDACTED'
    'x-ms-client-request-id': '18b5d8bc-0d01-11f1-900c-765227f64d11'
    'Authorization': 'REDACTED'
No body was attached to the request
2026-02-18 20:36:18,753 - azure.core.pipeline.policies.http_logging_policy - INFO - Response status: 206
Response headers:
    'Content-Length': '8582'
    'Content-Type': 'application/octet-stream'
    'Content-Range': 'REDACTED'
    'Last-Modified': 'Wed, 18 Feb 2026 19:36:15 GMT'
    'Accept-Ranges': 'REDACTED'
    'ETag': '"0x8DE6F24FB46E544"'
    'Server': 'Windows-Azure-Blob/1.0 Microsoft-HTTPAPI/2.0'
    'x-ms-request-id': '381db0fc-201e-005a-130d-a15cd6000000'
    'x-ms-client-request-id': '18b5d8bc-0d01-11f1-900c-765227f64d11'
    'x-ms-version': 'REDACTED'
    'x-ms-resource-type': 'REDACTED'
    'x-ms-creation-time': 'REDACTED'
    'x-ms-lease-status': 'REDACTED'
    'x-ms-lease-state': 'REDACTED'
    'x-ms-blob-type': 'REDACTED'
    'x-ms-server-encrypted': 'REDACTED'
    'x-ms-owner': 'REDACTED'
    'x-ms-group': 'REDACTED'
    'x-ms-permissions': 'REDACTED'
    'x-ms-acl': 'REDACTED'
    'Date': 'Wed, 18 Feb 2026 19:36:18 GMT'
2026-02-18 20:36:18,754 - src.core.storage - INFO - Successfully read 100 rows from ADLS: dna-platform/data/silver/silver_clean_payments_20260218T193614Z.parquet
2026-02-18 20:36:18,755 - src.core.utils - INFO - Silver policies input: 80 rows, 14 columns
2026-02-18 20:36:18,755 - src.core.utils - INFO - Silver payments input: 100 rows, 11 columns
2026-02-18 20:36:18,765 - src.core.utils - INFO - Gold premium revenue output: 3 rows, 7 columns
2026-02-18 20:36:18,765 - src.core.storage - INFO - Writing DataFrame to gold/gold_premium_revenue_20260218T193618Z.parquet using adls backend
2026-02-18 20:36:18,765 - src.core.storage - INFO - Writing DataFrame (3 rows, 8 columns) to ADLS: abfss://dna-platform-data@woningmarktintelx9.dfs.core.windows.net/dna-platform/data/gold/gold_premium_revenue_20260218T193618Z.parquet
2026-02-18 20:36:18,767 - azure.core.pipeline.policies.http_logging_policy - INFO - Request URL: 'https://woningmarktintelx9.blob.core.windows.net/dna-platform-data?restype=REDACTED'
Request method: 'GET'
Request headers:
    'x-ms-version': 'REDACTED'
    'Accept': 'application/xml'
    'User-Agent': 'azsdk-python-storage-dfs/12.23.0 Python/3.14.2 (macOS-15.6.1-arm64-arm-64bit-Mach-O)'
    'x-ms-date': 'REDACTED'
    'x-ms-client-request-id': '18d0eeea-0d01-11f1-900c-765227f64d11'
    'Authorization': 'REDACTED'
No body was attached to the request
2026-02-18 20:36:18,914 - azure.core.pipeline.policies.http_logging_policy - INFO - Response status: 200
Response headers:
    'Content-Length': '0'
    'Last-Modified': 'Wed, 18 Feb 2026 19:12:05 GMT'
    'ETag': '"0x8DE6F219B11A707"'
    'Server': 'Windows-Azure-Blob/1.0 Microsoft-HTTPAPI/2.0'
    'x-ms-request-id': '0086d0a3-201e-004a-0f0d-a199be000000'
    'x-ms-client-request-id': '18d0eeea-0d01-11f1-900c-765227f64d11'
    'x-ms-version': 'REDACTED'
    'x-ms-lease-status': 'REDACTED'
    'x-ms-lease-state': 'REDACTED'
    'x-ms-has-immutability-policy': 'REDACTED'
    'x-ms-has-legal-hold': 'REDACTED'
    'x-ms-immutable-storage-with-versioning-enabled': 'REDACTED'
    'x-ms-default-encryption-scope': 'REDACTED'
    'x-ms-deny-encryption-scope-override': 'REDACTED'
    'Date': 'Wed, 18 Feb 2026 19:36:18 GMT'
2026-02-18 20:36:18,915 - azure.core.pipeline.policies.http_logging_policy - INFO - Request URL: 'https://woningmarktintelx9.dfs.core.windows.net/dna-platform-data/dna-platform/data/gold?resource=REDACTED'
Request method: 'PUT'
Request headers:
    'x-ms-version': 'REDACTED'
    'Accept': 'application/json'
    'User-Agent': 'azsdk-python-storage-dfs/12.23.0 Python/3.14.2 (macOS-15.6.1-arm64-arm-64bit-Mach-O)'
    'x-ms-date': 'REDACTED'
    'x-ms-client-request-id': '18e798de-0d01-11f1-900c-765227f64d11'
    'Authorization': 'REDACTED'
No body was attached to the request
2026-02-18 20:36:19,081 - azure.core.pipeline.policies.http_logging_policy - INFO - Response status: 201
Response headers:
    'Last-Modified': 'Wed, 18 Feb 2026 19:36:19 GMT'
    'ETag': '"0x8DE6F24FD3EE638"'
    'Server': 'Windows-Azure-HDFS/1.0 Microsoft-HTTPAPI/2.0'
    'x-ms-request-server-encrypted': 'REDACTED'
    'x-ms-request-id': '19e510b6-101f-006e-380d-a16f1e000000'
    'x-ms-version': 'REDACTED'
    'x-ms-client-request-id': '18e798de-0d01-11f1-900c-765227f64d11'
    'Date': 'Wed, 18 Feb 2026 19:36:18 GMT'
    'Content-Length': '0'
2026-02-18 20:36:19,081 - azure.core.pipeline.policies.http_logging_policy - INFO - Request URL: 'https://woningmarktintelx9.dfs.core.windows.net/dna-platform-data/dna-platform/data/gold/gold_premium_revenue_20260218T193618Z.parquet?resource=REDACTED'
Request method: 'PUT'
Request headers:
    'x-ms-version': 'REDACTED'
    'Accept': 'application/json'
    'User-Agent': 'azsdk-python-storage-dfs/12.23.0 Python/3.14.2 (macOS-15.6.1-arm64-arm-64bit-Mach-O)'
    'x-ms-date': 'REDACTED'
    'x-ms-client-request-id': '1900f720-0d01-11f1-900c-765227f64d11'
    'Authorization': 'REDACTED'
No body was attached to the request
2026-02-18 20:36:19,123 - azure.core.pipeline.policies.http_logging_policy - INFO - Response status: 201
Response headers:
    'Last-Modified': 'Wed, 18 Feb 2026 19:36:19 GMT'
    'ETag': '"0x8DE6F24FD45AE0C"'
    'Server': 'Windows-Azure-HDFS/1.0 Microsoft-HTTPAPI/2.0'
    'x-ms-request-server-encrypted': 'REDACTED'
    'x-ms-request-id': '19e510bc-101f-006e-3e0d-a16f1e000000'
    'x-ms-version': 'REDACTED'
    'x-ms-client-request-id': '1900f720-0d01-11f1-900c-765227f64d11'
    'Date': 'Wed, 18 Feb 2026 19:36:18 GMT'
    'Content-Length': '0'
2026-02-18 20:36:19,123 - azure.core.pipeline.policies.http_logging_policy - INFO - Request URL: 'https://woningmarktintelx9.dfs.core.windows.net/dna-platform-data/dna-platform/data/gold/gold_premium_revenue_20260218T193618Z.parquet?action=REDACTED&position=REDACTED'
Request method: 'PATCH'
Request headers:
    'Content-Length': '3200'
    'x-ms-version': 'REDACTED'
    'Content-Type': 'application/json'
    'Accept': 'application/json'
    'User-Agent': 'azsdk-python-storage-dfs/12.23.0 Python/3.14.2 (macOS-15.6.1-arm64-arm-64bit-Mach-O)'
    'x-ms-date': 'REDACTED'
    'x-ms-client-request-id': '19076114-0d01-11f1-900c-765227f64d11'
    'Authorization': 'REDACTED'
A body is sent with the request
2026-02-18 20:36:19,160 - azure.core.pipeline.policies.http_logging_policy - INFO - Response status: 202
Response headers:
    'Server': 'Windows-Azure-HDFS/1.0 Microsoft-HTTPAPI/2.0'
    'x-ms-request-server-encrypted': 'REDACTED'
    'x-ms-request-id': '19e510c3-101f-006e-450d-a16f1e000000'
    'x-ms-version': 'REDACTED'
    'x-ms-client-request-id': '19076114-0d01-11f1-900c-765227f64d11'
    'Date': 'Wed, 18 Feb 2026 19:36:18 GMT'
    'Content-Length': '0'
2026-02-18 20:36:19,160 - azure.core.pipeline.policies.http_logging_policy - INFO - Request URL: 'https://woningmarktintelx9.dfs.core.windows.net/dna-platform-data/dna-platform/data/gold/gold_premium_revenue_20260218T193618Z.parquet?action=REDACTED&position=REDACTED&close=REDACTED'
Request method: 'PATCH'
Request headers:
    'If-Match': '"0x8DE6F24FD45AE0C"'
    'x-ms-version': 'REDACTED'
    'Accept': 'application/json'
    'User-Agent': 'azsdk-python-storage-dfs/12.23.0 Python/3.14.2 (macOS-15.6.1-arm64-arm-64bit-Mach-O)'
    'x-ms-date': 'REDACTED'
    'x-ms-client-request-id': '190d0204-0d01-11f1-900c-765227f64d11'
    'Authorization': 'REDACTED'
No body was attached to the request
2026-02-18 20:36:19,219 - azure.core.pipeline.policies.http_logging_policy - INFO - Response status: 200
Response headers:
    'Last-Modified': 'Wed, 18 Feb 2026 19:36:19 GMT'
    'ETag': '"0x8DE6F24FD542DD4"'
    'Server': 'Windows-Azure-HDFS/1.0 Microsoft-HTTPAPI/2.0'
    'x-ms-request-server-encrypted': 'REDACTED'
    'x-ms-request-id': '19e510c9-101f-006e-4b0d-a16f1e000000'
    'x-ms-version': 'REDACTED'
    'x-ms-client-request-id': '190d0204-0d01-11f1-900c-765227f64d11'
    'Date': 'Wed, 18 Feb 2026 19:36:18 GMT'
    'Content-Length': '0'
2026-02-18 20:36:19,219 - src.core.storage - INFO - Successfully uploaded 0 bytes to ADLS: abfss://dna-platform-data@woningmarktintelx9.dfs.core.windows.net/dna-platform/data/gold/gold_premium_revenue_20260218T193618Z.parquet
2026-02-18 20:36:19,221 - src.core.storage - INFO - ADLS write successful: abfss://dna-platform-data@woningmarktintelx9.dfs.core.windows.net/dna-platform/data/gold/gold_premium_revenue_20260218T193618Z.parquet
2026-02-18 20:36:19,223 - src.core.storage - INFO - Successfully wrote 3 rows to local storage: /Users/taniskarigar/test-polster/dna-platform/data/gold/sample_gold_premium_revenue_20260218T193618Z.parquet
2026-02-18 20:36:19,223 - src.core.gold_premium_revenue - INFO - Gold premium revenue aggregation completed: abfss://dna-platform-data@woningmarktintelx9.dfs.core.windows.net/dna-platform/data/gold/gold_premium_revenue_20260218T193618Z.parquet
2026-02-18 20:36:19,223 - src.core.utils - INFO - Completed operation 'gold premium revenue aggregation' in 2.09 seconds
2026-02-18 20:36:19 +0100 - dagster - DEBUG - __ASSET_JOB - ff8c8baa-c087-4cfa-ba86-91061ea4a16d - 39167 - run_gold_premium_revenue - STEP_OUTPUT - Yielded output "result" of type "Any". (Type check passed).
2026-02-18 20:36:19 +0100 - dagster - DEBUG - __ASSET_JOB - ff8c8baa-c087-4cfa-ba86-91061ea4a16d - run_gold_premium_revenue - Writing file at: /Users/taniskarigar/test-polster/dna-platform/.dagster/storage/run_gold_premium_revenue using PickledObjectFilesystemIOManager...
2026-02-18 20:36:19 +0100 - dagster - DEBUG - __ASSET_JOB - ff8c8baa-c087-4cfa-ba86-91061ea4a16d - 39167 - run_gold_premium_revenue - ASSET_MATERIALIZATION - Materialized value run_gold_premium_revenue.
2026-02-18 20:36:19 +0100 - dagster - DEBUG - __ASSET_JOB - ff8c8baa-c087-4cfa-ba86-91061ea4a16d - 39167 - run_gold_premium_revenue - HANDLED_OUTPUT - Handled output "result" using IO manager "io_manager"
2026-02-18 20:36:19 +0100 - dagster - DEBUG - __ASSET_JOB - ff8c8baa-c087-4cfa-ba86-91061ea4a16d - 39167 - run_gold_premium_revenue - STEP_SUCCESS - Finished execution of step "run_gold_premium_revenue" in 2.14s.
