2026-02-18 20:31:28 +0100 - dagster - DEBUG - __ASSET_JOB - 8be0ff60-be5a-4894-9014-4075334ebd50 - 23275 - LOGS_CAPTURED - Started capturing logs in process (pid: 23275).
2026-02-18 20:31:28 +0100 - dagster - DEBUG - __ASSET_JOB - 8be0ff60-be5a-4894-9014-4075334ebd50 - 23275 - run_bronze_customers - STEP_START - Started execution of step "run_bronze_customers".
2026-02-18 20:31:28,392 - src.core.utils - INFO - Starting operation: bronze customers extraction
2026-02-18 20:31:28,393 - src.core.bronze_customers - INFO - Starting bronze customers extraction
2026-02-18 20:31:28,410 - src.core.utils - INFO - Bronze customers output: 50 rows, 15 columns
2026-02-18 20:31:28,410 - src.core.storage - INFO - Writing DataFrame to bronze/bronze_customers_20260218T193128Z.parquet using adls backend
2026-02-18 20:31:28,411 - src.core.storage - INFO - Writing DataFrame (50 rows, 15 columns) to ADLS: abfss://dna-platform-data@woningmarktintelx9.dfs.core.windows.net/dna-platform/data/bronze/bronze_customers_20260218T193128Z.parquet
2026-02-18 20:31:28,587 - azure.core.pipeline.policies.http_logging_policy - INFO - Request URL: 'https://woningmarktintelx9.blob.core.windows.net/dna-platform-data?restype=REDACTED'
Request method: 'GET'
Request headers:
    'x-ms-version': 'REDACTED'
    'Accept': 'application/xml'
    'User-Agent': 'azsdk-python-storage-dfs/12.23.0 Python/3.14.2 (macOS-15.6.1-arm64-arm-64bit-Mach-O)'
    'x-ms-date': 'REDACTED'
    'x-ms-client-request-id': '6bdaea2e-0d00-11f1-aec2-765227f64d11'
    'Authorization': 'REDACTED'
No body was attached to the request
2026-02-18 20:31:28,757 - azure.core.pipeline.policies.http_logging_policy - INFO - Response status: 200
Response headers:
    'Content-Length': '0'
    'Last-Modified': 'Wed, 18 Feb 2026 19:12:05 GMT'
    'ETag': '"0x8DE6F219B11A707"'
    'Server': 'Windows-Azure-Blob/1.0 Microsoft-HTTPAPI/2.0'
    'x-ms-request-id': '5eb2772b-101e-001c-4b0d-a16851000000'
    'x-ms-client-request-id': '6bdaea2e-0d00-11f1-aec2-765227f64d11'
    'x-ms-version': 'REDACTED'
    'x-ms-lease-status': 'REDACTED'
    'x-ms-lease-state': 'REDACTED'
    'x-ms-has-immutability-policy': 'REDACTED'
    'x-ms-has-legal-hold': 'REDACTED'
    'x-ms-immutable-storage-with-versioning-enabled': 'REDACTED'
    'x-ms-default-encryption-scope': 'REDACTED'
    'x-ms-deny-encryption-scope-override': 'REDACTED'
    'Date': 'Wed, 18 Feb 2026 19:31:28 GMT'
2026-02-18 20:31:28,758 - azure.core.pipeline.policies.http_logging_policy - INFO - Request URL: 'https://woningmarktintelx9.dfs.core.windows.net/dna-platform-data/dna-platform/data/bronze?resource=REDACTED'
Request method: 'PUT'
Request headers:
    'x-ms-version': 'REDACTED'
    'Accept': 'application/json'
    'User-Agent': 'azsdk-python-storage-dfs/12.23.0 Python/3.14.2 (macOS-15.6.1-arm64-arm-64bit-Mach-O)'
    'x-ms-date': 'REDACTED'
    'x-ms-client-request-id': '6bf5242a-0d00-11f1-aec2-765227f64d11'
    'Authorization': 'REDACTED'
No body was attached to the request
2026-02-18 20:31:29,943 - azure.core.pipeline.policies.http_logging_policy - INFO - Response status: 201
Response headers:
    'Last-Modified': 'Wed, 18 Feb 2026 19:31:30 GMT'
    'ETag': '"0x8DE6F2450E79BE8"'
    'Server': 'Windows-Azure-HDFS/1.0 Microsoft-HTTPAPI/2.0'
    'x-ms-request-server-encrypted': 'REDACTED'
    'x-ms-request-id': 'd7a6b8ef-401f-0011-650d-a1a085000000'
    'x-ms-version': 'REDACTED'
    'x-ms-client-request-id': '6bf5242a-0d00-11f1-aec2-765227f64d11'
    'Date': 'Wed, 18 Feb 2026 19:31:29 GMT'
    'Content-Length': '0'
2026-02-18 20:31:29,949 - azure.core.pipeline.policies.http_logging_policy - INFO - Request URL: 'https://woningmarktintelx9.dfs.core.windows.net/dna-platform-data/dna-platform/data/bronze/bronze_customers_20260218T193128Z.parquet?resource=REDACTED'
Request method: 'PUT'
Request headers:
    'x-ms-version': 'REDACTED'
    'Accept': 'application/json'
    'User-Agent': 'azsdk-python-storage-dfs/12.23.0 Python/3.14.2 (macOS-15.6.1-arm64-arm-64bit-Mach-O)'
    'x-ms-date': 'REDACTED'
    'x-ms-client-request-id': '6caad0ea-0d00-11f1-aec2-765227f64d11'
    'Authorization': 'REDACTED'
No body was attached to the request
2026-02-18 20:31:29,999 - azure.core.pipeline.policies.http_logging_policy - INFO - Response status: 201
Response headers:
    'Last-Modified': 'Wed, 18 Feb 2026 19:31:30 GMT'
    'ETag': '"0x8DE6F2450EFD558"'
    'Server': 'Windows-Azure-HDFS/1.0 Microsoft-HTTPAPI/2.0'
    'x-ms-request-server-encrypted': 'REDACTED'
    'x-ms-request-id': 'd7a6b90d-401f-0011-030d-a1a085000000'
    'x-ms-version': 'REDACTED'
    'x-ms-client-request-id': '6caad0ea-0d00-11f1-aec2-765227f64d11'
    'Date': 'Wed, 18 Feb 2026 19:31:29 GMT'
    'Content-Length': '0'
2026-02-18 20:31:30,000 - azure.core.pipeline.policies.http_logging_policy - INFO - Request URL: 'https://woningmarktintelx9.dfs.core.windows.net/dna-platform-data/dna-platform/data/bronze/bronze_customers_20260218T193128Z.parquet?action=REDACTED&position=REDACTED'
Request method: 'PATCH'
Request headers:
    'Content-Length': '10545'
    'x-ms-version': 'REDACTED'
    'Content-Type': 'application/json'
    'Accept': 'application/json'
    'User-Agent': 'azsdk-python-storage-dfs/12.23.0 Python/3.14.2 (macOS-15.6.1-arm64-arm-64bit-Mach-O)'
    'x-ms-date': 'REDACTED'
    'x-ms-client-request-id': '6cb29b2c-0d00-11f1-aec2-765227f64d11'
    'Authorization': 'REDACTED'
A body is sent with the request
2026-02-18 20:31:30,056 - azure.core.pipeline.policies.http_logging_policy - INFO - Response status: 202
Response headers:
    'Server': 'Windows-Azure-HDFS/1.0 Microsoft-HTTPAPI/2.0'
    'x-ms-request-server-encrypted': 'REDACTED'
    'x-ms-request-id': 'd7a6b915-401f-0011-0b0d-a1a085000000'
    'x-ms-version': 'REDACTED'
    'x-ms-client-request-id': '6cb29b2c-0d00-11f1-aec2-765227f64d11'
    'Date': 'Wed, 18 Feb 2026 19:31:29 GMT'
    'Content-Length': '0'
2026-02-18 20:31:30,057 - azure.core.pipeline.policies.http_logging_policy - INFO - Request URL: 'https://woningmarktintelx9.dfs.core.windows.net/dna-platform-data/dna-platform/data/bronze/bronze_customers_20260218T193128Z.parquet?action=REDACTED&position=REDACTED&close=REDACTED'
Request method: 'PATCH'
Request headers:
    'If-Match': '"0x8DE6F2450EFD558"'
    'x-ms-version': 'REDACTED'
    'Accept': 'application/json'
    'User-Agent': 'azsdk-python-storage-dfs/12.23.0 Python/3.14.2 (macOS-15.6.1-arm64-arm-64bit-Mach-O)'
    'x-ms-date': 'REDACTED'
    'x-ms-client-request-id': '6cbb46f0-0d00-11f1-aec2-765227f64d11'
    'Authorization': 'REDACTED'
No body was attached to the request
2026-02-18 20:31:30,117 - azure.core.pipeline.policies.http_logging_policy - INFO - Response status: 200
Response headers:
    'Last-Modified': 'Wed, 18 Feb 2026 19:31:30 GMT'
    'ETag': '"0x8DE6F245101863C"'
    'Server': 'Windows-Azure-HDFS/1.0 Microsoft-HTTPAPI/2.0'
    'x-ms-request-server-encrypted': 'REDACTED'
    'x-ms-request-id': 'd7a6b91f-401f-0011-150d-a1a085000000'
    'x-ms-version': 'REDACTED'
    'x-ms-client-request-id': '6cbb46f0-0d00-11f1-aec2-765227f64d11'
    'Date': 'Wed, 18 Feb 2026 19:31:29 GMT'
    'Content-Length': '0'
2026-02-18 20:31:30,117 - src.core.storage - INFO - Successfully uploaded 0 bytes to ADLS: abfss://dna-platform-data@woningmarktintelx9.dfs.core.windows.net/dna-platform/data/bronze/bronze_customers_20260218T193128Z.parquet
2026-02-18 20:31:30,119 - src.core.storage - INFO - ADLS write successful: abfss://dna-platform-data@woningmarktintelx9.dfs.core.windows.net/dna-platform/data/bronze/bronze_customers_20260218T193128Z.parquet
2026-02-18 20:31:30,122 - src.core.storage - INFO - Successfully wrote 50 rows to local storage: /Users/taniskarigar/test-polster/dna-platform/data/bronze/sample_bronze_customers_20260218T193128Z.parquet
2026-02-18 20:31:30,122 - src.core.bronze_customers - INFO - Bronze customers extraction completed: abfss://dna-platform-data@woningmarktintelx9.dfs.core.windows.net/dna-platform/data/bronze/bronze_customers_20260218T193128Z.parquet
2026-02-18 20:31:30,122 - src.core.utils - INFO - Completed operation 'bronze customers extraction' in 1.73 seconds
2026-02-18 20:31:30 +0100 - dagster - DEBUG - __ASSET_JOB - 8be0ff60-be5a-4894-9014-4075334ebd50 - 23275 - run_bronze_customers - STEP_OUTPUT - Yielded output "result" of type "Any". (Type check passed).
2026-02-18 20:31:30 +0100 - dagster - DEBUG - __ASSET_JOB - 8be0ff60-be5a-4894-9014-4075334ebd50 - run_bronze_customers - Writing file at: /Users/taniskarigar/test-polster/dna-platform/.dagster/storage/run_bronze_customers using PickledObjectFilesystemIOManager...
2026-02-18 20:31:30,136 - alembic.runtime.migration - INFO - Context impl SQLiteImpl.
2026-02-18 20:31:30,136 - alembic.runtime.migration - INFO - Will assume non-transactional DDL.
2026-02-18 20:31:30 +0100 - dagster - DEBUG - __ASSET_JOB - 8be0ff60-be5a-4894-9014-4075334ebd50 - 23275 - run_bronze_customers - ASSET_MATERIALIZATION - Materialized value run_bronze_customers.
2026-02-18 20:31:30 +0100 - dagster - DEBUG - __ASSET_JOB - 8be0ff60-be5a-4894-9014-4075334ebd50 - 23275 - run_bronze_customers - HANDLED_OUTPUT - Handled output "result" using IO manager "io_manager"
2026-02-18 20:31:30 +0100 - dagster - DEBUG - __ASSET_JOB - 8be0ff60-be5a-4894-9014-4075334ebd50 - 23275 - run_bronze_customers - STEP_SUCCESS - Finished execution of step "run_bronze_customers" in 1.77s.
