2026-02-18 20:31:28 +0100 - dagster - DEBUG - __ASSET_JOB - 8be0ff60-be5a-4894-9014-4075334ebd50 - 23274 - LOGS_CAPTURED - Started capturing logs in process (pid: 23274).
2026-02-18 20:31:28 +0100 - dagster - DEBUG - __ASSET_JOB - 8be0ff60-be5a-4894-9014-4075334ebd50 - 23274 - run_bronze_claims - STEP_START - Started execution of step "run_bronze_claims".
2026-02-18 20:31:28,336 - src.core.utils - INFO - Starting operation: bronze claims extraction
2026-02-18 20:31:28,336 - src.core.bronze_claims - INFO - Starting bronze claims extraction
2026-02-18 20:31:28,360 - src.core.utils - INFO - Bronze claims output: 30 rows, 11 columns
2026-02-18 20:31:28,363 - src.core.storage - INFO - Writing DataFrame to bronze/bronze_claims_20260218T193128Z.parquet using adls backend
2026-02-18 20:31:28,363 - src.core.storage - INFO - Writing DataFrame (30 rows, 11 columns) to ADLS: abfss://dna-platform-data@woningmarktintelx9.dfs.core.windows.net/dna-platform/data/bronze/bronze_claims_20260218T193128Z.parquet
2026-02-18 20:31:28,587 - azure.core.pipeline.policies.http_logging_policy - INFO - Request URL: 'https://woningmarktintelx9.blob.core.windows.net/dna-platform-data?restype=REDACTED'
Request method: 'GET'
Request headers:
    'x-ms-version': 'REDACTED'
    'Accept': 'application/xml'
    'User-Agent': 'azsdk-python-storage-dfs/12.23.0 Python/3.14.2 (macOS-15.6.1-arm64-arm-64bit-Mach-O)'
    'x-ms-date': 'REDACTED'
    'x-ms-client-request-id': '6bdaea24-0d00-11f1-9056-765227f64d11'
    'Authorization': 'REDACTED'
No body was attached to the request
2026-02-18 20:31:28,746 - azure.core.pipeline.policies.http_logging_policy - INFO - Response status: 200
Response headers:
    'Content-Length': '0'
    'Last-Modified': 'Wed, 18 Feb 2026 19:12:05 GMT'
    'ETag': '"0x8DE6F219B11A707"'
    'Server': 'Windows-Azure-Blob/1.0 Microsoft-HTTPAPI/2.0'
    'x-ms-request-id': '30e38e01-701e-0035-5b0d-a15625000000'
    'x-ms-client-request-id': '6bdaea24-0d00-11f1-9056-765227f64d11'
    'x-ms-version': 'REDACTED'
    'x-ms-lease-status': 'REDACTED'
    'x-ms-lease-state': 'REDACTED'
    'x-ms-has-immutability-policy': 'REDACTED'
    'x-ms-has-legal-hold': 'REDACTED'
    'x-ms-immutable-storage-with-versioning-enabled': 'REDACTED'
    'x-ms-default-encryption-scope': 'REDACTED'
    'x-ms-deny-encryption-scope-override': 'REDACTED'
    'Date': 'Wed, 18 Feb 2026 19:31:27 GMT'
2026-02-18 20:31:28,747 - azure.core.pipeline.policies.http_logging_policy - INFO - Request URL: 'https://woningmarktintelx9.dfs.core.windows.net/dna-platform-data/dna-platform/data/bronze?resource=REDACTED'
Request method: 'PUT'
Request headers:
    'x-ms-version': 'REDACTED'
    'Accept': 'application/json'
    'User-Agent': 'azsdk-python-storage-dfs/12.23.0 Python/3.14.2 (macOS-15.6.1-arm64-arm-64bit-Mach-O)'
    'x-ms-date': 'REDACTED'
    'x-ms-client-request-id': '6bf3780a-0d00-11f1-9056-765227f64d11'
    'Authorization': 'REDACTED'
No body was attached to the request
2026-02-18 20:31:29,878 - azure.core.pipeline.policies.http_logging_policy - INFO - Response status: 201
Response headers:
    'Last-Modified': 'Wed, 18 Feb 2026 19:31:29 GMT'
    'ETag': '"0x8DE6F2450DDB258"'
    'Server': 'Windows-Azure-HDFS/1.0 Microsoft-HTTPAPI/2.0'
    'x-ms-request-server-encrypted': 'REDACTED'
    'x-ms-request-id': '403ef0fd-a01f-0044-180d-a1b00e000000'
    'x-ms-version': 'REDACTED'
    'x-ms-client-request-id': '6bf3780a-0d00-11f1-9056-765227f64d11'
    'Date': 'Wed, 18 Feb 2026 19:31:29 GMT'
    'Content-Length': '0'
2026-02-18 20:31:29,878 - azure.core.pipeline.policies.http_logging_policy - INFO - Request URL: 'https://woningmarktintelx9.dfs.core.windows.net/dna-platform-data/dna-platform/data/bronze/bronze_claims_20260218T193128Z.parquet?resource=REDACTED'
Request method: 'PUT'
Request headers:
    'x-ms-version': 'REDACTED'
    'Accept': 'application/json'
    'User-Agent': 'azsdk-python-storage-dfs/12.23.0 Python/3.14.2 (macOS-15.6.1-arm64-arm-64bit-Mach-O)'
    'x-ms-date': 'REDACTED'
    'x-ms-client-request-id': '6ca0145c-0d00-11f1-9056-765227f64d11'
    'Authorization': 'REDACTED'
No body was attached to the request
2026-02-18 20:31:29,924 - azure.core.pipeline.policies.http_logging_policy - INFO - Response status: 201
Response headers:
    'Last-Modified': 'Wed, 18 Feb 2026 19:31:29 GMT'
    'ETag': '"0x8DE6F2450E3FA44"'
    'Server': 'Windows-Azure-HDFS/1.0 Microsoft-HTTPAPI/2.0'
    'x-ms-request-server-encrypted': 'REDACTED'
    'x-ms-request-id': '403ef128-a01f-0044-430d-a1b00e000000'
    'x-ms-version': 'REDACTED'
    'x-ms-client-request-id': '6ca0145c-0d00-11f1-9056-765227f64d11'
    'Date': 'Wed, 18 Feb 2026 19:31:29 GMT'
    'Content-Length': '0'
2026-02-18 20:31:29,935 - azure.core.pipeline.policies.http_logging_policy - INFO - Request URL: 'https://woningmarktintelx9.dfs.core.windows.net/dna-platform-data/dna-platform/data/bronze/bronze_claims_20260218T193128Z.parquet?action=REDACTED&position=REDACTED'
Request method: 'PATCH'
Request headers:
    'Content-Length': '7245'
    'x-ms-version': 'REDACTED'
    'Content-Type': 'application/json'
    'Accept': 'application/json'
    'User-Agent': 'azsdk-python-storage-dfs/12.23.0 Python/3.14.2 (macOS-15.6.1-arm64-arm-64bit-Mach-O)'
    'x-ms-date': 'REDACTED'
    'x-ms-client-request-id': '6ca8b9c2-0d00-11f1-9056-765227f64d11'
    'Authorization': 'REDACTED'
A body is sent with the request
2026-02-18 20:31:29,995 - azure.core.pipeline.policies.http_logging_policy - INFO - Response status: 202
Response headers:
    'Server': 'Windows-Azure-HDFS/1.0 Microsoft-HTTPAPI/2.0'
    'x-ms-request-server-encrypted': 'REDACTED'
    'x-ms-request-id': '403ef13d-a01f-0044-580d-a1b00e000000'
    'x-ms-version': 'REDACTED'
    'x-ms-client-request-id': '6ca8b9c2-0d00-11f1-9056-765227f64d11'
    'Date': 'Wed, 18 Feb 2026 19:31:29 GMT'
    'Content-Length': '0'
2026-02-18 20:31:29,996 - azure.core.pipeline.policies.http_logging_policy - INFO - Request URL: 'https://woningmarktintelx9.dfs.core.windows.net/dna-platform-data/dna-platform/data/bronze/bronze_claims_20260218T193128Z.parquet?action=REDACTED&position=REDACTED&close=REDACTED'
Request method: 'PATCH'
Request headers:
    'If-Match': '"0x8DE6F2450E3FA44"'
    'x-ms-version': 'REDACTED'
    'Accept': 'application/json'
    'User-Agent': 'azsdk-python-storage-dfs/12.23.0 Python/3.14.2 (macOS-15.6.1-arm64-arm-64bit-Mach-O)'
    'x-ms-date': 'REDACTED'
    'x-ms-client-request-id': '6cb1f712-0d00-11f1-9056-765227f64d11'
    'Authorization': 'REDACTED'
No body was attached to the request
2026-02-18 20:31:30,061 - azure.core.pipeline.policies.http_logging_policy - INFO - Response status: 200
Response headers:
    'Last-Modified': 'Wed, 18 Feb 2026 19:31:30 GMT'
    'ETag': '"0x8DE6F2450F91910"'
    'Server': 'Windows-Azure-HDFS/1.0 Microsoft-HTTPAPI/2.0'
    'x-ms-request-server-encrypted': 'REDACTED'
    'x-ms-request-id': '403ef147-a01f-0044-620d-a1b00e000000'
    'x-ms-version': 'REDACTED'
    'x-ms-client-request-id': '6cb1f712-0d00-11f1-9056-765227f64d11'
    'Date': 'Wed, 18 Feb 2026 19:31:30 GMT'
    'Content-Length': '0'
2026-02-18 20:31:30,061 - src.core.storage - INFO - Successfully uploaded 0 bytes to ADLS: abfss://dna-platform-data@woningmarktintelx9.dfs.core.windows.net/dna-platform/data/bronze/bronze_claims_20260218T193128Z.parquet
2026-02-18 20:31:30,062 - src.core.storage - INFO - ADLS write successful: abfss://dna-platform-data@woningmarktintelx9.dfs.core.windows.net/dna-platform/data/bronze/bronze_claims_20260218T193128Z.parquet
2026-02-18 20:31:30,064 - src.core.storage - INFO - Successfully wrote 30 rows to local storage: /Users/taniskarigar/test-polster/dna-platform/data/bronze/sample_bronze_claims_20260218T193128Z.parquet
2026-02-18 20:31:30,064 - src.core.bronze_claims - INFO - Bronze claims extraction completed: abfss://dna-platform-data@woningmarktintelx9.dfs.core.windows.net/dna-platform/data/bronze/bronze_claims_20260218T193128Z.parquet
2026-02-18 20:31:30,065 - src.core.utils - INFO - Completed operation 'bronze claims extraction' in 1.73 seconds
2026-02-18 20:31:30 +0100 - dagster - DEBUG - __ASSET_JOB - 8be0ff60-be5a-4894-9014-4075334ebd50 - 23274 - run_bronze_claims - STEP_OUTPUT - Yielded output "result" of type "Any". (Type check passed).
2026-02-18 20:31:30 +0100 - dagster - DEBUG - __ASSET_JOB - 8be0ff60-be5a-4894-9014-4075334ebd50 - run_bronze_claims - Writing file at: /Users/taniskarigar/test-polster/dna-platform/.dagster/storage/run_bronze_claims using PickledObjectFilesystemIOManager...
2026-02-18 20:31:30,078 - alembic.runtime.migration - INFO - Context impl SQLiteImpl.
2026-02-18 20:31:30,078 - alembic.runtime.migration - INFO - Will assume non-transactional DDL.
2026-02-18 20:31:30 +0100 - dagster - DEBUG - __ASSET_JOB - 8be0ff60-be5a-4894-9014-4075334ebd50 - 23274 - run_bronze_claims - ASSET_MATERIALIZATION - Materialized value run_bronze_claims.
2026-02-18 20:31:30 +0100 - dagster - DEBUG - __ASSET_JOB - 8be0ff60-be5a-4894-9014-4075334ebd50 - 23274 - run_bronze_claims - HANDLED_OUTPUT - Handled output "result" using IO manager "io_manager"
2026-02-18 20:31:30 +0100 - dagster - DEBUG - __ASSET_JOB - 8be0ff60-be5a-4894-9014-4075334ebd50 - 23274 - run_bronze_claims - STEP_SUCCESS - Finished execution of step "run_bronze_claims" in 1.77s.
