2026-02-18 20:31:28 +0100 - dagster - DEBUG - __ASSET_JOB - 8be0ff60-be5a-4894-9014-4075334ebd50 - 23273 - LOGS_CAPTURED - Started capturing logs in process (pid: 23273).
2026-02-18 20:31:28 +0100 - dagster - DEBUG - __ASSET_JOB - 8be0ff60-be5a-4894-9014-4075334ebd50 - 23273 - run_bronze_agents - STEP_START - Started execution of step "run_bronze_agents".
2026-02-18 20:31:28,353 - src.core.utils - INFO - Starting operation: bronze agents extraction
2026-02-18 20:31:28,354 - src.core.bronze_agents - INFO - Starting bronze agents extraction
2026-02-18 20:31:28,360 - src.core.utils - INFO - Bronze agents output: 20 rows, 12 columns
2026-02-18 20:31:28,363 - src.core.storage - INFO - Writing DataFrame to bronze/bronze_agents_20260218T193128Z.parquet using adls backend
2026-02-18 20:31:28,363 - src.core.storage - INFO - Writing DataFrame (20 rows, 12 columns) to ADLS: abfss://dna-platform-data@woningmarktintelx9.dfs.core.windows.net/dna-platform/data/bronze/bronze_agents_20260218T193128Z.parquet
2026-02-18 20:31:28,587 - azure.core.pipeline.policies.http_logging_policy - INFO - Request URL: 'https://woningmarktintelx9.blob.core.windows.net/dna-platform-data?restype=REDACTED'
Request method: 'GET'
Request headers:
    'x-ms-version': 'REDACTED'
    'Accept': 'application/xml'
    'User-Agent': 'azsdk-python-storage-dfs/12.23.0 Python/3.14.2 (macOS-15.6.1-arm64-arm-64bit-Mach-O)'
    'x-ms-date': 'REDACTED'
    'x-ms-client-request-id': '6bdaeef2-0d00-11f1-b262-765227f64d11'
    'Authorization': 'REDACTED'
No body was attached to the request
2026-02-18 20:31:28,757 - azure.core.pipeline.policies.http_logging_policy - INFO - Response status: 200
Response headers:
    'Content-Length': '0'
    'Last-Modified': 'Wed, 18 Feb 2026 19:12:05 GMT'
    'ETag': '"0x8DE6F219B11A707"'
    'Server': 'Windows-Azure-Blob/1.0 Microsoft-HTTPAPI/2.0'
    'x-ms-request-id': '27b640fb-c01e-006d-400d-a18e7a000000'
    'x-ms-client-request-id': '6bdaeef2-0d00-11f1-b262-765227f64d11'
    'x-ms-version': 'REDACTED'
    'x-ms-lease-status': 'REDACTED'
    'x-ms-lease-state': 'REDACTED'
    'x-ms-has-immutability-policy': 'REDACTED'
    'x-ms-has-legal-hold': 'REDACTED'
    'x-ms-immutable-storage-with-versioning-enabled': 'REDACTED'
    'x-ms-default-encryption-scope': 'REDACTED'
    'x-ms-deny-encryption-scope-override': 'REDACTED'
    'Date': 'Wed, 18 Feb 2026 19:31:28 GMT'
2026-02-18 20:31:28,758 - azure.core.pipeline.policies.http_logging_policy - INFO - Request URL: 'https://woningmarktintelx9.dfs.core.windows.net/dna-platform-data/dna-platform/data/bronze?resource=REDACTED'
Request method: 'PUT'
Request headers:
    'x-ms-version': 'REDACTED'
    'Accept': 'application/json'
    'User-Agent': 'azsdk-python-storage-dfs/12.23.0 Python/3.14.2 (macOS-15.6.1-arm64-arm-64bit-Mach-O)'
    'x-ms-date': 'REDACTED'
    'x-ms-client-request-id': '6bf523e4-0d00-11f1-b262-765227f64d11'
    'Authorization': 'REDACTED'
No body was attached to the request
2026-02-18 20:31:29,844 - azure.core.pipeline.policies.http_logging_policy - INFO - Response status: 201
Response headers:
    'Last-Modified': 'Wed, 18 Feb 2026 19:31:29 GMT'
    'ETag': '"0x8DE6F2450D8CBB4"'
    'Server': 'Windows-Azure-HDFS/1.0 Microsoft-HTTPAPI/2.0'
    'x-ms-request-server-encrypted': 'REDACTED'
    'x-ms-request-id': 'dd2b1aba-001f-0000-140d-a13a31000000'
    'x-ms-version': 'REDACTED'
    'x-ms-client-request-id': '6bf523e4-0d00-11f1-b262-765227f64d11'
    'Date': 'Wed, 18 Feb 2026 19:31:29 GMT'
    'Content-Length': '0'
2026-02-18 20:31:29,845 - azure.core.pipeline.policies.http_logging_policy - INFO - Request URL: 'https://woningmarktintelx9.dfs.core.windows.net/dna-platform-data/dna-platform/data/bronze/bronze_agents_20260218T193128Z.parquet?resource=REDACTED'
Request method: 'PUT'
Request headers:
    'x-ms-version': 'REDACTED'
    'Accept': 'application/json'
    'User-Agent': 'azsdk-python-storage-dfs/12.23.0 Python/3.14.2 (macOS-15.6.1-arm64-arm-64bit-Mach-O)'
    'x-ms-date': 'REDACTED'
    'x-ms-client-request-id': '6c9afe04-0d00-11f1-b262-765227f64d11'
    'Authorization': 'REDACTED'
No body was attached to the request
2026-02-18 20:31:29,889 - azure.core.pipeline.policies.http_logging_policy - INFO - Response status: 201
Response headers:
    'Last-Modified': 'Wed, 18 Feb 2026 19:31:29 GMT'
    'ETag': '"0x8DE6F2450DECA50"'
    'Server': 'Windows-Azure-HDFS/1.0 Microsoft-HTTPAPI/2.0'
    'x-ms-request-server-encrypted': 'REDACTED'
    'x-ms-request-id': 'dd2b1ae0-001f-0000-3a0d-a13a31000000'
    'x-ms-version': 'REDACTED'
    'x-ms-client-request-id': '6c9afe04-0d00-11f1-b262-765227f64d11'
    'Date': 'Wed, 18 Feb 2026 19:31:29 GMT'
    'Content-Length': '0'
2026-02-18 20:31:29,892 - azure.core.pipeline.policies.http_logging_policy - INFO - Request URL: 'https://woningmarktintelx9.dfs.core.windows.net/dna-platform-data/dna-platform/data/bronze/bronze_agents_20260218T193128Z.parquet?action=REDACTED&position=REDACTED'
Request method: 'PATCH'
Request headers:
    'Content-Length': '6143'
    'x-ms-version': 'REDACTED'
    'Content-Type': 'application/json'
    'Accept': 'application/json'
    'User-Agent': 'azsdk-python-storage-dfs/12.23.0 Python/3.14.2 (macOS-15.6.1-arm64-arm-64bit-Mach-O)'
    'x-ms-date': 'REDACTED'
    'x-ms-client-request-id': '6ca21752-0d00-11f1-b262-765227f64d11'
    'Authorization': 'REDACTED'
A body is sent with the request
2026-02-18 20:31:29,935 - azure.core.pipeline.policies.http_logging_policy - INFO - Response status: 202
Response headers:
    'Server': 'Windows-Azure-HDFS/1.0 Microsoft-HTTPAPI/2.0'
    'x-ms-request-server-encrypted': 'REDACTED'
    'x-ms-request-id': 'dd2b1ae6-001f-0000-400d-a13a31000000'
    'x-ms-version': 'REDACTED'
    'x-ms-client-request-id': '6ca21752-0d00-11f1-b262-765227f64d11'
    'Date': 'Wed, 18 Feb 2026 19:31:29 GMT'
    'Content-Length': '0'
2026-02-18 20:31:29,940 - azure.core.pipeline.policies.http_logging_policy - INFO - Request URL: 'https://woningmarktintelx9.dfs.core.windows.net/dna-platform-data/dna-platform/data/bronze/bronze_agents_20260218T193128Z.parquet?action=REDACTED&position=REDACTED&close=REDACTED'
Request method: 'PATCH'
Request headers:
    'If-Match': '"0x8DE6F2450DECA50"'
    'x-ms-version': 'REDACTED'
    'Accept': 'application/json'
    'User-Agent': 'azsdk-python-storage-dfs/12.23.0 Python/3.14.2 (macOS-15.6.1-arm64-arm-64bit-Mach-O)'
    'x-ms-date': 'REDACTED'
    'x-ms-client-request-id': '6ca97da8-0d00-11f1-b262-765227f64d11'
    'Authorization': 'REDACTED'
No body was attached to the request
2026-02-18 20:31:30,034 - azure.core.pipeline.policies.http_logging_policy - INFO - Response status: 200
Response headers:
    'Last-Modified': 'Wed, 18 Feb 2026 19:31:30 GMT'
    'ETag': '"0x8DE6F2450F4F288"'
    'Server': 'Windows-Azure-HDFS/1.0 Microsoft-HTTPAPI/2.0'
    'x-ms-request-server-encrypted': 'REDACTED'
    'x-ms-request-id': 'dd2b1af5-001f-0000-4f0d-a13a31000000'
    'x-ms-version': 'REDACTED'
    'x-ms-client-request-id': '6ca97da8-0d00-11f1-b262-765227f64d11'
    'Date': 'Wed, 18 Feb 2026 19:31:29 GMT'
    'Content-Length': '0'
2026-02-18 20:31:30,036 - src.core.storage - INFO - Successfully uploaded 0 bytes to ADLS: abfss://dna-platform-data@woningmarktintelx9.dfs.core.windows.net/dna-platform/data/bronze/bronze_agents_20260218T193128Z.parquet
2026-02-18 20:31:30,037 - src.core.storage - INFO - ADLS write successful: abfss://dna-platform-data@woningmarktintelx9.dfs.core.windows.net/dna-platform/data/bronze/bronze_agents_20260218T193128Z.parquet
2026-02-18 20:31:30,039 - src.core.storage - INFO - Successfully wrote 20 rows to local storage: /Users/taniskarigar/test-polster/dna-platform/data/bronze/sample_bronze_agents_20260218T193128Z.parquet
2026-02-18 20:31:30,039 - src.core.bronze_agents - INFO - Bronze agents extraction completed: abfss://dna-platform-data@woningmarktintelx9.dfs.core.windows.net/dna-platform/data/bronze/bronze_agents_20260218T193128Z.parquet
2026-02-18 20:31:30,039 - src.core.utils - INFO - Completed operation 'bronze agents extraction' in 1.69 seconds
2026-02-18 20:31:30 +0100 - dagster - DEBUG - __ASSET_JOB - 8be0ff60-be5a-4894-9014-4075334ebd50 - 23273 - run_bronze_agents - STEP_OUTPUT - Yielded output "result" of type "Any". (Type check passed).
2026-02-18 20:31:30 +0100 - dagster - DEBUG - __ASSET_JOB - 8be0ff60-be5a-4894-9014-4075334ebd50 - run_bronze_agents - Writing file at: /Users/taniskarigar/test-polster/dna-platform/.dagster/storage/run_bronze_agents using PickledObjectFilesystemIOManager...
2026-02-18 20:31:30,049 - alembic.runtime.migration - INFO - Context impl SQLiteImpl.
2026-02-18 20:31:30,049 - alembic.runtime.migration - INFO - Will assume non-transactional DDL.
2026-02-18 20:31:30 +0100 - dagster - DEBUG - __ASSET_JOB - 8be0ff60-be5a-4894-9014-4075334ebd50 - 23273 - run_bronze_agents - ASSET_MATERIALIZATION - Materialized value run_bronze_agents.
2026-02-18 20:31:30 +0100 - dagster - DEBUG - __ASSET_JOB - 8be0ff60-be5a-4894-9014-4075334ebd50 - 23273 - run_bronze_agents - HANDLED_OUTPUT - Handled output "result" using IO manager "io_manager"
2026-02-18 20:31:30 +0100 - dagster - DEBUG - __ASSET_JOB - 8be0ff60-be5a-4894-9014-4075334ebd50 - 23273 - run_bronze_agents - STEP_SUCCESS - Finished execution of step "run_bronze_agents" in 1.72s.
