2026-02-18 20:31:28 +0100 - dagster - DEBUG - __ASSET_JOB - 8be0ff60-be5a-4894-9014-4075334ebd50 - 23276 - LOGS_CAPTURED - Started capturing logs in process (pid: 23276).
2026-02-18 20:31:28 +0100 - dagster - DEBUG - __ASSET_JOB - 8be0ff60-be5a-4894-9014-4075334ebd50 - 23276 - run_bronze_payments - STEP_START - Started execution of step "run_bronze_payments".
2026-02-18 20:31:28,435 - src.core.utils - INFO - Starting operation: bronze payments extraction
2026-02-18 20:31:28,435 - src.core.bronze_payments - INFO - Starting bronze payments extraction
2026-02-18 20:31:28,443 - src.core.utils - INFO - Bronze payments output: 100 rows, 10 columns
2026-02-18 20:31:28,443 - src.core.storage - INFO - Writing DataFrame to bronze/bronze_payments_20260218T193128Z.parquet using adls backend
2026-02-18 20:31:28,449 - src.core.storage - INFO - Writing DataFrame (100 rows, 10 columns) to ADLS: abfss://dna-platform-data@woningmarktintelx9.dfs.core.windows.net/dna-platform/data/bronze/bronze_payments_20260218T193128Z.parquet
2026-02-18 20:31:28,587 - azure.core.pipeline.policies.http_logging_policy - INFO - Request URL: 'https://woningmarktintelx9.blob.core.windows.net/dna-platform-data?restype=REDACTED'
Request method: 'GET'
Request headers:
    'x-ms-version': 'REDACTED'
    'Accept': 'application/xml'
    'User-Agent': 'azsdk-python-storage-dfs/12.23.0 Python/3.14.2 (macOS-15.6.1-arm64-arm-64bit-Mach-O)'
    'x-ms-date': 'REDACTED'
    'x-ms-client-request-id': '6bdb02b6-0d00-11f1-ae81-765227f64d11'
    'Authorization': 'REDACTED'
No body was attached to the request
2026-02-18 20:31:28,757 - azure.core.pipeline.policies.http_logging_policy - INFO - Response status: 200
Response headers:
    'Content-Length': '0'
    'Last-Modified': 'Wed, 18 Feb 2026 19:12:05 GMT'
    'ETag': '"0x8DE6F219B11A707"'
    'Server': 'Windows-Azure-Blob/1.0 Microsoft-HTTPAPI/2.0'
    'x-ms-request-id': 'e3069202-c01e-000f-250d-a14c5d000000'
    'x-ms-client-request-id': '6bdb02b6-0d00-11f1-ae81-765227f64d11'
    'x-ms-version': 'REDACTED'
    'x-ms-lease-status': 'REDACTED'
    'x-ms-lease-state': 'REDACTED'
    'x-ms-has-immutability-policy': 'REDACTED'
    'x-ms-has-legal-hold': 'REDACTED'
    'x-ms-immutable-storage-with-versioning-enabled': 'REDACTED'
    'x-ms-default-encryption-scope': 'REDACTED'
    'x-ms-deny-encryption-scope-override': 'REDACTED'
    'Date': 'Wed, 18 Feb 2026 19:31:28 GMT'
2026-02-18 20:31:28,758 - azure.core.pipeline.policies.http_logging_policy - INFO - Request URL: 'https://woningmarktintelx9.dfs.core.windows.net/dna-platform-data/dna-platform/data/bronze?resource=REDACTED'
Request method: 'PUT'
Request headers:
    'x-ms-version': 'REDACTED'
    'Accept': 'application/json'
    'User-Agent': 'azsdk-python-storage-dfs/12.23.0 Python/3.14.2 (macOS-15.6.1-arm64-arm-64bit-Mach-O)'
    'x-ms-date': 'REDACTED'
    'x-ms-client-request-id': '6bf5243e-0d00-11f1-ae81-765227f64d11'
    'Authorization': 'REDACTED'
No body was attached to the request
2026-02-18 20:31:29,732 - azure.core.pipeline.policies.http_logging_policy - INFO - Response status: 201
Response headers:
    'Last-Modified': 'Wed, 18 Feb 2026 19:31:29 GMT'
    'ETag': '"0x8DE6F2450C74B54"'
    'Server': 'Windows-Azure-HDFS/1.0 Microsoft-HTTPAPI/2.0'
    'x-ms-request-server-encrypted': 'REDACTED'
    'x-ms-request-id': 'bec08de0-a01f-0036-570d-a1b741000000'
    'x-ms-version': 'REDACTED'
    'x-ms-client-request-id': '6bf5243e-0d00-11f1-ae81-765227f64d11'
    'Date': 'Wed, 18 Feb 2026 19:31:28 GMT'
    'Content-Length': '0'
2026-02-18 20:31:29,733 - azure.core.pipeline.policies.http_logging_policy - INFO - Request URL: 'https://woningmarktintelx9.dfs.core.windows.net/dna-platform-data/dna-platform/data/bronze/bronze_payments_20260218T193128Z.parquet?resource=REDACTED'
Request method: 'PUT'
Request headers:
    'x-ms-version': 'REDACTED'
    'Accept': 'application/json'
    'User-Agent': 'azsdk-python-storage-dfs/12.23.0 Python/3.14.2 (macOS-15.6.1-arm64-arm-64bit-Mach-O)'
    'x-ms-date': 'REDACTED'
    'x-ms-client-request-id': '6c89eb0a-0d00-11f1-ae81-765227f64d11'
    'Authorization': 'REDACTED'
No body was attached to the request
2026-02-18 20:31:29,780 - azure.core.pipeline.policies.http_logging_policy - INFO - Response status: 201
Response headers:
    'Last-Modified': 'Wed, 18 Feb 2026 19:31:29 GMT'
    'ETag': '"0x8DE6F2450CDFC04"'
    'Server': 'Windows-Azure-HDFS/1.0 Microsoft-HTTPAPI/2.0'
    'x-ms-request-server-encrypted': 'REDACTED'
    'x-ms-request-id': 'bec08df1-a01f-0036-680d-a1b741000000'
    'x-ms-version': 'REDACTED'
    'x-ms-client-request-id': '6c89eb0a-0d00-11f1-ae81-765227f64d11'
    'Date': 'Wed, 18 Feb 2026 19:31:28 GMT'
    'Content-Length': '0'
2026-02-18 20:31:29,781 - azure.core.pipeline.policies.http_logging_policy - INFO - Request URL: 'https://woningmarktintelx9.dfs.core.windows.net/dna-platform-data/dna-platform/data/bronze/bronze_payments_20260218T193128Z.parquet?action=REDACTED&position=REDACTED'
Request method: 'PATCH'
Request headers:
    'Content-Length': '8208'
    'x-ms-version': 'REDACTED'
    'Content-Type': 'application/json'
    'Accept': 'application/json'
    'User-Agent': 'azsdk-python-storage-dfs/12.23.0 Python/3.14.2 (macOS-15.6.1-arm64-arm-64bit-Mach-O)'
    'x-ms-date': 'REDACTED'
    'x-ms-client-request-id': '6c91433c-0d00-11f1-ae81-765227f64d11'
    'Authorization': 'REDACTED'
A body is sent with the request
2026-02-18 20:31:29,820 - azure.core.pipeline.policies.http_logging_policy - INFO - Response status: 202
Response headers:
    'Server': 'Windows-Azure-HDFS/1.0 Microsoft-HTTPAPI/2.0'
    'x-ms-request-server-encrypted': 'REDACTED'
    'x-ms-request-id': 'bec08dfc-a01f-0036-730d-a1b741000000'
    'x-ms-version': 'REDACTED'
    'x-ms-client-request-id': '6c91433c-0d00-11f1-ae81-765227f64d11'
    'Date': 'Wed, 18 Feb 2026 19:31:28 GMT'
    'Content-Length': '0'
2026-02-18 20:31:29,820 - azure.core.pipeline.policies.http_logging_policy - INFO - Request URL: 'https://woningmarktintelx9.dfs.core.windows.net/dna-platform-data/dna-platform/data/bronze/bronze_payments_20260218T193128Z.parquet?action=REDACTED&position=REDACTED&close=REDACTED'
Request method: 'PATCH'
Request headers:
    'If-Match': '"0x8DE6F2450CDFC04"'
    'x-ms-version': 'REDACTED'
    'Accept': 'application/json'
    'User-Agent': 'azsdk-python-storage-dfs/12.23.0 Python/3.14.2 (macOS-15.6.1-arm64-arm-64bit-Mach-O)'
    'x-ms-date': 'REDACTED'
    'x-ms-client-request-id': '6c973760-0d00-11f1-ae81-765227f64d11'
    'Authorization': 'REDACTED'
No body was attached to the request
2026-02-18 20:31:29,882 - azure.core.pipeline.policies.http_logging_policy - INFO - Response status: 200
Response headers:
    'Last-Modified': 'Wed, 18 Feb 2026 19:31:29 GMT'
    'ETag': '"0x8DE6F2450DE5F24"'
    'Server': 'Windows-Azure-HDFS/1.0 Microsoft-HTTPAPI/2.0'
    'x-ms-request-server-encrypted': 'REDACTED'
    'x-ms-request-id': 'bec08e03-a01f-0036-7a0d-a1b741000000'
    'x-ms-version': 'REDACTED'
    'x-ms-client-request-id': '6c973760-0d00-11f1-ae81-765227f64d11'
    'Date': 'Wed, 18 Feb 2026 19:31:29 GMT'
    'Content-Length': '0'
2026-02-18 20:31:29,883 - src.core.storage - INFO - Successfully uploaded 0 bytes to ADLS: abfss://dna-platform-data@woningmarktintelx9.dfs.core.windows.net/dna-platform/data/bronze/bronze_payments_20260218T193128Z.parquet
2026-02-18 20:31:29,885 - src.core.storage - INFO - ADLS write successful: abfss://dna-platform-data@woningmarktintelx9.dfs.core.windows.net/dna-platform/data/bronze/bronze_payments_20260218T193128Z.parquet
2026-02-18 20:31:29,888 - src.core.storage - INFO - Successfully wrote 50 rows to local storage: /Users/taniskarigar/test-polster/dna-platform/data/bronze/sample_bronze_payments_20260218T193128Z.parquet
2026-02-18 20:31:29,891 - src.core.bronze_payments - INFO - Bronze payments extraction completed: abfss://dna-platform-data@woningmarktintelx9.dfs.core.windows.net/dna-platform/data/bronze/bronze_payments_20260218T193128Z.parquet
2026-02-18 20:31:29,891 - src.core.utils - INFO - Completed operation 'bronze payments extraction' in 1.46 seconds
2026-02-18 20:31:29 +0100 - dagster - DEBUG - __ASSET_JOB - 8be0ff60-be5a-4894-9014-4075334ebd50 - 23276 - run_bronze_payments - STEP_OUTPUT - Yielded output "result" of type "Any". (Type check passed).
2026-02-18 20:31:29 +0100 - dagster - DEBUG - __ASSET_JOB - 8be0ff60-be5a-4894-9014-4075334ebd50 - run_bronze_payments - Writing file at: /Users/taniskarigar/test-polster/dna-platform/.dagster/storage/run_bronze_payments using PickledObjectFilesystemIOManager...
2026-02-18 20:31:29,964 - alembic.runtime.migration - INFO - Context impl SQLiteImpl.
2026-02-18 20:31:29,965 - alembic.runtime.migration - INFO - Will assume non-transactional DDL.
2026-02-18 20:31:30 +0100 - dagster - DEBUG - __ASSET_JOB - 8be0ff60-be5a-4894-9014-4075334ebd50 - 23276 - run_bronze_payments - ASSET_MATERIALIZATION - Materialized value run_bronze_payments.
2026-02-18 20:31:30 +0100 - dagster - DEBUG - __ASSET_JOB - 8be0ff60-be5a-4894-9014-4075334ebd50 - 23276 - run_bronze_payments - HANDLED_OUTPUT - Handled output "result" using IO manager "io_manager"
2026-02-18 20:31:30 +0100 - dagster - DEBUG - __ASSET_JOB - 8be0ff60-be5a-4894-9014-4075334ebd50 - 23276 - run_bronze_payments - STEP_SUCCESS - Finished execution of step "run_bronze_payments" in 1.58s.
