2026-02-20 00:14:10 +0000 - dagster - DEBUG - __ASSET_JOB - 7acd30a2-8223-4fd9-9bad-1fb2fcb14efd - 2665 - LOGS_CAPTURED - Started capturing logs in process (pid: 2665).
2026-02-20 00:14:10 +0000 - dagster - DEBUG - __ASSET_JOB - 7acd30a2-8223-4fd9-9bad-1fb2fcb14efd - 2665 - run_silver_customer_policies - STEP_START - Started execution of step "run_silver_customer_policies".
2026-02-20 00:14:10,749 - alembic.runtime.migration - INFO - Context impl SQLiteImpl.
2026-02-20 00:14:10,750 - alembic.runtime.migration - INFO - Will assume non-transactional DDL.
2026-02-20 00:14:10 +0000 - dagster - DEBUG - __ASSET_JOB - 7acd30a2-8223-4fd9-9bad-1fb2fcb14efd - run_silver_customer_policies - Loading file from: /home/runner/work/dna-platform/dna-platform/.dagster/storage/run_silver_clean_customers using PickledObjectFilesystemIOManager...
2026-02-20 00:14:10 +0000 - dagster - DEBUG - __ASSET_JOB - 7acd30a2-8223-4fd9-9bad-1fb2fcb14efd - 2665 - run_silver_customer_policies - LOADED_INPUT - Loaded input "run_silver_clean_customers" using input manager "io_manager", from output "result" of step "run_silver_clean_customers"
2026-02-20 00:14:10 +0000 - dagster - DEBUG - __ASSET_JOB - 7acd30a2-8223-4fd9-9bad-1fb2fcb14efd - run_silver_customer_policies - Loading file from: /home/runner/work/dna-platform/dna-platform/.dagster/storage/run_silver_clean_policies using PickledObjectFilesystemIOManager...
2026-02-20 00:14:10 +0000 - dagster - DEBUG - __ASSET_JOB - 7acd30a2-8223-4fd9-9bad-1fb2fcb14efd - 2665 - run_silver_customer_policies - LOADED_INPUT - Loaded input "run_silver_clean_policies" using input manager "io_manager", from output "result" of step "run_silver_clean_policies"
2026-02-20 00:14:10 +0000 - dagster - DEBUG - __ASSET_JOB - 7acd30a2-8223-4fd9-9bad-1fb2fcb14efd - 2665 - run_silver_customer_policies - STEP_INPUT - Got input "run_silver_clean_customers" of type "Any". (Type check passed).
2026-02-20 00:14:10 +0000 - dagster - DEBUG - __ASSET_JOB - 7acd30a2-8223-4fd9-9bad-1fb2fcb14efd - 2665 - run_silver_customer_policies - STEP_INPUT - Got input "run_silver_clean_policies" of type "Any". (Type check passed).
2026-02-20 00:14:10,839 - src.core.utils - INFO - Starting operation: silver customer-policies join
2026-02-20 00:14:10,839 - src.core.silver_customer_policies - INFO - Starting silver customer-policies join
2026-02-20 00:14:10,839 - src.core.storage - INFO - Reading latest parquet file from silver layer with prefix 'silver_clean_customers_' using local backend
2026-02-20 00:14:10,849 - src.core.storage - INFO - Successfully read 500 rows from local storage: /home/runner/work/dna-platform/dna-platform/data/silver/silver_clean_customers_20260220T001407Z.parquet
2026-02-20 00:14:10,849 - src.core.storage - INFO - Reading latest parquet file from silver layer with prefix 'silver_clean_policies_' using local backend
2026-02-20 00:14:10,851 - src.core.storage - INFO - Successfully read 800 rows from local storage: /home/runner/work/dna-platform/dna-platform/data/silver/silver_clean_policies_20260220T001407Z.parquet
2026-02-20 00:14:10,851 - src.core.utils - INFO - Silver customers input: 500 rows, 16 columns
2026-02-20 00:14:10,851 - src.core.utils - INFO - Silver policies input: 800 rows, 14 columns
2026-02-20 00:14:10,853 - src.core.utils - INFO - Joined silver customer-policies: 800 rows, 29 columns
2026-02-20 00:14:10,854 - src.core.storage - INFO - Writing DataFrame to silver/silver_customer_policies_20260220T001410Z.parquet using local backend
2026-02-20 00:14:10,857 - src.core.storage - INFO - Successfully wrote 50 rows to local storage: /home/runner/work/dna-platform/dna-platform/data/silver/sample_silver_customer_policies_20260220T001410Z.parquet
2026-02-20 00:14:10,860 - src.core.storage - INFO - Successfully wrote 800 rows to local storage: /home/runner/work/dna-platform/dna-platform/data/silver/silver_customer_policies_20260220T001410Z.parquet
2026-02-20 00:14:10,860 - src.core.silver_customer_policies - INFO - Silver customer-policies join completed: /home/runner/work/dna-platform/dna-platform/data/silver/silver_customer_policies_20260220T001410Z.parquet
2026-02-20 00:14:10,861 - src.core.utils - INFO - Completed operation 'silver customer-policies join' in 0.02 seconds
2026-02-20 00:14:10 +0000 - dagster - DEBUG - __ASSET_JOB - 7acd30a2-8223-4fd9-9bad-1fb2fcb14efd - 2665 - run_silver_customer_policies - STEP_OUTPUT - Yielded output "result" of type "Any". (Type check passed).
2026-02-20 00:14:10 +0000 - dagster - DEBUG - __ASSET_JOB - 7acd30a2-8223-4fd9-9bad-1fb2fcb14efd - run_silver_customer_policies - Writing file at: /home/runner/work/dna-platform/dna-platform/.dagster/storage/run_silver_customer_policies using PickledObjectFilesystemIOManager...
2026-02-20 00:14:10 +0000 - dagster - DEBUG - __ASSET_JOB - 7acd30a2-8223-4fd9-9bad-1fb2fcb14efd - 2665 - run_silver_customer_policies - ASSET_MATERIALIZATION - Materialized value run_silver_customer_policies.
2026-02-20 00:14:10 +0000 - dagster - DEBUG - __ASSET_JOB - 7acd30a2-8223-4fd9-9bad-1fb2fcb14efd - 2665 - run_silver_customer_policies - HANDLED_OUTPUT - Handled output "result" using IO manager "io_manager"
2026-02-20 00:14:10 +0000 - dagster - DEBUG - __ASSET_JOB - 7acd30a2-8223-4fd9-9bad-1fb2fcb14efd - 2665 - run_silver_customer_policies - STEP_SUCCESS - Finished execution of step "run_silver_customer_policies" in 147ms.
