2026-02-20 00:14:07 +0000 - dagster - DEBUG - __ASSET_JOB - 7acd30a2-8223-4fd9-9bad-1fb2fcb14efd - 2560 - LOGS_CAPTURED - Started capturing logs in process (pid: 2560).
2026-02-20 00:14:07 +0000 - dagster - DEBUG - __ASSET_JOB - 7acd30a2-8223-4fd9-9bad-1fb2fcb14efd - 2560 - run_silver_clean_payments - STEP_START - Started execution of step "run_silver_clean_payments".
2026-02-20 00:14:07,016 - alembic.runtime.migration - INFO - Context impl SQLiteImpl.
2026-02-20 00:14:07,016 - alembic.runtime.migration - INFO - Will assume non-transactional DDL.
2026-02-20 00:14:07 +0000 - dagster - DEBUG - __ASSET_JOB - 7acd30a2-8223-4fd9-9bad-1fb2fcb14efd - run_silver_clean_payments - Loading file from: /home/runner/work/dna-platform/dna-platform/.dagster/storage/run_bronze_payments using PickledObjectFilesystemIOManager...
2026-02-20 00:14:07 +0000 - dagster - DEBUG - __ASSET_JOB - 7acd30a2-8223-4fd9-9bad-1fb2fcb14efd - 2560 - run_silver_clean_payments - LOADED_INPUT - Loaded input "run_bronze_payments" using input manager "io_manager", from output "result" of step "run_bronze_payments"
2026-02-20 00:14:07 +0000 - dagster - DEBUG - __ASSET_JOB - 7acd30a2-8223-4fd9-9bad-1fb2fcb14efd - 2560 - run_silver_clean_payments - STEP_INPUT - Got input "run_bronze_payments" of type "Any". (Type check passed).
2026-02-20 00:14:07,105 - src.core.utils - INFO - Starting operation: silver payments transformation
2026-02-20 00:14:07,105 - src.core.silver_clean_payments - INFO - Starting silver payments transformation
2026-02-20 00:14:07,105 - src.core.storage - INFO - Reading latest parquet file from bronze layer with prefix 'bronze_payments_' using local backend
2026-02-20 00:14:07,118 - src.core.storage - INFO - Successfully read 1000 rows from local storage: /home/runner/work/dna-platform/dna-platform/data/bronze/bronze_payments_20260220T001401Z.parquet
2026-02-20 00:14:07,118 - src.core.utils - INFO - Bronze payments input: 1000 rows, 10 columns
2026-02-20 00:14:07,122 - src.core.utils - INFO - Transformed silver payments: 1000 rows, 10 columns
2026-02-20 00:14:07,123 - src.core.storage - INFO - Writing DataFrame to silver/silver_clean_payments_20260220T001407Z.parquet using local backend
2026-02-20 00:14:07,126 - src.core.storage - INFO - Successfully wrote 50 rows to local storage: /home/runner/work/dna-platform/dna-platform/data/silver/sample_silver_clean_payments_20260220T001407Z.parquet
2026-02-20 00:14:07,130 - src.core.storage - INFO - Successfully wrote 1000 rows to local storage: /home/runner/work/dna-platform/dna-platform/data/silver/silver_clean_payments_20260220T001407Z.parquet
2026-02-20 00:14:07,130 - src.core.silver_clean_payments - INFO - Silver payments transformation completed: /home/runner/work/dna-platform/dna-platform/data/silver/silver_clean_payments_20260220T001407Z.parquet
2026-02-20 00:14:07,130 - src.core.utils - INFO - Completed operation 'silver payments transformation' in 0.03 seconds
2026-02-20 00:14:07 +0000 - dagster - DEBUG - __ASSET_JOB - 7acd30a2-8223-4fd9-9bad-1fb2fcb14efd - 2560 - run_silver_clean_payments - STEP_OUTPUT - Yielded output "result" of type "Any". (Type check passed).
2026-02-20 00:14:07 +0000 - dagster - DEBUG - __ASSET_JOB - 7acd30a2-8223-4fd9-9bad-1fb2fcb14efd - run_silver_clean_payments - Writing file at: /home/runner/work/dna-platform/dna-platform/.dagster/storage/run_silver_clean_payments using PickledObjectFilesystemIOManager...
2026-02-20 00:14:07 +0000 - dagster - DEBUG - __ASSET_JOB - 7acd30a2-8223-4fd9-9bad-1fb2fcb14efd - 2560 - run_silver_clean_payments - ASSET_MATERIALIZATION - Materialized value run_silver_clean_payments.
2026-02-20 00:14:07 +0000 - dagster - DEBUG - __ASSET_JOB - 7acd30a2-8223-4fd9-9bad-1fb2fcb14efd - 2560 - run_silver_clean_payments - HANDLED_OUTPUT - Handled output "result" using IO manager "io_manager"
2026-02-20 00:14:07 +0000 - dagster - DEBUG - __ASSET_JOB - 7acd30a2-8223-4fd9-9bad-1fb2fcb14efd - 2560 - run_silver_clean_payments - STEP_SUCCESS - Finished execution of step "run_silver_clean_payments" in 164ms.
