2026-02-20 00:14:04 +0000 - dagster - DEBUG - __ASSET_JOB - 7acd30a2-8223-4fd9-9bad-1fb2fcb14efd - 2465 - LOGS_CAPTURED - Started capturing logs in process (pid: 2465).
2026-02-20 00:14:04 +0000 - dagster - DEBUG - __ASSET_JOB - 7acd30a2-8223-4fd9-9bad-1fb2fcb14efd - 2465 - run_silver_clean_agents - STEP_START - Started execution of step "run_silver_clean_agents".
2026-02-20 00:14:04,656 - alembic.runtime.migration - INFO - Context impl SQLiteImpl.
2026-02-20 00:14:04,656 - alembic.runtime.migration - INFO - Will assume non-transactional DDL.
2026-02-20 00:14:04 +0000 - dagster - DEBUG - __ASSET_JOB - 7acd30a2-8223-4fd9-9bad-1fb2fcb14efd - run_silver_clean_agents - Loading file from: /home/runner/work/dna-platform/dna-platform/.dagster/storage/run_bronze_agents using PickledObjectFilesystemIOManager...
2026-02-20 00:14:04 +0000 - dagster - DEBUG - __ASSET_JOB - 7acd30a2-8223-4fd9-9bad-1fb2fcb14efd - 2465 - run_silver_clean_agents - LOADED_INPUT - Loaded input "run_bronze_agents" using input manager "io_manager", from output "result" of step "run_bronze_agents"
2026-02-20 00:14:04 +0000 - dagster - DEBUG - __ASSET_JOB - 7acd30a2-8223-4fd9-9bad-1fb2fcb14efd - 2465 - run_silver_clean_agents - STEP_INPUT - Got input "run_bronze_agents" of type "Any". (Type check passed).
2026-02-20 00:14:04,730 - src.core.utils - INFO - Starting operation: silver agents transformation
2026-02-20 00:14:04,730 - src.core.silver_clean_agents - INFO - Starting silver agents transformation
2026-02-20 00:14:04,731 - src.core.storage - INFO - Reading latest parquet file from bronze layer with prefix 'bronze_agents_' using local backend
2026-02-20 00:14:04,740 - src.core.storage - INFO - Successfully read 20 rows from local storage: /home/runner/work/dna-platform/dna-platform/data/bronze/bronze_agents_20260220T001401Z.parquet
2026-02-20 00:14:04,741 - src.core.utils - INFO - Bronze agents input: 20 rows, 12 columns
2026-02-20 00:14:04,745 - src.core.utils - INFO - Transformed silver agents: 20 rows, 12 columns
2026-02-20 00:14:04,746 - src.core.storage - INFO - Writing DataFrame to silver/silver_clean_agents_20260220T001404Z.parquet using local backend
2026-02-20 00:14:04,748 - src.core.storage - INFO - Successfully wrote 20 rows to local storage: /home/runner/work/dna-platform/dna-platform/data/silver/sample_silver_clean_agents_20260220T001404Z.parquet
2026-02-20 00:14:04,749 - src.core.storage - INFO - Successfully wrote 20 rows to local storage: /home/runner/work/dna-platform/dna-platform/data/silver/silver_clean_agents_20260220T001404Z.parquet
2026-02-20 00:14:04,749 - src.core.silver_clean_agents - INFO - Silver agents transformation completed: /home/runner/work/dna-platform/dna-platform/data/silver/silver_clean_agents_20260220T001404Z.parquet
2026-02-20 00:14:04,749 - src.core.utils - INFO - Completed operation 'silver agents transformation' in 0.02 seconds
2026-02-20 00:14:04 +0000 - dagster - DEBUG - __ASSET_JOB - 7acd30a2-8223-4fd9-9bad-1fb2fcb14efd - 2465 - run_silver_clean_agents - STEP_OUTPUT - Yielded output "result" of type "Any". (Type check passed).
2026-02-20 00:14:04 +0000 - dagster - DEBUG - __ASSET_JOB - 7acd30a2-8223-4fd9-9bad-1fb2fcb14efd - run_silver_clean_agents - Writing file at: /home/runner/work/dna-platform/dna-platform/.dagster/storage/run_silver_clean_agents using PickledObjectFilesystemIOManager...
2026-02-20 00:14:04 +0000 - dagster - DEBUG - __ASSET_JOB - 7acd30a2-8223-4fd9-9bad-1fb2fcb14efd - 2465 - run_silver_clean_agents - ASSET_MATERIALIZATION - Materialized value run_silver_clean_agents.
2026-02-20 00:14:04 +0000 - dagster - DEBUG - __ASSET_JOB - 7acd30a2-8223-4fd9-9bad-1fb2fcb14efd - 2465 - run_silver_clean_agents - HANDLED_OUTPUT - Handled output "result" using IO manager "io_manager"
2026-02-20 00:14:04 +0000 - dagster - DEBUG - __ASSET_JOB - 7acd30a2-8223-4fd9-9bad-1fb2fcb14efd - 2465 - run_silver_clean_agents - STEP_SUCCESS - Finished execution of step "run_silver_clean_agents" in 135ms.
