2026-02-20 00:14:07 +0000 - dagster - DEBUG - __ASSET_JOB - 7acd30a2-8223-4fd9-9bad-1fb2fcb14efd - 2565 - LOGS_CAPTURED - Started capturing logs in process (pid: 2565).
2026-02-20 00:14:07 +0000 - dagster - DEBUG - __ASSET_JOB - 7acd30a2-8223-4fd9-9bad-1fb2fcb14efd - 2565 - run_silver_clean_vehicles - STEP_START - Started execution of step "run_silver_clean_vehicles".
2026-02-20 00:14:07,769 - alembic.runtime.migration - INFO - Context impl SQLiteImpl.
2026-02-20 00:14:07,769 - alembic.runtime.migration - INFO - Will assume non-transactional DDL.
2026-02-20 00:14:07 +0000 - dagster - DEBUG - __ASSET_JOB - 7acd30a2-8223-4fd9-9bad-1fb2fcb14efd - run_silver_clean_vehicles - Loading file from: /home/runner/work/dna-platform/dna-platform/.dagster/storage/run_bronze_vehicles using PickledObjectFilesystemIOManager...
2026-02-20 00:14:07 +0000 - dagster - DEBUG - __ASSET_JOB - 7acd30a2-8223-4fd9-9bad-1fb2fcb14efd - 2565 - run_silver_clean_vehicles - LOADED_INPUT - Loaded input "run_bronze_vehicles" using input manager "io_manager", from output "result" of step "run_bronze_vehicles"
2026-02-20 00:14:07 +0000 - dagster - DEBUG - __ASSET_JOB - 7acd30a2-8223-4fd9-9bad-1fb2fcb14efd - 2565 - run_silver_clean_vehicles - STEP_INPUT - Got input "run_bronze_vehicles" of type "Any". (Type check passed).
2026-02-20 00:14:07,843 - src.core.utils - INFO - Starting operation: silver vehicles transformation
2026-02-20 00:14:07,843 - src.core.silver_clean_vehicles - INFO - Starting silver vehicles transformation
2026-02-20 00:14:07,843 - src.core.storage - INFO - Reading latest parquet file from bronze layer with prefix 'bronze_vehicles_' using local backend
2026-02-20 00:14:07,856 - src.core.storage - INFO - Successfully read 400 rows from local storage: /home/runner/work/dna-platform/dna-platform/data/bronze/bronze_vehicles_20260220T001404Z.parquet
2026-02-20 00:14:07,856 - src.core.utils - INFO - Bronze vehicles input: 400 rows, 13 columns
2026-02-20 00:14:07,859 - src.core.utils - INFO - Transformed silver vehicles: 400 rows, 13 columns
2026-02-20 00:14:07,860 - src.core.storage - INFO - Writing DataFrame to silver/silver_clean_vehicles_20260220T001407Z.parquet using local backend
2026-02-20 00:14:07,861 - src.core.storage - INFO - Successfully wrote 50 rows to local storage: /home/runner/work/dna-platform/dna-platform/data/silver/sample_silver_clean_vehicles_20260220T001407Z.parquet
2026-02-20 00:14:07,863 - src.core.storage - INFO - Successfully wrote 400 rows to local storage: /home/runner/work/dna-platform/dna-platform/data/silver/silver_clean_vehicles_20260220T001407Z.parquet
2026-02-20 00:14:07,863 - src.core.silver_clean_vehicles - INFO - Silver vehicles transformation completed: /home/runner/work/dna-platform/dna-platform/data/silver/silver_clean_vehicles_20260220T001407Z.parquet
2026-02-20 00:14:07,864 - src.core.utils - INFO - Completed operation 'silver vehicles transformation' in 0.02 seconds
2026-02-20 00:14:07 +0000 - dagster - DEBUG - __ASSET_JOB - 7acd30a2-8223-4fd9-9bad-1fb2fcb14efd - 2565 - run_silver_clean_vehicles - STEP_OUTPUT - Yielded output "result" of type "Any". (Type check passed).
2026-02-20 00:14:07 +0000 - dagster - DEBUG - __ASSET_JOB - 7acd30a2-8223-4fd9-9bad-1fb2fcb14efd - run_silver_clean_vehicles - Writing file at: /home/runner/work/dna-platform/dna-platform/.dagster/storage/run_silver_clean_vehicles using PickledObjectFilesystemIOManager...
2026-02-20 00:14:07 +0000 - dagster - DEBUG - __ASSET_JOB - 7acd30a2-8223-4fd9-9bad-1fb2fcb14efd - 2565 - run_silver_clean_vehicles - ASSET_MATERIALIZATION - Materialized value run_silver_clean_vehicles.
2026-02-20 00:14:07 +0000 - dagster - DEBUG - __ASSET_JOB - 7acd30a2-8223-4fd9-9bad-1fb2fcb14efd - 2565 - run_silver_clean_vehicles - HANDLED_OUTPUT - Handled output "result" using IO manager "io_manager"
2026-02-20 00:14:07 +0000 - dagster - DEBUG - __ASSET_JOB - 7acd30a2-8223-4fd9-9bad-1fb2fcb14efd - 2565 - run_silver_clean_vehicles - STEP_SUCCESS - Finished execution of step "run_silver_clean_vehicles" in 140ms.
