2026-02-20 00:14:10 +0000 - dagster - DEBUG - __ASSET_JOB - 7acd30a2-8223-4fd9-9bad-1fb2fcb14efd - 2664 - LOGS_CAPTURED - Started capturing logs in process (pid: 2664).
2026-02-20 00:14:10 +0000 - dagster - DEBUG - __ASSET_JOB - 7acd30a2-8223-4fd9-9bad-1fb2fcb14efd - 2664 - run_gold_premium_revenue - STEP_START - Started execution of step "run_gold_premium_revenue".
2026-02-20 00:14:10,767 - alembic.runtime.migration - INFO - Context impl SQLiteImpl.
2026-02-20 00:14:10,770 - alembic.runtime.migration - INFO - Will assume non-transactional DDL.
2026-02-20 00:14:10 +0000 - dagster - DEBUG - __ASSET_JOB - 7acd30a2-8223-4fd9-9bad-1fb2fcb14efd - run_gold_premium_revenue - Loading file from: /home/runner/work/dna-platform/dna-platform/.dagster/storage/run_silver_clean_payments using PickledObjectFilesystemIOManager...
2026-02-20 00:14:10 +0000 - dagster - DEBUG - __ASSET_JOB - 7acd30a2-8223-4fd9-9bad-1fb2fcb14efd - 2664 - run_gold_premium_revenue - LOADED_INPUT - Loaded input "run_silver_clean_payments" using input manager "io_manager", from output "result" of step "run_silver_clean_payments"
2026-02-20 00:14:10 +0000 - dagster - DEBUG - __ASSET_JOB - 7acd30a2-8223-4fd9-9bad-1fb2fcb14efd - run_gold_premium_revenue - Loading file from: /home/runner/work/dna-platform/dna-platform/.dagster/storage/run_silver_clean_policies using PickledObjectFilesystemIOManager...
2026-02-20 00:14:10 +0000 - dagster - DEBUG - __ASSET_JOB - 7acd30a2-8223-4fd9-9bad-1fb2fcb14efd - 2664 - run_gold_premium_revenue - LOADED_INPUT - Loaded input "run_silver_clean_policies" using input manager "io_manager", from output "result" of step "run_silver_clean_policies"
2026-02-20 00:14:10 +0000 - dagster - DEBUG - __ASSET_JOB - 7acd30a2-8223-4fd9-9bad-1fb2fcb14efd - 2664 - run_gold_premium_revenue - STEP_INPUT - Got input "run_silver_clean_payments" of type "Any". (Type check passed).
2026-02-20 00:14:10 +0000 - dagster - DEBUG - __ASSET_JOB - 7acd30a2-8223-4fd9-9bad-1fb2fcb14efd - 2664 - run_gold_premium_revenue - STEP_INPUT - Got input "run_silver_clean_policies" of type "Any". (Type check passed).
2026-02-20 00:14:10,852 - src.core.utils - INFO - Starting operation: gold premium revenue aggregation
2026-02-20 00:14:10,852 - src.core.gold_premium_revenue - INFO - Starting gold premium revenue aggregation
2026-02-20 00:14:10,852 - src.core.storage - INFO - Reading latest parquet file from silver layer with prefix 'silver_clean_policies_' using local backend
2026-02-20 00:14:10,862 - src.core.storage - INFO - Successfully read 800 rows from local storage: /home/runner/work/dna-platform/dna-platform/data/silver/silver_clean_policies_20260220T001407Z.parquet
2026-02-20 00:14:10,862 - src.core.storage - INFO - Reading latest parquet file from silver layer with prefix 'silver_clean_payments_' using local backend
2026-02-20 00:14:10,863 - src.core.storage - INFO - Successfully read 1000 rows from local storage: /home/runner/work/dna-platform/dna-platform/data/silver/silver_clean_payments_20260220T001407Z.parquet
2026-02-20 00:14:10,864 - src.core.utils - INFO - Silver policies input: 800 rows, 14 columns
2026-02-20 00:14:10,864 - src.core.utils - INFO - Silver payments input: 1000 rows, 11 columns
2026-02-20 00:14:10,867 - src.core.utils - INFO - Gold premium revenue output: 5 rows, 7 columns
2026-02-20 00:14:10,868 - src.core.storage - INFO - Writing DataFrame to gold/gold_premium_revenue_20260220T001410Z.parquet using local backend
2026-02-20 00:14:10,870 - src.core.storage - INFO - Successfully wrote 5 rows to local storage: /home/runner/work/dna-platform/dna-platform/data/gold/sample_gold_premium_revenue_20260220T001410Z.parquet
2026-02-20 00:14:10,871 - src.core.storage - INFO - Successfully wrote 5 rows to local storage: /home/runner/work/dna-platform/dna-platform/data/gold/gold_premium_revenue_20260220T001410Z.parquet
2026-02-20 00:14:10,872 - src.core.gold_premium_revenue - INFO - Gold premium revenue aggregation completed: /home/runner/work/dna-platform/dna-platform/data/gold/gold_premium_revenue_20260220T001410Z.parquet
2026-02-20 00:14:10,872 - src.core.utils - INFO - Completed operation 'gold premium revenue aggregation' in 0.02 seconds
2026-02-20 00:14:10 +0000 - dagster - DEBUG - __ASSET_JOB - 7acd30a2-8223-4fd9-9bad-1fb2fcb14efd - 2664 - run_gold_premium_revenue - STEP_OUTPUT - Yielded output "result" of type "Any". (Type check passed).
2026-02-20 00:14:10 +0000 - dagster - DEBUG - __ASSET_JOB - 7acd30a2-8223-4fd9-9bad-1fb2fcb14efd - run_gold_premium_revenue - Writing file at: /home/runner/work/dna-platform/dna-platform/.dagster/storage/run_gold_premium_revenue using PickledObjectFilesystemIOManager...
2026-02-20 00:14:10 +0000 - dagster - DEBUG - __ASSET_JOB - 7acd30a2-8223-4fd9-9bad-1fb2fcb14efd - 2664 - run_gold_premium_revenue - ASSET_MATERIALIZATION - Materialized value run_gold_premium_revenue.
2026-02-20 00:14:10 +0000 - dagster - DEBUG - __ASSET_JOB - 7acd30a2-8223-4fd9-9bad-1fb2fcb14efd - 2664 - run_gold_premium_revenue - HANDLED_OUTPUT - Handled output "result" using IO manager "io_manager"
2026-02-20 00:14:10 +0000 - dagster - DEBUG - __ASSET_JOB - 7acd30a2-8223-4fd9-9bad-1fb2fcb14efd - 2664 - run_gold_premium_revenue - STEP_SUCCESS - Finished execution of step "run_gold_premium_revenue" in 149ms.
