2026-02-18 19:48:10 +0000 - dagster - DEBUG - __ASSET_JOB - 07acd82b-ccd2-4242-8c33-cdde70fedc43 - 2756 - LOGS_CAPTURED - Started capturing logs in process (pid: 2756).
2026-02-18 19:48:10 +0000 - dagster - DEBUG - __ASSET_JOB - 07acd82b-ccd2-4242-8c33-cdde70fedc43 - 2756 - run_silver_policy_claims - STEP_START - Started execution of step "run_silver_policy_claims".
2026-02-18 19:48:10,112 - alembic.runtime.migration - INFO - Context impl SQLiteImpl.
2026-02-18 19:48:10,112 - alembic.runtime.migration - INFO - Will assume non-transactional DDL.
2026-02-18 19:48:10 +0000 - dagster - DEBUG - __ASSET_JOB - 07acd82b-ccd2-4242-8c33-cdde70fedc43 - run_silver_policy_claims - Loading file from: /home/runner/work/dna-platform/dna-platform/.dagster/storage/run_silver_clean_claims using PickledObjectFilesystemIOManager...
2026-02-18 19:48:10 +0000 - dagster - DEBUG - __ASSET_JOB - 07acd82b-ccd2-4242-8c33-cdde70fedc43 - 2756 - run_silver_policy_claims - LOADED_INPUT - Loaded input "run_silver_clean_claims" using input manager "io_manager", from output "result" of step "run_silver_clean_claims"
2026-02-18 19:48:10 +0000 - dagster - DEBUG - __ASSET_JOB - 07acd82b-ccd2-4242-8c33-cdde70fedc43 - run_silver_policy_claims - Loading file from: /home/runner/work/dna-platform/dna-platform/.dagster/storage/run_silver_clean_policies using PickledObjectFilesystemIOManager...
2026-02-18 19:48:10 +0000 - dagster - DEBUG - __ASSET_JOB - 07acd82b-ccd2-4242-8c33-cdde70fedc43 - 2756 - run_silver_policy_claims - LOADED_INPUT - Loaded input "run_silver_clean_policies" using input manager "io_manager", from output "result" of step "run_silver_clean_policies"
2026-02-18 19:48:10 +0000 - dagster - DEBUG - __ASSET_JOB - 07acd82b-ccd2-4242-8c33-cdde70fedc43 - 2756 - run_silver_policy_claims - STEP_INPUT - Got input "run_silver_clean_claims" of type "Any". (Type check passed).
2026-02-18 19:48:10 +0000 - dagster - DEBUG - __ASSET_JOB - 07acd82b-ccd2-4242-8c33-cdde70fedc43 - 2756 - run_silver_policy_claims - STEP_INPUT - Got input "run_silver_clean_policies" of type "Any". (Type check passed).
2026-02-18 19:48:10,176 - src.core.utils - INFO - Starting operation: silver policy-claims join
2026-02-18 19:48:10,177 - src.core.silver_policy_claims - INFO - Starting silver policy-claims join
2026-02-18 19:48:10,177 - src.core.storage - INFO - Reading latest parquet file from silver layer with prefix 'silver_clean_policies_' using local backend
2026-02-18 19:48:10,182 - src.core.storage - INFO - Successfully read 800 rows from local storage: /home/runner/work/dna-platform/dna-platform/data/silver/silver_clean_policies_20260218T194805Z.parquet
2026-02-18 19:48:10,183 - src.core.storage - INFO - Reading latest parquet file from silver layer with prefix 'silver_clean_claims_' using local backend
2026-02-18 19:48:10,184 - src.core.storage - INFO - Successfully read 300 rows from local storage: /home/runner/work/dna-platform/dna-platform/data/silver/silver_clean_claims_20260218T194802Z.parquet
2026-02-18 19:48:10,184 - src.core.utils - INFO - Silver policies input: 800 rows, 14 columns
2026-02-18 19:48:10,184 - src.core.utils - INFO - Silver claims input: 300 rows, 12 columns
2026-02-18 19:48:10,186 - src.core.utils - INFO - Joined silver policy-claims: 847 rows, 26 columns
2026-02-18 19:48:10,187 - src.core.storage - INFO - Writing DataFrame to silver/silver_policy_claims_20260218T194810Z.parquet using local backend
2026-02-18 19:48:10,188 - src.core.storage - INFO - Successfully wrote 50 rows to local storage: /home/runner/work/dna-platform/dna-platform/data/silver/sample_silver_policy_claims_20260218T194810Z.parquet
2026-02-18 19:48:10,190 - src.core.storage - INFO - Successfully wrote 847 rows to local storage: /home/runner/work/dna-platform/dna-platform/data/silver/silver_policy_claims_20260218T194810Z.parquet
2026-02-18 19:48:10,190 - src.core.silver_policy_claims - INFO - Silver policy-claims join completed: /home/runner/work/dna-platform/dna-platform/data/silver/silver_policy_claims_20260218T194810Z.parquet
2026-02-18 19:48:10,190 - src.core.utils - INFO - Completed operation 'silver policy-claims join' in 0.01 seconds
2026-02-18 19:48:10 +0000 - dagster - DEBUG - __ASSET_JOB - 07acd82b-ccd2-4242-8c33-cdde70fedc43 - 2756 - run_silver_policy_claims - STEP_OUTPUT - Yielded output "result" of type "Any". (Type check passed).
2026-02-18 19:48:10 +0000 - dagster - DEBUG - __ASSET_JOB - 07acd82b-ccd2-4242-8c33-cdde70fedc43 - run_silver_policy_claims - Writing file at: /home/runner/work/dna-platform/dna-platform/.dagster/storage/run_silver_policy_claims using PickledObjectFilesystemIOManager...
2026-02-18 19:48:10 +0000 - dagster - DEBUG - __ASSET_JOB - 07acd82b-ccd2-4242-8c33-cdde70fedc43 - 2756 - run_silver_policy_claims - ASSET_MATERIALIZATION - Materialized value run_silver_policy_claims.
2026-02-18 19:48:10 +0000 - dagster - DEBUG - __ASSET_JOB - 07acd82b-ccd2-4242-8c33-cdde70fedc43 - 2756 - run_silver_policy_claims - HANDLED_OUTPUT - Handled output "result" using IO manager "io_manager"
2026-02-18 19:48:10 +0000 - dagster - DEBUG - __ASSET_JOB - 07acd82b-ccd2-4242-8c33-cdde70fedc43 - 2756 - run_silver_policy_claims - STEP_SUCCESS - Finished execution of step "run_silver_policy_claims" in 111ms.
