2026-02-18 19:48:04 +0000 - dagster - DEBUG - __ASSET_JOB - 07acd82b-ccd2-4242-8c33-cdde70fedc43 - 2608 - LOGS_CAPTURED - Started capturing logs in process (pid: 2608).
2026-02-18 19:48:04 +0000 - dagster - DEBUG - __ASSET_JOB - 07acd82b-ccd2-4242-8c33-cdde70fedc43 - 2608 - run_silver_clean_customers - STEP_START - Started execution of step "run_silver_clean_customers".
2026-02-18 19:48:04,457 - alembic.runtime.migration - INFO - Context impl SQLiteImpl.
2026-02-18 19:48:04,457 - alembic.runtime.migration - INFO - Will assume non-transactional DDL.
2026-02-18 19:48:04 +0000 - dagster - DEBUG - __ASSET_JOB - 07acd82b-ccd2-4242-8c33-cdde70fedc43 - run_silver_clean_customers - Loading file from: /home/runner/work/dna-platform/dna-platform/.dagster/storage/run_bronze_customers using PickledObjectFilesystemIOManager...
2026-02-18 19:48:04 +0000 - dagster - DEBUG - __ASSET_JOB - 07acd82b-ccd2-4242-8c33-cdde70fedc43 - 2608 - run_silver_clean_customers - LOADED_INPUT - Loaded input "run_bronze_customers" using input manager "io_manager", from output "result" of step "run_bronze_customers"
2026-02-18 19:48:04 +0000 - dagster - DEBUG - __ASSET_JOB - 07acd82b-ccd2-4242-8c33-cdde70fedc43 - 2608 - run_silver_clean_customers - STEP_INPUT - Got input "run_bronze_customers" of type "Any". (Type check passed).
2026-02-18 19:48:04,567 - src.core.utils - INFO - Starting operation: silver customers transformation
2026-02-18 19:48:04,567 - src.core.silver_clean_customers - INFO - Starting silver customers transformation
2026-02-18 19:48:04,567 - src.core.storage - INFO - Reading latest parquet file from bronze layer with prefix 'bronze_customers_' using local backend
2026-02-18 19:48:04,582 - src.core.storage - INFO - Successfully read 500 rows from local storage: /home/runner/work/dna-platform/dna-platform/data/bronze/bronze_customers_20260218T194758Z.parquet
2026-02-18 19:48:04,582 - src.core.utils - INFO - Bronze customers input: 500 rows, 15 columns
2026-02-18 19:48:04,589 - src.core.utils - INFO - Transformed silver customers: 500 rows, 15 columns
2026-02-18 19:48:04,590 - src.core.storage - INFO - Writing DataFrame to silver/silver_clean_customers_20260218T194804Z.parquet using local backend
2026-02-18 19:48:04,593 - src.core.storage - INFO - Successfully wrote 50 rows to local storage: /home/runner/work/dna-platform/dna-platform/data/silver/sample_silver_clean_customers_20260218T194804Z.parquet
2026-02-18 19:48:04,598 - src.core.storage - INFO - Successfully wrote 500 rows to local storage: /home/runner/work/dna-platform/dna-platform/data/silver/silver_clean_customers_20260218T194804Z.parquet
2026-02-18 19:48:04,598 - src.core.silver_clean_customers - INFO - Silver customers transformation completed: /home/runner/work/dna-platform/dna-platform/data/silver/silver_clean_customers_20260218T194804Z.parquet
2026-02-18 19:48:04,598 - src.core.utils - INFO - Completed operation 'silver customers transformation' in 0.03 seconds
2026-02-18 19:48:04 +0000 - dagster - DEBUG - __ASSET_JOB - 07acd82b-ccd2-4242-8c33-cdde70fedc43 - 2608 - run_silver_clean_customers - STEP_OUTPUT - Yielded output "result" of type "Any". (Type check passed).
2026-02-18 19:48:04 +0000 - dagster - DEBUG - __ASSET_JOB - 07acd82b-ccd2-4242-8c33-cdde70fedc43 - run_silver_clean_customers - Writing file at: /home/runner/work/dna-platform/dna-platform/.dagster/storage/run_silver_clean_customers using PickledObjectFilesystemIOManager...
2026-02-18 19:48:04 +0000 - dagster - DEBUG - __ASSET_JOB - 07acd82b-ccd2-4242-8c33-cdde70fedc43 - 2608 - run_silver_clean_customers - ASSET_MATERIALIZATION - Materialized value run_silver_clean_customers.
2026-02-18 19:48:04 +0000 - dagster - DEBUG - __ASSET_JOB - 07acd82b-ccd2-4242-8c33-cdde70fedc43 - 2608 - run_silver_clean_customers - HANDLED_OUTPUT - Handled output "result" using IO manager "io_manager"
2026-02-18 19:48:04 +0000 - dagster - DEBUG - __ASSET_JOB - 07acd82b-ccd2-4242-8c33-cdde70fedc43 - 2608 - run_silver_clean_customers - STEP_SUCCESS - Finished execution of step "run_silver_clean_customers" in 194ms.
