2026-02-18 19:48:08 +0000 - dagster - DEBUG - __ASSET_JOB - 07acd82b-ccd2-4242-8c33-cdde70fedc43 - 2711 - LOGS_CAPTURED - Started capturing logs in process (pid: 2711).
2026-02-18 19:48:08 +0000 - dagster - DEBUG - __ASSET_JOB - 07acd82b-ccd2-4242-8c33-cdde70fedc43 - 2711 - run_gold_premium_revenue - STEP_START - Started execution of step "run_gold_premium_revenue".
2026-02-18 19:48:08,359 - alembic.runtime.migration - INFO - Context impl SQLiteImpl.
2026-02-18 19:48:08,359 - alembic.runtime.migration - INFO - Will assume non-transactional DDL.
2026-02-18 19:48:08 +0000 - dagster - DEBUG - __ASSET_JOB - 07acd82b-ccd2-4242-8c33-cdde70fedc43 - run_gold_premium_revenue - Loading file from: /home/runner/work/dna-platform/dna-platform/.dagster/storage/run_silver_clean_payments using PickledObjectFilesystemIOManager...
2026-02-18 19:48:08 +0000 - dagster - DEBUG - __ASSET_JOB - 07acd82b-ccd2-4242-8c33-cdde70fedc43 - 2711 - run_gold_premium_revenue - LOADED_INPUT - Loaded input "run_silver_clean_payments" using input manager "io_manager", from output "result" of step "run_silver_clean_payments"
2026-02-18 19:48:08 +0000 - dagster - DEBUG - __ASSET_JOB - 07acd82b-ccd2-4242-8c33-cdde70fedc43 - run_gold_premium_revenue - Loading file from: /home/runner/work/dna-platform/dna-platform/.dagster/storage/run_silver_clean_policies using PickledObjectFilesystemIOManager...
2026-02-18 19:48:08 +0000 - dagster - DEBUG - __ASSET_JOB - 07acd82b-ccd2-4242-8c33-cdde70fedc43 - 2711 - run_gold_premium_revenue - LOADED_INPUT - Loaded input "run_silver_clean_policies" using input manager "io_manager", from output "result" of step "run_silver_clean_policies"
2026-02-18 19:48:08 +0000 - dagster - DEBUG - __ASSET_JOB - 07acd82b-ccd2-4242-8c33-cdde70fedc43 - 2711 - run_gold_premium_revenue - STEP_INPUT - Got input "run_silver_clean_payments" of type "Any". (Type check passed).
2026-02-18 19:48:08 +0000 - dagster - DEBUG - __ASSET_JOB - 07acd82b-ccd2-4242-8c33-cdde70fedc43 - 2711 - run_gold_premium_revenue - STEP_INPUT - Got input "run_silver_clean_policies" of type "Any". (Type check passed).
2026-02-18 19:48:08,567 - src.core.utils - INFO - Starting operation: gold premium revenue aggregation
2026-02-18 19:48:08,567 - src.core.gold_premium_revenue - INFO - Starting gold premium revenue aggregation
2026-02-18 19:48:08,568 - src.core.storage - INFO - Reading latest parquet file from silver layer with prefix 'silver_clean_policies_' using local backend
2026-02-18 19:48:08,575 - src.core.storage - INFO - Successfully read 800 rows from local storage: /home/runner/work/dna-platform/dna-platform/data/silver/silver_clean_policies_20260218T194805Z.parquet
2026-02-18 19:48:08,575 - src.core.storage - INFO - Reading latest parquet file from silver layer with prefix 'silver_clean_payments_' using local backend
2026-02-18 19:48:08,578 - src.core.storage - INFO - Successfully read 1000 rows from local storage: /home/runner/work/dna-platform/dna-platform/data/silver/silver_clean_payments_20260218T194805Z.parquet
2026-02-18 19:48:08,578 - src.core.utils - INFO - Silver policies input: 800 rows, 14 columns
2026-02-18 19:48:08,578 - src.core.utils - INFO - Silver payments input: 1000 rows, 11 columns
2026-02-18 19:48:08,585 - src.core.utils - INFO - Gold premium revenue output: 5 rows, 7 columns
2026-02-18 19:48:08,585 - src.core.storage - INFO - Writing DataFrame to gold/gold_premium_revenue_20260218T194808Z.parquet using local backend
2026-02-18 19:48:08,587 - src.core.storage - INFO - Successfully wrote 5 rows to local storage: /home/runner/work/dna-platform/dna-platform/data/gold/sample_gold_premium_revenue_20260218T194808Z.parquet
2026-02-18 19:48:08,588 - src.core.storage - INFO - Successfully wrote 5 rows to local storage: /home/runner/work/dna-platform/dna-platform/data/gold/gold_premium_revenue_20260218T194808Z.parquet
2026-02-18 19:48:08,588 - src.core.gold_premium_revenue - INFO - Gold premium revenue aggregation completed: /home/runner/work/dna-platform/dna-platform/data/gold/gold_premium_revenue_20260218T194808Z.parquet
2026-02-18 19:48:08,588 - src.core.utils - INFO - Completed operation 'gold premium revenue aggregation' in 0.02 seconds
2026-02-18 19:48:08 +0000 - dagster - DEBUG - __ASSET_JOB - 07acd82b-ccd2-4242-8c33-cdde70fedc43 - 2711 - run_gold_premium_revenue - STEP_OUTPUT - Yielded output "result" of type "Any". (Type check passed).
2026-02-18 19:48:08 +0000 - dagster - DEBUG - __ASSET_JOB - 07acd82b-ccd2-4242-8c33-cdde70fedc43 - run_gold_premium_revenue - Writing file at: /home/runner/work/dna-platform/dna-platform/.dagster/storage/run_gold_premium_revenue using PickledObjectFilesystemIOManager...
2026-02-18 19:48:08 +0000 - dagster - DEBUG - __ASSET_JOB - 07acd82b-ccd2-4242-8c33-cdde70fedc43 - 2711 - run_gold_premium_revenue - ASSET_MATERIALIZATION - Materialized value run_gold_premium_revenue.
2026-02-18 19:48:08 +0000 - dagster - DEBUG - __ASSET_JOB - 07acd82b-ccd2-4242-8c33-cdde70fedc43 - 2711 - run_gold_premium_revenue - HANDLED_OUTPUT - Handled output "result" using IO manager "io_manager"
2026-02-18 19:48:08 +0000 - dagster - DEBUG - __ASSET_JOB - 07acd82b-ccd2-4242-8c33-cdde70fedc43 - 2711 - run_gold_premium_revenue - STEP_SUCCESS - Finished execution of step "run_gold_premium_revenue" in 290ms.
