2026-02-19 00:15:35 +0000 - dagster - DEBUG - __ASSET_JOB - 32a813fd-c1af-4320-8e1c-e692480fd13b - 2489 - LOGS_CAPTURED - Started capturing logs in process (pid: 2489).
2026-02-19 00:15:35 +0000 - dagster - DEBUG - __ASSET_JOB - 32a813fd-c1af-4320-8e1c-e692480fd13b - 2489 - run_silver_clean_claims - STEP_START - Started execution of step "run_silver_clean_claims".
2026-02-19 00:15:35,617 - alembic.runtime.migration - INFO - Context impl SQLiteImpl.
2026-02-19 00:15:35,617 - alembic.runtime.migration - INFO - Will assume non-transactional DDL.
2026-02-19 00:15:35 +0000 - dagster - DEBUG - __ASSET_JOB - 32a813fd-c1af-4320-8e1c-e692480fd13b - run_silver_clean_claims - Loading file from: /home/runner/work/dna-platform/dna-platform/.dagster/storage/run_bronze_claims using PickledObjectFilesystemIOManager...
2026-02-19 00:15:35 +0000 - dagster - DEBUG - __ASSET_JOB - 32a813fd-c1af-4320-8e1c-e692480fd13b - 2489 - run_silver_clean_claims - LOADED_INPUT - Loaded input "run_bronze_claims" using input manager "io_manager", from output "result" of step "run_bronze_claims"
2026-02-19 00:15:35 +0000 - dagster - DEBUG - __ASSET_JOB - 32a813fd-c1af-4320-8e1c-e692480fd13b - 2489 - run_silver_clean_claims - STEP_INPUT - Got input "run_bronze_claims" of type "Any". (Type check passed).
2026-02-19 00:15:35,700 - src.core.utils - INFO - Starting operation: silver claims transformation
2026-02-19 00:15:35,700 - src.core.silver_clean_claims - INFO - Starting silver claims transformation
2026-02-19 00:15:35,700 - src.core.storage - INFO - Reading latest parquet file from bronze layer with prefix 'bronze_claims_' using local backend
2026-02-19 00:15:35,708 - src.core.storage - INFO - Successfully read 300 rows from local storage: /home/runner/work/dna-platform/dna-platform/data/bronze/bronze_claims_20260219T001532Z.parquet
2026-02-19 00:15:35,708 - src.core.utils - INFO - Bronze claims input: 300 rows, 11 columns
2026-02-19 00:15:35,712 - src.core.utils - INFO - Transformed silver claims: 300 rows, 11 columns
2026-02-19 00:15:35,713 - src.core.storage - INFO - Writing DataFrame to silver/silver_clean_claims_20260219T001535Z.parquet using local backend
2026-02-19 00:15:35,715 - src.core.storage - INFO - Successfully wrote 50 rows to local storage: /home/runner/work/dna-platform/dna-platform/data/silver/sample_silver_clean_claims_20260219T001535Z.parquet
2026-02-19 00:15:35,717 - src.core.storage - INFO - Successfully wrote 300 rows to local storage: /home/runner/work/dna-platform/dna-platform/data/silver/silver_clean_claims_20260219T001535Z.parquet
2026-02-19 00:15:35,717 - src.core.silver_clean_claims - INFO - Silver claims transformation completed: /home/runner/work/dna-platform/dna-platform/data/silver/silver_clean_claims_20260219T001535Z.parquet
2026-02-19 00:15:35,717 - src.core.utils - INFO - Completed operation 'silver claims transformation' in 0.02 seconds
2026-02-19 00:15:35 +0000 - dagster - DEBUG - __ASSET_JOB - 32a813fd-c1af-4320-8e1c-e692480fd13b - 2489 - run_silver_clean_claims - STEP_OUTPUT - Yielded output "result" of type "Any". (Type check passed).
2026-02-19 00:15:35 +0000 - dagster - DEBUG - __ASSET_JOB - 32a813fd-c1af-4320-8e1c-e692480fd13b - run_silver_clean_claims - Writing file at: /home/runner/work/dna-platform/dna-platform/.dagster/storage/run_silver_clean_claims using PickledObjectFilesystemIOManager...
2026-02-19 00:15:35 +0000 - dagster - DEBUG - __ASSET_JOB - 32a813fd-c1af-4320-8e1c-e692480fd13b - 2489 - run_silver_clean_claims - ASSET_MATERIALIZATION - Materialized value run_silver_clean_claims.
2026-02-19 00:15:35 +0000 - dagster - DEBUG - __ASSET_JOB - 32a813fd-c1af-4320-8e1c-e692480fd13b - 2489 - run_silver_clean_claims - HANDLED_OUTPUT - Handled output "result" using IO manager "io_manager"
2026-02-19 00:15:35 +0000 - dagster - DEBUG - __ASSET_JOB - 32a813fd-c1af-4320-8e1c-e692480fd13b - 2489 - run_silver_clean_claims - STEP_SUCCESS - Finished execution of step "run_silver_clean_claims" in 148ms.
