[32m2026-02-18 20:14:31 +0100[0m - dagster - [34mDEBUG[0m - __ASSET_JOB - bced19bc-aa2f-4771-802d-f6e5a7304904 - 18563 - LOGS_CAPTURED - Started capturing logs in process (pid: 18563).
[32m2026-02-18 20:14:31 +0100[0m - dagster - [34mDEBUG[0m - __ASSET_JOB - bced19bc-aa2f-4771-802d-f6e5a7304904 - 18563 - run_silver_example - STEP_START - Started execution of step "run_silver_example".
2026-02-18 20:14:31,147 - alembic.runtime.migration - INFO - Context impl SQLiteImpl.
2026-02-18 20:14:31,147 - alembic.runtime.migration - INFO - Will assume non-transactional DDL.
2026-02-18 20:14:31,167 - src.core.utils - INFO - Starting operation: silver layer data transformation
2026-02-18 20:14:31,167 - src.core.silver_example - INFO - Starting silver layer data transformation
2026-02-18 20:14:31,167 - src.core.storage - INFO - Reading latest parquet file from bronze layer with prefix 'bronze_orders_' using adls backend
2026-02-18 20:14:31,289 - azure.core.pipeline.policies.http_logging_policy - INFO - Request URL: 'https://woningmarktintelx9.dfs.core.windows.net/dna-platform-data?resource=REDACTED&directory=REDACTED&recursive=REDACTED'
Request method: 'GET'
Request headers:
    'x-ms-version': 'REDACTED'
    'Accept': 'application/json'
    'User-Agent': 'azsdk-python-storage-dfs/12.23.0 Python/3.14.2 (macOS-15.6.1-arm64-arm-64bit-Mach-O)'
    'x-ms-date': 'REDACTED'
    'x-ms-client-request-id': '0d7fab24-0cfe-11f1-8026-765227f64d11'
    'Authorization': 'REDACTED'
No body was attached to the request
2026-02-18 20:14:31,451 - azure.core.pipeline.policies.http_logging_policy - INFO - Response status: 200
Response headers:
    'Transfer-Encoding': 'chunked'
    'Content-Type': 'application/json;charset=utf-8'
    'Server': 'Windows-Azure-HDFS/1.0 Microsoft-HTTPAPI/2.0'
    'x-ms-request-id': 'fe8fca38-701f-0035-780a-a15625000000'
    'x-ms-version': 'REDACTED'
    'x-ms-client-request-id': '0d7fab24-0cfe-11f1-8026-765227f64d11'
    'Date': 'Wed, 18 Feb 2026 19:14:31 GMT'
2026-02-18 20:14:31,453 - azure.core.pipeline.policies.http_logging_policy - INFO - Request URL: 'https://woningmarktintelx9.blob.core.windows.net/dna-platform-data/dna-platform/data/bronze/bronze_orders_20260218T191405Z.parquet'
Request method: 'GET'
Request headers:
    'x-ms-range': 'REDACTED'
    'x-ms-version': 'REDACTED'
    'Accept': 'application/xml'
    'User-Agent': 'azsdk-python-storage-dfs/12.23.0 Python/3.14.2 (macOS-15.6.1-arm64-arm-64bit-Mach-O)'
    'x-ms-date': 'REDACTED'
    'x-ms-client-request-id': '0d98b5c4-0cfe-11f1-8026-765227f64d11'
    'Authorization': 'REDACTED'
No body was attached to the request
2026-02-18 20:14:31,613 - azure.core.pipeline.policies.http_logging_policy - INFO - Response status: 206
Response headers:
    'Content-Length': '3527'
    'Content-Type': 'application/octet-stream'
    'Content-Range': 'REDACTED'
    'Last-Modified': 'Wed, 18 Feb 2026 19:14:06 GMT'
    'Accept-Ranges': 'REDACTED'
    'ETag': '"0x8DE6F21E2DE8A1C"'
    'Server': 'Windows-Azure-Blob/1.0 Microsoft-HTTPAPI/2.0'
    'x-ms-request-id': '16f6f4d0-101e-000c-1c0a-a1ad39000000'
    'x-ms-client-request-id': '0d98b5c4-0cfe-11f1-8026-765227f64d11'
    'x-ms-version': 'REDACTED'
    'x-ms-resource-type': 'REDACTED'
    'x-ms-creation-time': 'REDACTED'
    'x-ms-lease-status': 'REDACTED'
    'x-ms-lease-state': 'REDACTED'
    'x-ms-blob-type': 'REDACTED'
    'x-ms-server-encrypted': 'REDACTED'
    'x-ms-owner': 'REDACTED'
    'x-ms-group': 'REDACTED'
    'x-ms-permissions': 'REDACTED'
    'x-ms-acl': 'REDACTED'
    'Date': 'Wed, 18 Feb 2026 19:14:30 GMT'
2026-02-18 20:14:31,620 - src.core.storage - INFO - Successfully read 50 rows from ADLS: dna-platform/data/bronze/bronze_orders_20260218T191405Z.parquet
2026-02-18 20:14:31,620 - src.core.utils - INFO - Bronze input data: 50 rows, 6 columns
2026-02-18 20:14:31,620 - src.core.silver_example - INFO - Processing 50 bronze records
2026-02-18 20:14:31,623 - src.core.utils - INFO - Transformed silver data: 38 rows, 7 columns
2026-02-18 20:14:31,623 - src.core.storage - INFO - Writing DataFrame to silver/silver_orders_20260218T191431Z.parquet using adls backend
2026-02-18 20:14:31,623 - src.core.storage - INFO - Writing DataFrame (38 rows, 8 columns) to ADLS: abfss://dna-platform-data@woningmarktintelx9.dfs.core.windows.net/dna-platform/data/silver/silver_orders_20260218T191431Z.parquet
2026-02-18 20:14:31,626 - azure.core.pipeline.policies.http_logging_policy - INFO - Request URL: 'https://woningmarktintelx9.blob.core.windows.net/dna-platform-data?restype=REDACTED'
Request method: 'GET'
Request headers:
    'x-ms-version': 'REDACTED'
    'Accept': 'application/xml'
    'User-Agent': 'azsdk-python-storage-dfs/12.23.0 Python/3.14.2 (macOS-15.6.1-arm64-arm-64bit-Mach-O)'
    'x-ms-date': 'REDACTED'
    'x-ms-client-request-id': '0db308c0-0cfe-11f1-8026-765227f64d11'
    'Authorization': 'REDACTED'
No body was attached to the request
2026-02-18 20:14:31,776 - azure.core.pipeline.policies.http_logging_policy - INFO - Response status: 200
Response headers:
    'Content-Length': '0'
    'Last-Modified': 'Wed, 18 Feb 2026 19:12:05 GMT'
    'ETag': '"0x8DE6F219B11A707"'
    'Server': 'Windows-Azure-Blob/1.0 Microsoft-HTTPAPI/2.0'
    'x-ms-request-id': '6cfb6220-101e-0051-3f0a-a1a7bd000000'
    'x-ms-client-request-id': '0db308c0-0cfe-11f1-8026-765227f64d11'
    'x-ms-version': 'REDACTED'
    'x-ms-lease-status': 'REDACTED'
    'x-ms-lease-state': 'REDACTED'
    'x-ms-has-immutability-policy': 'REDACTED'
    'x-ms-has-legal-hold': 'REDACTED'
    'x-ms-immutable-storage-with-versioning-enabled': 'REDACTED'
    'x-ms-default-encryption-scope': 'REDACTED'
    'x-ms-deny-encryption-scope-override': 'REDACTED'
    'Date': 'Wed, 18 Feb 2026 19:14:31 GMT'
2026-02-18 20:14:31,779 - azure.core.pipeline.policies.http_logging_policy - INFO - Request URL: 'https://woningmarktintelx9.dfs.core.windows.net/dna-platform-data/dna-platform/data/silver?resource=REDACTED'
Request method: 'PUT'
Request headers:
    'x-ms-version': 'REDACTED'
    'Accept': 'application/json'
    'User-Agent': 'azsdk-python-storage-dfs/12.23.0 Python/3.14.2 (macOS-15.6.1-arm64-arm-64bit-Mach-O)'
    'x-ms-date': 'REDACTED'
    'x-ms-client-request-id': '0dca5ade-0cfe-11f1-8026-765227f64d11'
    'Authorization': 'REDACTED'
No body was attached to the request
2026-02-18 20:14:31,951 - azure.core.pipeline.policies.http_logging_policy - INFO - Response status: 201
Response headers:
    'Last-Modified': 'Wed, 18 Feb 2026 19:14:32 GMT'
    'ETag': '"0x8DE6F21F2238F28"'
    'Server': 'Windows-Azure-HDFS/1.0 Microsoft-HTTPAPI/2.0'
    'x-ms-request-server-encrypted': 'REDACTED'
    'x-ms-request-id': '19e053b6-101f-006e-4b0a-a16f1e000000'
    'x-ms-version': 'REDACTED'
    'x-ms-client-request-id': '0dca5ade-0cfe-11f1-8026-765227f64d11'
    'Date': 'Wed, 18 Feb 2026 19:14:31 GMT'
    'Content-Length': '0'
2026-02-18 20:14:31,953 - azure.core.pipeline.policies.http_logging_policy - INFO - Request URL: 'https://woningmarktintelx9.dfs.core.windows.net/dna-platform-data/dna-platform/data/silver/silver_orders_20260218T191431Z.parquet?resource=REDACTED'
Request method: 'PUT'
Request headers:
    'x-ms-version': 'REDACTED'
    'Accept': 'application/json'
    'User-Agent': 'azsdk-python-storage-dfs/12.23.0 Python/3.14.2 (macOS-15.6.1-arm64-arm-64bit-Mach-O)'
    'x-ms-date': 'REDACTED'
    'x-ms-client-request-id': '0de503de-0cfe-11f1-8026-765227f64d11'
    'Authorization': 'REDACTED'
No body was attached to the request
2026-02-18 20:14:32,044 - azure.core.pipeline.policies.http_logging_policy - INFO - Response status: 201
Response headers:
    'Last-Modified': 'Wed, 18 Feb 2026 19:14:32 GMT'
    'ETag': '"0x8DE6F21F22F41FC"'
    'Server': 'Windows-Azure-HDFS/1.0 Microsoft-HTTPAPI/2.0'
    'x-ms-request-server-encrypted': 'REDACTED'
    'x-ms-request-id': '19e053cd-101f-006e-620a-a16f1e000000'
    'x-ms-version': 'REDACTED'
    'x-ms-client-request-id': '0de503de-0cfe-11f1-8026-765227f64d11'
    'Date': 'Wed, 18 Feb 2026 19:14:31 GMT'
    'Content-Length': '0'
2026-02-18 20:14:32,046 - azure.core.pipeline.policies.http_logging_policy - INFO - Request URL: 'https://woningmarktintelx9.dfs.core.windows.net/dna-platform-data/dna-platform/data/silver/silver_orders_20260218T191431Z.parquet?action=REDACTED&position=REDACTED'
Request method: 'PATCH'
Request headers:
    'Content-Length': '4224'
    'x-ms-version': 'REDACTED'
    'Content-Type': 'application/json'
    'Accept': 'application/json'
    'User-Agent': 'azsdk-python-storage-dfs/12.23.0 Python/3.14.2 (macOS-15.6.1-arm64-arm-64bit-Mach-O)'
    'x-ms-date': 'REDACTED'
    'x-ms-client-request-id': '0df32a7c-0cfe-11f1-8026-765227f64d11'
    'Authorization': 'REDACTED'
A body is sent with the request
2026-02-18 20:14:32,089 - azure.core.pipeline.policies.http_logging_policy - INFO - Response status: 202
Response headers:
    'Server': 'Windows-Azure-HDFS/1.0 Microsoft-HTTPAPI/2.0'
    'x-ms-request-server-encrypted': 'REDACTED'
    'x-ms-request-id': '19e053eb-101f-006e-800a-a16f1e000000'
    'x-ms-version': 'REDACTED'
    'x-ms-client-request-id': '0df32a7c-0cfe-11f1-8026-765227f64d11'
    'Date': 'Wed, 18 Feb 2026 19:14:32 GMT'
    'Content-Length': '0'
2026-02-18 20:14:32,090 - azure.core.pipeline.policies.http_logging_policy - INFO - Request URL: 'https://woningmarktintelx9.dfs.core.windows.net/dna-platform-data/dna-platform/data/silver/silver_orders_20260218T191431Z.parquet?action=REDACTED&position=REDACTED&close=REDACTED'
Request method: 'PATCH'
Request headers:
    'If-Match': '"0x8DE6F21F22F41FC"'
    'x-ms-version': 'REDACTED'
    'Accept': 'application/json'
    'User-Agent': 'azsdk-python-storage-dfs/12.23.0 Python/3.14.2 (macOS-15.6.1-arm64-arm-64bit-Mach-O)'
    'x-ms-date': 'REDACTED'
    'x-ms-client-request-id': '0df9eb1e-0cfe-11f1-8026-765227f64d11'
    'Authorization': 'REDACTED'
No body was attached to the request
2026-02-18 20:14:32,240 - azure.core.pipeline.policies.http_logging_policy - INFO - Response status: 200
Response headers:
    'Last-Modified': 'Wed, 18 Feb 2026 19:14:32 GMT'
    'ETag': '"0x8DE6F21F24E9BDC"'
    'Server': 'Windows-Azure-HDFS/1.0 Microsoft-HTTPAPI/2.0'
    'x-ms-request-server-encrypted': 'REDACTED'
    'x-ms-request-id': '19e053fb-101f-006e-100a-a16f1e000000'
    'x-ms-version': 'REDACTED'
    'x-ms-client-request-id': '0df9eb1e-0cfe-11f1-8026-765227f64d11'
    'Date': 'Wed, 18 Feb 2026 19:14:32 GMT'
    'Content-Length': '0'
2026-02-18 20:14:32,241 - src.core.storage - INFO - Successfully uploaded 0 bytes to ADLS: abfss://dna-platform-data@woningmarktintelx9.dfs.core.windows.net/dna-platform/data/silver/silver_orders_20260218T191431Z.parquet
2026-02-18 20:14:32,245 - src.core.storage - INFO - ADLS write successful: abfss://dna-platform-data@woningmarktintelx9.dfs.core.windows.net/dna-platform/data/silver/silver_orders_20260218T191431Z.parquet
2026-02-18 20:14:32,247 - src.core.storage - INFO - Successfully wrote 38 rows to local storage: /Users/taniskarigar/test-polster/dna-platform/data/silver/sample_silver_orders_20260218T191431Z.parquet
2026-02-18 20:14:32,247 - src.core.silver_example - INFO - Silver layer transformation completed successfully: abfss://dna-platform-data@woningmarktintelx9.dfs.core.windows.net/dna-platform/data/silver/silver_orders_20260218T191431Z.parquet
2026-02-18 20:14:32,247 - src.core.utils - INFO - Completed operation 'silver layer data transformation' in 1.08 seconds
[32m2026-02-18 20:14:32 +0100[0m - dagster - [34mDEBUG[0m - __ASSET_JOB - bced19bc-aa2f-4771-802d-f6e5a7304904 - 18563 - run_silver_example - STEP_OUTPUT - Yielded output "result" of type "Any". (Type check passed).
[32m2026-02-18 20:14:32 +0100[0m - dagster - [34mDEBUG[0m - __ASSET_JOB - bced19bc-aa2f-4771-802d-f6e5a7304904 - run_silver_example - Writing file at: /Users/taniskarigar/test-polster/dna-platform/.dagster/storage/run_silver_example using PickledObjectFilesystemIOManager...
[32m2026-02-18 20:14:32 +0100[0m - dagster - [34mDEBUG[0m - __ASSET_JOB - bced19bc-aa2f-4771-802d-f6e5a7304904 - 18563 - run_silver_example - ASSET_MATERIALIZATION - Materialized value run_silver_example.
[32m2026-02-18 20:14:32 +0100[0m - dagster - [34mDEBUG[0m - __ASSET_JOB - bced19bc-aa2f-4771-802d-f6e5a7304904 - 18563 - run_silver_example - HANDLED_OUTPUT - Handled output "result" using IO manager "io_manager"
[32m2026-02-18 20:14:32 +0100[0m - dagster - [34mDEBUG[0m - __ASSET_JOB - bced19bc-aa2f-4771-802d-f6e5a7304904 - 18563 - run_silver_example - STEP_SUCCESS - Finished execution of step "run_silver_example" in 1.13s.
