[32m2026-02-18 20:14:33 +0100[0m - dagster - [34mDEBUG[0m - __ASSET_JOB - bced19bc-aa2f-4771-802d-f6e5a7304904 - 18573 - LOGS_CAPTURED - Started capturing logs in process (pid: 18573).
[32m2026-02-18 20:14:33 +0100[0m - dagster - [34mDEBUG[0m - __ASSET_JOB - bced19bc-aa2f-4771-802d-f6e5a7304904 - 18573 - run_gold_example - STEP_START - Started execution of step "run_gold_example".
2026-02-18 20:14:33,108 - alembic.runtime.migration - INFO - Context impl SQLiteImpl.
2026-02-18 20:14:33,108 - alembic.runtime.migration - INFO - Will assume non-transactional DDL.
2026-02-18 20:14:33,134 - src.core.utils - INFO - Starting operation: gold layer data aggregation
2026-02-18 20:14:33,134 - src.core.gold_example - INFO - Starting gold layer data aggregation
2026-02-18 20:14:33,134 - src.core.storage - INFO - Reading latest parquet file from silver layer with prefix 'silver_orders_' using adls backend
2026-02-18 20:14:33,232 - azure.core.pipeline.policies.http_logging_policy - INFO - Request URL: 'https://woningmarktintelx9.dfs.core.windows.net/dna-platform-data?resource=REDACTED&directory=REDACTED&recursive=REDACTED'
Request method: 'GET'
Request headers:
    'x-ms-version': 'REDACTED'
    'Accept': 'application/json'
    'User-Agent': 'azsdk-python-storage-dfs/12.23.0 Python/3.14.2 (macOS-15.6.1-arm64-arm-64bit-Mach-O)'
    'x-ms-date': 'REDACTED'
    'x-ms-client-request-id': '0ea810b8-0cfe-11f1-b10a-765227f64d11'
    'Authorization': 'REDACTED'
No body was attached to the request
2026-02-18 20:14:33,637 - azure.core.pipeline.policies.http_logging_policy - INFO - Response status: 200
Response headers:
    'Transfer-Encoding': 'chunked'
    'Content-Type': 'application/json;charset=utf-8'
    'Server': 'Windows-Azure-HDFS/1.0 Microsoft-HTTPAPI/2.0'
    'x-ms-request-id': '80e60d67-001f-0072-600a-a13d7e000000'
    'x-ms-version': 'REDACTED'
    'x-ms-client-request-id': '0ea810b8-0cfe-11f1-b10a-765227f64d11'
    'Date': 'Wed, 18 Feb 2026 19:14:33 GMT'
2026-02-18 20:14:33,641 - azure.core.pipeline.policies.http_logging_policy - INFO - Request URL: 'https://woningmarktintelx9.blob.core.windows.net/dna-platform-data/dna-platform/data/silver/silver_orders_20260218T191431Z.parquet'
Request method: 'GET'
Request headers:
    'x-ms-range': 'REDACTED'
    'x-ms-version': 'REDACTED'
    'Accept': 'application/xml'
    'User-Agent': 'azsdk-python-storage-dfs/12.23.0 Python/3.14.2 (macOS-15.6.1-arm64-arm-64bit-Mach-O)'
    'x-ms-date': 'REDACTED'
    'x-ms-client-request-id': '0ee67ccc-0cfe-11f1-b10a-765227f64d11'
    'Authorization': 'REDACTED'
No body was attached to the request
2026-02-18 20:14:34,162 - azure.core.pipeline.policies.http_logging_policy - INFO - Response status: 206
Response headers:
    'Content-Length': '4224'
    'Content-Type': 'application/octet-stream'
    'Content-Range': 'REDACTED'
    'Last-Modified': 'Wed, 18 Feb 2026 19:14:32 GMT'
    'Accept-Ranges': 'REDACTED'
    'ETag': '"0x8DE6F21F24E9BDC"'
    'Server': 'Windows-Azure-Blob/1.0 Microsoft-HTTPAPI/2.0'
    'x-ms-request-id': '72b297b4-b01e-002a-210a-a1e521000000'
    'x-ms-client-request-id': '0ee67ccc-0cfe-11f1-b10a-765227f64d11'
    'x-ms-version': 'REDACTED'
    'x-ms-resource-type': 'REDACTED'
    'x-ms-creation-time': 'REDACTED'
    'x-ms-lease-status': 'REDACTED'
    'x-ms-lease-state': 'REDACTED'
    'x-ms-blob-type': 'REDACTED'
    'x-ms-server-encrypted': 'REDACTED'
    'x-ms-owner': 'REDACTED'
    'x-ms-group': 'REDACTED'
    'x-ms-permissions': 'REDACTED'
    'x-ms-acl': 'REDACTED'
    'Date': 'Wed, 18 Feb 2026 19:14:33 GMT'
2026-02-18 20:14:34,167 - src.core.storage - INFO - Successfully read 38 rows from ADLS: dna-platform/data/silver/silver_orders_20260218T191431Z.parquet
2026-02-18 20:14:34,167 - src.core.utils - INFO - Silver input data: 38 rows, 8 columns
2026-02-18 20:14:34,168 - src.core.gold_example - INFO - Processing 38 silver records
2026-02-18 20:14:34,170 - src.core.utils - INFO - Aggregated gold data: 4 rows, 4 columns
2026-02-18 20:14:34,170 - src.core.gold_example - INFO - Aggregated data: 4 status groups
2026-02-18 20:14:34,171 - src.core.storage - INFO - Writing DataFrame to gold/gold_order_summary_20260218T191434Z.parquet using adls backend
2026-02-18 20:14:34,171 - src.core.storage - INFO - Writing DataFrame (4 rows, 5 columns) to ADLS: abfss://dna-platform-data@woningmarktintelx9.dfs.core.windows.net/dna-platform/data/gold/gold_order_summary_20260218T191434Z.parquet
2026-02-18 20:14:34,174 - azure.core.pipeline.policies.http_logging_policy - INFO - Request URL: 'https://woningmarktintelx9.blob.core.windows.net/dna-platform-data?restype=REDACTED'
Request method: 'GET'
Request headers:
    'x-ms-version': 'REDACTED'
    'Accept': 'application/xml'
    'User-Agent': 'azsdk-python-storage-dfs/12.23.0 Python/3.14.2 (macOS-15.6.1-arm64-arm-64bit-Mach-O)'
    'x-ms-date': 'REDACTED'
    'x-ms-client-request-id': '0f37e454-0cfe-11f1-b10a-765227f64d11'
    'Authorization': 'REDACTED'
No body was attached to the request
2026-02-18 20:14:34,336 - azure.core.pipeline.policies.http_logging_policy - INFO - Response status: 200
Response headers:
    'Content-Length': '0'
    'Last-Modified': 'Wed, 18 Feb 2026 19:12:05 GMT'
    'ETag': '"0x8DE6F219B11A707"'
    'Server': 'Windows-Azure-Blob/1.0 Microsoft-HTTPAPI/2.0'
    'x-ms-request-id': 'a3a35397-401e-0073-260a-a162a2000000'
    'x-ms-client-request-id': '0f37e454-0cfe-11f1-b10a-765227f64d11'
    'x-ms-version': 'REDACTED'
    'x-ms-lease-status': 'REDACTED'
    'x-ms-lease-state': 'REDACTED'
    'x-ms-has-immutability-policy': 'REDACTED'
    'x-ms-has-legal-hold': 'REDACTED'
    'x-ms-immutable-storage-with-versioning-enabled': 'REDACTED'
    'x-ms-default-encryption-scope': 'REDACTED'
    'x-ms-deny-encryption-scope-override': 'REDACTED'
    'Date': 'Wed, 18 Feb 2026 19:14:34 GMT'
2026-02-18 20:14:34,339 - azure.core.pipeline.policies.http_logging_policy - INFO - Request URL: 'https://woningmarktintelx9.dfs.core.windows.net/dna-platform-data/dna-platform/data/gold?resource=REDACTED'
Request method: 'PUT'
Request headers:
    'x-ms-version': 'REDACTED'
    'Accept': 'application/json'
    'User-Agent': 'azsdk-python-storage-dfs/12.23.0 Python/3.14.2 (macOS-15.6.1-arm64-arm-64bit-Mach-O)'
    'x-ms-date': 'REDACTED'
    'x-ms-client-request-id': '0f50ff5c-0cfe-11f1-b10a-765227f64d11'
    'Authorization': 'REDACTED'
No body was attached to the request
2026-02-18 20:14:34,540 - azure.core.pipeline.policies.http_logging_policy - INFO - Response status: 201
Response headers:
    'Last-Modified': 'Wed, 18 Feb 2026 19:14:34 GMT'
    'ETag': '"0x8DE6F21F3AE29A4"'
    'Server': 'Windows-Azure-HDFS/1.0 Microsoft-HTTPAPI/2.0'
    'x-ms-request-server-encrypted': 'REDACTED'
    'x-ms-request-id': 'bebc22c6-a01f-0036-5b0a-a1b741000000'
    'x-ms-version': 'REDACTED'
    'x-ms-client-request-id': '0f50ff5c-0cfe-11f1-b10a-765227f64d11'
    'Date': 'Wed, 18 Feb 2026 19:14:34 GMT'
    'Content-Length': '0'
2026-02-18 20:14:34,541 - azure.core.pipeline.policies.http_logging_policy - INFO - Request URL: 'https://woningmarktintelx9.dfs.core.windows.net/dna-platform-data/dna-platform/data/gold/gold_order_summary_20260218T191434Z.parquet?resource=REDACTED'
Request method: 'PUT'
Request headers:
    'x-ms-version': 'REDACTED'
    'Accept': 'application/json'
    'User-Agent': 'azsdk-python-storage-dfs/12.23.0 Python/3.14.2 (macOS-15.6.1-arm64-arm-64bit-Mach-O)'
    'x-ms-date': 'REDACTED'
    'x-ms-client-request-id': '0f6fec82-0cfe-11f1-b10a-765227f64d11'
    'Authorization': 'REDACTED'
No body was attached to the request
2026-02-18 20:14:34,606 - azure.core.pipeline.policies.http_logging_policy - INFO - Response status: 201
Response headers:
    'Last-Modified': 'Wed, 18 Feb 2026 19:14:34 GMT'
    'ETag': '"0x8DE6F21F3B853BC"'
    'Server': 'Windows-Azure-HDFS/1.0 Microsoft-HTTPAPI/2.0'
    'x-ms-request-server-encrypted': 'REDACTED'
    'x-ms-request-id': 'bebc22d3-a01f-0036-680a-a1b741000000'
    'x-ms-version': 'REDACTED'
    'x-ms-client-request-id': '0f6fec82-0cfe-11f1-b10a-765227f64d11'
    'Date': 'Wed, 18 Feb 2026 19:14:34 GMT'
    'Content-Length': '0'
2026-02-18 20:14:34,608 - azure.core.pipeline.policies.http_logging_policy - INFO - Request URL: 'https://woningmarktintelx9.dfs.core.windows.net/dna-platform-data/dna-platform/data/gold/gold_order_summary_20260218T191434Z.parquet?action=REDACTED&position=REDACTED'
Request method: 'PATCH'
Request headers:
    'Content-Length': '2152'
    'x-ms-version': 'REDACTED'
    'Content-Type': 'application/json'
    'Accept': 'application/json'
    'User-Agent': 'azsdk-python-storage-dfs/12.23.0 Python/3.14.2 (macOS-15.6.1-arm64-arm-64bit-Mach-O)'
    'x-ms-date': 'REDACTED'
    'x-ms-client-request-id': '0f7a09e2-0cfe-11f1-b10a-765227f64d11'
    'Authorization': 'REDACTED'
A body is sent with the request
2026-02-18 20:14:34,653 - azure.core.pipeline.policies.http_logging_policy - INFO - Response status: 202
Response headers:
    'Server': 'Windows-Azure-HDFS/1.0 Microsoft-HTTPAPI/2.0'
    'x-ms-request-server-encrypted': 'REDACTED'
    'x-ms-request-id': 'bebc22df-a01f-0036-740a-a1b741000000'
    'x-ms-version': 'REDACTED'
    'x-ms-client-request-id': '0f7a09e2-0cfe-11f1-b10a-765227f64d11'
    'Date': 'Wed, 18 Feb 2026 19:14:34 GMT'
    'Content-Length': '0'
2026-02-18 20:14:34,655 - azure.core.pipeline.policies.http_logging_policy - INFO - Request URL: 'https://woningmarktintelx9.dfs.core.windows.net/dna-platform-data/dna-platform/data/gold/gold_order_summary_20260218T191434Z.parquet?action=REDACTED&position=REDACTED&close=REDACTED'
Request method: 'PATCH'
Request headers:
    'If-Match': '"0x8DE6F21F3B853BC"'
    'x-ms-version': 'REDACTED'
    'Accept': 'application/json'
    'User-Agent': 'azsdk-python-storage-dfs/12.23.0 Python/3.14.2 (macOS-15.6.1-arm64-arm-64bit-Mach-O)'
    'x-ms-date': 'REDACTED'
    'x-ms-client-request-id': '0f81356e-0cfe-11f1-b10a-765227f64d11'
    'Authorization': 'REDACTED'
No body was attached to the request
2026-02-18 20:14:34,727 - azure.core.pipeline.policies.http_logging_policy - INFO - Response status: 200
Response headers:
    'Last-Modified': 'Wed, 18 Feb 2026 19:14:34 GMT'
    'ETag': '"0x8DE6F21F3CB6838"'
    'Server': 'Windows-Azure-HDFS/1.0 Microsoft-HTTPAPI/2.0'
    'x-ms-request-server-encrypted': 'REDACTED'
    'x-ms-request-id': 'bebc22e6-a01f-0036-7b0a-a1b741000000'
    'x-ms-version': 'REDACTED'
    'x-ms-client-request-id': '0f81356e-0cfe-11f1-b10a-765227f64d11'
    'Date': 'Wed, 18 Feb 2026 19:14:34 GMT'
    'Content-Length': '0'
2026-02-18 20:14:34,727 - src.core.storage - INFO - Successfully uploaded 0 bytes to ADLS: abfss://dna-platform-data@woningmarktintelx9.dfs.core.windows.net/dna-platform/data/gold/gold_order_summary_20260218T191434Z.parquet
2026-02-18 20:14:34,729 - src.core.storage - INFO - ADLS write successful: abfss://dna-platform-data@woningmarktintelx9.dfs.core.windows.net/dna-platform/data/gold/gold_order_summary_20260218T191434Z.parquet
2026-02-18 20:14:34,730 - src.core.storage - INFO - Successfully wrote 4 rows to local storage: /Users/taniskarigar/test-polster/dna-platform/data/gold/sample_gold_order_summary_20260218T191434Z.parquet
2026-02-18 20:14:34,730 - src.core.gold_example - INFO - Gold layer aggregation completed successfully: abfss://dna-platform-data@woningmarktintelx9.dfs.core.windows.net/dna-platform/data/gold/gold_order_summary_20260218T191434Z.parquet
2026-02-18 20:14:34,730 - src.core.utils - INFO - Completed operation 'gold layer data aggregation' in 1.60 seconds
[32m2026-02-18 20:14:34 +0100[0m - dagster - [34mDEBUG[0m - __ASSET_JOB - bced19bc-aa2f-4771-802d-f6e5a7304904 - 18573 - run_gold_example - STEP_OUTPUT - Yielded output "result" of type "Any". (Type check passed).
[32m2026-02-18 20:14:34 +0100[0m - dagster - [34mDEBUG[0m - __ASSET_JOB - bced19bc-aa2f-4771-802d-f6e5a7304904 - run_gold_example - Writing file at: /Users/taniskarigar/test-polster/dna-platform/.dagster/storage/run_gold_example using PickledObjectFilesystemIOManager...
[32m2026-02-18 20:14:34 +0100[0m - dagster - [34mDEBUG[0m - __ASSET_JOB - bced19bc-aa2f-4771-802d-f6e5a7304904 - 18573 - run_gold_example - ASSET_MATERIALIZATION - Materialized value run_gold_example.
[32m2026-02-18 20:14:34 +0100[0m - dagster - [34mDEBUG[0m - __ASSET_JOB - bced19bc-aa2f-4771-802d-f6e5a7304904 - 18573 - run_gold_example - HANDLED_OUTPUT - Handled output "result" using IO manager "io_manager"
[32m2026-02-18 20:14:34 +0100[0m - dagster - [34mDEBUG[0m - __ASSET_JOB - bced19bc-aa2f-4771-802d-f6e5a7304904 - 18573 - run_gold_example - STEP_SUCCESS - Finished execution of step "run_gold_example" in 1.64s.
