2026-02-18 20:33:43 +0100 - dagster - DEBUG - __ASSET_JOB - c6687c0e-24b9-45f8-a23c-9ee99c818c3b - 29379 - LOGS_CAPTURED - Started capturing logs in process (pid: 29379).
2026-02-18 20:33:43 +0100 - dagster - DEBUG - __ASSET_JOB - c6687c0e-24b9-45f8-a23c-9ee99c818c3b - 29379 - run_bronze_vehicles - STEP_START - Started execution of step "run_bronze_vehicles".
2026-02-18 20:33:43,032 - src.core.utils - INFO - Starting operation: bronze vehicles extraction
2026-02-18 20:33:43,032 - src.core.bronze_vehicles - INFO - Starting bronze vehicles extraction
2026-02-18 20:33:43,036 - src.core.utils - INFO - Bronze vehicles output: 40 rows, 13 columns
2026-02-18 20:33:43,036 - src.core.storage - INFO - Writing DataFrame to bronze/bronze_vehicles_20260218T193343Z.parquet using adls backend
2026-02-18 20:33:43,036 - src.core.storage - INFO - Writing DataFrame (40 rows, 13 columns) to ADLS: abfss://dna-platform-data@woningmarktintelx9.dfs.core.windows.net/dna-platform/data/bronze/bronze_vehicles_20260218T193343Z.parquet
2026-02-18 20:33:43,176 - azure.core.pipeline.policies.http_logging_policy - INFO - Request URL: 'https://woningmarktintelx9.blob.core.windows.net/dna-platform-data?restype=REDACTED'
Request method: 'GET'
Request headers:
    'x-ms-version': 'REDACTED'
    'Accept': 'application/xml'
    'User-Agent': 'azsdk-python-storage-dfs/12.23.0 Python/3.14.2 (macOS-15.6.1-arm64-arm-64bit-Mach-O)'
    'x-ms-date': 'REDACTED'
    'x-ms-client-request-id': 'bc139d6a-0d00-11f1-a0b5-765227f64d11'
    'Authorization': 'REDACTED'
No body was attached to the request
2026-02-18 20:33:43,385 - azure.core.pipeline.policies.http_logging_policy - INFO - Response status: 200
Response headers:
    'Content-Length': '0'
    'Last-Modified': 'Wed, 18 Feb 2026 19:12:05 GMT'
    'ETag': '"0x8DE6F219B11A707"'
    'Server': 'Windows-Azure-Blob/1.0 Microsoft-HTTPAPI/2.0'
    'x-ms-request-id': '80a966da-d01e-003c-110d-a113f6000000'
    'x-ms-client-request-id': 'bc139d6a-0d00-11f1-a0b5-765227f64d11'
    'x-ms-version': 'REDACTED'
    'x-ms-lease-status': 'REDACTED'
    'x-ms-lease-state': 'REDACTED'
    'x-ms-has-immutability-policy': 'REDACTED'
    'x-ms-has-legal-hold': 'REDACTED'
    'x-ms-immutable-storage-with-versioning-enabled': 'REDACTED'
    'x-ms-default-encryption-scope': 'REDACTED'
    'x-ms-deny-encryption-scope-override': 'REDACTED'
    'Date': 'Wed, 18 Feb 2026 19:33:42 GMT'
2026-02-18 20:33:43,386 - azure.core.pipeline.policies.http_logging_policy - INFO - Request URL: 'https://woningmarktintelx9.dfs.core.windows.net/dna-platform-data/dna-platform/data/bronze?resource=REDACTED'
Request method: 'PUT'
Request headers:
    'x-ms-version': 'REDACTED'
    'Accept': 'application/json'
    'User-Agent': 'azsdk-python-storage-dfs/12.23.0 Python/3.14.2 (macOS-15.6.1-arm64-arm-64bit-Mach-O)'
    'x-ms-date': 'REDACTED'
    'x-ms-client-request-id': 'bc33c720-0d00-11f1-a0b5-765227f64d11'
    'Authorization': 'REDACTED'
No body was attached to the request
2026-02-18 20:33:44,403 - azure.core.pipeline.policies.http_logging_policy - INFO - Response status: 201
Response headers:
    'Last-Modified': 'Wed, 18 Feb 2026 19:33:44 GMT'
    'ETag': '"0x8DE6F24A0FB3FA0"'
    'Server': 'Windows-Azure-HDFS/1.0 Microsoft-HTTPAPI/2.0'
    'x-ms-request-server-encrypted': 'REDACTED'
    'x-ms-request-id': '57b75689-901f-004f-140d-a14b65000000'
    'x-ms-version': 'REDACTED'
    'x-ms-client-request-id': 'bc33c720-0d00-11f1-a0b5-765227f64d11'
    'Date': 'Wed, 18 Feb 2026 19:33:44 GMT'
    'Content-Length': '0'
2026-02-18 20:33:44,404 - azure.core.pipeline.policies.http_logging_policy - INFO - Request URL: 'https://woningmarktintelx9.dfs.core.windows.net/dna-platform-data/dna-platform/data/bronze/bronze_vehicles_20260218T193343Z.parquet?resource=REDACTED'
Request method: 'PUT'
Request headers:
    'x-ms-version': 'REDACTED'
    'Accept': 'application/json'
    'User-Agent': 'azsdk-python-storage-dfs/12.23.0 Python/3.14.2 (macOS-15.6.1-arm64-arm-64bit-Mach-O)'
    'x-ms-date': 'REDACTED'
    'x-ms-client-request-id': 'bccf0b72-0d00-11f1-a0b5-765227f64d11'
    'Authorization': 'REDACTED'
No body was attached to the request
2026-02-18 20:33:44,650 - azure.core.pipeline.policies.http_logging_policy - INFO - Response status: 201
Response headers:
    'Last-Modified': 'Wed, 18 Feb 2026 19:33:44 GMT'
    'ETag': '"0x8DE6F24A112BD90"'
    'Server': 'Windows-Azure-HDFS/1.0 Microsoft-HTTPAPI/2.0'
    'x-ms-request-server-encrypted': 'REDACTED'
    'x-ms-request-id': '57b756f7-901f-004f-020d-a14b65000000'
    'x-ms-version': 'REDACTED'
    'x-ms-client-request-id': 'bccf0b72-0d00-11f1-a0b5-765227f64d11'
    'Date': 'Wed, 18 Feb 2026 19:33:44 GMT'
    'Content-Length': '0'
2026-02-18 20:33:44,652 - azure.core.pipeline.policies.http_logging_policy - INFO - Request URL: 'https://woningmarktintelx9.dfs.core.windows.net/dna-platform-data/dna-platform/data/bronze/bronze_vehicles_20260218T193343Z.parquet?action=REDACTED&position=REDACTED'
Request method: 'PATCH'
Request headers:
    'Content-Length': '6387'
    'x-ms-version': 'REDACTED'
    'Content-Type': 'application/json'
    'Accept': 'application/json'
    'User-Agent': 'azsdk-python-storage-dfs/12.23.0 Python/3.14.2 (macOS-15.6.1-arm64-arm-64bit-Mach-O)'
    'x-ms-date': 'REDACTED'
    'x-ms-client-request-id': 'bcf4d690-0d00-11f1-a0b5-765227f64d11'
    'Authorization': 'REDACTED'
A body is sent with the request
2026-02-18 20:33:45,153 - azure.core.pipeline.policies.http_logging_policy - INFO - Response status: 202
Response headers:
    'Server': 'Windows-Azure-HDFS/1.0 Microsoft-HTTPAPI/2.0'
    'x-ms-request-server-encrypted': 'REDACTED'
    'x-ms-request-id': '57b7577a-901f-004f-020d-a14b65000000'
    'x-ms-version': 'REDACTED'
    'x-ms-client-request-id': 'bcf4d690-0d00-11f1-a0b5-765227f64d11'
    'Date': 'Wed, 18 Feb 2026 19:33:44 GMT'
    'Content-Length': '0'
2026-02-18 20:33:45,155 - azure.core.pipeline.policies.http_logging_policy - INFO - Request URL: 'https://woningmarktintelx9.dfs.core.windows.net/dna-platform-data/dna-platform/data/bronze/bronze_vehicles_20260218T193343Z.parquet?action=REDACTED&position=REDACTED&close=REDACTED'
Request method: 'PATCH'
Request headers:
    'If-Match': '"0x8DE6F24A112BD90"'
    'x-ms-version': 'REDACTED'
    'Accept': 'application/json'
    'User-Agent': 'azsdk-python-storage-dfs/12.23.0 Python/3.14.2 (macOS-15.6.1-arm64-arm-64bit-Mach-O)'
    'x-ms-date': 'REDACTED'
    'x-ms-client-request-id': 'bd41984a-0d00-11f1-a0b5-765227f64d11'
    'Authorization': 'REDACTED'
No body was attached to the request
2026-02-18 20:33:45,219 - azure.core.pipeline.policies.http_logging_policy - INFO - Response status: 200
Response headers:
    'Last-Modified': 'Wed, 18 Feb 2026 19:33:45 GMT'
    'ETag': '"0x8DE6F24A18887CC"'
    'Server': 'Windows-Azure-HDFS/1.0 Microsoft-HTTPAPI/2.0'
    'x-ms-request-server-encrypted': 'REDACTED'
    'x-ms-request-id': '57b757e8-901f-004f-6f0d-a14b65000000'
    'x-ms-version': 'REDACTED'
    'x-ms-client-request-id': 'bd41984a-0d00-11f1-a0b5-765227f64d11'
    'Date': 'Wed, 18 Feb 2026 19:33:44 GMT'
    'Content-Length': '0'
2026-02-18 20:33:45,219 - src.core.storage - INFO - Successfully uploaded 0 bytes to ADLS: abfss://dna-platform-data@woningmarktintelx9.dfs.core.windows.net/dna-platform/data/bronze/bronze_vehicles_20260218T193343Z.parquet
2026-02-18 20:33:45,222 - src.core.storage - INFO - ADLS write successful: abfss://dna-platform-data@woningmarktintelx9.dfs.core.windows.net/dna-platform/data/bronze/bronze_vehicles_20260218T193343Z.parquet
2026-02-18 20:33:45,229 - src.core.storage - INFO - Successfully wrote 40 rows to local storage: /Users/taniskarigar/test-polster/dna-platform/data/bronze/sample_bronze_vehicles_20260218T193343Z.parquet
2026-02-18 20:33:45,230 - src.core.bronze_vehicles - INFO - Bronze vehicles extraction completed: abfss://dna-platform-data@woningmarktintelx9.dfs.core.windows.net/dna-platform/data/bronze/bronze_vehicles_20260218T193343Z.parquet
2026-02-18 20:33:45,230 - src.core.utils - INFO - Completed operation 'bronze vehicles extraction' in 2.20 seconds
2026-02-18 20:33:45 +0100 - dagster - DEBUG - __ASSET_JOB - c6687c0e-24b9-45f8-a23c-9ee99c818c3b - 29379 - run_bronze_vehicles - STEP_OUTPUT - Yielded output "result" of type "Any". (Type check passed).
2026-02-18 20:33:45 +0100 - dagster - DEBUG - __ASSET_JOB - c6687c0e-24b9-45f8-a23c-9ee99c818c3b - run_bronze_vehicles - Writing file at: /Users/taniskarigar/test-polster/dna-platform/.dagster/storage/run_bronze_vehicles using PickledObjectFilesystemIOManager...
2026-02-18 20:33:45,256 - alembic.runtime.migration - INFO - Context impl SQLiteImpl.
2026-02-18 20:33:45,256 - alembic.runtime.migration - INFO - Will assume non-transactional DDL.
2026-02-18 20:33:45 +0100 - dagster - DEBUG - __ASSET_JOB - c6687c0e-24b9-45f8-a23c-9ee99c818c3b - 29379 - run_bronze_vehicles - ASSET_MATERIALIZATION - Materialized value run_bronze_vehicles.
2026-02-18 20:33:45 +0100 - dagster - DEBUG - __ASSET_JOB - c6687c0e-24b9-45f8-a23c-9ee99c818c3b - 29379 - run_bronze_vehicles - HANDLED_OUTPUT - Handled output "result" using IO manager "io_manager"
2026-02-18 20:33:45 +0100 - dagster - DEBUG - __ASSET_JOB - c6687c0e-24b9-45f8-a23c-9ee99c818c3b - 29379 - run_bronze_vehicles - STEP_SUCCESS - Finished execution of step "run_bronze_vehicles" in 2.26s.
