2026-02-18 20:33:42 +0100 - dagster - DEBUG - __ASSET_JOB - c6687c0e-24b9-45f8-a23c-9ee99c818c3b - 29377 - LOGS_CAPTURED - Started capturing logs in process (pid: 29377).
2026-02-18 20:33:42 +0100 - dagster - DEBUG - __ASSET_JOB - c6687c0e-24b9-45f8-a23c-9ee99c818c3b - 29377 - run_bronze_payments - STEP_START - Started execution of step "run_bronze_payments".
2026-02-18 20:33:42,954 - src.core.utils - INFO - Starting operation: bronze payments extraction
2026-02-18 20:33:42,954 - src.core.bronze_payments - INFO - Starting bronze payments extraction
2026-02-18 20:33:42,962 - src.core.utils - INFO - Bronze payments output: 100 rows, 10 columns
2026-02-18 20:33:42,964 - src.core.storage - INFO - Writing DataFrame to bronze/bronze_payments_20260218T193342Z.parquet using adls backend
2026-02-18 20:33:42,964 - src.core.storage - INFO - Writing DataFrame (100 rows, 10 columns) to ADLS: abfss://dna-platform-data@woningmarktintelx9.dfs.core.windows.net/dna-platform/data/bronze/bronze_payments_20260218T193342Z.parquet
2026-02-18 20:33:43,177 - azure.core.pipeline.policies.http_logging_policy - INFO - Request URL: 'https://woningmarktintelx9.blob.core.windows.net/dna-platform-data?restype=REDACTED'
Request method: 'GET'
Request headers:
    'x-ms-version': 'REDACTED'
    'Accept': 'application/xml'
    'User-Agent': 'azsdk-python-storage-dfs/12.23.0 Python/3.14.2 (macOS-15.6.1-arm64-arm-64bit-Mach-O)'
    'x-ms-date': 'REDACTED'
    'x-ms-client-request-id': 'bc13c290-0d00-11f1-a5bd-765227f64d11'
    'Authorization': 'REDACTED'
No body was attached to the request
2026-02-18 20:33:43,400 - azure.core.pipeline.policies.http_logging_policy - INFO - Response status: 200
Response headers:
    'Content-Length': '0'
    'Last-Modified': 'Wed, 18 Feb 2026 19:12:05 GMT'
    'ETag': '"0x8DE6F219B11A707"'
    'Server': 'Windows-Azure-Blob/1.0 Microsoft-HTTPAPI/2.0'
    'x-ms-request-id': 'd66ef542-a01e-0044-690d-a1b00e000000'
    'x-ms-client-request-id': 'bc13c290-0d00-11f1-a5bd-765227f64d11'
    'x-ms-version': 'REDACTED'
    'x-ms-lease-status': 'REDACTED'
    'x-ms-lease-state': 'REDACTED'
    'x-ms-has-immutability-policy': 'REDACTED'
    'x-ms-has-legal-hold': 'REDACTED'
    'x-ms-immutable-storage-with-versioning-enabled': 'REDACTED'
    'x-ms-default-encryption-scope': 'REDACTED'
    'x-ms-deny-encryption-scope-override': 'REDACTED'
    'Date': 'Wed, 18 Feb 2026 19:33:43 GMT'
2026-02-18 20:33:43,401 - azure.core.pipeline.policies.http_logging_policy - INFO - Request URL: 'https://woningmarktintelx9.dfs.core.windows.net/dna-platform-data/dna-platform/data/bronze?resource=REDACTED'
Request method: 'PUT'
Request headers:
    'x-ms-version': 'REDACTED'
    'Accept': 'application/json'
    'User-Agent': 'azsdk-python-storage-dfs/12.23.0 Python/3.14.2 (macOS-15.6.1-arm64-arm-64bit-Mach-O)'
    'x-ms-date': 'REDACTED'
    'x-ms-client-request-id': 'bc35faea-0d00-11f1-a5bd-765227f64d11'
    'Authorization': 'REDACTED'
No body was attached to the request
2026-02-18 20:33:44,280 - azure.core.pipeline.policies.http_logging_policy - INFO - Response status: 201
Response headers:
    'Last-Modified': 'Wed, 18 Feb 2026 19:33:44 GMT'
    'ETag': '"0x8DE6F24A0E89108"'
    'Server': 'Windows-Azure-HDFS/1.0 Microsoft-HTTPAPI/2.0'
    'x-ms-request-server-encrypted': 'REDACTED'
    'x-ms-request-id': 'b968c5fb-f01f-0066-720d-a17511000000'
    'x-ms-version': 'REDACTED'
    'x-ms-client-request-id': 'bc35faea-0d00-11f1-a5bd-765227f64d11'
    'Date': 'Wed, 18 Feb 2026 19:33:43 GMT'
    'Content-Length': '0'
2026-02-18 20:33:44,282 - azure.core.pipeline.policies.http_logging_policy - INFO - Request URL: 'https://woningmarktintelx9.dfs.core.windows.net/dna-platform-data/dna-platform/data/bronze/bronze_payments_20260218T193342Z.parquet?resource=REDACTED'
Request method: 'PUT'
Request headers:
    'x-ms-version': 'REDACTED'
    'Accept': 'application/json'
    'User-Agent': 'azsdk-python-storage-dfs/12.23.0 Python/3.14.2 (macOS-15.6.1-arm64-arm-64bit-Mach-O)'
    'x-ms-date': 'REDACTED'
    'x-ms-client-request-id': 'bcbc6ada-0d00-11f1-a5bd-765227f64d11'
    'Authorization': 'REDACTED'
No body was attached to the request
2026-02-18 20:33:44,649 - azure.core.pipeline.policies.http_logging_policy - INFO - Response status: 201
Response headers:
    'Last-Modified': 'Wed, 18 Feb 2026 19:33:44 GMT'
    'ETag': '"0x8DE6F24A1117780"'
    'Server': 'Windows-Azure-HDFS/1.0 Microsoft-HTTPAPI/2.0'
    'x-ms-request-server-encrypted': 'REDACTED'
    'x-ms-request-id': 'b968c620-f01f-0066-170d-a17511000000'
    'x-ms-version': 'REDACTED'
    'x-ms-client-request-id': 'bcbc6ada-0d00-11f1-a5bd-765227f64d11'
    'Date': 'Wed, 18 Feb 2026 19:33:44 GMT'
    'Content-Length': '0'
2026-02-18 20:33:44,650 - azure.core.pipeline.policies.http_logging_policy - INFO - Request URL: 'https://woningmarktintelx9.dfs.core.windows.net/dna-platform-data/dna-platform/data/bronze/bronze_payments_20260218T193342Z.parquet?action=REDACTED&position=REDACTED'
Request method: 'PATCH'
Request headers:
    'Content-Length': '8225'
    'x-ms-version': 'REDACTED'
    'Content-Type': 'application/json'
    'Accept': 'application/json'
    'User-Agent': 'azsdk-python-storage-dfs/12.23.0 Python/3.14.2 (macOS-15.6.1-arm64-arm-64bit-Mach-O)'
    'x-ms-date': 'REDACTED'
    'x-ms-client-request-id': 'bcf49e1e-0d00-11f1-a5bd-765227f64d11'
    'Authorization': 'REDACTED'
A body is sent with the request
2026-02-18 20:33:45,153 - azure.core.pipeline.policies.http_logging_policy - INFO - Response status: 202
Response headers:
    'Server': 'Windows-Azure-HDFS/1.0 Microsoft-HTTPAPI/2.0'
    'x-ms-request-server-encrypted': 'REDACTED'
    'x-ms-request-id': 'b968c671-f01f-0066-660d-a17511000000'
    'x-ms-version': 'REDACTED'
    'x-ms-client-request-id': 'bcf49e1e-0d00-11f1-a5bd-765227f64d11'
    'Date': 'Wed, 18 Feb 2026 19:33:44 GMT'
    'Content-Length': '0'
2026-02-18 20:33:45,155 - azure.core.pipeline.policies.http_logging_policy - INFO - Request URL: 'https://woningmarktintelx9.dfs.core.windows.net/dna-platform-data/dna-platform/data/bronze/bronze_payments_20260218T193342Z.parquet?action=REDACTED&position=REDACTED&close=REDACTED'
Request method: 'PATCH'
Request headers:
    'If-Match': '"0x8DE6F24A1117780"'
    'x-ms-version': 'REDACTED'
    'Accept': 'application/json'
    'User-Agent': 'azsdk-python-storage-dfs/12.23.0 Python/3.14.2 (macOS-15.6.1-arm64-arm-64bit-Mach-O)'
    'x-ms-date': 'REDACTED'
    'x-ms-client-request-id': 'bd418ba2-0d00-11f1-a5bd-765227f64d11'
    'Authorization': 'REDACTED'
No body was attached to the request
2026-02-18 20:33:45,219 - azure.core.pipeline.policies.http_logging_policy - INFO - Response status: 200
Response headers:
    'Last-Modified': 'Wed, 18 Feb 2026 19:33:45 GMT'
    'ETag': '"0x8DE6F24A18906D8"'
    'Server': 'Windows-Azure-HDFS/1.0 Microsoft-HTTPAPI/2.0'
    'x-ms-request-server-encrypted': 'REDACTED'
    'x-ms-request-id': 'b968c6a5-f01f-0066-190d-a17511000000'
    'x-ms-version': 'REDACTED'
    'x-ms-client-request-id': 'bd418ba2-0d00-11f1-a5bd-765227f64d11'
    'Date': 'Wed, 18 Feb 2026 19:33:44 GMT'
    'Content-Length': '0'
2026-02-18 20:33:45,220 - src.core.storage - INFO - Successfully uploaded 0 bytes to ADLS: abfss://dna-platform-data@woningmarktintelx9.dfs.core.windows.net/dna-platform/data/bronze/bronze_payments_20260218T193342Z.parquet
2026-02-18 20:33:45,222 - src.core.storage - INFO - ADLS write successful: abfss://dna-platform-data@woningmarktintelx9.dfs.core.windows.net/dna-platform/data/bronze/bronze_payments_20260218T193342Z.parquet
2026-02-18 20:33:45,229 - src.core.storage - INFO - Successfully wrote 50 rows to local storage: /Users/taniskarigar/test-polster/dna-platform/data/bronze/sample_bronze_payments_20260218T193342Z.parquet
2026-02-18 20:33:45,230 - src.core.bronze_payments - INFO - Bronze payments extraction completed: abfss://dna-platform-data@woningmarktintelx9.dfs.core.windows.net/dna-platform/data/bronze/bronze_payments_20260218T193342Z.parquet
2026-02-18 20:33:45,230 - src.core.utils - INFO - Completed operation 'bronze payments extraction' in 2.28 seconds
2026-02-18 20:33:45 +0100 - dagster - DEBUG - __ASSET_JOB - c6687c0e-24b9-45f8-a23c-9ee99c818c3b - 29377 - run_bronze_payments - STEP_OUTPUT - Yielded output "result" of type "Any". (Type check passed).
2026-02-18 20:33:45 +0100 - dagster - DEBUG - __ASSET_JOB - c6687c0e-24b9-45f8-a23c-9ee99c818c3b - run_bronze_payments - Writing file at: /Users/taniskarigar/test-polster/dna-platform/.dagster/storage/run_bronze_payments using PickledObjectFilesystemIOManager...
2026-02-18 20:33:45,248 - alembic.runtime.migration - INFO - Context impl SQLiteImpl.
2026-02-18 20:33:45,248 - alembic.runtime.migration - INFO - Will assume non-transactional DDL.
2026-02-18 20:33:45 +0100 - dagster - DEBUG - __ASSET_JOB - c6687c0e-24b9-45f8-a23c-9ee99c818c3b - 29377 - run_bronze_payments - ASSET_MATERIALIZATION - Materialized value run_bronze_payments.
2026-02-18 20:33:45 +0100 - dagster - DEBUG - __ASSET_JOB - c6687c0e-24b9-45f8-a23c-9ee99c818c3b - 29377 - run_bronze_payments - HANDLED_OUTPUT - Handled output "result" using IO manager "io_manager"
2026-02-18 20:33:45 +0100 - dagster - DEBUG - __ASSET_JOB - c6687c0e-24b9-45f8-a23c-9ee99c818c3b - 29377 - run_bronze_payments - STEP_SUCCESS - Finished execution of step "run_bronze_payments" in 2.33s.
