2026-02-18 20:33:51 +0100 - dagster - DEBUG - __ASSET_JOB - c6687c0e-24b9-45f8-a23c-9ee99c818c3b - 29479 - LOGS_CAPTURED - Started capturing logs in process (pid: 29479).
2026-02-18 20:33:51 +0100 - dagster - DEBUG - __ASSET_JOB - c6687c0e-24b9-45f8-a23c-9ee99c818c3b - 29479 - run_silver_customer_policies - STEP_START - Started execution of step "run_silver_customer_policies".
2026-02-18 20:33:51,095 - alembic.runtime.migration - INFO - Context impl SQLiteImpl.
2026-02-18 20:33:51,095 - alembic.runtime.migration - INFO - Will assume non-transactional DDL.
2026-02-18 20:33:51 +0100 - dagster - DEBUG - __ASSET_JOB - c6687c0e-24b9-45f8-a23c-9ee99c818c3b - run_silver_customer_policies - Loading file from: /Users/taniskarigar/test-polster/dna-platform/.dagster/storage/run_silver_clean_customers using PickledObjectFilesystemIOManager...
2026-02-18 20:33:51 +0100 - dagster - DEBUG - __ASSET_JOB - c6687c0e-24b9-45f8-a23c-9ee99c818c3b - 29479 - run_silver_customer_policies - LOADED_INPUT - Loaded input "run_silver_clean_customers" using input manager "io_manager", from output "result" of step "run_silver_clean_customers"
2026-02-18 20:33:51 +0100 - dagster - DEBUG - __ASSET_JOB - c6687c0e-24b9-45f8-a23c-9ee99c818c3b - run_silver_customer_policies - Loading file from: /Users/taniskarigar/test-polster/dna-platform/.dagster/storage/run_silver_clean_policies using PickledObjectFilesystemIOManager...
2026-02-18 20:33:51 +0100 - dagster - DEBUG - __ASSET_JOB - c6687c0e-24b9-45f8-a23c-9ee99c818c3b - 29479 - run_silver_customer_policies - LOADED_INPUT - Loaded input "run_silver_clean_policies" using input manager "io_manager", from output "result" of step "run_silver_clean_policies"
2026-02-18 20:33:51 +0100 - dagster - DEBUG - __ASSET_JOB - c6687c0e-24b9-45f8-a23c-9ee99c818c3b - 29479 - run_silver_customer_policies - STEP_INPUT - Got input "run_silver_clean_customers" of type "Any". (Type check passed).
2026-02-18 20:33:51 +0100 - dagster - DEBUG - __ASSET_JOB - c6687c0e-24b9-45f8-a23c-9ee99c818c3b - 29479 - run_silver_customer_policies - STEP_INPUT - Got input "run_silver_clean_policies" of type "Any". (Type check passed).
2026-02-18 20:33:51,168 - src.core.utils - INFO - Starting operation: silver customer-policies join
2026-02-18 20:33:51,170 - src.core.silver_customer_policies - INFO - Starting silver customer-policies join
2026-02-18 20:33:51,173 - src.core.storage - INFO - Reading latest parquet file from silver layer with prefix 'silver_clean_customers_' using adls backend
2026-02-18 20:33:51,305 - azure.core.pipeline.policies.http_logging_policy - INFO - Request URL: 'https://woningmarktintelx9.dfs.core.windows.net/dna-platform-data?resource=REDACTED&directory=REDACTED&recursive=REDACTED'
Request method: 'GET'
Request headers:
    'x-ms-version': 'REDACTED'
    'Accept': 'application/json'
    'User-Agent': 'azsdk-python-storage-dfs/12.23.0 Python/3.14.2 (macOS-15.6.1-arm64-arm-64bit-Mach-O)'
    'x-ms-date': 'REDACTED'
    'x-ms-client-request-id': 'c0ebf9e0-0d00-11f1-904d-765227f64d11'
    'Authorization': 'REDACTED'
No body was attached to the request
2026-02-18 20:33:51,999 - azure.core.pipeline.policies.http_logging_policy - INFO - Response status: 200
Response headers:
    'Transfer-Encoding': 'chunked'
    'Content-Type': 'application/json;charset=utf-8'
    'Server': 'Windows-Azure-HDFS/1.0 Microsoft-HTTPAPI/2.0'
    'x-ms-request-id': '350782c7-e01f-0055-7e0d-a12aba000000'
    'x-ms-version': 'REDACTED'
    'x-ms-client-request-id': 'c0ebf9e0-0d00-11f1-904d-765227f64d11'
    'Date': 'Wed, 18 Feb 2026 19:33:51 GMT'
2026-02-18 20:33:52,005 - azure.core.pipeline.policies.http_logging_policy - INFO - Request URL: 'https://woningmarktintelx9.blob.core.windows.net/dna-platform-data/dna-platform/data/silver/silver_clean_customers_20260218T193348Z.parquet'
Request method: 'GET'
Request headers:
    'x-ms-range': 'REDACTED'
    'x-ms-version': 'REDACTED'
    'Accept': 'application/xml'
    'User-Agent': 'azsdk-python-storage-dfs/12.23.0 Python/3.14.2 (macOS-15.6.1-arm64-arm-64bit-Mach-O)'
    'x-ms-date': 'REDACTED'
    'x-ms-client-request-id': 'c156c9d2-0d00-11f1-904d-765227f64d11'
    'Authorization': 'REDACTED'
No body was attached to the request
2026-02-18 20:33:52,276 - azure.core.pipeline.policies.http_logging_policy - INFO - Response status: 206
Response headers:
    'Content-Length': '10980'
    'Content-Type': 'application/octet-stream'
    'Content-Range': 'REDACTED'
    'Last-Modified': 'Wed, 18 Feb 2026 19:33:49 GMT'
    'Accept-Ranges': 'REDACTED'
    'ETag': '"0x8DE6F24A4040B70"'
    'Server': 'Windows-Azure-Blob/1.0 Microsoft-HTTPAPI/2.0'
    'x-ms-request-id': '47d9e488-701e-001a-0d0d-a15bee000000'
    'x-ms-client-request-id': 'c156c9d2-0d00-11f1-904d-765227f64d11'
    'x-ms-version': 'REDACTED'
    'x-ms-resource-type': 'REDACTED'
    'x-ms-creation-time': 'REDACTED'
    'x-ms-lease-status': 'REDACTED'
    'x-ms-lease-state': 'REDACTED'
    'x-ms-blob-type': 'REDACTED'
    'x-ms-server-encrypted': 'REDACTED'
    'x-ms-owner': 'REDACTED'
    'x-ms-group': 'REDACTED'
    'x-ms-permissions': 'REDACTED'
    'x-ms-acl': 'REDACTED'
    'Date': 'Wed, 18 Feb 2026 19:33:52 GMT'
2026-02-18 20:33:52,291 - src.core.storage - INFO - Successfully read 50 rows from ADLS: dna-platform/data/silver/silver_clean_customers_20260218T193348Z.parquet
2026-02-18 20:33:52,291 - src.core.storage - INFO - Reading latest parquet file from silver layer with prefix 'silver_clean_policies_' using adls backend
2026-02-18 20:33:52,293 - azure.core.pipeline.policies.http_logging_policy - INFO - Request URL: 'https://woningmarktintelx9.dfs.core.windows.net/dna-platform-data?resource=REDACTED&directory=REDACTED&recursive=REDACTED'
Request method: 'GET'
Request headers:
    'x-ms-version': 'REDACTED'
    'Accept': 'application/json'
    'User-Agent': 'azsdk-python-storage-dfs/12.23.0 Python/3.14.2 (macOS-15.6.1-arm64-arm-64bit-Mach-O)'
    'x-ms-date': 'REDACTED'
    'x-ms-client-request-id': 'c182d7d4-0d00-11f1-904d-765227f64d11'
    'Authorization': 'REDACTED'
No body was attached to the request
2026-02-18 20:33:52,730 - azure.core.pipeline.policies.http_logging_policy - INFO - Response status: 200
Response headers:
    'Transfer-Encoding': 'chunked'
    'Content-Type': 'application/json;charset=utf-8'
    'Server': 'Windows-Azure-HDFS/1.0 Microsoft-HTTPAPI/2.0'
    'x-ms-request-id': 'd8559fa7-601f-004b-500d-a1c662000000'
    'x-ms-version': 'REDACTED'
    'x-ms-client-request-id': 'c182d7d4-0d00-11f1-904d-765227f64d11'
    'Date': 'Wed, 18 Feb 2026 19:33:52 GMT'
2026-02-18 20:33:52,733 - azure.core.pipeline.policies.http_logging_policy - INFO - Request URL: 'https://woningmarktintelx9.blob.core.windows.net/dna-platform-data/dna-platform/data/silver/silver_clean_policies_20260218T193348Z.parquet'
Request method: 'GET'
Request headers:
    'x-ms-range': 'REDACTED'
    'x-ms-version': 'REDACTED'
    'Accept': 'application/xml'
    'User-Agent': 'azsdk-python-storage-dfs/12.23.0 Python/3.14.2 (macOS-15.6.1-arm64-arm-64bit-Mach-O)'
    'x-ms-date': 'REDACTED'
    'x-ms-client-request-id': 'c1c5f7ee-0d00-11f1-904d-765227f64d11'
    'Authorization': 'REDACTED'
No body was attached to the request
2026-02-18 20:33:52,919 - azure.core.pipeline.policies.http_logging_policy - INFO - Response status: 206
Response headers:
    'Content-Length': '9338'
    'Content-Type': 'application/octet-stream'
    'Content-Range': 'REDACTED'
    'Last-Modified': 'Wed, 18 Feb 2026 19:33:49 GMT'
    'Accept-Ranges': 'REDACTED'
    'ETag': '"0x8DE6F24A40A7720"'
    'Server': 'Windows-Azure-Blob/1.0 Microsoft-HTTPAPI/2.0'
    'x-ms-request-id': 'ada0ec0e-501e-006f-020d-a130c2000000'
    'x-ms-client-request-id': 'c1c5f7ee-0d00-11f1-904d-765227f64d11'
    'x-ms-version': 'REDACTED'
    'x-ms-resource-type': 'REDACTED'
    'x-ms-creation-time': 'REDACTED'
    'x-ms-lease-status': 'REDACTED'
    'x-ms-lease-state': 'REDACTED'
    'x-ms-blob-type': 'REDACTED'
    'x-ms-server-encrypted': 'REDACTED'
    'x-ms-owner': 'REDACTED'
    'x-ms-group': 'REDACTED'
    'x-ms-permissions': 'REDACTED'
    'x-ms-acl': 'REDACTED'
    'Date': 'Wed, 18 Feb 2026 19:33:52 GMT'
2026-02-18 20:33:52,921 - src.core.storage - INFO - Successfully read 80 rows from ADLS: dna-platform/data/silver/silver_clean_policies_20260218T193348Z.parquet
2026-02-18 20:33:52,922 - src.core.utils - INFO - Silver customers input: 50 rows, 16 columns
2026-02-18 20:33:52,925 - src.core.utils - INFO - Silver policies input: 80 rows, 14 columns
2026-02-18 20:33:52,931 - src.core.utils - INFO - Joined silver customer-policies: 6 rows, 29 columns
2026-02-18 20:33:52,935 - src.core.storage - INFO - Writing DataFrame to silver/silver_customer_policies_20260218T193352Z.parquet using adls backend
2026-02-18 20:33:52,936 - src.core.storage - INFO - Writing DataFrame (6 rows, 29 columns) to ADLS: abfss://dna-platform-data@woningmarktintelx9.dfs.core.windows.net/dna-platform/data/silver/silver_customer_policies_20260218T193352Z.parquet
2026-02-18 20:33:52,941 - azure.core.pipeline.policies.http_logging_policy - INFO - Request URL: 'https://woningmarktintelx9.blob.core.windows.net/dna-platform-data?restype=REDACTED'
Request method: 'GET'
Request headers:
    'x-ms-version': 'REDACTED'
    'Accept': 'application/xml'
    'User-Agent': 'azsdk-python-storage-dfs/12.23.0 Python/3.14.2 (macOS-15.6.1-arm64-arm-64bit-Mach-O)'
    'x-ms-date': 'REDACTED'
    'x-ms-client-request-id': 'c1e5a422-0d00-11f1-904d-765227f64d11'
    'Authorization': 'REDACTED'
No body was attached to the request
2026-02-18 20:33:53,107 - azure.core.pipeline.policies.http_logging_policy - INFO - Response status: 200
Response headers:
    'Content-Length': '0'
    'Last-Modified': 'Wed, 18 Feb 2026 19:12:05 GMT'
    'ETag': '"0x8DE6F219B11A707"'
    'Server': 'Windows-Azure-Blob/1.0 Microsoft-HTTPAPI/2.0'
    'x-ms-request-id': 'd66f1b88-a01e-0044-1e0d-a1b00e000000'
    'x-ms-client-request-id': 'c1e5a422-0d00-11f1-904d-765227f64d11'
    'x-ms-version': 'REDACTED'
    'x-ms-lease-status': 'REDACTED'
    'x-ms-lease-state': 'REDACTED'
    'x-ms-has-immutability-policy': 'REDACTED'
    'x-ms-has-legal-hold': 'REDACTED'
    'x-ms-immutable-storage-with-versioning-enabled': 'REDACTED'
    'x-ms-default-encryption-scope': 'REDACTED'
    'x-ms-deny-encryption-scope-override': 'REDACTED'
    'Date': 'Wed, 18 Feb 2026 19:33:52 GMT'
2026-02-18 20:33:53,108 - azure.core.pipeline.policies.http_logging_policy - INFO - Request URL: 'https://woningmarktintelx9.dfs.core.windows.net/dna-platform-data/dna-platform/data/silver?resource=REDACTED'
Request method: 'PUT'
Request headers:
    'x-ms-version': 'REDACTED'
    'Accept': 'application/json'
    'User-Agent': 'azsdk-python-storage-dfs/12.23.0 Python/3.14.2 (macOS-15.6.1-arm64-arm-64bit-Mach-O)'
    'x-ms-date': 'REDACTED'
    'x-ms-client-request-id': 'c1ff314e-0d00-11f1-904d-765227f64d11'
    'Authorization': 'REDACTED'
No body was attached to the request
2026-02-18 20:33:53,264 - azure.core.pipeline.policies.http_logging_policy - INFO - Response status: 201
Response headers:
    'Last-Modified': 'Wed, 18 Feb 2026 19:33:53 GMT'
    'ETag': '"0x8DE6F24A65505E4"'
    'Server': 'Windows-Azure-HDFS/1.0 Microsoft-HTTPAPI/2.0'
    'x-ms-request-server-encrypted': 'REDACTED'
    'x-ms-request-id': '927dcfd9-f01f-003b-2e0d-a17f95000000'
    'x-ms-version': 'REDACTED'
    'x-ms-client-request-id': 'c1ff314e-0d00-11f1-904d-765227f64d11'
    'Date': 'Wed, 18 Feb 2026 19:33:52 GMT'
    'Content-Length': '0'
2026-02-18 20:33:53,265 - azure.core.pipeline.policies.http_logging_policy - INFO - Request URL: 'https://woningmarktintelx9.dfs.core.windows.net/dna-platform-data/dna-platform/data/silver/silver_customer_policies_20260218T193352Z.parquet?resource=REDACTED'
Request method: 'PUT'
Request headers:
    'x-ms-version': 'REDACTED'
    'Accept': 'application/json'
    'User-Agent': 'azsdk-python-storage-dfs/12.23.0 Python/3.14.2 (macOS-15.6.1-arm64-arm-64bit-Mach-O)'
    'x-ms-date': 'REDACTED'
    'x-ms-client-request-id': 'c2172a9c-0d00-11f1-904d-765227f64d11'
    'Authorization': 'REDACTED'
No body was attached to the request
2026-02-18 20:33:53,305 - azure.core.pipeline.policies.http_logging_policy - INFO - Response status: 201
Response headers:
    'Last-Modified': 'Wed, 18 Feb 2026 19:33:53 GMT'
    'ETag': '"0x8DE6F24A65AD988"'
    'Server': 'Windows-Azure-HDFS/1.0 Microsoft-HTTPAPI/2.0'
    'x-ms-request-server-encrypted': 'REDACTED'
    'x-ms-request-id': '927dcfe4-f01f-003b-390d-a17f95000000'
    'x-ms-version': 'REDACTED'
    'x-ms-client-request-id': 'c2172a9c-0d00-11f1-904d-765227f64d11'
    'Date': 'Wed, 18 Feb 2026 19:33:52 GMT'
    'Content-Length': '0'
2026-02-18 20:33:53,305 - azure.core.pipeline.policies.http_logging_policy - INFO - Request URL: 'https://woningmarktintelx9.dfs.core.windows.net/dna-platform-data/dna-platform/data/silver/silver_customer_policies_20260218T193352Z.parquet?action=REDACTED&position=REDACTED'
Request method: 'PATCH'
Request headers:
    'Content-Length': '12260'
    'x-ms-version': 'REDACTED'
    'Content-Type': 'application/json'
    'Accept': 'application/json'
    'User-Agent': 'azsdk-python-storage-dfs/12.23.0 Python/3.14.2 (macOS-15.6.1-arm64-arm-64bit-Mach-O)'
    'x-ms-date': 'REDACTED'
    'x-ms-client-request-id': 'c21d4f76-0d00-11f1-904d-765227f64d11'
    'Authorization': 'REDACTED'
A body is sent with the request
2026-02-18 20:33:53,345 - azure.core.pipeline.policies.http_logging_policy - INFO - Response status: 202
Response headers:
    'Server': 'Windows-Azure-HDFS/1.0 Microsoft-HTTPAPI/2.0'
    'x-ms-request-server-encrypted': 'REDACTED'
    'x-ms-request-id': '927dcfef-f01f-003b-440d-a17f95000000'
    'x-ms-version': 'REDACTED'
    'x-ms-client-request-id': 'c21d4f76-0d00-11f1-904d-765227f64d11'
    'Date': 'Wed, 18 Feb 2026 19:33:52 GMT'
    'Content-Length': '0'
2026-02-18 20:33:53,345 - azure.core.pipeline.policies.http_logging_policy - INFO - Request URL: 'https://woningmarktintelx9.dfs.core.windows.net/dna-platform-data/dna-platform/data/silver/silver_customer_policies_20260218T193352Z.parquet?action=REDACTED&position=REDACTED&close=REDACTED'
Request method: 'PATCH'
Request headers:
    'If-Match': '"0x8DE6F24A65AD988"'
    'x-ms-version': 'REDACTED'
    'Accept': 'application/json'
    'User-Agent': 'azsdk-python-storage-dfs/12.23.0 Python/3.14.2 (macOS-15.6.1-arm64-arm-64bit-Mach-O)'
    'x-ms-date': 'REDACTED'
    'x-ms-client-request-id': 'c2236668-0d00-11f1-904d-765227f64d11'
    'Authorization': 'REDACTED'
No body was attached to the request
2026-02-18 20:33:53,401 - azure.core.pipeline.policies.http_logging_policy - INFO - Response status: 200
Response headers:
    'Last-Modified': 'Wed, 18 Feb 2026 19:33:53 GMT'
    'ETag': '"0x8DE6F24A669CE20"'
    'Server': 'Windows-Azure-HDFS/1.0 Microsoft-HTTPAPI/2.0'
    'x-ms-request-server-encrypted': 'REDACTED'
    'x-ms-request-id': '927dcff5-f01f-003b-4a0d-a17f95000000'
    'x-ms-version': 'REDACTED'
    'x-ms-client-request-id': 'c2236668-0d00-11f1-904d-765227f64d11'
    'Date': 'Wed, 18 Feb 2026 19:33:52 GMT'
    'Content-Length': '0'
2026-02-18 20:33:53,401 - src.core.storage - INFO - Successfully uploaded 0 bytes to ADLS: abfss://dna-platform-data@woningmarktintelx9.dfs.core.windows.net/dna-platform/data/silver/silver_customer_policies_20260218T193352Z.parquet
2026-02-18 20:33:53,403 - src.core.storage - INFO - ADLS write successful: abfss://dna-platform-data@woningmarktintelx9.dfs.core.windows.net/dna-platform/data/silver/silver_customer_policies_20260218T193352Z.parquet
2026-02-18 20:33:53,405 - src.core.storage - INFO - Successfully wrote 6 rows to local storage: /Users/taniskarigar/test-polster/dna-platform/data/silver/sample_silver_customer_policies_20260218T193352Z.parquet
2026-02-18 20:33:53,405 - src.core.silver_customer_policies - INFO - Silver customer-policies join completed: abfss://dna-platform-data@woningmarktintelx9.dfs.core.windows.net/dna-platform/data/silver/silver_customer_policies_20260218T193352Z.parquet
2026-02-18 20:33:53,405 - src.core.utils - INFO - Completed operation 'silver customer-policies join' in 2.24 seconds
2026-02-18 20:33:53 +0100 - dagster - DEBUG - __ASSET_JOB - c6687c0e-24b9-45f8-a23c-9ee99c818c3b - 29479 - run_silver_customer_policies - STEP_OUTPUT - Yielded output "result" of type "Any". (Type check passed).
2026-02-18 20:33:53 +0100 - dagster - DEBUG - __ASSET_JOB - c6687c0e-24b9-45f8-a23c-9ee99c818c3b - run_silver_customer_policies - Writing file at: /Users/taniskarigar/test-polster/dna-platform/.dagster/storage/run_silver_customer_policies using PickledObjectFilesystemIOManager...
2026-02-18 20:33:53 +0100 - dagster - DEBUG - __ASSET_JOB - c6687c0e-24b9-45f8-a23c-9ee99c818c3b - 29479 - run_silver_customer_policies - ASSET_MATERIALIZATION - Materialized value run_silver_customer_policies.
2026-02-18 20:33:53 +0100 - dagster - DEBUG - __ASSET_JOB - c6687c0e-24b9-45f8-a23c-9ee99c818c3b - 29479 - run_silver_customer_policies - HANDLED_OUTPUT - Handled output "result" using IO manager "io_manager"
2026-02-18 20:33:53 +0100 - dagster - DEBUG - __ASSET_JOB - c6687c0e-24b9-45f8-a23c-9ee99c818c3b - 29479 - run_silver_customer_policies - STEP_SUCCESS - Finished execution of step "run_silver_customer_policies" in 2.34s.
