2026-02-18 20:33:42 +0100 - dagster - DEBUG - __ASSET_JOB - c6687c0e-24b9-45f8-a23c-9ee99c818c3b - 29378 - LOGS_CAPTURED - Started capturing logs in process (pid: 29378).
2026-02-18 20:33:43 +0100 - dagster - DEBUG - __ASSET_JOB - c6687c0e-24b9-45f8-a23c-9ee99c818c3b - 29378 - run_bronze_policies - STEP_START - Started execution of step "run_bronze_policies".
2026-02-18 20:33:43,000 - src.core.utils - INFO - Starting operation: bronze policies extraction
2026-02-18 20:33:43,001 - src.core.bronze_policies - INFO - Starting bronze policies extraction
2026-02-18 20:33:43,006 - src.core.utils - INFO - Bronze policies output: 80 rows, 13 columns
2026-02-18 20:33:43,006 - src.core.storage - INFO - Writing DataFrame to bronze/bronze_policies_20260218T193343Z.parquet using adls backend
2026-02-18 20:33:43,007 - src.core.storage - INFO - Writing DataFrame (80 rows, 13 columns) to ADLS: abfss://dna-platform-data@woningmarktintelx9.dfs.core.windows.net/dna-platform/data/bronze/bronze_policies_20260218T193343Z.parquet
2026-02-18 20:33:43,178 - azure.core.pipeline.policies.http_logging_policy - INFO - Request URL: 'https://woningmarktintelx9.blob.core.windows.net/dna-platform-data?restype=REDACTED'
Request method: 'GET'
Request headers:
    'x-ms-version': 'REDACTED'
    'Accept': 'application/xml'
    'User-Agent': 'azsdk-python-storage-dfs/12.23.0 Python/3.14.2 (macOS-15.6.1-arm64-arm-64bit-Mach-O)'
    'x-ms-date': 'REDACTED'
    'x-ms-client-request-id': 'bc1400f2-0d00-11f1-b41c-765227f64d11'
    'Authorization': 'REDACTED'
No body was attached to the request
2026-02-18 20:33:43,400 - azure.core.pipeline.policies.http_logging_policy - INFO - Response status: 200
Response headers:
    'Content-Length': '0'
    'Last-Modified': 'Wed, 18 Feb 2026 19:12:05 GMT'
    'ETag': '"0x8DE6F219B11A707"'
    'Server': 'Windows-Azure-Blob/1.0 Microsoft-HTTPAPI/2.0'
    'x-ms-request-id': '1c7df4b0-a01e-0054-140d-a17566000000'
    'x-ms-client-request-id': 'bc1400f2-0d00-11f1-b41c-765227f64d11'
    'x-ms-version': 'REDACTED'
    'x-ms-lease-status': 'REDACTED'
    'x-ms-lease-state': 'REDACTED'
    'x-ms-has-immutability-policy': 'REDACTED'
    'x-ms-has-legal-hold': 'REDACTED'
    'x-ms-immutable-storage-with-versioning-enabled': 'REDACTED'
    'x-ms-default-encryption-scope': 'REDACTED'
    'x-ms-deny-encryption-scope-override': 'REDACTED'
    'Date': 'Wed, 18 Feb 2026 19:33:43 GMT'
2026-02-18 20:33:43,401 - azure.core.pipeline.policies.http_logging_policy - INFO - Request URL: 'https://woningmarktintelx9.dfs.core.windows.net/dna-platform-data/dna-platform/data/bronze?resource=REDACTED'
Request method: 'PUT'
Request headers:
    'x-ms-version': 'REDACTED'
    'Accept': 'application/json'
    'User-Agent': 'azsdk-python-storage-dfs/12.23.0 Python/3.14.2 (macOS-15.6.1-arm64-arm-64bit-Mach-O)'
    'x-ms-date': 'REDACTED'
    'x-ms-client-request-id': 'bc3606a2-0d00-11f1-b41c-765227f64d11'
    'Authorization': 'REDACTED'
No body was attached to the request
2026-02-18 20:33:44,279 - azure.core.pipeline.policies.http_logging_policy - INFO - Response status: 201
Response headers:
    'Last-Modified': 'Wed, 18 Feb 2026 19:33:44 GMT'
    'ETag': '"0x8DE6F24A0E4BB7C"'
    'Server': 'Windows-Azure-HDFS/1.0 Microsoft-HTTPAPI/2.0'
    'x-ms-request-server-encrypted': 'REDACTED'
    'x-ms-request-id': 'b272ee8a-401f-0063-5a0d-a1a7ca000000'
    'x-ms-version': 'REDACTED'
    'x-ms-client-request-id': 'bc3606a2-0d00-11f1-b41c-765227f64d11'
    'Date': 'Wed, 18 Feb 2026 19:33:43 GMT'
    'Content-Length': '0'
2026-02-18 20:33:44,285 - azure.core.pipeline.policies.http_logging_policy - INFO - Request URL: 'https://woningmarktintelx9.dfs.core.windows.net/dna-platform-data/dna-platform/data/bronze/bronze_policies_20260218T193343Z.parquet?resource=REDACTED'
Request method: 'PUT'
Request headers:
    'x-ms-version': 'REDACTED'
    'Accept': 'application/json'
    'User-Agent': 'azsdk-python-storage-dfs/12.23.0 Python/3.14.2 (macOS-15.6.1-arm64-arm-64bit-Mach-O)'
    'x-ms-date': 'REDACTED'
    'x-ms-client-request-id': 'bcbcdf1a-0d00-11f1-b41c-765227f64d11'
    'Authorization': 'REDACTED'
No body was attached to the request
2026-02-18 20:33:44,649 - azure.core.pipeline.policies.http_logging_policy - INFO - Response status: 201
Response headers:
    'Last-Modified': 'Wed, 18 Feb 2026 19:33:44 GMT'
    'ETag': '"0x8DE6F24A1117780"'
    'Server': 'Windows-Azure-HDFS/1.0 Microsoft-HTTPAPI/2.0'
    'x-ms-request-server-encrypted': 'REDACTED'
    'x-ms-request-id': 'b272eefa-401f-0063-490d-a1a7ca000000'
    'x-ms-version': 'REDACTED'
    'x-ms-client-request-id': 'bcbcdf1a-0d00-11f1-b41c-765227f64d11'
    'Date': 'Wed, 18 Feb 2026 19:33:44 GMT'
    'Content-Length': '0'
2026-02-18 20:33:44,650 - azure.core.pipeline.policies.http_logging_policy - INFO - Request URL: 'https://woningmarktintelx9.dfs.core.windows.net/dna-platform-data/dna-platform/data/bronze/bronze_policies_20260218T193343Z.parquet?action=REDACTED&position=REDACTED'
Request method: 'PATCH'
Request headers:
    'Content-Length': '8889'
    'x-ms-version': 'REDACTED'
    'Content-Type': 'application/json'
    'Accept': 'application/json'
    'User-Agent': 'azsdk-python-storage-dfs/12.23.0 Python/3.14.2 (macOS-15.6.1-arm64-arm-64bit-Mach-O)'
    'x-ms-date': 'REDACTED'
    'x-ms-client-request-id': 'bcf49a54-0d00-11f1-b41c-765227f64d11'
    'Authorization': 'REDACTED'
A body is sent with the request
2026-02-18 20:33:45,153 - azure.core.pipeline.policies.http_logging_policy - INFO - Response status: 202
Response headers:
    'Server': 'Windows-Azure-HDFS/1.0 Microsoft-HTTPAPI/2.0'
    'x-ms-request-server-encrypted': 'REDACTED'
    'x-ms-request-id': 'b272ef61-401f-0063-2e0d-a1a7ca000000'
    'x-ms-version': 'REDACTED'
    'x-ms-client-request-id': 'bcf49a54-0d00-11f1-b41c-765227f64d11'
    'Date': 'Wed, 18 Feb 2026 19:33:44 GMT'
    'Content-Length': '0'
2026-02-18 20:33:45,155 - azure.core.pipeline.policies.http_logging_policy - INFO - Request URL: 'https://woningmarktintelx9.dfs.core.windows.net/dna-platform-data/dna-platform/data/bronze/bronze_policies_20260218T193343Z.parquet?action=REDACTED&position=REDACTED&close=REDACTED'
Request method: 'PATCH'
Request headers:
    'If-Match': '"0x8DE6F24A1117780"'
    'x-ms-version': 'REDACTED'
    'Accept': 'application/json'
    'User-Agent': 'azsdk-python-storage-dfs/12.23.0 Python/3.14.2 (macOS-15.6.1-arm64-arm-64bit-Mach-O)'
    'x-ms-date': 'REDACTED'
    'x-ms-client-request-id': 'bd418f94-0d00-11f1-b41c-765227f64d11'
    'Authorization': 'REDACTED'
No body was attached to the request
2026-02-18 20:33:45,219 - azure.core.pipeline.policies.http_logging_policy - INFO - Response status: 200
Response headers:
    'Last-Modified': 'Wed, 18 Feb 2026 19:33:45 GMT'
    'ETag': '"0x8DE6F24A188D9DC"'
    'Server': 'Windows-Azure-HDFS/1.0 Microsoft-HTTPAPI/2.0'
    'x-ms-request-server-encrypted': 'REDACTED'
    'x-ms-request-id': 'b272ef8f-401f-0063-5c0d-a1a7ca000000'
    'x-ms-version': 'REDACTED'
    'x-ms-client-request-id': 'bd418f94-0d00-11f1-b41c-765227f64d11'
    'Date': 'Wed, 18 Feb 2026 19:33:44 GMT'
    'Content-Length': '0'
2026-02-18 20:33:45,219 - src.core.storage - INFO - Successfully uploaded 0 bytes to ADLS: abfss://dna-platform-data@woningmarktintelx9.dfs.core.windows.net/dna-platform/data/bronze/bronze_policies_20260218T193343Z.parquet
2026-02-18 20:33:45,222 - src.core.storage - INFO - ADLS write successful: abfss://dna-platform-data@woningmarktintelx9.dfs.core.windows.net/dna-platform/data/bronze/bronze_policies_20260218T193343Z.parquet
2026-02-18 20:33:45,229 - src.core.storage - INFO - Successfully wrote 50 rows to local storage: /Users/taniskarigar/test-polster/dna-platform/data/bronze/sample_bronze_policies_20260218T193343Z.parquet
2026-02-18 20:33:45,230 - src.core.bronze_policies - INFO - Bronze policies extraction completed: abfss://dna-platform-data@woningmarktintelx9.dfs.core.windows.net/dna-platform/data/bronze/bronze_policies_20260218T193343Z.parquet
2026-02-18 20:33:45,230 - src.core.utils - INFO - Completed operation 'bronze policies extraction' in 2.23 seconds
2026-02-18 20:33:45 +0100 - dagster - DEBUG - __ASSET_JOB - c6687c0e-24b9-45f8-a23c-9ee99c818c3b - 29378 - run_bronze_policies - STEP_OUTPUT - Yielded output "result" of type "Any". (Type check passed).
2026-02-18 20:33:45 +0100 - dagster - DEBUG - __ASSET_JOB - c6687c0e-24b9-45f8-a23c-9ee99c818c3b - run_bronze_policies - Writing file at: /Users/taniskarigar/test-polster/dna-platform/.dagster/storage/run_bronze_policies using PickledObjectFilesystemIOManager...
2026-02-18 20:33:45,257 - alembic.runtime.migration - INFO - Context impl SQLiteImpl.
2026-02-18 20:33:45,257 - alembic.runtime.migration - INFO - Will assume non-transactional DDL.
2026-02-18 20:33:45 +0100 - dagster - DEBUG - __ASSET_JOB - c6687c0e-24b9-45f8-a23c-9ee99c818c3b - 29378 - run_bronze_policies - ASSET_MATERIALIZATION - Materialized value run_bronze_policies.
2026-02-18 20:33:45 +0100 - dagster - DEBUG - __ASSET_JOB - c6687c0e-24b9-45f8-a23c-9ee99c818c3b - 29378 - run_bronze_policies - HANDLED_OUTPUT - Handled output "result" using IO manager "io_manager"
2026-02-18 20:33:45 +0100 - dagster - DEBUG - __ASSET_JOB - c6687c0e-24b9-45f8-a23c-9ee99c818c3b - 29378 - run_bronze_policies - STEP_SUCCESS - Finished execution of step "run_bronze_policies" in 2.3s.
