2026-02-18 20:33:51 +0100 - dagster - DEBUG - __ASSET_JOB - c6687c0e-24b9-45f8-a23c-9ee99c818c3b - 29478 - LOGS_CAPTURED - Started capturing logs in process (pid: 29478).
2026-02-18 20:33:51 +0100 - dagster - DEBUG - __ASSET_JOB - c6687c0e-24b9-45f8-a23c-9ee99c818c3b - 29478 - run_gold_claims_summary - STEP_START - Started execution of step "run_gold_claims_summary".
2026-02-18 20:33:51,064 - alembic.runtime.migration - INFO - Context impl SQLiteImpl.
2026-02-18 20:33:51,064 - alembic.runtime.migration - INFO - Will assume non-transactional DDL.
2026-02-18 20:33:51 +0100 - dagster - DEBUG - __ASSET_JOB - c6687c0e-24b9-45f8-a23c-9ee99c818c3b - run_gold_claims_summary - Loading file from: /Users/taniskarigar/test-polster/dna-platform/.dagster/storage/run_silver_clean_claims using PickledObjectFilesystemIOManager...
2026-02-18 20:33:51 +0100 - dagster - DEBUG - __ASSET_JOB - c6687c0e-24b9-45f8-a23c-9ee99c818c3b - 29478 - run_gold_claims_summary - LOADED_INPUT - Loaded input "run_silver_clean_claims" using input manager "io_manager", from output "result" of step "run_silver_clean_claims"
2026-02-18 20:33:51 +0100 - dagster - DEBUG - __ASSET_JOB - c6687c0e-24b9-45f8-a23c-9ee99c818c3b - 29478 - run_gold_claims_summary - STEP_INPUT - Got input "run_silver_clean_claims" of type "Any". (Type check passed).
2026-02-18 20:33:51,102 - src.core.utils - INFO - Starting operation: gold claims summary aggregation
2026-02-18 20:33:51,103 - src.core.gold_claims_summary - INFO - Starting gold claims summary aggregation
2026-02-18 20:33:51,103 - src.core.storage - INFO - Reading latest parquet file from silver layer with prefix 'silver_clean_claims_' using adls backend
2026-02-18 20:33:51,270 - azure.core.pipeline.policies.http_logging_policy - INFO - Request URL: 'https://woningmarktintelx9.dfs.core.windows.net/dna-platform-data?resource=REDACTED&directory=REDACTED&recursive=REDACTED'
Request method: 'GET'
Request headers:
    'x-ms-version': 'REDACTED'
    'Accept': 'application/json'
    'User-Agent': 'azsdk-python-storage-dfs/12.23.0 Python/3.14.2 (macOS-15.6.1-arm64-arm-64bit-Mach-O)'
    'x-ms-date': 'REDACTED'
    'x-ms-client-request-id': 'c0e6bc46-0d00-11f1-83fe-765227f64d11'
    'Authorization': 'REDACTED'
No body was attached to the request
2026-02-18 20:33:52,007 - azure.core.pipeline.policies.http_logging_policy - INFO - Response status: 200
Response headers:
    'Transfer-Encoding': 'chunked'
    'Content-Type': 'application/json;charset=utf-8'
    'Server': 'Windows-Azure-HDFS/1.0 Microsoft-HTTPAPI/2.0'
    'x-ms-request-id': '5b99943a-901f-002d-440d-a18942000000'
    'x-ms-version': 'REDACTED'
    'x-ms-client-request-id': 'c0e6bc46-0d00-11f1-83fe-765227f64d11'
    'Date': 'Wed, 18 Feb 2026 19:33:51 GMT'
2026-02-18 20:33:52,011 - azure.core.pipeline.policies.http_logging_policy - INFO - Request URL: 'https://woningmarktintelx9.blob.core.windows.net/dna-platform-data/dna-platform/data/silver/silver_clean_claims_20260218T193348Z.parquet'
Request method: 'GET'
Request headers:
    'x-ms-range': 'REDACTED'
    'x-ms-version': 'REDACTED'
    'Accept': 'application/xml'
    'User-Agent': 'azsdk-python-storage-dfs/12.23.0 Python/3.14.2 (macOS-15.6.1-arm64-arm-64bit-Mach-O)'
    'x-ms-date': 'REDACTED'
    'x-ms-client-request-id': 'c157c5da-0d00-11f1-83fe-765227f64d11'
    'Authorization': 'REDACTED'
No body was attached to the request
2026-02-18 20:33:52,276 - azure.core.pipeline.policies.http_logging_policy - INFO - Response status: 206
Response headers:
    'Content-Length': '7607'
    'Content-Type': 'application/octet-stream'
    'Content-Range': 'REDACTED'
    'Last-Modified': 'Wed, 18 Feb 2026 19:33:49 GMT'
    'Accept-Ranges': 'REDACTED'
    'ETag': '"0x8DE6F24A402CBDC"'
    'Server': 'Windows-Azure-Blob/1.0 Microsoft-HTTPAPI/2.0'
    'x-ms-request-id': 'ae3a3dcc-801e-000e-120d-a11381000000'
    'x-ms-client-request-id': 'c157c5da-0d00-11f1-83fe-765227f64d11'
    'x-ms-version': 'REDACTED'
    'x-ms-resource-type': 'REDACTED'
    'x-ms-creation-time': 'REDACTED'
    'x-ms-lease-status': 'REDACTED'
    'x-ms-lease-state': 'REDACTED'
    'x-ms-blob-type': 'REDACTED'
    'x-ms-server-encrypted': 'REDACTED'
    'x-ms-owner': 'REDACTED'
    'x-ms-group': 'REDACTED'
    'x-ms-permissions': 'REDACTED'
    'x-ms-acl': 'REDACTED'
    'Date': 'Wed, 18 Feb 2026 19:33:51 GMT'
2026-02-18 20:33:52,291 - src.core.storage - INFO - Successfully read 30 rows from ADLS: dna-platform/data/silver/silver_clean_claims_20260218T193348Z.parquet
2026-02-18 20:33:52,292 - src.core.utils - INFO - Silver claims input: 30 rows, 12 columns
2026-02-18 20:33:52,307 - src.core.utils - INFO - Gold claims summary output: 21 rows, 8 columns
2026-02-18 20:33:52,308 - src.core.storage - INFO - Writing DataFrame to gold/gold_claims_summary_20260218T193352Z.parquet using adls backend
2026-02-18 20:33:52,308 - src.core.storage - INFO - Writing DataFrame (21 rows, 9 columns) to ADLS: abfss://dna-platform-data@woningmarktintelx9.dfs.core.windows.net/dna-platform/data/gold/gold_claims_summary_20260218T193352Z.parquet
2026-02-18 20:33:52,312 - azure.core.pipeline.policies.http_logging_policy - INFO - Request URL: 'https://woningmarktintelx9.blob.core.windows.net/dna-platform-data?restype=REDACTED'
Request method: 'GET'
Request headers:
    'x-ms-version': 'REDACTED'
    'Accept': 'application/xml'
    'User-Agent': 'azsdk-python-storage-dfs/12.23.0 Python/3.14.2 (macOS-15.6.1-arm64-arm-64bit-Mach-O)'
    'x-ms-date': 'REDACTED'
    'x-ms-client-request-id': 'c185a036-0d00-11f1-83fe-765227f64d11'
    'Authorization': 'REDACTED'
No body was attached to the request
2026-02-18 20:33:52,721 - azure.core.pipeline.policies.http_logging_policy - INFO - Response status: 200
Response headers:
    'Content-Length': '0'
    'Last-Modified': 'Wed, 18 Feb 2026 19:12:05 GMT'
    'ETag': '"0x8DE6F219B11A707"'
    'Server': 'Windows-Azure-Blob/1.0 Microsoft-HTTPAPI/2.0'
    'x-ms-request-id': 'a3b89dd2-401e-0073-0b0d-a162a2000000'
    'x-ms-client-request-id': 'c185a036-0d00-11f1-83fe-765227f64d11'
    'x-ms-version': 'REDACTED'
    'x-ms-lease-status': 'REDACTED'
    'x-ms-lease-state': 'REDACTED'
    'x-ms-has-immutability-policy': 'REDACTED'
    'x-ms-has-legal-hold': 'REDACTED'
    'x-ms-immutable-storage-with-versioning-enabled': 'REDACTED'
    'x-ms-default-encryption-scope': 'REDACTED'
    'x-ms-deny-encryption-scope-override': 'REDACTED'
    'Date': 'Wed, 18 Feb 2026 19:33:51 GMT'
2026-02-18 20:33:52,723 - azure.core.pipeline.policies.http_logging_policy - INFO - Request URL: 'https://woningmarktintelx9.dfs.core.windows.net/dna-platform-data/dna-platform/data/gold?resource=REDACTED'
Request method: 'PUT'
Request headers:
    'x-ms-version': 'REDACTED'
    'Accept': 'application/json'
    'User-Agent': 'azsdk-python-storage-dfs/12.23.0 Python/3.14.2 (macOS-15.6.1-arm64-arm-64bit-Mach-O)'
    'x-ms-date': 'REDACTED'
    'x-ms-client-request-id': 'c1c46988-0d00-11f1-83fe-765227f64d11'
    'Authorization': 'REDACTED'
No body was attached to the request
2026-02-18 20:33:52,927 - azure.core.pipeline.policies.http_logging_policy - INFO - Response status: 201
Response headers:
    'Last-Modified': 'Wed, 18 Feb 2026 19:33:52 GMT'
    'ETag': '"0x8DE6F24A62089E0"'
    'Server': 'Windows-Azure-HDFS/1.0 Microsoft-HTTPAPI/2.0'
    'x-ms-request-server-encrypted': 'REDACTED'
    'x-ms-request-id': '17f91c9e-301f-0069-290d-a1037d000000'
    'x-ms-version': 'REDACTED'
    'x-ms-client-request-id': 'c1c46988-0d00-11f1-83fe-765227f64d11'
    'Date': 'Wed, 18 Feb 2026 19:33:52 GMT'
    'Content-Length': '0'
2026-02-18 20:33:52,929 - azure.core.pipeline.policies.http_logging_policy - INFO - Request URL: 'https://woningmarktintelx9.dfs.core.windows.net/dna-platform-data/dna-platform/data/gold/gold_claims_summary_20260218T193352Z.parquet?resource=REDACTED'
Request method: 'PUT'
Request headers:
    'x-ms-version': 'REDACTED'
    'Accept': 'application/json'
    'User-Agent': 'azsdk-python-storage-dfs/12.23.0 Python/3.14.2 (macOS-15.6.1-arm64-arm-64bit-Mach-O)'
    'x-ms-date': 'REDACTED'
    'x-ms-client-request-id': 'c1e3cb20-0d00-11f1-83fe-765227f64d11'
    'Authorization': 'REDACTED'
No body was attached to the request
2026-02-18 20:33:52,988 - azure.core.pipeline.policies.http_logging_policy - INFO - Response status: 201
Response headers:
    'Last-Modified': 'Wed, 18 Feb 2026 19:33:53 GMT'
    'ETag': '"0x8DE6F24A62A36B8"'
    'Server': 'Windows-Azure-HDFS/1.0 Microsoft-HTTPAPI/2.0'
    'x-ms-request-server-encrypted': 'REDACTED'
    'x-ms-request-id': '17f91ca6-301f-0069-310d-a1037d000000'
    'x-ms-version': 'REDACTED'
    'x-ms-client-request-id': 'c1e3cb20-0d00-11f1-83fe-765227f64d11'
    'Date': 'Wed, 18 Feb 2026 19:33:52 GMT'
    'Content-Length': '0'
2026-02-18 20:33:52,989 - azure.core.pipeline.policies.http_logging_policy - INFO - Request URL: 'https://woningmarktintelx9.dfs.core.windows.net/dna-platform-data/dna-platform/data/gold/gold_claims_summary_20260218T193352Z.parquet?action=REDACTED&position=REDACTED'
Request method: 'PATCH'
Request headers:
    'Content-Length': '4210'
    'x-ms-version': 'REDACTED'
    'Content-Type': 'application/json'
    'Accept': 'application/json'
    'User-Agent': 'azsdk-python-storage-dfs/12.23.0 Python/3.14.2 (macOS-15.6.1-arm64-arm-64bit-Mach-O)'
    'x-ms-date': 'REDACTED'
    'x-ms-client-request-id': 'c1ed0992-0d00-11f1-83fe-765227f64d11'
    'Authorization': 'REDACTED'
A body is sent with the request
2026-02-18 20:33:53,030 - azure.core.pipeline.policies.http_logging_policy - INFO - Response status: 202
Response headers:
    'Server': 'Windows-Azure-HDFS/1.0 Microsoft-HTTPAPI/2.0'
    'x-ms-request-server-encrypted': 'REDACTED'
    'x-ms-request-id': '17f91cab-301f-0069-360d-a1037d000000'
    'x-ms-version': 'REDACTED'
    'x-ms-client-request-id': 'c1ed0992-0d00-11f1-83fe-765227f64d11'
    'Date': 'Wed, 18 Feb 2026 19:33:52 GMT'
    'Content-Length': '0'
2026-02-18 20:33:53,031 - azure.core.pipeline.policies.http_logging_policy - INFO - Request URL: 'https://woningmarktintelx9.dfs.core.windows.net/dna-platform-data/dna-platform/data/gold/gold_claims_summary_20260218T193352Z.parquet?action=REDACTED&position=REDACTED&close=REDACTED'
Request method: 'PATCH'
Request headers:
    'If-Match': '"0x8DE6F24A62A36B8"'
    'x-ms-version': 'REDACTED'
    'Accept': 'application/json'
    'User-Agent': 'azsdk-python-storage-dfs/12.23.0 Python/3.14.2 (macOS-15.6.1-arm64-arm-64bit-Mach-O)'
    'x-ms-date': 'REDACTED'
    'x-ms-client-request-id': 'c1f3635a-0d00-11f1-83fe-765227f64d11'
    'Authorization': 'REDACTED'
No body was attached to the request
2026-02-18 20:33:53,086 - azure.core.pipeline.policies.http_logging_policy - INFO - Response status: 200
Response headers:
    'Last-Modified': 'Wed, 18 Feb 2026 19:33:53 GMT'
    'ETag': '"0x8DE6F24A639F8D8"'
    'Server': 'Windows-Azure-HDFS/1.0 Microsoft-HTTPAPI/2.0'
    'x-ms-request-server-encrypted': 'REDACTED'
    'x-ms-request-id': '17f91cb1-301f-0069-3c0d-a1037d000000'
    'x-ms-version': 'REDACTED'
    'x-ms-client-request-id': 'c1f3635a-0d00-11f1-83fe-765227f64d11'
    'Date': 'Wed, 18 Feb 2026 19:33:52 GMT'
    'Content-Length': '0'
2026-02-18 20:33:53,087 - src.core.storage - INFO - Successfully uploaded 0 bytes to ADLS: abfss://dna-platform-data@woningmarktintelx9.dfs.core.windows.net/dna-platform/data/gold/gold_claims_summary_20260218T193352Z.parquet
2026-02-18 20:33:53,089 - src.core.storage - INFO - ADLS write successful: abfss://dna-platform-data@woningmarktintelx9.dfs.core.windows.net/dna-platform/data/gold/gold_claims_summary_20260218T193352Z.parquet
2026-02-18 20:33:53,090 - src.core.storage - INFO - Successfully wrote 21 rows to local storage: /Users/taniskarigar/test-polster/dna-platform/data/gold/sample_gold_claims_summary_20260218T193352Z.parquet
2026-02-18 20:33:53,090 - src.core.gold_claims_summary - INFO - Gold claims summary aggregation completed: abfss://dna-platform-data@woningmarktintelx9.dfs.core.windows.net/dna-platform/data/gold/gold_claims_summary_20260218T193352Z.parquet
2026-02-18 20:33:53,090 - src.core.utils - INFO - Completed operation 'gold claims summary aggregation' in 1.99 seconds
2026-02-18 20:33:53 +0100 - dagster - DEBUG - __ASSET_JOB - c6687c0e-24b9-45f8-a23c-9ee99c818c3b - 29478 - run_gold_claims_summary - STEP_OUTPUT - Yielded output "result" of type "Any". (Type check passed).
2026-02-18 20:33:53 +0100 - dagster - DEBUG - __ASSET_JOB - c6687c0e-24b9-45f8-a23c-9ee99c818c3b - run_gold_claims_summary - Writing file at: /Users/taniskarigar/test-polster/dna-platform/.dagster/storage/run_gold_claims_summary using PickledObjectFilesystemIOManager...
2026-02-18 20:33:53 +0100 - dagster - DEBUG - __ASSET_JOB - c6687c0e-24b9-45f8-a23c-9ee99c818c3b - 29478 - run_gold_claims_summary - ASSET_MATERIALIZATION - Materialized value run_gold_claims_summary.
2026-02-18 20:33:53 +0100 - dagster - DEBUG - __ASSET_JOB - c6687c0e-24b9-45f8-a23c-9ee99c818c3b - 29478 - run_gold_claims_summary - HANDLED_OUTPUT - Handled output "result" using IO manager "io_manager"
2026-02-18 20:33:53 +0100 - dagster - DEBUG - __ASSET_JOB - c6687c0e-24b9-45f8-a23c-9ee99c818c3b - 29478 - run_gold_claims_summary - STEP_SUCCESS - Finished execution of step "run_gold_claims_summary" in 2.05s.
