2026-02-18 20:33:46 +0100 - dagster - DEBUG - __ASSET_JOB - c6687c0e-24b9-45f8-a23c-9ee99c818c3b - 29440 - LOGS_CAPTURED - Started capturing logs in process (pid: 29440).
2026-02-18 20:33:46 +0100 - dagster - DEBUG - __ASSET_JOB - c6687c0e-24b9-45f8-a23c-9ee99c818c3b - 29440 - run_silver_clean_claims - STEP_START - Started execution of step "run_silver_clean_claims".
2026-02-18 20:33:46,978 - alembic.runtime.migration - INFO - Context impl SQLiteImpl.
2026-02-18 20:33:46,978 - alembic.runtime.migration - INFO - Will assume non-transactional DDL.
2026-02-18 20:33:47 +0100 - dagster - DEBUG - __ASSET_JOB - c6687c0e-24b9-45f8-a23c-9ee99c818c3b - run_silver_clean_claims - Loading file from: /Users/taniskarigar/test-polster/dna-platform/.dagster/storage/run_bronze_claims using PickledObjectFilesystemIOManager...
2026-02-18 20:33:47 +0100 - dagster - DEBUG - __ASSET_JOB - c6687c0e-24b9-45f8-a23c-9ee99c818c3b - 29440 - run_silver_clean_claims - LOADED_INPUT - Loaded input "run_bronze_claims" using input manager "io_manager", from output "result" of step "run_bronze_claims"
2026-02-18 20:33:47 +0100 - dagster - DEBUG - __ASSET_JOB - c6687c0e-24b9-45f8-a23c-9ee99c818c3b - 29440 - run_silver_clean_claims - STEP_INPUT - Got input "run_bronze_claims" of type "Any". (Type check passed).
2026-02-18 20:33:47,007 - src.core.utils - INFO - Starting operation: silver claims transformation
2026-02-18 20:33:47,007 - src.core.silver_clean_claims - INFO - Starting silver claims transformation
2026-02-18 20:33:47,007 - src.core.storage - INFO - Reading latest parquet file from bronze layer with prefix 'bronze_claims_' using adls backend
2026-02-18 20:33:47,092 - azure.core.pipeline.policies.http_logging_policy - INFO - Request URL: 'https://woningmarktintelx9.dfs.core.windows.net/dna-platform-data?resource=REDACTED&directory=REDACTED&recursive=REDACTED'
Request method: 'GET'
Request headers:
    'x-ms-version': 'REDACTED'
    'Accept': 'application/json'
    'User-Agent': 'azsdk-python-storage-dfs/12.23.0 Python/3.14.2 (macOS-15.6.1-arm64-arm-64bit-Mach-O)'
    'x-ms-date': 'REDACTED'
    'x-ms-client-request-id': 'be693a34-0d00-11f1-9e79-765227f64d11'
    'Authorization': 'REDACTED'
No body was attached to the request
2026-02-18 20:33:47,755 - azure.core.pipeline.policies.http_logging_policy - INFO - Response status: 200
Response headers:
    'Transfer-Encoding': 'chunked'
    'Content-Type': 'application/json;charset=utf-8'
    'Server': 'Windows-Azure-HDFS/1.0 Microsoft-HTTPAPI/2.0'
    'x-ms-request-id': 'd6ceae9a-901f-0002-520d-a18489000000'
    'x-ms-version': 'REDACTED'
    'x-ms-client-request-id': 'be693a34-0d00-11f1-9e79-765227f64d11'
    'Date': 'Wed, 18 Feb 2026 19:33:47 GMT'
2026-02-18 20:33:47,765 - azure.core.pipeline.policies.http_logging_policy - INFO - Request URL: 'https://woningmarktintelx9.blob.core.windows.net/dna-platform-data/dna-platform/data/bronze/bronze_claims_20260218T193342Z.parquet'
Request method: 'GET'
Request headers:
    'x-ms-range': 'REDACTED'
    'x-ms-version': 'REDACTED'
    'Accept': 'application/xml'
    'User-Agent': 'azsdk-python-storage-dfs/12.23.0 Python/3.14.2 (macOS-15.6.1-arm64-arm-64bit-Mach-O)'
    'x-ms-date': 'REDACTED'
    'x-ms-client-request-id': 'becfca92-0d00-11f1-9e79-765227f64d11'
    'Authorization': 'REDACTED'
No body was attached to the request
2026-02-18 20:33:48,801 - azure.core.pipeline.policies.http_logging_policy - INFO - Response status: 206
Response headers:
    'Content-Length': '7071'
    'Content-Type': 'application/octet-stream'
    'Content-Range': 'REDACTED'
    'Last-Modified': 'Wed, 18 Feb 2026 19:33:45 GMT'
    'Accept-Ranges': 'REDACTED'
    'ETag': '"0x8DE6F24A188D9C8"'
    'Server': 'Windows-Azure-Blob/1.0 Microsoft-HTTPAPI/2.0'
    'x-ms-request-id': 'f4ab688e-401e-003e-470d-a1ad4e000000'
    'x-ms-client-request-id': 'becfca92-0d00-11f1-9e79-765227f64d11'
    'x-ms-version': 'REDACTED'
    'x-ms-resource-type': 'REDACTED'
    'x-ms-creation-time': 'REDACTED'
    'x-ms-lease-status': 'REDACTED'
    'x-ms-lease-state': 'REDACTED'
    'x-ms-blob-type': 'REDACTED'
    'x-ms-server-encrypted': 'REDACTED'
    'x-ms-owner': 'REDACTED'
    'x-ms-group': 'REDACTED'
    'x-ms-permissions': 'REDACTED'
    'x-ms-acl': 'REDACTED'
    'Date': 'Wed, 18 Feb 2026 19:33:48 GMT'
2026-02-18 20:33:48,832 - src.core.storage - INFO - Successfully read 30 rows from ADLS: dna-platform/data/bronze/bronze_claims_20260218T193342Z.parquet
2026-02-18 20:33:48,833 - src.core.utils - INFO - Bronze claims input: 30 rows, 11 columns
2026-02-18 20:33:48,852 - src.core.utils - INFO - Transformed silver claims: 30 rows, 11 columns
2026-02-18 20:33:48,853 - src.core.storage - INFO - Writing DataFrame to silver/silver_clean_claims_20260218T193348Z.parquet using adls backend
2026-02-18 20:33:48,853 - src.core.storage - INFO - Writing DataFrame (30 rows, 12 columns) to ADLS: abfss://dna-platform-data@woningmarktintelx9.dfs.core.windows.net/dna-platform/data/silver/silver_clean_claims_20260218T193348Z.parquet
2026-02-18 20:33:48,857 - azure.core.pipeline.policies.http_logging_policy - INFO - Request URL: 'https://woningmarktintelx9.blob.core.windows.net/dna-platform-data?restype=REDACTED'
Request method: 'GET'
Request headers:
    'x-ms-version': 'REDACTED'
    'Accept': 'application/xml'
    'User-Agent': 'azsdk-python-storage-dfs/12.23.0 Python/3.14.2 (macOS-15.6.1-arm64-arm-64bit-Mach-O)'
    'x-ms-date': 'REDACTED'
    'x-ms-client-request-id': 'bf767acc-0d00-11f1-9e79-765227f64d11'
    'Authorization': 'REDACTED'
No body was attached to the request
2026-02-18 20:33:49,017 - azure.core.pipeline.policies.http_logging_policy - INFO - Response status: 200
Response headers:
    'Content-Length': '0'
    'Last-Modified': 'Wed, 18 Feb 2026 19:12:05 GMT'
    'ETag': '"0x8DE6F219B11A707"'
    'Server': 'Windows-Azure-Blob/1.0 Microsoft-HTTPAPI/2.0'
    'x-ms-request-id': 'e9aa4112-f01e-003b-3b0d-a17f95000000'
    'x-ms-client-request-id': 'bf767acc-0d00-11f1-9e79-765227f64d11'
    'x-ms-version': 'REDACTED'
    'x-ms-lease-status': 'REDACTED'
    'x-ms-lease-state': 'REDACTED'
    'x-ms-has-immutability-policy': 'REDACTED'
    'x-ms-has-legal-hold': 'REDACTED'
    'x-ms-immutable-storage-with-versioning-enabled': 'REDACTED'
    'x-ms-default-encryption-scope': 'REDACTED'
    'x-ms-deny-encryption-scope-override': 'REDACTED'
    'Date': 'Wed, 18 Feb 2026 19:33:48 GMT'
2026-02-18 20:33:49,018 - azure.core.pipeline.policies.http_logging_policy - INFO - Request URL: 'https://woningmarktintelx9.dfs.core.windows.net/dna-platform-data/dna-platform/data/silver?resource=REDACTED'
Request method: 'PUT'
Request headers:
    'x-ms-version': 'REDACTED'
    'Accept': 'application/json'
    'User-Agent': 'azsdk-python-storage-dfs/12.23.0 Python/3.14.2 (macOS-15.6.1-arm64-arm-64bit-Mach-O)'
    'x-ms-date': 'REDACTED'
    'x-ms-client-request-id': 'bf8f11c2-0d00-11f1-9e79-765227f64d11'
    'Authorization': 'REDACTED'
No body was attached to the request
2026-02-18 20:33:49,214 - azure.core.pipeline.policies.http_logging_policy - INFO - Response status: 201
Response headers:
    'Last-Modified': 'Wed, 18 Feb 2026 19:33:49 GMT'
    'ETag': '"0x8DE6F24A3E8B3F0"'
    'Server': 'Windows-Azure-HDFS/1.0 Microsoft-HTTPAPI/2.0'
    'x-ms-request-server-encrypted': 'REDACTED'
    'x-ms-request-id': 'f035247d-e01f-0027-7c0d-a12df5000000'
    'x-ms-version': 'REDACTED'
    'x-ms-client-request-id': 'bf8f11c2-0d00-11f1-9e79-765227f64d11'
    'Date': 'Wed, 18 Feb 2026 19:33:48 GMT'
    'Content-Length': '0'
2026-02-18 20:33:49,215 - azure.core.pipeline.policies.http_logging_policy - INFO - Request URL: 'https://woningmarktintelx9.dfs.core.windows.net/dna-platform-data/dna-platform/data/silver/silver_clean_claims_20260218T193348Z.parquet?resource=REDACTED'
Request method: 'PUT'
Request headers:
    'x-ms-version': 'REDACTED'
    'Accept': 'application/json'
    'User-Agent': 'azsdk-python-storage-dfs/12.23.0 Python/3.14.2 (macOS-15.6.1-arm64-arm-64bit-Mach-O)'
    'x-ms-date': 'REDACTED'
    'x-ms-client-request-id': 'bfad1f1e-0d00-11f1-9e79-765227f64d11'
    'Authorization': 'REDACTED'
No body was attached to the request
2026-02-18 20:33:49,267 - azure.core.pipeline.policies.http_logging_policy - INFO - Response status: 201
Response headers:
    'Last-Modified': 'Wed, 18 Feb 2026 19:33:49 GMT'
    'ETag': '"0x8DE6F24A3F0EC88"'
    'Server': 'Windows-Azure-HDFS/1.0 Microsoft-HTTPAPI/2.0'
    'x-ms-request-server-encrypted': 'REDACTED'
    'x-ms-request-id': 'f0352489-e01f-0027-080d-a12df5000000'
    'x-ms-version': 'REDACTED'
    'x-ms-client-request-id': 'bfad1f1e-0d00-11f1-9e79-765227f64d11'
    'Date': 'Wed, 18 Feb 2026 19:33:48 GMT'
    'Content-Length': '0'
2026-02-18 20:33:49,268 - azure.core.pipeline.policies.http_logging_policy - INFO - Request URL: 'https://woningmarktintelx9.dfs.core.windows.net/dna-platform-data/dna-platform/data/silver/silver_clean_claims_20260218T193348Z.parquet?action=REDACTED&position=REDACTED'
Request method: 'PATCH'
Request headers:
    'Content-Length': '7607'
    'x-ms-version': 'REDACTED'
    'Content-Type': 'application/json'
    'Accept': 'application/json'
    'User-Agent': 'azsdk-python-storage-dfs/12.23.0 Python/3.14.2 (macOS-15.6.1-arm64-arm-64bit-Mach-O)'
    'x-ms-date': 'REDACTED'
    'x-ms-client-request-id': 'bfb53ea6-0d00-11f1-9e79-765227f64d11'
    'Authorization': 'REDACTED'
A body is sent with the request
2026-02-18 20:33:49,309 - azure.core.pipeline.policies.http_logging_policy - INFO - Response status: 202
Response headers:
    'Server': 'Windows-Azure-HDFS/1.0 Microsoft-HTTPAPI/2.0'
    'x-ms-request-server-encrypted': 'REDACTED'
    'x-ms-request-id': 'f035248c-e01f-0027-0b0d-a12df5000000'
    'x-ms-version': 'REDACTED'
    'x-ms-client-request-id': 'bfb53ea6-0d00-11f1-9e79-765227f64d11'
    'Date': 'Wed, 18 Feb 2026 19:33:48 GMT'
    'Content-Length': '0'
2026-02-18 20:33:49,310 - azure.core.pipeline.policies.http_logging_policy - INFO - Request URL: 'https://woningmarktintelx9.dfs.core.windows.net/dna-platform-data/dna-platform/data/silver/silver_clean_claims_20260218T193348Z.parquet?action=REDACTED&position=REDACTED&close=REDACTED'
Request method: 'PATCH'
Request headers:
    'If-Match': '"0x8DE6F24A3F0EC88"'
    'x-ms-version': 'REDACTED'
    'Accept': 'application/json'
    'User-Agent': 'azsdk-python-storage-dfs/12.23.0 Python/3.14.2 (macOS-15.6.1-arm64-arm-64bit-Mach-O)'
    'x-ms-date': 'REDACTED'
    'x-ms-client-request-id': 'bfbbae1c-0d00-11f1-9e79-765227f64d11'
    'Authorization': 'REDACTED'
No body was attached to the request
2026-02-18 20:33:49,381 - azure.core.pipeline.policies.http_logging_policy - INFO - Response status: 200
Response headers:
    'Last-Modified': 'Wed, 18 Feb 2026 19:33:49 GMT'
    'ETag': '"0x8DE6F24A402CBDC"'
    'Server': 'Windows-Azure-HDFS/1.0 Microsoft-HTTPAPI/2.0'
    'x-ms-request-server-encrypted': 'REDACTED'
    'x-ms-request-id': 'f035248e-e01f-0027-0d0d-a12df5000000'
    'x-ms-version': 'REDACTED'
    'x-ms-client-request-id': 'bfbbae1c-0d00-11f1-9e79-765227f64d11'
    'Date': 'Wed, 18 Feb 2026 19:33:49 GMT'
    'Content-Length': '0'
2026-02-18 20:33:49,381 - src.core.storage - INFO - Successfully uploaded 0 bytes to ADLS: abfss://dna-platform-data@woningmarktintelx9.dfs.core.windows.net/dna-platform/data/silver/silver_clean_claims_20260218T193348Z.parquet
2026-02-18 20:33:49,384 - src.core.storage - INFO - ADLS write successful: abfss://dna-platform-data@woningmarktintelx9.dfs.core.windows.net/dna-platform/data/silver/silver_clean_claims_20260218T193348Z.parquet
2026-02-18 20:33:49,385 - src.core.storage - INFO - Successfully wrote 30 rows to local storage: /Users/taniskarigar/test-polster/dna-platform/data/silver/sample_silver_clean_claims_20260218T193348Z.parquet
2026-02-18 20:33:49,385 - src.core.silver_clean_claims - INFO - Silver claims transformation completed: abfss://dna-platform-data@woningmarktintelx9.dfs.core.windows.net/dna-platform/data/silver/silver_clean_claims_20260218T193348Z.parquet
2026-02-18 20:33:49,385 - src.core.utils - INFO - Completed operation 'silver claims transformation' in 2.38 seconds
2026-02-18 20:33:49 +0100 - dagster - DEBUG - __ASSET_JOB - c6687c0e-24b9-45f8-a23c-9ee99c818c3b - 29440 - run_silver_clean_claims - STEP_OUTPUT - Yielded output "result" of type "Any". (Type check passed).
2026-02-18 20:33:49 +0100 - dagster - DEBUG - __ASSET_JOB - c6687c0e-24b9-45f8-a23c-9ee99c818c3b - run_silver_clean_claims - Writing file at: /Users/taniskarigar/test-polster/dna-platform/.dagster/storage/run_silver_clean_claims using PickledObjectFilesystemIOManager...
2026-02-18 20:33:49 +0100 - dagster - DEBUG - __ASSET_JOB - c6687c0e-24b9-45f8-a23c-9ee99c818c3b - 29440 - run_silver_clean_claims - ASSET_MATERIALIZATION - Materialized value run_silver_clean_claims.
2026-02-18 20:33:49 +0100 - dagster - DEBUG - __ASSET_JOB - c6687c0e-24b9-45f8-a23c-9ee99c818c3b - 29440 - run_silver_clean_claims - HANDLED_OUTPUT - Handled output "result" using IO manager "io_manager"
2026-02-18 20:33:49 +0100 - dagster - DEBUG - __ASSET_JOB - c6687c0e-24b9-45f8-a23c-9ee99c818c3b - 29440 - run_silver_clean_claims - STEP_SUCCESS - Finished execution of step "run_silver_clean_claims" in 2.44s.
