2026-02-18 20:33:46 +0100 - dagster - DEBUG - __ASSET_JOB - c6687c0e-24b9-45f8-a23c-9ee99c818c3b - 29435 - LOGS_CAPTURED - Started capturing logs in process (pid: 29435).
2026-02-18 20:33:46 +0100 - dagster - DEBUG - __ASSET_JOB - c6687c0e-24b9-45f8-a23c-9ee99c818c3b - 29435 - run_silver_clean_policies - STEP_START - Started execution of step "run_silver_clean_policies".
2026-02-18 20:33:46,798 - alembic.runtime.migration - INFO - Context impl SQLiteImpl.
2026-02-18 20:33:46,798 - alembic.runtime.migration - INFO - Will assume non-transactional DDL.
2026-02-18 20:33:46 +0100 - dagster - DEBUG - __ASSET_JOB - c6687c0e-24b9-45f8-a23c-9ee99c818c3b - run_silver_clean_policies - Loading file from: /Users/taniskarigar/test-polster/dna-platform/.dagster/storage/run_bronze_policies using PickledObjectFilesystemIOManager...
2026-02-18 20:33:46 +0100 - dagster - DEBUG - __ASSET_JOB - c6687c0e-24b9-45f8-a23c-9ee99c818c3b - 29435 - run_silver_clean_policies - LOADED_INPUT - Loaded input "run_bronze_policies" using input manager "io_manager", from output "result" of step "run_bronze_policies"
2026-02-18 20:33:46 +0100 - dagster - DEBUG - __ASSET_JOB - c6687c0e-24b9-45f8-a23c-9ee99c818c3b - 29435 - run_silver_clean_policies - STEP_INPUT - Got input "run_bronze_policies" of type "Any". (Type check passed).
2026-02-18 20:33:46,834 - src.core.utils - INFO - Starting operation: silver policies transformation
2026-02-18 20:33:46,834 - src.core.silver_clean_policies - INFO - Starting silver policies transformation
2026-02-18 20:33:46,834 - src.core.storage - INFO - Reading latest parquet file from bronze layer with prefix 'bronze_policies_' using adls backend
2026-02-18 20:33:46,947 - azure.core.pipeline.policies.http_logging_policy - INFO - Request URL: 'https://woningmarktintelx9.dfs.core.windows.net/dna-platform-data?resource=REDACTED&directory=REDACTED&recursive=REDACTED'
Request method: 'GET'
Request headers:
    'x-ms-version': 'REDACTED'
    'Accept': 'application/json'
    'User-Agent': 'azsdk-python-storage-dfs/12.23.0 Python/3.14.2 (macOS-15.6.1-arm64-arm-64bit-Mach-O)'
    'x-ms-date': 'REDACTED'
    'x-ms-client-request-id': 'be530c1e-0d00-11f1-b247-765227f64d11'
    'Authorization': 'REDACTED'
No body was attached to the request
2026-02-18 20:33:47,756 - azure.core.pipeline.policies.http_logging_policy - INFO - Response status: 200
Response headers:
    'Transfer-Encoding': 'chunked'
    'Content-Type': 'application/json;charset=utf-8'
    'Server': 'Windows-Azure-HDFS/1.0 Microsoft-HTTPAPI/2.0'
    'x-ms-request-id': 'e6d08187-a01f-0019-330d-a1ba8a000000'
    'x-ms-version': 'REDACTED'
    'x-ms-client-request-id': 'be530c1e-0d00-11f1-b247-765227f64d11'
    'Date': 'Wed, 18 Feb 2026 19:33:47 GMT'
2026-02-18 20:33:47,765 - azure.core.pipeline.policies.http_logging_policy - INFO - Request URL: 'https://woningmarktintelx9.blob.core.windows.net/dna-platform-data/dna-platform/data/bronze/bronze_policies_20260218T193343Z.parquet'
Request method: 'GET'
Request headers:
    'x-ms-range': 'REDACTED'
    'x-ms-version': 'REDACTED'
    'Accept': 'application/xml'
    'User-Agent': 'azsdk-python-storage-dfs/12.23.0 Python/3.14.2 (macOS-15.6.1-arm64-arm-64bit-Mach-O)'
    'x-ms-date': 'REDACTED'
    'x-ms-client-request-id': 'becfdaaa-0d00-11f1-b247-765227f64d11'
    'Authorization': 'REDACTED'
No body was attached to the request
2026-02-18 20:33:48,801 - azure.core.pipeline.policies.http_logging_policy - INFO - Response status: 206
Response headers:
    'Content-Length': '8889'
    'Content-Type': 'application/octet-stream'
    'Content-Range': 'REDACTED'
    'Last-Modified': 'Wed, 18 Feb 2026 19:33:45 GMT'
    'Accept-Ranges': 'REDACTED'
    'ETag': '"0x8DE6F24A188D9DC"'
    'Server': 'Windows-Azure-Blob/1.0 Microsoft-HTTPAPI/2.0'
    'x-ms-request-id': '91339c2c-b01e-003a-2b0d-a12049000000'
    'x-ms-client-request-id': 'becfdaaa-0d00-11f1-b247-765227f64d11'
    'x-ms-version': 'REDACTED'
    'x-ms-resource-type': 'REDACTED'
    'x-ms-creation-time': 'REDACTED'
    'x-ms-lease-status': 'REDACTED'
    'x-ms-lease-state': 'REDACTED'
    'x-ms-blob-type': 'REDACTED'
    'x-ms-server-encrypted': 'REDACTED'
    'x-ms-owner': 'REDACTED'
    'x-ms-group': 'REDACTED'
    'x-ms-permissions': 'REDACTED'
    'x-ms-acl': 'REDACTED'
    'Date': 'Wed, 18 Feb 2026 19:33:48 GMT'
2026-02-18 20:33:48,832 - src.core.storage - INFO - Successfully read 80 rows from ADLS: dna-platform/data/bronze/bronze_policies_20260218T193343Z.parquet
2026-02-18 20:33:48,833 - src.core.utils - INFO - Bronze policies input: 80 rows, 13 columns
2026-02-18 20:33:48,851 - src.core.utils - INFO - Transformed silver policies: 80 rows, 13 columns
2026-02-18 20:33:48,853 - src.core.storage - INFO - Writing DataFrame to silver/silver_clean_policies_20260218T193348Z.parquet using adls backend
2026-02-18 20:33:48,853 - src.core.storage - INFO - Writing DataFrame (80 rows, 14 columns) to ADLS: abfss://dna-platform-data@woningmarktintelx9.dfs.core.windows.net/dna-platform/data/silver/silver_clean_policies_20260218T193348Z.parquet
2026-02-18 20:33:48,858 - azure.core.pipeline.policies.http_logging_policy - INFO - Request URL: 'https://woningmarktintelx9.blob.core.windows.net/dna-platform-data?restype=REDACTED'
Request method: 'GET'
Request headers:
    'x-ms-version': 'REDACTED'
    'Accept': 'application/xml'
    'User-Agent': 'azsdk-python-storage-dfs/12.23.0 Python/3.14.2 (macOS-15.6.1-arm64-arm-64bit-Mach-O)'
    'x-ms-date': 'REDACTED'
    'x-ms-client-request-id': 'bf76b42e-0d00-11f1-b247-765227f64d11'
    'Authorization': 'REDACTED'
No body was attached to the request
2026-02-18 20:33:49,017 - azure.core.pipeline.policies.http_logging_policy - INFO - Response status: 200
Response headers:
    'Content-Length': '0'
    'Last-Modified': 'Wed, 18 Feb 2026 19:12:05 GMT'
    'ETag': '"0x8DE6F219B11A707"'
    'Server': 'Windows-Azure-Blob/1.0 Microsoft-HTTPAPI/2.0'
    'x-ms-request-id': '6b8bb957-301e-0024-6d0d-a1cc91000000'
    'x-ms-client-request-id': 'bf76b42e-0d00-11f1-b247-765227f64d11'
    'x-ms-version': 'REDACTED'
    'x-ms-lease-status': 'REDACTED'
    'x-ms-lease-state': 'REDACTED'
    'x-ms-has-immutability-policy': 'REDACTED'
    'x-ms-has-legal-hold': 'REDACTED'
    'x-ms-immutable-storage-with-versioning-enabled': 'REDACTED'
    'x-ms-default-encryption-scope': 'REDACTED'
    'x-ms-deny-encryption-scope-override': 'REDACTED'
    'Date': 'Wed, 18 Feb 2026 19:33:48 GMT'
2026-02-18 20:33:49,018 - azure.core.pipeline.policies.http_logging_policy - INFO - Request URL: 'https://woningmarktintelx9.dfs.core.windows.net/dna-platform-data/dna-platform/data/silver?resource=REDACTED'
Request method: 'PUT'
Request headers:
    'x-ms-version': 'REDACTED'
    'Accept': 'application/json'
    'User-Agent': 'azsdk-python-storage-dfs/12.23.0 Python/3.14.2 (macOS-15.6.1-arm64-arm-64bit-Mach-O)'
    'x-ms-date': 'REDACTED'
    'x-ms-client-request-id': 'bf8f0e20-0d00-11f1-b247-765227f64d11'
    'Authorization': 'REDACTED'
No body was attached to the request
2026-02-18 20:33:49,267 - azure.core.pipeline.policies.http_logging_policy - INFO - Response status: 201
Response headers:
    'Last-Modified': 'Wed, 18 Feb 2026 19:33:49 GMT'
    'ETag': '"0x8DE6F24A3F34C3C"'
    'Server': 'Windows-Azure-HDFS/1.0 Microsoft-HTTPAPI/2.0'
    'x-ms-request-server-encrypted': 'REDACTED'
    'x-ms-request-id': '156cb34b-301f-001b-500d-a10432000000'
    'x-ms-version': 'REDACTED'
    'x-ms-client-request-id': 'bf8f0e20-0d00-11f1-b247-765227f64d11'
    'Date': 'Wed, 18 Feb 2026 19:33:48 GMT'
    'Content-Length': '0'
2026-02-18 20:33:49,268 - azure.core.pipeline.policies.http_logging_policy - INFO - Request URL: 'https://woningmarktintelx9.dfs.core.windows.net/dna-platform-data/dna-platform/data/silver/silver_clean_policies_20260218T193348Z.parquet?resource=REDACTED'
Request method: 'PUT'
Request headers:
    'x-ms-version': 'REDACTED'
    'Accept': 'application/json'
    'User-Agent': 'azsdk-python-storage-dfs/12.23.0 Python/3.14.2 (macOS-15.6.1-arm64-arm-64bit-Mach-O)'
    'x-ms-date': 'REDACTED'
    'x-ms-client-request-id': 'bfb53e88-0d00-11f1-b247-765227f64d11'
    'Authorization': 'REDACTED'
No body was attached to the request
2026-02-18 20:33:49,312 - azure.core.pipeline.policies.http_logging_policy - INFO - Response status: 201
Response headers:
    'Last-Modified': 'Wed, 18 Feb 2026 19:33:49 GMT'
    'ETag': '"0x8DE6F24A3F99F30"'
    'Server': 'Windows-Azure-HDFS/1.0 Microsoft-HTTPAPI/2.0'
    'x-ms-request-server-encrypted': 'REDACTED'
    'x-ms-request-id': '156cb351-301f-001b-560d-a10432000000'
    'x-ms-version': 'REDACTED'
    'x-ms-client-request-id': 'bfb53e88-0d00-11f1-b247-765227f64d11'
    'Date': 'Wed, 18 Feb 2026 19:33:48 GMT'
    'Content-Length': '0'
2026-02-18 20:33:49,313 - azure.core.pipeline.policies.http_logging_policy - INFO - Request URL: 'https://woningmarktintelx9.dfs.core.windows.net/dna-platform-data/dna-platform/data/silver/silver_clean_policies_20260218T193348Z.parquet?action=REDACTED&position=REDACTED'
Request method: 'PATCH'
Request headers:
    'Content-Length': '9338'
    'x-ms-version': 'REDACTED'
    'Content-Type': 'application/json'
    'Accept': 'application/json'
    'User-Agent': 'azsdk-python-storage-dfs/12.23.0 Python/3.14.2 (macOS-15.6.1-arm64-arm-64bit-Mach-O)'
    'x-ms-date': 'REDACTED'
    'x-ms-client-request-id': 'bfbc0a2e-0d00-11f1-b247-765227f64d11'
    'Authorization': 'REDACTED'
A body is sent with the request
2026-02-18 20:33:49,355 - azure.core.pipeline.policies.http_logging_policy - INFO - Response status: 202
Response headers:
    'Server': 'Windows-Azure-HDFS/1.0 Microsoft-HTTPAPI/2.0'
    'x-ms-request-server-encrypted': 'REDACTED'
    'x-ms-request-id': '156cb354-301f-001b-590d-a10432000000'
    'x-ms-version': 'REDACTED'
    'x-ms-client-request-id': 'bfbc0a2e-0d00-11f1-b247-765227f64d11'
    'Date': 'Wed, 18 Feb 2026 19:33:48 GMT'
    'Content-Length': '0'
2026-02-18 20:33:49,355 - azure.core.pipeline.policies.http_logging_policy - INFO - Request URL: 'https://woningmarktintelx9.dfs.core.windows.net/dna-platform-data/dna-platform/data/silver/silver_clean_policies_20260218T193348Z.parquet?action=REDACTED&position=REDACTED&close=REDACTED'
Request method: 'PATCH'
Request headers:
    'If-Match': '"0x8DE6F24A3F99F30"'
    'x-ms-version': 'REDACTED'
    'Accept': 'application/json'
    'User-Agent': 'azsdk-python-storage-dfs/12.23.0 Python/3.14.2 (macOS-15.6.1-arm64-arm-64bit-Mach-O)'
    'x-ms-date': 'REDACTED'
    'x-ms-client-request-id': 'bfc29358-0d00-11f1-b247-765227f64d11'
    'Authorization': 'REDACTED'
No body was attached to the request
2026-02-18 20:33:49,428 - azure.core.pipeline.policies.http_logging_policy - INFO - Response status: 200
Response headers:
    'Last-Modified': 'Wed, 18 Feb 2026 19:33:49 GMT'
    'ETag': '"0x8DE6F24A40A7720"'
    'Server': 'Windows-Azure-HDFS/1.0 Microsoft-HTTPAPI/2.0'
    'x-ms-request-server-encrypted': 'REDACTED'
    'x-ms-request-id': '156cb358-301f-001b-5d0d-a10432000000'
    'x-ms-version': 'REDACTED'
    'x-ms-client-request-id': 'bfc29358-0d00-11f1-b247-765227f64d11'
    'Date': 'Wed, 18 Feb 2026 19:33:48 GMT'
    'Content-Length': '0'
2026-02-18 20:33:49,428 - src.core.storage - INFO - Successfully uploaded 0 bytes to ADLS: abfss://dna-platform-data@woningmarktintelx9.dfs.core.windows.net/dna-platform/data/silver/silver_clean_policies_20260218T193348Z.parquet
2026-02-18 20:33:49,430 - src.core.storage - INFO - ADLS write successful: abfss://dna-platform-data@woningmarktintelx9.dfs.core.windows.net/dna-platform/data/silver/silver_clean_policies_20260218T193348Z.parquet
2026-02-18 20:33:49,431 - src.core.storage - INFO - Successfully wrote 50 rows to local storage: /Users/taniskarigar/test-polster/dna-platform/data/silver/sample_silver_clean_policies_20260218T193348Z.parquet
2026-02-18 20:33:49,432 - src.core.silver_clean_policies - INFO - Silver policies transformation completed: abfss://dna-platform-data@woningmarktintelx9.dfs.core.windows.net/dna-platform/data/silver/silver_clean_policies_20260218T193348Z.parquet
2026-02-18 20:33:49,432 - src.core.utils - INFO - Completed operation 'silver policies transformation' in 2.60 seconds
2026-02-18 20:33:49 +0100 - dagster - DEBUG - __ASSET_JOB - c6687c0e-24b9-45f8-a23c-9ee99c818c3b - 29435 - run_silver_clean_policies - STEP_OUTPUT - Yielded output "result" of type "Any". (Type check passed).
2026-02-18 20:33:49 +0100 - dagster - DEBUG - __ASSET_JOB - c6687c0e-24b9-45f8-a23c-9ee99c818c3b - run_silver_clean_policies - Writing file at: /Users/taniskarigar/test-polster/dna-platform/.dagster/storage/run_silver_clean_policies using PickledObjectFilesystemIOManager...
2026-02-18 20:33:49 +0100 - dagster - DEBUG - __ASSET_JOB - c6687c0e-24b9-45f8-a23c-9ee99c818c3b - 29435 - run_silver_clean_policies - ASSET_MATERIALIZATION - Materialized value run_silver_clean_policies.
2026-02-18 20:33:49 +0100 - dagster - DEBUG - __ASSET_JOB - c6687c0e-24b9-45f8-a23c-9ee99c818c3b - 29435 - run_silver_clean_policies - HANDLED_OUTPUT - Handled output "result" using IO manager "io_manager"
2026-02-18 20:33:49 +0100 - dagster - DEBUG - __ASSET_JOB - c6687c0e-24b9-45f8-a23c-9ee99c818c3b - 29435 - run_silver_clean_policies - STEP_SUCCESS - Finished execution of step "run_silver_clean_policies" in 2.67s.
