2026-02-18 20:33:42 +0100 - dagster - DEBUG - __ASSET_JOB - c6687c0e-24b9-45f8-a23c-9ee99c818c3b - 29374 - LOGS_CAPTURED - Started capturing logs in process (pid: 29374).
2026-02-18 20:33:42 +0100 - dagster - DEBUG - __ASSET_JOB - c6687c0e-24b9-45f8-a23c-9ee99c818c3b - 29374 - run_bronze_agents - STEP_START - Started execution of step "run_bronze_agents".
2026-02-18 20:33:42,906 - src.core.utils - INFO - Starting operation: bronze agents extraction
2026-02-18 20:33:42,906 - src.core.bronze_agents - INFO - Starting bronze agents extraction
2026-02-18 20:33:42,930 - src.core.utils - INFO - Bronze agents output: 20 rows, 12 columns
2026-02-18 20:33:42,932 - src.core.storage - INFO - Writing DataFrame to bronze/bronze_agents_20260218T193342Z.parquet using adls backend
2026-02-18 20:33:42,932 - src.core.storage - INFO - Writing DataFrame (20 rows, 12 columns) to ADLS: abfss://dna-platform-data@woningmarktintelx9.dfs.core.windows.net/dna-platform/data/bronze/bronze_agents_20260218T193342Z.parquet
2026-02-18 20:33:43,178 - azure.core.pipeline.policies.http_logging_policy - INFO - Request URL: 'https://woningmarktintelx9.blob.core.windows.net/dna-platform-data?restype=REDACTED'
Request method: 'GET'
Request headers:
    'x-ms-version': 'REDACTED'
    'Accept': 'application/xml'
    'User-Agent': 'azsdk-python-storage-dfs/12.23.0 Python/3.14.2 (macOS-15.6.1-arm64-arm-64bit-Mach-O)'
    'x-ms-date': 'REDACTED'
    'x-ms-client-request-id': 'bc13f0bc-0d00-11f1-9986-765227f64d11'
    'Authorization': 'REDACTED'
No body was attached to the request
2026-02-18 20:33:43,392 - azure.core.pipeline.policies.http_logging_policy - INFO - Response status: 200
Response headers:
    'Content-Length': '0'
    'Last-Modified': 'Wed, 18 Feb 2026 19:12:05 GMT'
    'ETag': '"0x8DE6F219B11A707"'
    'Server': 'Windows-Azure-Blob/1.0 Microsoft-HTTPAPI/2.0'
    'x-ms-request-id': '5e3402a2-001e-0000-3a0d-a13a31000000'
    'x-ms-client-request-id': 'bc13f0bc-0d00-11f1-9986-765227f64d11'
    'x-ms-version': 'REDACTED'
    'x-ms-lease-status': 'REDACTED'
    'x-ms-lease-state': 'REDACTED'
    'x-ms-has-immutability-policy': 'REDACTED'
    'x-ms-has-legal-hold': 'REDACTED'
    'x-ms-immutable-storage-with-versioning-enabled': 'REDACTED'
    'x-ms-default-encryption-scope': 'REDACTED'
    'x-ms-deny-encryption-scope-override': 'REDACTED'
    'Date': 'Wed, 18 Feb 2026 19:33:42 GMT'
2026-02-18 20:33:43,393 - azure.core.pipeline.policies.http_logging_policy - INFO - Request URL: 'https://woningmarktintelx9.dfs.core.windows.net/dna-platform-data/dna-platform/data/bronze?resource=REDACTED'
Request method: 'PUT'
Request headers:
    'x-ms-version': 'REDACTED'
    'Accept': 'application/json'
    'User-Agent': 'azsdk-python-storage-dfs/12.23.0 Python/3.14.2 (macOS-15.6.1-arm64-arm-64bit-Mach-O)'
    'x-ms-date': 'REDACTED'
    'x-ms-client-request-id': 'bc34c530-0d00-11f1-9986-765227f64d11'
    'Authorization': 'REDACTED'
No body was attached to the request
2026-02-18 20:33:44,405 - azure.core.pipeline.policies.http_logging_policy - INFO - Response status: 201
Response headers:
    'Last-Modified': 'Wed, 18 Feb 2026 19:33:44 GMT'
    'ETag': '"0x8DE6F24A10A31A8"'
    'Server': 'Windows-Azure-HDFS/1.0 Microsoft-HTTPAPI/2.0'
    'x-ms-request-server-encrypted': 'REDACTED'
    'x-ms-request-id': 'a0796c16-301f-000b-630d-a1c15a000000'
    'x-ms-version': 'REDACTED'
    'x-ms-client-request-id': 'bc34c530-0d00-11f1-9986-765227f64d11'
    'Date': 'Wed, 18 Feb 2026 19:33:44 GMT'
    'Content-Length': '0'
2026-02-18 20:33:44,407 - azure.core.pipeline.policies.http_logging_policy - INFO - Request URL: 'https://woningmarktintelx9.dfs.core.windows.net/dna-platform-data/dna-platform/data/bronze/bronze_agents_20260218T193342Z.parquet?resource=REDACTED'
Request method: 'PUT'
Request headers:
    'x-ms-version': 'REDACTED'
    'Accept': 'application/json'
    'User-Agent': 'azsdk-python-storage-dfs/12.23.0 Python/3.14.2 (macOS-15.6.1-arm64-arm-64bit-Mach-O)'
    'x-ms-date': 'REDACTED'
    'x-ms-client-request-id': 'bccf82dc-0d00-11f1-9986-765227f64d11'
    'Authorization': 'REDACTED'
No body was attached to the request
2026-02-18 20:33:44,892 - azure.core.pipeline.policies.http_logging_policy - INFO - Response status: 201
Response headers:
    'Last-Modified': 'Wed, 18 Feb 2026 19:33:44 GMT'
    'ETag': '"0x8DE6F24A11494D0"'
    'Server': 'Windows-Azure-HDFS/1.0 Microsoft-HTTPAPI/2.0'
    'x-ms-request-server-encrypted': 'REDACTED'
    'x-ms-request-id': 'a0796c5d-301f-000b-280d-a1c15a000000'
    'x-ms-version': 'REDACTED'
    'x-ms-client-request-id': 'bccf82dc-0d00-11f1-9986-765227f64d11'
    'Date': 'Wed, 18 Feb 2026 19:33:44 GMT'
    'Content-Length': '0'
2026-02-18 20:33:44,894 - azure.core.pipeline.policies.http_logging_policy - INFO - Request URL: 'https://woningmarktintelx9.dfs.core.windows.net/dna-platform-data/dna-platform/data/bronze/bronze_agents_20260218T193342Z.parquet?action=REDACTED&position=REDACTED'
Request method: 'PATCH'
Request headers:
    'Content-Length': '6165'
    'x-ms-version': 'REDACTED'
    'Content-Type': 'application/json'
    'Accept': 'application/json'
    'User-Agent': 'azsdk-python-storage-dfs/12.23.0 Python/3.14.2 (macOS-15.6.1-arm64-arm-64bit-Mach-O)'
    'x-ms-date': 'REDACTED'
    'x-ms-client-request-id': 'bd19bd48-0d00-11f1-9986-765227f64d11'
    'Authorization': 'REDACTED'
A body is sent with the request
2026-02-18 20:33:45,153 - azure.core.pipeline.policies.http_logging_policy - INFO - Response status: 202
Response headers:
    'Server': 'Windows-Azure-HDFS/1.0 Microsoft-HTTPAPI/2.0'
    'x-ms-request-server-encrypted': 'REDACTED'
    'x-ms-request-id': 'a0796cfd-301f-000b-460d-a1c15a000000'
    'x-ms-version': 'REDACTED'
    'x-ms-client-request-id': 'bd19bd48-0d00-11f1-9986-765227f64d11'
    'Date': 'Wed, 18 Feb 2026 19:33:44 GMT'
    'Content-Length': '0'
2026-02-18 20:33:45,154 - azure.core.pipeline.policies.http_logging_policy - INFO - Request URL: 'https://woningmarktintelx9.dfs.core.windows.net/dna-platform-data/dna-platform/data/bronze/bronze_agents_20260218T193342Z.parquet?action=REDACTED&position=REDACTED&close=REDACTED'
Request method: 'PATCH'
Request headers:
    'If-Match': '"0x8DE6F24A11494D0"'
    'x-ms-version': 'REDACTED'
    'Accept': 'application/json'
    'User-Agent': 'azsdk-python-storage-dfs/12.23.0 Python/3.14.2 (macOS-15.6.1-arm64-arm-64bit-Mach-O)'
    'x-ms-date': 'REDACTED'
    'x-ms-client-request-id': 'bd4180bc-0d00-11f1-9986-765227f64d11'
    'Authorization': 'REDACTED'
No body was attached to the request
2026-02-18 20:33:45,219 - azure.core.pipeline.policies.http_logging_policy - INFO - Response status: 200
Response headers:
    'Last-Modified': 'Wed, 18 Feb 2026 19:33:45 GMT'
    'ETag': '"0x8DE6F24A188A950"'
    'Server': 'Windows-Azure-HDFS/1.0 Microsoft-HTTPAPI/2.0'
    'x-ms-request-server-encrypted': 'REDACTED'
    'x-ms-request-id': 'a0796d29-301f-000b-720d-a1c15a000000'
    'x-ms-version': 'REDACTED'
    'x-ms-client-request-id': 'bd4180bc-0d00-11f1-9986-765227f64d11'
    'Date': 'Wed, 18 Feb 2026 19:33:44 GMT'
    'Content-Length': '0'
2026-02-18 20:33:45,220 - src.core.storage - INFO - Successfully uploaded 0 bytes to ADLS: abfss://dna-platform-data@woningmarktintelx9.dfs.core.windows.net/dna-platform/data/bronze/bronze_agents_20260218T193342Z.parquet
2026-02-18 20:33:45,222 - src.core.storage - INFO - ADLS write successful: abfss://dna-platform-data@woningmarktintelx9.dfs.core.windows.net/dna-platform/data/bronze/bronze_agents_20260218T193342Z.parquet
2026-02-18 20:33:45,230 - src.core.storage - INFO - Successfully wrote 20 rows to local storage: /Users/taniskarigar/test-polster/dna-platform/data/bronze/sample_bronze_agents_20260218T193342Z.parquet
2026-02-18 20:33:45,231 - src.core.bronze_agents - INFO - Bronze agents extraction completed: abfss://dna-platform-data@woningmarktintelx9.dfs.core.windows.net/dna-platform/data/bronze/bronze_agents_20260218T193342Z.parquet
2026-02-18 20:33:45,231 - src.core.utils - INFO - Completed operation 'bronze agents extraction' in 2.32 seconds
2026-02-18 20:33:45 +0100 - dagster - DEBUG - __ASSET_JOB - c6687c0e-24b9-45f8-a23c-9ee99c818c3b - 29374 - run_bronze_agents - STEP_OUTPUT - Yielded output "result" of type "Any". (Type check passed).
2026-02-18 20:33:45 +0100 - dagster - DEBUG - __ASSET_JOB - c6687c0e-24b9-45f8-a23c-9ee99c818c3b - run_bronze_agents - Writing file at: /Users/taniskarigar/test-polster/dna-platform/.dagster/storage/run_bronze_agents using PickledObjectFilesystemIOManager...
2026-02-18 20:33:45,250 - alembic.runtime.migration - INFO - Context impl SQLiteImpl.
2026-02-18 20:33:45,250 - alembic.runtime.migration - INFO - Will assume non-transactional DDL.
2026-02-18 20:33:45 +0100 - dagster - DEBUG - __ASSET_JOB - c6687c0e-24b9-45f8-a23c-9ee99c818c3b - 29374 - run_bronze_agents - ASSET_MATERIALIZATION - Materialized value run_bronze_agents.
2026-02-18 20:33:45 +0100 - dagster - DEBUG - __ASSET_JOB - c6687c0e-24b9-45f8-a23c-9ee99c818c3b - 29374 - run_bronze_agents - HANDLED_OUTPUT - Handled output "result" using IO manager "io_manager"
2026-02-18 20:33:45 +0100 - dagster - DEBUG - __ASSET_JOB - c6687c0e-24b9-45f8-a23c-9ee99c818c3b - 29374 - run_bronze_agents - STEP_SUCCESS - Finished execution of step "run_bronze_agents" in 2.39s.
