2026-02-18 20:33:51 +0100 - dagster - DEBUG - __ASSET_JOB - c6687c0e-24b9-45f8-a23c-9ee99c818c3b - 29480 - LOGS_CAPTURED - Started capturing logs in process (pid: 29480).
2026-02-18 20:33:51 +0100 - dagster - DEBUG - __ASSET_JOB - c6687c0e-24b9-45f8-a23c-9ee99c818c3b - 29480 - run_silver_policy_claims - STEP_START - Started execution of step "run_silver_policy_claims".
2026-02-18 20:33:51,133 - alembic.runtime.migration - INFO - Context impl SQLiteImpl.
2026-02-18 20:33:51,133 - alembic.runtime.migration - INFO - Will assume non-transactional DDL.
2026-02-18 20:33:51 +0100 - dagster - DEBUG - __ASSET_JOB - c6687c0e-24b9-45f8-a23c-9ee99c818c3b - run_silver_policy_claims - Loading file from: /Users/taniskarigar/test-polster/dna-platform/.dagster/storage/run_silver_clean_claims using PickledObjectFilesystemIOManager...
2026-02-18 20:33:51 +0100 - dagster - DEBUG - __ASSET_JOB - c6687c0e-24b9-45f8-a23c-9ee99c818c3b - 29480 - run_silver_policy_claims - LOADED_INPUT - Loaded input "run_silver_clean_claims" using input manager "io_manager", from output "result" of step "run_silver_clean_claims"
2026-02-18 20:33:51 +0100 - dagster - DEBUG - __ASSET_JOB - c6687c0e-24b9-45f8-a23c-9ee99c818c3b - run_silver_policy_claims - Loading file from: /Users/taniskarigar/test-polster/dna-platform/.dagster/storage/run_silver_clean_policies using PickledObjectFilesystemIOManager...
2026-02-18 20:33:51 +0100 - dagster - DEBUG - __ASSET_JOB - c6687c0e-24b9-45f8-a23c-9ee99c818c3b - 29480 - run_silver_policy_claims - LOADED_INPUT - Loaded input "run_silver_clean_policies" using input manager "io_manager", from output "result" of step "run_silver_clean_policies"
2026-02-18 20:33:51 +0100 - dagster - DEBUG - __ASSET_JOB - c6687c0e-24b9-45f8-a23c-9ee99c818c3b - 29480 - run_silver_policy_claims - STEP_INPUT - Got input "run_silver_clean_claims" of type "Any". (Type check passed).
2026-02-18 20:33:51 +0100 - dagster - DEBUG - __ASSET_JOB - c6687c0e-24b9-45f8-a23c-9ee99c818c3b - 29480 - run_silver_policy_claims - STEP_INPUT - Got input "run_silver_clean_policies" of type "Any". (Type check passed).
2026-02-18 20:33:51,232 - src.core.utils - INFO - Starting operation: silver policy-claims join
2026-02-18 20:33:51,233 - src.core.silver_policy_claims - INFO - Starting silver policy-claims join
2026-02-18 20:33:51,233 - src.core.storage - INFO - Reading latest parquet file from silver layer with prefix 'silver_clean_policies_' using adls backend
2026-02-18 20:33:51,334 - azure.core.pipeline.policies.http_logging_policy - INFO - Request URL: 'https://woningmarktintelx9.dfs.core.windows.net/dna-platform-data?resource=REDACTED&directory=REDACTED&recursive=REDACTED'
Request method: 'GET'
Request headers:
    'x-ms-version': 'REDACTED'
    'Accept': 'application/json'
    'User-Agent': 'azsdk-python-storage-dfs/12.23.0 Python/3.14.2 (macOS-15.6.1-arm64-arm-64bit-Mach-O)'
    'x-ms-date': 'REDACTED'
    'x-ms-client-request-id': 'c0f08582-0d00-11f1-acaf-765227f64d11'
    'Authorization': 'REDACTED'
No body was attached to the request
2026-02-18 20:33:52,000 - azure.core.pipeline.policies.http_logging_policy - INFO - Response status: 200
Response headers:
    'Transfer-Encoding': 'chunked'
    'Content-Type': 'application/json;charset=utf-8'
    'Server': 'Windows-Azure-HDFS/1.0 Microsoft-HTTPAPI/2.0'
    'x-ms-request-id': 'fe94200a-701f-0035-560d-a15625000000'
    'x-ms-version': 'REDACTED'
    'x-ms-client-request-id': 'c0f08582-0d00-11f1-acaf-765227f64d11'
    'Date': 'Wed, 18 Feb 2026 19:33:52 GMT'
2026-02-18 20:33:52,007 - azure.core.pipeline.policies.http_logging_policy - INFO - Request URL: 'https://woningmarktintelx9.blob.core.windows.net/dna-platform-data/dna-platform/data/silver/silver_clean_policies_20260218T193348Z.parquet'
Request method: 'GET'
Request headers:
    'x-ms-range': 'REDACTED'
    'x-ms-version': 'REDACTED'
    'Accept': 'application/xml'
    'User-Agent': 'azsdk-python-storage-dfs/12.23.0 Python/3.14.2 (macOS-15.6.1-arm64-arm-64bit-Mach-O)'
    'x-ms-date': 'REDACTED'
    'x-ms-client-request-id': 'c1571d6a-0d00-11f1-acaf-765227f64d11'
    'Authorization': 'REDACTED'
No body was attached to the request
2026-02-18 20:33:52,277 - azure.core.pipeline.policies.http_logging_policy - INFO - Response status: 206
Response headers:
    'Content-Length': '9338'
    'Content-Type': 'application/octet-stream'
    'Content-Range': 'REDACTED'
    'Last-Modified': 'Wed, 18 Feb 2026 19:33:49 GMT'
    'Accept-Ranges': 'REDACTED'
    'ETag': '"0x8DE6F24A40A7720"'
    'Server': 'Windows-Azure-Blob/1.0 Microsoft-HTTPAPI/2.0'
    'x-ms-request-id': '9f7502c9-101e-006e-780d-a16f1e000000'
    'x-ms-client-request-id': 'c1571d6a-0d00-11f1-acaf-765227f64d11'
    'x-ms-version': 'REDACTED'
    'x-ms-resource-type': 'REDACTED'
    'x-ms-creation-time': 'REDACTED'
    'x-ms-lease-status': 'REDACTED'
    'x-ms-lease-state': 'REDACTED'
    'x-ms-blob-type': 'REDACTED'
    'x-ms-server-encrypted': 'REDACTED'
    'x-ms-owner': 'REDACTED'
    'x-ms-group': 'REDACTED'
    'x-ms-permissions': 'REDACTED'
    'x-ms-acl': 'REDACTED'
    'Date': 'Wed, 18 Feb 2026 19:33:51 GMT'
2026-02-18 20:33:52,292 - src.core.storage - INFO - Successfully read 80 rows from ADLS: dna-platform/data/silver/silver_clean_policies_20260218T193348Z.parquet
2026-02-18 20:33:52,293 - src.core.storage - INFO - Reading latest parquet file from silver layer with prefix 'silver_clean_claims_' using adls backend
2026-02-18 20:33:52,295 - azure.core.pipeline.policies.http_logging_policy - INFO - Request URL: 'https://woningmarktintelx9.dfs.core.windows.net/dna-platform-data?resource=REDACTED&directory=REDACTED&recursive=REDACTED'
Request method: 'GET'
Request headers:
    'x-ms-version': 'REDACTED'
    'Accept': 'application/json'
    'User-Agent': 'azsdk-python-storage-dfs/12.23.0 Python/3.14.2 (macOS-15.6.1-arm64-arm-64bit-Mach-O)'
    'x-ms-date': 'REDACTED'
    'x-ms-client-request-id': 'c1831cbc-0d00-11f1-acaf-765227f64d11'
    'Authorization': 'REDACTED'
No body was attached to the request
2026-02-18 20:33:52,730 - azure.core.pipeline.policies.http_logging_policy - INFO - Response status: 200
Response headers:
    'Transfer-Encoding': 'chunked'
    'Content-Type': 'application/json;charset=utf-8'
    'Server': 'Windows-Azure-HDFS/1.0 Microsoft-HTTPAPI/2.0'
    'x-ms-request-id': '742f5f11-f01f-0004-350d-a1b736000000'
    'x-ms-version': 'REDACTED'
    'x-ms-client-request-id': 'c1831cbc-0d00-11f1-acaf-765227f64d11'
    'Date': 'Wed, 18 Feb 2026 19:33:52 GMT'
2026-02-18 20:33:52,733 - azure.core.pipeline.policies.http_logging_policy - INFO - Request URL: 'https://woningmarktintelx9.blob.core.windows.net/dna-platform-data/dna-platform/data/silver/silver_clean_claims_20260218T193348Z.parquet'
Request method: 'GET'
Request headers:
    'x-ms-range': 'REDACTED'
    'x-ms-version': 'REDACTED'
    'Accept': 'application/xml'
    'User-Agent': 'azsdk-python-storage-dfs/12.23.0 Python/3.14.2 (macOS-15.6.1-arm64-arm-64bit-Mach-O)'
    'x-ms-date': 'REDACTED'
    'x-ms-client-request-id': 'c1c5fa50-0d00-11f1-acaf-765227f64d11'
    'Authorization': 'REDACTED'
No body was attached to the request
2026-02-18 20:33:52,905 - azure.core.pipeline.policies.http_logging_policy - INFO - Response status: 206
Response headers:
    'Content-Length': '7607'
    'Content-Type': 'application/octet-stream'
    'Content-Range': 'REDACTED'
    'Last-Modified': 'Wed, 18 Feb 2026 19:33:49 GMT'
    'Accept-Ranges': 'REDACTED'
    'ETag': '"0x8DE6F24A402CBDC"'
    'Server': 'Windows-Azure-Blob/1.0 Microsoft-HTTPAPI/2.0'
    'x-ms-request-id': 'ffbe7c1a-201e-0017-740d-a1933a000000'
    'x-ms-client-request-id': 'c1c5fa50-0d00-11f1-acaf-765227f64d11'
    'x-ms-version': 'REDACTED'
    'x-ms-resource-type': 'REDACTED'
    'x-ms-creation-time': 'REDACTED'
    'x-ms-lease-status': 'REDACTED'
    'x-ms-lease-state': 'REDACTED'
    'x-ms-blob-type': 'REDACTED'
    'x-ms-server-encrypted': 'REDACTED'
    'x-ms-owner': 'REDACTED'
    'x-ms-group': 'REDACTED'
    'x-ms-permissions': 'REDACTED'
    'x-ms-acl': 'REDACTED'
    'Date': 'Wed, 18 Feb 2026 19:33:52 GMT'
2026-02-18 20:33:52,907 - src.core.storage - INFO - Successfully read 30 rows from ADLS: dna-platform/data/silver/silver_clean_claims_20260218T193348Z.parquet
2026-02-18 20:33:52,908 - src.core.utils - INFO - Silver policies input: 80 rows, 14 columns
2026-02-18 20:33:52,908 - src.core.utils - INFO - Silver claims input: 30 rows, 12 columns
2026-02-18 20:33:52,917 - src.core.utils - INFO - Joined silver policy-claims: 80 rows, 26 columns
2026-02-18 20:33:52,917 - src.core.storage - INFO - Writing DataFrame to silver/silver_policy_claims_20260218T193352Z.parquet using adls backend
2026-02-18 20:33:52,917 - src.core.storage - INFO - Writing DataFrame (80 rows, 26 columns) to ADLS: abfss://dna-platform-data@woningmarktintelx9.dfs.core.windows.net/dna-platform/data/silver/silver_policy_claims_20260218T193352Z.parquet
2026-02-18 20:33:52,920 - azure.core.pipeline.policies.http_logging_policy - INFO - Request URL: 'https://woningmarktintelx9.blob.core.windows.net/dna-platform-data?restype=REDACTED'
Request method: 'GET'
Request headers:
    'x-ms-version': 'REDACTED'
    'Accept': 'application/xml'
    'User-Agent': 'azsdk-python-storage-dfs/12.23.0 Python/3.14.2 (macOS-15.6.1-arm64-arm-64bit-Mach-O)'
    'x-ms-date': 'REDACTED'
    'x-ms-client-request-id': 'c1e28cec-0d00-11f1-acaf-765227f64d11'
    'Authorization': 'REDACTED'
No body was attached to the request
2026-02-18 20:33:53,116 - azure.core.pipeline.policies.http_logging_policy - INFO - Response status: 200
Response headers:
    'Content-Length': '0'
    'Last-Modified': 'Wed, 18 Feb 2026 19:12:05 GMT'
    'ETag': '"0x8DE6F219B11A707"'
    'Server': 'Windows-Azure-Blob/1.0 Microsoft-HTTPAPI/2.0'
    'x-ms-request-id': 'fc0a65f5-601e-005b-620d-a1030a000000'
    'x-ms-client-request-id': 'c1e28cec-0d00-11f1-acaf-765227f64d11'
    'x-ms-version': 'REDACTED'
    'x-ms-lease-status': 'REDACTED'
    'x-ms-lease-state': 'REDACTED'
    'x-ms-has-immutability-policy': 'REDACTED'
    'x-ms-has-legal-hold': 'REDACTED'
    'x-ms-immutable-storage-with-versioning-enabled': 'REDACTED'
    'x-ms-default-encryption-scope': 'REDACTED'
    'x-ms-deny-encryption-scope-override': 'REDACTED'
    'Date': 'Wed, 18 Feb 2026 19:33:53 GMT'
2026-02-18 20:33:53,118 - azure.core.pipeline.policies.http_logging_policy - INFO - Request URL: 'https://woningmarktintelx9.dfs.core.windows.net/dna-platform-data/dna-platform/data/silver?resource=REDACTED'
Request method: 'PUT'
Request headers:
    'x-ms-version': 'REDACTED'
    'Accept': 'application/json'
    'User-Agent': 'azsdk-python-storage-dfs/12.23.0 Python/3.14.2 (macOS-15.6.1-arm64-arm-64bit-Mach-O)'
    'x-ms-date': 'REDACTED'
    'x-ms-client-request-id': 'c200a4a2-0d00-11f1-acaf-765227f64d11'
    'Authorization': 'REDACTED'
No body was attached to the request
2026-02-18 20:33:53,276 - azure.core.pipeline.policies.http_logging_policy - INFO - Response status: 201
Response headers:
    'Last-Modified': 'Wed, 18 Feb 2026 19:33:53 GMT'
    'ETag': '"0x8DE6F24A6569D14"'
    'Server': 'Windows-Azure-HDFS/1.0 Microsoft-HTTPAPI/2.0'
    'x-ms-request-server-encrypted': 'REDACTED'
    'x-ms-request-id': 'd5d081bc-e01f-0008-2e0d-a1203e000000'
    'x-ms-version': 'REDACTED'
    'x-ms-client-request-id': 'c200a4a2-0d00-11f1-acaf-765227f64d11'
    'Date': 'Wed, 18 Feb 2026 19:33:52 GMT'
    'Content-Length': '0'
2026-02-18 20:33:53,277 - azure.core.pipeline.policies.http_logging_policy - INFO - Request URL: 'https://woningmarktintelx9.dfs.core.windows.net/dna-platform-data/dna-platform/data/silver/silver_policy_claims_20260218T193352Z.parquet?resource=REDACTED'
Request method: 'PUT'
Request headers:
    'x-ms-version': 'REDACTED'
    'Accept': 'application/json'
    'User-Agent': 'azsdk-python-storage-dfs/12.23.0 Python/3.14.2 (macOS-15.6.1-arm64-arm-64bit-Mach-O)'
    'x-ms-date': 'REDACTED'
    'x-ms-client-request-id': 'c21904f2-0d00-11f1-acaf-765227f64d11'
    'Authorization': 'REDACTED'
No body was attached to the request
2026-02-18 20:33:53,320 - azure.core.pipeline.policies.http_logging_policy - INFO - Response status: 201
Response headers:
    'Last-Modified': 'Wed, 18 Feb 2026 19:33:53 GMT'
    'ETag': '"0x8DE6F24A65D0E34"'
    'Server': 'Windows-Azure-HDFS/1.0 Microsoft-HTTPAPI/2.0'
    'x-ms-request-server-encrypted': 'REDACTED'
    'x-ms-request-id': 'd5d081be-e01f-0008-300d-a1203e000000'
    'x-ms-version': 'REDACTED'
    'x-ms-client-request-id': 'c21904f2-0d00-11f1-acaf-765227f64d11'
    'Date': 'Wed, 18 Feb 2026 19:33:52 GMT'
    'Content-Length': '0'
2026-02-18 20:33:53,320 - azure.core.pipeline.policies.http_logging_policy - INFO - Request URL: 'https://woningmarktintelx9.dfs.core.windows.net/dna-platform-data/dna-platform/data/silver/silver_policy_claims_20260218T193352Z.parquet?action=REDACTED&position=REDACTED'
Request method: 'PATCH'
Request headers:
    'Content-Length': '14843'
    'x-ms-version': 'REDACTED'
    'Content-Type': 'application/json'
    'Accept': 'application/json'
    'User-Agent': 'azsdk-python-storage-dfs/12.23.0 Python/3.14.2 (macOS-15.6.1-arm64-arm-64bit-Mach-O)'
    'x-ms-date': 'REDACTED'
    'x-ms-client-request-id': 'c21f9420-0d00-11f1-acaf-765227f64d11'
    'Authorization': 'REDACTED'
A body is sent with the request
2026-02-18 20:33:53,359 - azure.core.pipeline.policies.http_logging_policy - INFO - Response status: 202
Response headers:
    'Server': 'Windows-Azure-HDFS/1.0 Microsoft-HTTPAPI/2.0'
    'x-ms-request-server-encrypted': 'REDACTED'
    'x-ms-request-id': 'd5d081c2-e01f-0008-340d-a1203e000000'
    'x-ms-version': 'REDACTED'
    'x-ms-client-request-id': 'c21f9420-0d00-11f1-acaf-765227f64d11'
    'Date': 'Wed, 18 Feb 2026 19:33:52 GMT'
    'Content-Length': '0'
2026-02-18 20:33:53,359 - azure.core.pipeline.policies.http_logging_policy - INFO - Request URL: 'https://woningmarktintelx9.dfs.core.windows.net/dna-platform-data/dna-platform/data/silver/silver_policy_claims_20260218T193352Z.parquet?action=REDACTED&position=REDACTED&close=REDACTED'
Request method: 'PATCH'
Request headers:
    'If-Match': '"0x8DE6F24A65D0E34"'
    'x-ms-version': 'REDACTED'
    'Accept': 'application/json'
    'User-Agent': 'azsdk-python-storage-dfs/12.23.0 Python/3.14.2 (macOS-15.6.1-arm64-arm-64bit-Mach-O)'
    'x-ms-date': 'REDACTED'
    'x-ms-client-request-id': 'c2258b5a-0d00-11f1-acaf-765227f64d11'
    'Authorization': 'REDACTED'
No body was attached to the request
2026-02-18 20:33:53,419 - azure.core.pipeline.policies.http_logging_policy - INFO - Response status: 200
Response headers:
    'Last-Modified': 'Wed, 18 Feb 2026 19:33:53 GMT'
    'ETag': '"0x8DE6F24A66C0288"'
    'Server': 'Windows-Azure-HDFS/1.0 Microsoft-HTTPAPI/2.0'
    'x-ms-request-server-encrypted': 'REDACTED'
    'x-ms-request-id': 'd5d081c7-e01f-0008-390d-a1203e000000'
    'x-ms-version': 'REDACTED'
    'x-ms-client-request-id': 'c2258b5a-0d00-11f1-acaf-765227f64d11'
    'Date': 'Wed, 18 Feb 2026 19:33:52 GMT'
    'Content-Length': '0'
2026-02-18 20:33:53,419 - src.core.storage - INFO - Successfully uploaded 0 bytes to ADLS: abfss://dna-platform-data@woningmarktintelx9.dfs.core.windows.net/dna-platform/data/silver/silver_policy_claims_20260218T193352Z.parquet
2026-02-18 20:33:53,421 - src.core.storage - INFO - ADLS write successful: abfss://dna-platform-data@woningmarktintelx9.dfs.core.windows.net/dna-platform/data/silver/silver_policy_claims_20260218T193352Z.parquet
2026-02-18 20:33:53,422 - src.core.storage - INFO - Successfully wrote 50 rows to local storage: /Users/taniskarigar/test-polster/dna-platform/data/silver/sample_silver_policy_claims_20260218T193352Z.parquet
2026-02-18 20:33:53,422 - src.core.silver_policy_claims - INFO - Silver policy-claims join completed: abfss://dna-platform-data@woningmarktintelx9.dfs.core.windows.net/dna-platform/data/silver/silver_policy_claims_20260218T193352Z.parquet
2026-02-18 20:33:53,422 - src.core.utils - INFO - Completed operation 'silver policy-claims join' in 2.19 seconds
2026-02-18 20:33:53 +0100 - dagster - DEBUG - __ASSET_JOB - c6687c0e-24b9-45f8-a23c-9ee99c818c3b - 29480 - run_silver_policy_claims - STEP_OUTPUT - Yielded output "result" of type "Any". (Type check passed).
2026-02-18 20:33:53 +0100 - dagster - DEBUG - __ASSET_JOB - c6687c0e-24b9-45f8-a23c-9ee99c818c3b - run_silver_policy_claims - Writing file at: /Users/taniskarigar/test-polster/dna-platform/.dagster/storage/run_silver_policy_claims using PickledObjectFilesystemIOManager...
2026-02-18 20:33:53 +0100 - dagster - DEBUG - __ASSET_JOB - c6687c0e-24b9-45f8-a23c-9ee99c818c3b - 29480 - run_silver_policy_claims - ASSET_MATERIALIZATION - Materialized value run_silver_policy_claims.
2026-02-18 20:33:53 +0100 - dagster - DEBUG - __ASSET_JOB - c6687c0e-24b9-45f8-a23c-9ee99c818c3b - 29480 - run_silver_policy_claims - HANDLED_OUTPUT - Handled output "result" using IO manager "io_manager"
2026-02-18 20:33:53 +0100 - dagster - DEBUG - __ASSET_JOB - c6687c0e-24b9-45f8-a23c-9ee99c818c3b - 29480 - run_silver_policy_claims - STEP_SUCCESS - Finished execution of step "run_silver_policy_claims" in 2.31s.
