2026-02-21 00:14:13 +0000 - dagster - DEBUG - __ASSET_JOB - 7123862a-4bca-4e60-ba93-4be43a85c9b7 - 2475 - LOGS_CAPTURED - Started capturing logs in process (pid: 2475).
2026-02-21 00:14:13 +0000 - dagster - DEBUG - __ASSET_JOB - 7123862a-4bca-4e60-ba93-4be43a85c9b7 - 2475 - run_silver_clean_claims - STEP_START - Started execution of step "run_silver_clean_claims".
2026-02-21 00:14:13,210 - alembic.runtime.migration - INFO - Context impl SQLiteImpl.
2026-02-21 00:14:13,211 - alembic.runtime.migration - INFO - Will assume non-transactional DDL.
2026-02-21 00:14:13 +0000 - dagster - DEBUG - __ASSET_JOB - 7123862a-4bca-4e60-ba93-4be43a85c9b7 - run_silver_clean_claims - Loading file from: /home/runner/work/dna-platform/dna-platform/.dagster/storage/run_bronze_claims using PickledObjectFilesystemIOManager...
2026-02-21 00:14:13 +0000 - dagster - DEBUG - __ASSET_JOB - 7123862a-4bca-4e60-ba93-4be43a85c9b7 - 2475 - run_silver_clean_claims - LOADED_INPUT - Loaded input "run_bronze_claims" using input manager "io_manager", from output "result" of step "run_bronze_claims"
2026-02-21 00:14:13 +0000 - dagster - DEBUG - __ASSET_JOB - 7123862a-4bca-4e60-ba93-4be43a85c9b7 - 2475 - run_silver_clean_claims - STEP_INPUT - Got input "run_bronze_claims" of type "Any". (Type check passed).
2026-02-21 00:14:13,314 - src.core.utils - INFO - Starting operation: silver claims transformation
2026-02-21 00:14:13,315 - src.core.silver_clean_claims - INFO - Starting silver claims transformation
2026-02-21 00:14:13,315 - src.core.storage - INFO - Reading latest parquet file from bronze layer with prefix 'bronze_claims_' using local backend
2026-02-21 00:14:13,323 - src.core.storage - INFO - Successfully read 300 rows from local storage: /home/runner/work/dna-platform/dna-platform/data/bronze/bronze_claims_20260221T001409Z.parquet
2026-02-21 00:14:13,324 - src.core.utils - INFO - Bronze claims input: 300 rows, 11 columns
2026-02-21 00:14:13,328 - src.core.utils - INFO - Transformed silver claims: 300 rows, 11 columns
2026-02-21 00:14:13,329 - src.core.storage - INFO - Writing DataFrame to silver/silver_clean_claims_20260221T001413Z.parquet using local backend
2026-02-21 00:14:13,331 - src.core.storage - INFO - Successfully wrote 50 rows to local storage: /home/runner/work/dna-platform/dna-platform/data/silver/sample_silver_clean_claims_20260221T001413Z.parquet
2026-02-21 00:14:13,332 - src.core.storage - INFO - Successfully wrote 300 rows to local storage: /home/runner/work/dna-platform/dna-platform/data/silver/silver_clean_claims_20260221T001413Z.parquet
2026-02-21 00:14:13,333 - src.core.silver_clean_claims - INFO - Silver claims transformation completed: /home/runner/work/dna-platform/dna-platform/data/silver/silver_clean_claims_20260221T001413Z.parquet
2026-02-21 00:14:13,333 - src.core.utils - INFO - Completed operation 'silver claims transformation' in 0.02 seconds
2026-02-21 00:14:13 +0000 - dagster - DEBUG - __ASSET_JOB - 7123862a-4bca-4e60-ba93-4be43a85c9b7 - 2475 - run_silver_clean_claims - STEP_OUTPUT - Yielded output "result" of type "Any". (Type check passed).
2026-02-21 00:14:13 +0000 - dagster - DEBUG - __ASSET_JOB - 7123862a-4bca-4e60-ba93-4be43a85c9b7 - run_silver_clean_claims - Writing file at: /home/runner/work/dna-platform/dna-platform/.dagster/storage/run_silver_clean_claims using PickledObjectFilesystemIOManager...
2026-02-21 00:14:13 +0000 - dagster - DEBUG - __ASSET_JOB - 7123862a-4bca-4e60-ba93-4be43a85c9b7 - 2475 - run_silver_clean_claims - ASSET_MATERIALIZATION - Materialized value run_silver_clean_claims.
2026-02-21 00:14:13 +0000 - dagster - DEBUG - __ASSET_JOB - 7123862a-4bca-4e60-ba93-4be43a85c9b7 - 2475 - run_silver_clean_claims - HANDLED_OUTPUT - Handled output "result" using IO manager "io_manager"
2026-02-21 00:14:13 +0000 - dagster - DEBUG - __ASSET_JOB - 7123862a-4bca-4e60-ba93-4be43a85c9b7 - 2475 - run_silver_clean_claims - STEP_SUCCESS - Finished execution of step "run_silver_clean_claims" in 182ms.
