2026-02-21 00:14:12 +0000 - dagster - DEBUG - __ASSET_JOB - 7123862a-4bca-4e60-ba93-4be43a85c9b7 - 2473 - LOGS_CAPTURED - Started capturing logs in process (pid: 2473).
2026-02-21 00:14:13 +0000 - dagster - DEBUG - __ASSET_JOB - 7123862a-4bca-4e60-ba93-4be43a85c9b7 - 2473 - run_silver_clean_agents - STEP_START - Started execution of step "run_silver_clean_agents".
2026-02-21 00:14:13,022 - alembic.runtime.migration - INFO - Context impl SQLiteImpl.
2026-02-21 00:14:13,023 - alembic.runtime.migration - INFO - Will assume non-transactional DDL.
2026-02-21 00:14:13 +0000 - dagster - DEBUG - __ASSET_JOB - 7123862a-4bca-4e60-ba93-4be43a85c9b7 - run_silver_clean_agents - Loading file from: /home/runner/work/dna-platform/dna-platform/.dagster/storage/run_bronze_agents using PickledObjectFilesystemIOManager...
2026-02-21 00:14:13 +0000 - dagster - DEBUG - __ASSET_JOB - 7123862a-4bca-4e60-ba93-4be43a85c9b7 - 2473 - run_silver_clean_agents - LOADED_INPUT - Loaded input "run_bronze_agents" using input manager "io_manager", from output "result" of step "run_bronze_agents"
2026-02-21 00:14:13 +0000 - dagster - DEBUG - __ASSET_JOB - 7123862a-4bca-4e60-ba93-4be43a85c9b7 - 2473 - run_silver_clean_agents - STEP_INPUT - Got input "run_bronze_agents" of type "Any". (Type check passed).
2026-02-21 00:14:13,107 - src.core.utils - INFO - Starting operation: silver agents transformation
2026-02-21 00:14:13,108 - src.core.silver_clean_agents - INFO - Starting silver agents transformation
2026-02-21 00:14:13,108 - src.core.storage - INFO - Reading latest parquet file from bronze layer with prefix 'bronze_agents_' using local backend
2026-02-21 00:14:13,123 - src.core.storage - INFO - Successfully read 20 rows from local storage: /home/runner/work/dna-platform/dna-platform/data/bronze/bronze_agents_20260221T001409Z.parquet
2026-02-21 00:14:13,123 - src.core.utils - INFO - Bronze agents input: 20 rows, 12 columns
2026-02-21 00:14:13,128 - src.core.utils - INFO - Transformed silver agents: 20 rows, 12 columns
2026-02-21 00:14:13,129 - src.core.storage - INFO - Writing DataFrame to silver/silver_clean_agents_20260221T001413Z.parquet using local backend
2026-02-21 00:14:13,131 - src.core.storage - INFO - Successfully wrote 20 rows to local storage: /home/runner/work/dna-platform/dna-platform/data/silver/sample_silver_clean_agents_20260221T001413Z.parquet
2026-02-21 00:14:13,135 - src.core.storage - INFO - Successfully wrote 20 rows to local storage: /home/runner/work/dna-platform/dna-platform/data/silver/silver_clean_agents_20260221T001413Z.parquet
2026-02-21 00:14:13,135 - src.core.silver_clean_agents - INFO - Silver agents transformation completed: /home/runner/work/dna-platform/dna-platform/data/silver/silver_clean_agents_20260221T001413Z.parquet
2026-02-21 00:14:13,135 - src.core.utils - INFO - Completed operation 'silver agents transformation' in 0.03 seconds
2026-02-21 00:14:13 +0000 - dagster - DEBUG - __ASSET_JOB - 7123862a-4bca-4e60-ba93-4be43a85c9b7 - 2473 - run_silver_clean_agents - STEP_OUTPUT - Yielded output "result" of type "Any". (Type check passed).
2026-02-21 00:14:13 +0000 - dagster - DEBUG - __ASSET_JOB - 7123862a-4bca-4e60-ba93-4be43a85c9b7 - run_silver_clean_agents - Writing file at: /home/runner/work/dna-platform/dna-platform/.dagster/storage/run_silver_clean_agents using PickledObjectFilesystemIOManager...
2026-02-21 00:14:13 +0000 - dagster - DEBUG - __ASSET_JOB - 7123862a-4bca-4e60-ba93-4be43a85c9b7 - 2473 - run_silver_clean_agents - ASSET_MATERIALIZATION - Materialized value run_silver_clean_agents.
2026-02-21 00:14:13 +0000 - dagster - DEBUG - __ASSET_JOB - 7123862a-4bca-4e60-ba93-4be43a85c9b7 - 2473 - run_silver_clean_agents - HANDLED_OUTPUT - Handled output "result" using IO manager "io_manager"
2026-02-21 00:14:13 +0000 - dagster - DEBUG - __ASSET_JOB - 7123862a-4bca-4e60-ba93-4be43a85c9b7 - 2473 - run_silver_clean_agents - STEP_SUCCESS - Finished execution of step "run_silver_clean_agents" in 172ms.
