2026-02-18 20:35:34 +0100 - dagster - DEBUG - __ASSET_JOB - c5dbed3d-db64-4edf-b684-0bffbff28c6c - 36292 - LOGS_CAPTURED - Started capturing logs in process (pid: 36292).
2026-02-18 20:35:34 +0100 - dagster - DEBUG - __ASSET_JOB - c5dbed3d-db64-4edf-b684-0bffbff28c6c - 36292 - run_silver_clean_customers - STEP_START - Started execution of step "run_silver_clean_customers".
2026-02-18 20:35:34,926 - alembic.runtime.migration - INFO - Context impl SQLiteImpl.
2026-02-18 20:35:34,926 - alembic.runtime.migration - INFO - Will assume non-transactional DDL.
2026-02-18 20:35:34 +0100 - dagster - DEBUG - __ASSET_JOB - c5dbed3d-db64-4edf-b684-0bffbff28c6c - run_silver_clean_customers - Loading file from: /Users/taniskarigar/test-polster/dna-platform/.dagster/storage/run_bronze_customers using PickledObjectFilesystemIOManager...
2026-02-18 20:35:34 +0100 - dagster - DEBUG - __ASSET_JOB - c5dbed3d-db64-4edf-b684-0bffbff28c6c - 36292 - run_silver_clean_customers - LOADED_INPUT - Loaded input "run_bronze_customers" using input manager "io_manager", from output "result" of step "run_bronze_customers"
2026-02-18 20:35:34 +0100 - dagster - DEBUG - __ASSET_JOB - c5dbed3d-db64-4edf-b684-0bffbff28c6c - 36292 - run_silver_clean_customers - STEP_INPUT - Got input "run_bronze_customers" of type "Any". (Type check passed).
2026-02-18 20:35:34,961 - src.core.utils - INFO - Starting operation: silver customers transformation
2026-02-18 20:35:34,961 - src.core.silver_clean_customers - INFO - Starting silver customers transformation
2026-02-18 20:35:34,961 - src.core.storage - INFO - Reading latest parquet file from bronze layer with prefix 'bronze_customers_' using adls backend
2026-02-18 20:35:35,074 - azure.core.pipeline.policies.http_logging_policy - INFO - Request URL: 'https://woningmarktintelx9.dfs.core.windows.net/dna-platform-data?resource=REDACTED&directory=REDACTED&recursive=REDACTED'
Request method: 'GET'
Request headers:
    'x-ms-version': 'REDACTED'
    'Accept': 'application/json'
    'User-Agent': 'azsdk-python-storage-dfs/12.23.0 Python/3.14.2 (macOS-15.6.1-arm64-arm-64bit-Mach-O)'
    'x-ms-date': 'REDACTED'
    'x-ms-client-request-id': 'fec5f432-0d00-11f1-ac0f-765227f64d11'
    'Authorization': 'REDACTED'
No body was attached to the request
2026-02-18 20:35:35,233 - azure.core.pipeline.policies.http_logging_policy - INFO - Response status: 200
Response headers:
    'Transfer-Encoding': 'chunked'
    'Content-Type': 'application/json;charset=utf-8'
    'Server': 'Windows-Azure-HDFS/1.0 Microsoft-HTTPAPI/2.0'
    'x-ms-request-id': '635b643a-b01f-0005-540d-a1e8ea000000'
    'x-ms-version': 'REDACTED'
    'x-ms-client-request-id': 'fec5f432-0d00-11f1-ac0f-765227f64d11'
    'Date': 'Wed, 18 Feb 2026 19:35:34 GMT'
2026-02-18 20:35:35,236 - azure.core.pipeline.policies.http_logging_policy - INFO - Request URL: 'https://woningmarktintelx9.blob.core.windows.net/dna-platform-data/dna-platform/data/bronze/bronze_customers_20260218T193532Z.parquet'
Request method: 'GET'
Request headers:
    'x-ms-range': 'REDACTED'
    'x-ms-version': 'REDACTED'
    'Accept': 'application/xml'
    'User-Agent': 'azsdk-python-storage-dfs/12.23.0 Python/3.14.2 (macOS-15.6.1-arm64-arm-64bit-Mach-O)'
    'x-ms-date': 'REDACTED'
    'x-ms-client-request-id': 'fedeb94a-0d00-11f1-ac0f-765227f64d11'
    'Authorization': 'REDACTED'
No body was attached to the request
2026-02-18 20:35:35,394 - azure.core.pipeline.policies.http_logging_policy - INFO - Response status: 206
Response headers:
    'Content-Length': '10620'
    'Content-Type': 'application/octet-stream'
    'Content-Range': 'REDACTED'
    'Last-Modified': 'Wed, 18 Feb 2026 19:35:33 GMT'
    'Accept-Ranges': 'REDACTED'
    'ETag': '"0x8DE6F24E1FAD35C"'
    'Server': 'Windows-Azure-Blob/1.0 Microsoft-HTTPAPI/2.0'
    'x-ms-request-id': 'a773284d-401e-0063-3c0d-a1a7ca000000'
    'x-ms-client-request-id': 'fedeb94a-0d00-11f1-ac0f-765227f64d11'
    'x-ms-version': 'REDACTED'
    'x-ms-resource-type': 'REDACTED'
    'x-ms-creation-time': 'REDACTED'
    'x-ms-lease-status': 'REDACTED'
    'x-ms-lease-state': 'REDACTED'
    'x-ms-blob-type': 'REDACTED'
    'x-ms-server-encrypted': 'REDACTED'
    'x-ms-owner': 'REDACTED'
    'x-ms-group': 'REDACTED'
    'x-ms-permissions': 'REDACTED'
    'x-ms-acl': 'REDACTED'
    'Date': 'Wed, 18 Feb 2026 19:35:34 GMT'
2026-02-18 20:35:35,396 - src.core.storage - INFO - Successfully read 50 rows from ADLS: dna-platform/data/bronze/bronze_customers_20260218T193532Z.parquet
2026-02-18 20:35:35,397 - src.core.utils - INFO - Bronze customers input: 50 rows, 15 columns
2026-02-18 20:35:35,400 - src.core.utils - INFO - Transformed silver customers: 50 rows, 15 columns
2026-02-18 20:35:35,400 - src.core.storage - INFO - Writing DataFrame to silver/silver_clean_customers_20260218T193535Z.parquet using adls backend
2026-02-18 20:35:35,401 - src.core.storage - INFO - Writing DataFrame (50 rows, 16 columns) to ADLS: abfss://dna-platform-data@woningmarktintelx9.dfs.core.windows.net/dna-platform/data/silver/silver_clean_customers_20260218T193535Z.parquet
2026-02-18 20:35:35,402 - azure.core.pipeline.policies.http_logging_policy - INFO - Request URL: 'https://woningmarktintelx9.blob.core.windows.net/dna-platform-data?restype=REDACTED'
Request method: 'GET'
Request headers:
    'x-ms-version': 'REDACTED'
    'Accept': 'application/xml'
    'User-Agent': 'azsdk-python-storage-dfs/12.23.0 Python/3.14.2 (macOS-15.6.1-arm64-arm-64bit-Mach-O)'
    'x-ms-date': 'REDACTED'
    'x-ms-client-request-id': 'fef8081e-0d00-11f1-ac0f-765227f64d11'
    'Authorization': 'REDACTED'
No body was attached to the request
2026-02-18 20:35:35,564 - azure.core.pipeline.policies.http_logging_policy - INFO - Response status: 200
Response headers:
    'Content-Length': '0'
    'Last-Modified': 'Wed, 18 Feb 2026 19:12:05 GMT'
    'ETag': '"0x8DE6F219B11A707"'
    'Server': 'Windows-Azure-Blob/1.0 Microsoft-HTTPAPI/2.0'
    'x-ms-request-id': '5e35ae68-001e-0000-3c0d-a13a31000000'
    'x-ms-client-request-id': 'fef8081e-0d00-11f1-ac0f-765227f64d11'
    'x-ms-version': 'REDACTED'
    'x-ms-lease-status': 'REDACTED'
    'x-ms-lease-state': 'REDACTED'
    'x-ms-has-immutability-policy': 'REDACTED'
    'x-ms-has-legal-hold': 'REDACTED'
    'x-ms-immutable-storage-with-versioning-enabled': 'REDACTED'
    'x-ms-default-encryption-scope': 'REDACTED'
    'x-ms-deny-encryption-scope-override': 'REDACTED'
    'Date': 'Wed, 18 Feb 2026 19:35:34 GMT'
2026-02-18 20:35:35,565 - azure.core.pipeline.policies.http_logging_policy - INFO - Request URL: 'https://woningmarktintelx9.dfs.core.windows.net/dna-platform-data/dna-platform/data/silver?resource=REDACTED'
Request method: 'PUT'
Request headers:
    'x-ms-version': 'REDACTED'
    'Accept': 'application/json'
    'User-Agent': 'azsdk-python-storage-dfs/12.23.0 Python/3.14.2 (macOS-15.6.1-arm64-arm-64bit-Mach-O)'
    'x-ms-date': 'REDACTED'
    'x-ms-client-request-id': 'ff10d9f2-0d00-11f1-ac0f-765227f64d11'
    'Authorization': 'REDACTED'
No body was attached to the request
2026-02-18 20:35:35,722 - azure.core.pipeline.policies.http_logging_policy - INFO - Response status: 201
Response headers:
    'Last-Modified': 'Wed, 18 Feb 2026 19:35:35 GMT'
    'ETag': '"0x8DE6F24E3671AE4"'
    'Server': 'Windows-Azure-HDFS/1.0 Microsoft-HTTPAPI/2.0'
    'x-ms-request-server-encrypted': 'REDACTED'
    'x-ms-request-id': 'b1aa51e3-c01f-0042-3b0d-a183b1000000'
    'x-ms-version': 'REDACTED'
    'x-ms-client-request-id': 'ff10d9f2-0d00-11f1-ac0f-765227f64d11'
    'Date': 'Wed, 18 Feb 2026 19:35:35 GMT'
    'Content-Length': '0'
2026-02-18 20:35:35,723 - azure.core.pipeline.policies.http_logging_policy - INFO - Request URL: 'https://woningmarktintelx9.dfs.core.windows.net/dna-platform-data/dna-platform/data/silver/silver_clean_customers_20260218T193535Z.parquet?resource=REDACTED'
Request method: 'PUT'
Request headers:
    'x-ms-version': 'REDACTED'
    'Accept': 'application/json'
    'User-Agent': 'azsdk-python-storage-dfs/12.23.0 Python/3.14.2 (macOS-15.6.1-arm64-arm-64bit-Mach-O)'
    'x-ms-date': 'REDACTED'
    'x-ms-client-request-id': 'ff28f3b6-0d00-11f1-ac0f-765227f64d11'
    'Authorization': 'REDACTED'
No body was attached to the request
2026-02-18 20:35:35,765 - azure.core.pipeline.policies.http_logging_policy - INFO - Response status: 201
Response headers:
    'Last-Modified': 'Wed, 18 Feb 2026 19:35:35 GMT'
    'ETag': '"0x8DE6F24E36BA4E8"'
    'Server': 'Windows-Azure-HDFS/1.0 Microsoft-HTTPAPI/2.0'
    'x-ms-request-server-encrypted': 'REDACTED'
    'x-ms-request-id': 'b1aa51f2-c01f-0042-4a0d-a183b1000000'
    'x-ms-version': 'REDACTED'
    'x-ms-client-request-id': 'ff28f3b6-0d00-11f1-ac0f-765227f64d11'
    'Date': 'Wed, 18 Feb 2026 19:35:35 GMT'
    'Content-Length': '0'
2026-02-18 20:35:35,765 - azure.core.pipeline.policies.http_logging_policy - INFO - Request URL: 'https://woningmarktintelx9.dfs.core.windows.net/dna-platform-data/dna-platform/data/silver/silver_clean_customers_20260218T193535Z.parquet?action=REDACTED&position=REDACTED'
Request method: 'PATCH'
Request headers:
    'Content-Length': '10980'
    'x-ms-version': 'REDACTED'
    'Content-Type': 'application/json'
    'Accept': 'application/json'
    'User-Agent': 'azsdk-python-storage-dfs/12.23.0 Python/3.14.2 (macOS-15.6.1-arm64-arm-64bit-Mach-O)'
    'x-ms-date': 'REDACTED'
    'x-ms-client-request-id': 'ff2f740c-0d00-11f1-ac0f-765227f64d11'
    'Authorization': 'REDACTED'
A body is sent with the request
2026-02-18 20:35:35,800 - azure.core.pipeline.policies.http_logging_policy - INFO - Response status: 202
Response headers:
    'Server': 'Windows-Azure-HDFS/1.0 Microsoft-HTTPAPI/2.0'
    'x-ms-request-server-encrypted': 'REDACTED'
    'x-ms-request-id': 'b1aa51ff-c01f-0042-570d-a183b1000000'
    'x-ms-version': 'REDACTED'
    'x-ms-client-request-id': 'ff2f740c-0d00-11f1-ac0f-765227f64d11'
    'Date': 'Wed, 18 Feb 2026 19:35:35 GMT'
    'Content-Length': '0'
2026-02-18 20:35:35,801 - azure.core.pipeline.policies.http_logging_policy - INFO - Request URL: 'https://woningmarktintelx9.dfs.core.windows.net/dna-platform-data/dna-platform/data/silver/silver_clean_customers_20260218T193535Z.parquet?action=REDACTED&position=REDACTED&close=REDACTED'
Request method: 'PATCH'
Request headers:
    'If-Match': '"0x8DE6F24E36BA4E8"'
    'x-ms-version': 'REDACTED'
    'Accept': 'application/json'
    'User-Agent': 'azsdk-python-storage-dfs/12.23.0 Python/3.14.2 (macOS-15.6.1-arm64-arm-64bit-Mach-O)'
    'x-ms-date': 'REDACTED'
    'x-ms-client-request-id': 'ff34e072-0d00-11f1-ac0f-765227f64d11'
    'Authorization': 'REDACTED'
No body was attached to the request
2026-02-18 20:35:35,858 - azure.core.pipeline.policies.http_logging_policy - INFO - Response status: 200
Response headers:
    'Last-Modified': 'Wed, 18 Feb 2026 19:35:35 GMT'
    'ETag': '"0x8DE6F24E37A4930"'
    'Server': 'Windows-Azure-HDFS/1.0 Microsoft-HTTPAPI/2.0'
    'x-ms-request-server-encrypted': 'REDACTED'
    'x-ms-request-id': 'b1aa520b-c01f-0042-630d-a183b1000000'
    'x-ms-version': 'REDACTED'
    'x-ms-client-request-id': 'ff34e072-0d00-11f1-ac0f-765227f64d11'
    'Date': 'Wed, 18 Feb 2026 19:35:35 GMT'
    'Content-Length': '0'
2026-02-18 20:35:35,858 - src.core.storage - INFO - Successfully uploaded 0 bytes to ADLS: abfss://dna-platform-data@woningmarktintelx9.dfs.core.windows.net/dna-platform/data/silver/silver_clean_customers_20260218T193535Z.parquet
2026-02-18 20:35:35,860 - src.core.storage - INFO - ADLS write successful: abfss://dna-platform-data@woningmarktintelx9.dfs.core.windows.net/dna-platform/data/silver/silver_clean_customers_20260218T193535Z.parquet
2026-02-18 20:35:35,861 - src.core.storage - INFO - Successfully wrote 50 rows to local storage: /Users/taniskarigar/test-polster/dna-platform/data/silver/sample_silver_clean_customers_20260218T193535Z.parquet
2026-02-18 20:35:35,861 - src.core.silver_clean_customers - INFO - Silver customers transformation completed: abfss://dna-platform-data@woningmarktintelx9.dfs.core.windows.net/dna-platform/data/silver/silver_clean_customers_20260218T193535Z.parquet
2026-02-18 20:35:35,861 - src.core.utils - INFO - Completed operation 'silver customers transformation' in 0.90 seconds
2026-02-18 20:35:35 +0100 - dagster - DEBUG - __ASSET_JOB - c5dbed3d-db64-4edf-b684-0bffbff28c6c - 36292 - run_silver_clean_customers - STEP_OUTPUT - Yielded output "result" of type "Any". (Type check passed).
2026-02-18 20:35:35 +0100 - dagster - DEBUG - __ASSET_JOB - c5dbed3d-db64-4edf-b684-0bffbff28c6c - run_silver_clean_customers - Writing file at: /Users/taniskarigar/test-polster/dna-platform/.dagster/storage/run_silver_clean_customers using PickledObjectFilesystemIOManager...
2026-02-18 20:35:35 +0100 - dagster - DEBUG - __ASSET_JOB - c5dbed3d-db64-4edf-b684-0bffbff28c6c - 36292 - run_silver_clean_customers - ASSET_MATERIALIZATION - Materialized value run_silver_clean_customers.
2026-02-18 20:35:35 +0100 - dagster - DEBUG - __ASSET_JOB - c5dbed3d-db64-4edf-b684-0bffbff28c6c - 36292 - run_silver_clean_customers - HANDLED_OUTPUT - Handled output "result" using IO manager "io_manager"
2026-02-18 20:35:35 +0100 - dagster - DEBUG - __ASSET_JOB - c5dbed3d-db64-4edf-b684-0bffbff28c6c - 36292 - run_silver_clean_customers - STEP_SUCCESS - Finished execution of step "run_silver_clean_customers" in 956ms.
