2026-02-18 20:35:32 +0100 - dagster - DEBUG - __ASSET_JOB - c5dbed3d-db64-4edf-b684-0bffbff28c6c - 36235 - LOGS_CAPTURED - Started capturing logs in process (pid: 36235).
2026-02-18 20:35:32 +0100 - dagster - DEBUG - __ASSET_JOB - c5dbed3d-db64-4edf-b684-0bffbff28c6c - 36235 - run_bronze_payments - STEP_START - Started execution of step "run_bronze_payments".
2026-02-18 20:35:32,450 - src.core.utils - INFO - Starting operation: bronze payments extraction
2026-02-18 20:35:32,450 - src.core.bronze_payments - INFO - Starting bronze payments extraction
2026-02-18 20:35:32,456 - src.core.utils - INFO - Bronze payments output: 100 rows, 10 columns
2026-02-18 20:35:32,457 - src.core.storage - INFO - Writing DataFrame to bronze/bronze_payments_20260218T193532Z.parquet using adls backend
2026-02-18 20:35:32,457 - src.core.storage - INFO - Writing DataFrame (100 rows, 10 columns) to ADLS: abfss://dna-platform-data@woningmarktintelx9.dfs.core.windows.net/dna-platform/data/bronze/bronze_payments_20260218T193532Z.parquet
2026-02-18 20:35:32,620 - azure.core.pipeline.policies.http_logging_policy - INFO - Request URL: 'https://woningmarktintelx9.blob.core.windows.net/dna-platform-data?restype=REDACTED'
Request method: 'GET'
Request headers:
    'x-ms-version': 'REDACTED'
    'Accept': 'application/xml'
    'User-Agent': 'azsdk-python-storage-dfs/12.23.0 Python/3.14.2 (macOS-15.6.1-arm64-arm-64bit-Mach-O)'
    'x-ms-date': 'REDACTED'
    'x-ms-client-request-id': 'fd4f7218-0d00-11f1-8eed-765227f64d11'
    'Authorization': 'REDACTED'
No body was attached to the request
2026-02-18 20:35:32,815 - azure.core.pipeline.policies.http_logging_policy - INFO - Response status: 200
Response headers:
    'Content-Length': '0'
    'Last-Modified': 'Wed, 18 Feb 2026 19:12:05 GMT'
    'ETag': '"0x8DE6F219B11A707"'
    'Server': 'Windows-Azure-Blob/1.0 Microsoft-HTTPAPI/2.0'
    'x-ms-request-id': '5a66501c-301e-0069-0b0d-a1037d000000'
    'x-ms-client-request-id': 'fd4f7218-0d00-11f1-8eed-765227f64d11'
    'x-ms-version': 'REDACTED'
    'x-ms-lease-status': 'REDACTED'
    'x-ms-lease-state': 'REDACTED'
    'x-ms-has-immutability-policy': 'REDACTED'
    'x-ms-has-legal-hold': 'REDACTED'
    'x-ms-immutable-storage-with-versioning-enabled': 'REDACTED'
    'x-ms-default-encryption-scope': 'REDACTED'
    'x-ms-deny-encryption-scope-override': 'REDACTED'
    'Date': 'Wed, 18 Feb 2026 19:35:32 GMT'
2026-02-18 20:35:32,816 - azure.core.pipeline.policies.http_logging_policy - INFO - Request URL: 'https://woningmarktintelx9.dfs.core.windows.net/dna-platform-data/dna-platform/data/bronze?resource=REDACTED'
Request method: 'PUT'
Request headers:
    'x-ms-version': 'REDACTED'
    'Accept': 'application/json'
    'User-Agent': 'azsdk-python-storage-dfs/12.23.0 Python/3.14.2 (macOS-15.6.1-arm64-arm-64bit-Mach-O)'
    'x-ms-date': 'REDACTED'
    'x-ms-client-request-id': 'fd6d788a-0d00-11f1-8eed-765227f64d11'
    'Authorization': 'REDACTED'
No body was attached to the request
2026-02-18 20:35:33,161 - azure.core.pipeline.policies.http_logging_policy - INFO - Response status: 201
Response headers:
    'Last-Modified': 'Wed, 18 Feb 2026 19:35:33 GMT'
    'ETag': '"0x8DE6F24E1E04250"'
    'Server': 'Windows-Azure-HDFS/1.0 Microsoft-HTTPAPI/2.0'
    'x-ms-request-server-encrypted': 'REDACTED'
    'x-ms-request-id': '29c917a9-901f-0060-5f0d-a146ae000000'
    'x-ms-version': 'REDACTED'
    'x-ms-client-request-id': 'fd6d788a-0d00-11f1-8eed-765227f64d11'
    'Date': 'Wed, 18 Feb 2026 19:35:32 GMT'
    'Content-Length': '0'
2026-02-18 20:35:33,161 - azure.core.pipeline.policies.http_logging_policy - INFO - Request URL: 'https://woningmarktintelx9.dfs.core.windows.net/dna-platform-data/dna-platform/data/bronze/bronze_payments_20260218T193532Z.parquet?resource=REDACTED'
Request method: 'PUT'
Request headers:
    'x-ms-version': 'REDACTED'
    'Accept': 'application/json'
    'User-Agent': 'azsdk-python-storage-dfs/12.23.0 Python/3.14.2 (macOS-15.6.1-arm64-arm-64bit-Mach-O)'
    'x-ms-date': 'REDACTED'
    'x-ms-client-request-id': 'fda22008-0d00-11f1-8eed-765227f64d11'
    'Authorization': 'REDACTED'
No body was attached to the request
2026-02-18 20:35:33,205 - azure.core.pipeline.policies.http_logging_policy - INFO - Response status: 201
Response headers:
    'Last-Modified': 'Wed, 18 Feb 2026 19:35:33 GMT'
    'ETag': '"0x8DE6F24E1E5FFA8"'
    'Server': 'Windows-Azure-HDFS/1.0 Microsoft-HTTPAPI/2.0'
    'x-ms-request-server-encrypted': 'REDACTED'
    'x-ms-request-id': '29c917c5-901f-0060-7a0d-a146ae000000'
    'x-ms-version': 'REDACTED'
    'x-ms-client-request-id': 'fda22008-0d00-11f1-8eed-765227f64d11'
    'Date': 'Wed, 18 Feb 2026 19:35:32 GMT'
    'Content-Length': '0'
2026-02-18 20:35:33,206 - azure.core.pipeline.policies.http_logging_policy - INFO - Request URL: 'https://woningmarktintelx9.dfs.core.windows.net/dna-platform-data/dna-platform/data/bronze/bronze_payments_20260218T193532Z.parquet?action=REDACTED&position=REDACTED'
Request method: 'PATCH'
Request headers:
    'Content-Length': '8238'
    'x-ms-version': 'REDACTED'
    'Content-Type': 'application/json'
    'Accept': 'application/json'
    'User-Agent': 'azsdk-python-storage-dfs/12.23.0 Python/3.14.2 (macOS-15.6.1-arm64-arm-64bit-Mach-O)'
    'x-ms-date': 'REDACTED'
    'x-ms-client-request-id': 'fda8e2ee-0d00-11f1-8eed-765227f64d11'
    'Authorization': 'REDACTED'
A body is sent with the request
2026-02-18 20:35:33,246 - azure.core.pipeline.policies.http_logging_policy - INFO - Response status: 202
Response headers:
    'Server': 'Windows-Azure-HDFS/1.0 Microsoft-HTTPAPI/2.0'
    'x-ms-request-server-encrypted': 'REDACTED'
    'x-ms-request-id': '29c917d0-901f-0060-050d-a146ae000000'
    'x-ms-version': 'REDACTED'
    'x-ms-client-request-id': 'fda8e2ee-0d00-11f1-8eed-765227f64d11'
    'Date': 'Wed, 18 Feb 2026 19:35:32 GMT'
    'Content-Length': '0'
2026-02-18 20:35:33,248 - azure.core.pipeline.policies.http_logging_policy - INFO - Request URL: 'https://woningmarktintelx9.dfs.core.windows.net/dna-platform-data/dna-platform/data/bronze/bronze_payments_20260218T193532Z.parquet?action=REDACTED&position=REDACTED&close=REDACTED'
Request method: 'PATCH'
Request headers:
    'If-Match': '"0x8DE6F24E1E5FFA8"'
    'x-ms-version': 'REDACTED'
    'Accept': 'application/json'
    'User-Agent': 'azsdk-python-storage-dfs/12.23.0 Python/3.14.2 (macOS-15.6.1-arm64-arm-64bit-Mach-O)'
    'x-ms-date': 'REDACTED'
    'x-ms-client-request-id': 'fdaf4abc-0d00-11f1-8eed-765227f64d11'
    'Authorization': 'REDACTED'
No body was attached to the request
2026-02-18 20:35:33,326 - azure.core.pipeline.policies.http_logging_policy - INFO - Response status: 200
Response headers:
    'Last-Modified': 'Wed, 18 Feb 2026 19:35:33 GMT'
    'ETag': '"0x8DE6F24E1F5DBB0"'
    'Server': 'Windows-Azure-HDFS/1.0 Microsoft-HTTPAPI/2.0'
    'x-ms-request-server-encrypted': 'REDACTED'
    'x-ms-request-id': '29c917d8-901f-0060-0d0d-a146ae000000'
    'x-ms-version': 'REDACTED'
    'x-ms-client-request-id': 'fdaf4abc-0d00-11f1-8eed-765227f64d11'
    'Date': 'Wed, 18 Feb 2026 19:35:32 GMT'
    'Content-Length': '0'
2026-02-18 20:35:33,327 - src.core.storage - INFO - Successfully uploaded 0 bytes to ADLS: abfss://dna-platform-data@woningmarktintelx9.dfs.core.windows.net/dna-platform/data/bronze/bronze_payments_20260218T193532Z.parquet
2026-02-18 20:35:33,340 - src.core.storage - INFO - ADLS write successful: abfss://dna-platform-data@woningmarktintelx9.dfs.core.windows.net/dna-platform/data/bronze/bronze_payments_20260218T193532Z.parquet
2026-02-18 20:35:33,345 - src.core.storage - INFO - Successfully wrote 50 rows to local storage: /Users/taniskarigar/test-polster/dna-platform/data/bronze/sample_bronze_payments_20260218T193532Z.parquet
2026-02-18 20:35:33,345 - src.core.bronze_payments - INFO - Bronze payments extraction completed: abfss://dna-platform-data@woningmarktintelx9.dfs.core.windows.net/dna-platform/data/bronze/bronze_payments_20260218T193532Z.parquet
2026-02-18 20:35:33,345 - src.core.utils - INFO - Completed operation 'bronze payments extraction' in 0.90 seconds
2026-02-18 20:35:33 +0100 - dagster - DEBUG - __ASSET_JOB - c5dbed3d-db64-4edf-b684-0bffbff28c6c - 36235 - run_bronze_payments - STEP_OUTPUT - Yielded output "result" of type "Any". (Type check passed).
2026-02-18 20:35:33 +0100 - dagster - DEBUG - __ASSET_JOB - c5dbed3d-db64-4edf-b684-0bffbff28c6c - run_bronze_payments - Writing file at: /Users/taniskarigar/test-polster/dna-platform/.dagster/storage/run_bronze_payments using PickledObjectFilesystemIOManager...
2026-02-18 20:35:33,379 - alembic.runtime.migration - INFO - Context impl SQLiteImpl.
2026-02-18 20:35:33,379 - alembic.runtime.migration - INFO - Will assume non-transactional DDL.
2026-02-18 20:35:33 +0100 - dagster - DEBUG - __ASSET_JOB - c5dbed3d-db64-4edf-b684-0bffbff28c6c - 36235 - run_bronze_payments - ASSET_MATERIALIZATION - Materialized value run_bronze_payments.
2026-02-18 20:35:33 +0100 - dagster - DEBUG - __ASSET_JOB - c5dbed3d-db64-4edf-b684-0bffbff28c6c - 36235 - run_bronze_payments - HANDLED_OUTPUT - Handled output "result" using IO manager "io_manager"
2026-02-18 20:35:33 +0100 - dagster - DEBUG - __ASSET_JOB - c5dbed3d-db64-4edf-b684-0bffbff28c6c - 36235 - run_bronze_payments - STEP_SUCCESS - Finished execution of step "run_bronze_payments" in 973ms.
