2026-02-18 20:35:32 +0100 - dagster - DEBUG - __ASSET_JOB - c5dbed3d-db64-4edf-b684-0bffbff28c6c - 36233 - LOGS_CAPTURED - Started capturing logs in process (pid: 36233).
2026-02-18 20:35:32 +0100 - dagster - DEBUG - __ASSET_JOB - c5dbed3d-db64-4edf-b684-0bffbff28c6c - 36233 - run_bronze_claims - STEP_START - Started execution of step "run_bronze_claims".
2026-02-18 20:35:32,372 - src.core.utils - INFO - Starting operation: bronze claims extraction
2026-02-18 20:35:32,372 - src.core.bronze_claims - INFO - Starting bronze claims extraction
2026-02-18 20:35:32,393 - src.core.utils - INFO - Bronze claims output: 30 rows, 11 columns
2026-02-18 20:35:32,395 - src.core.storage - INFO - Writing DataFrame to bronze/bronze_claims_20260218T193532Z.parquet using adls backend
2026-02-18 20:35:32,395 - src.core.storage - INFO - Writing DataFrame (30 rows, 11 columns) to ADLS: abfss://dna-platform-data@woningmarktintelx9.dfs.core.windows.net/dna-platform/data/bronze/bronze_claims_20260218T193532Z.parquet
2026-02-18 20:35:32,622 - azure.core.pipeline.policies.http_logging_policy - INFO - Request URL: 'https://woningmarktintelx9.blob.core.windows.net/dna-platform-data?restype=REDACTED'
Request method: 'GET'
Request headers:
    'x-ms-version': 'REDACTED'
    'Accept': 'application/xml'
    'User-Agent': 'azsdk-python-storage-dfs/12.23.0 Python/3.14.2 (macOS-15.6.1-arm64-arm-64bit-Mach-O)'
    'x-ms-date': 'REDACTED'
    'x-ms-client-request-id': 'fd4fb8d6-0d00-11f1-b372-765227f64d11'
    'Authorization': 'REDACTED'
No body was attached to the request
2026-02-18 20:35:32,820 - azure.core.pipeline.policies.http_logging_policy - INFO - Response status: 200
Response headers:
    'Content-Length': '0'
    'Last-Modified': 'Wed, 18 Feb 2026 19:12:05 GMT'
    'ETag': '"0x8DE6F219B11A707"'
    'Server': 'Windows-Azure-Blob/1.0 Microsoft-HTTPAPI/2.0'
    'x-ms-request-id': '0d5f44b8-f01e-002b-190d-a1bafd000000'
    'x-ms-client-request-id': 'fd4fb8d6-0d00-11f1-b372-765227f64d11'
    'x-ms-version': 'REDACTED'
    'x-ms-lease-status': 'REDACTED'
    'x-ms-lease-state': 'REDACTED'
    'x-ms-has-immutability-policy': 'REDACTED'
    'x-ms-has-legal-hold': 'REDACTED'
    'x-ms-immutable-storage-with-versioning-enabled': 'REDACTED'
    'x-ms-default-encryption-scope': 'REDACTED'
    'x-ms-deny-encryption-scope-override': 'REDACTED'
    'Date': 'Wed, 18 Feb 2026 19:35:32 GMT'
2026-02-18 20:35:32,821 - azure.core.pipeline.policies.http_logging_policy - INFO - Request URL: 'https://woningmarktintelx9.dfs.core.windows.net/dna-platform-data/dna-platform/data/bronze?resource=REDACTED'
Request method: 'PUT'
Request headers:
    'x-ms-version': 'REDACTED'
    'Accept': 'application/json'
    'User-Agent': 'azsdk-python-storage-dfs/12.23.0 Python/3.14.2 (macOS-15.6.1-arm64-arm-64bit-Mach-O)'
    'x-ms-date': 'REDACTED'
    'x-ms-client-request-id': 'fd6e3be4-0d00-11f1-b372-765227f64d11'
    'Authorization': 'REDACTED'
No body was attached to the request
2026-02-18 20:35:33,147 - azure.core.pipeline.policies.http_logging_policy - INFO - Response status: 201
Response headers:
    'Last-Modified': 'Wed, 18 Feb 2026 19:35:33 GMT'
    'ETag': '"0x8DE6F24E1DE104C"'
    'Server': 'Windows-Azure-HDFS/1.0 Microsoft-HTTPAPI/2.0'
    'x-ms-request-server-encrypted': 'REDACTED'
    'x-ms-request-id': '688d26c2-001f-0010-6b0d-a1ff59000000'
    'x-ms-version': 'REDACTED'
    'x-ms-client-request-id': 'fd6e3be4-0d00-11f1-b372-765227f64d11'
    'Date': 'Wed, 18 Feb 2026 19:35:32 GMT'
    'Content-Length': '0'
2026-02-18 20:35:33,148 - azure.core.pipeline.policies.http_logging_policy - INFO - Request URL: 'https://woningmarktintelx9.dfs.core.windows.net/dna-platform-data/dna-platform/data/bronze/bronze_claims_20260218T193532Z.parquet?resource=REDACTED'
Request method: 'PUT'
Request headers:
    'x-ms-version': 'REDACTED'
    'Accept': 'application/json'
    'User-Agent': 'azsdk-python-storage-dfs/12.23.0 Python/3.14.2 (macOS-15.6.1-arm64-arm-64bit-Mach-O)'
    'x-ms-date': 'REDACTED'
    'x-ms-client-request-id': 'fda00dd6-0d00-11f1-b372-765227f64d11'
    'Authorization': 'REDACTED'
No body was attached to the request
2026-02-18 20:35:33,189 - azure.core.pipeline.policies.http_logging_policy - INFO - Response status: 201
Response headers:
    'Last-Modified': 'Wed, 18 Feb 2026 19:35:33 GMT'
    'ETag': '"0x8DE6F24E1E41BD8"'
    'Server': 'Windows-Azure-HDFS/1.0 Microsoft-HTTPAPI/2.0'
    'x-ms-request-server-encrypted': 'REDACTED'
    'x-ms-request-id': '688d26e3-001f-0010-0b0d-a1ff59000000'
    'x-ms-version': 'REDACTED'
    'x-ms-client-request-id': 'fda00dd6-0d00-11f1-b372-765227f64d11'
    'Date': 'Wed, 18 Feb 2026 19:35:32 GMT'
    'Content-Length': '0'
2026-02-18 20:35:33,190 - azure.core.pipeline.policies.http_logging_policy - INFO - Request URL: 'https://woningmarktintelx9.dfs.core.windows.net/dna-platform-data/dna-platform/data/bronze/bronze_claims_20260218T193532Z.parquet?action=REDACTED&position=REDACTED'
Request method: 'PATCH'
Request headers:
    'Content-Length': '7290'
    'x-ms-version': 'REDACTED'
    'Content-Type': 'application/json'
    'Accept': 'application/json'
    'User-Agent': 'azsdk-python-storage-dfs/12.23.0 Python/3.14.2 (macOS-15.6.1-arm64-arm-64bit-Mach-O)'
    'x-ms-date': 'REDACTED'
    'x-ms-client-request-id': 'fda67ef0-0d00-11f1-b372-765227f64d11'
    'Authorization': 'REDACTED'
A body is sent with the request
2026-02-18 20:35:33,225 - azure.core.pipeline.policies.http_logging_policy - INFO - Response status: 202
Response headers:
    'Server': 'Windows-Azure-HDFS/1.0 Microsoft-HTTPAPI/2.0'
    'x-ms-request-server-encrypted': 'REDACTED'
    'x-ms-request-id': '688d26e7-001f-0010-0f0d-a1ff59000000'
    'x-ms-version': 'REDACTED'
    'x-ms-client-request-id': 'fda67ef0-0d00-11f1-b372-765227f64d11'
    'Date': 'Wed, 18 Feb 2026 19:35:32 GMT'
    'Content-Length': '0'
2026-02-18 20:35:33,225 - azure.core.pipeline.policies.http_logging_policy - INFO - Request URL: 'https://woningmarktintelx9.dfs.core.windows.net/dna-platform-data/dna-platform/data/bronze/bronze_claims_20260218T193532Z.parquet?action=REDACTED&position=REDACTED&close=REDACTED'
Request method: 'PATCH'
Request headers:
    'If-Match': '"0x8DE6F24E1E41BD8"'
    'x-ms-version': 'REDACTED'
    'Accept': 'application/json'
    'User-Agent': 'azsdk-python-storage-dfs/12.23.0 Python/3.14.2 (macOS-15.6.1-arm64-arm-64bit-Mach-O)'
    'x-ms-date': 'REDACTED'
    'x-ms-client-request-id': 'fdabddd2-0d00-11f1-b372-765227f64d11'
    'Authorization': 'REDACTED'
No body was attached to the request
2026-02-18 20:35:33,284 - azure.core.pipeline.policies.http_logging_policy - INFO - Response status: 200
Response headers:
    'Last-Modified': 'Wed, 18 Feb 2026 19:35:33 GMT'
    'ETag': '"0x8DE6F24E1F2A898"'
    'Server': 'Windows-Azure-HDFS/1.0 Microsoft-HTTPAPI/2.0'
    'x-ms-request-server-encrypted': 'REDACTED'
    'x-ms-request-id': '688d26ee-001f-0010-160d-a1ff59000000'
    'x-ms-version': 'REDACTED'
    'x-ms-client-request-id': 'fdabddd2-0d00-11f1-b372-765227f64d11'
    'Date': 'Wed, 18 Feb 2026 19:35:32 GMT'
    'Content-Length': '0'
2026-02-18 20:35:33,284 - src.core.storage - INFO - Successfully uploaded 0 bytes to ADLS: abfss://dna-platform-data@woningmarktintelx9.dfs.core.windows.net/dna-platform/data/bronze/bronze_claims_20260218T193532Z.parquet
2026-02-18 20:35:33,289 - src.core.storage - INFO - ADLS write successful: abfss://dna-platform-data@woningmarktintelx9.dfs.core.windows.net/dna-platform/data/bronze/bronze_claims_20260218T193532Z.parquet
2026-02-18 20:35:33,300 - src.core.storage - INFO - Successfully wrote 30 rows to local storage: /Users/taniskarigar/test-polster/dna-platform/data/bronze/sample_bronze_claims_20260218T193532Z.parquet
2026-02-18 20:35:33,300 - src.core.bronze_claims - INFO - Bronze claims extraction completed: abfss://dna-platform-data@woningmarktintelx9.dfs.core.windows.net/dna-platform/data/bronze/bronze_claims_20260218T193532Z.parquet
2026-02-18 20:35:33,301 - src.core.utils - INFO - Completed operation 'bronze claims extraction' in 0.93 seconds
2026-02-18 20:35:33 +0100 - dagster - DEBUG - __ASSET_JOB - c5dbed3d-db64-4edf-b684-0bffbff28c6c - 36233 - run_bronze_claims - STEP_OUTPUT - Yielded output "result" of type "Any". (Type check passed).
2026-02-18 20:35:33 +0100 - dagster - DEBUG - __ASSET_JOB - c5dbed3d-db64-4edf-b684-0bffbff28c6c - run_bronze_claims - Writing file at: /Users/taniskarigar/test-polster/dna-platform/.dagster/storage/run_bronze_claims using PickledObjectFilesystemIOManager...
2026-02-18 20:35:33,373 - alembic.runtime.migration - INFO - Context impl SQLiteImpl.
2026-02-18 20:35:33,373 - alembic.runtime.migration - INFO - Will assume non-transactional DDL.
2026-02-18 20:35:33 +0100 - dagster - DEBUG - __ASSET_JOB - c5dbed3d-db64-4edf-b684-0bffbff28c6c - 36233 - run_bronze_claims - ASSET_MATERIALIZATION - Materialized value run_bronze_claims.
2026-02-18 20:35:33 +0100 - dagster - DEBUG - __ASSET_JOB - c5dbed3d-db64-4edf-b684-0bffbff28c6c - 36233 - run_bronze_claims - HANDLED_OUTPUT - Handled output "result" using IO manager "io_manager"
2026-02-18 20:35:33 +0100 - dagster - DEBUG - __ASSET_JOB - c5dbed3d-db64-4edf-b684-0bffbff28c6c - 36233 - run_bronze_claims - STEP_SUCCESS - Finished execution of step "run_bronze_claims" in 1.04s.
