2026-02-18 20:35:34 +0100 - dagster - DEBUG - __ASSET_JOB - c5dbed3d-db64-4edf-b684-0bffbff28c6c - 36293 - LOGS_CAPTURED - Started capturing logs in process (pid: 36293).
2026-02-18 20:35:34 +0100 - dagster - DEBUG - __ASSET_JOB - c5dbed3d-db64-4edf-b684-0bffbff28c6c - 36293 - run_silver_clean_payments - STEP_START - Started execution of step "run_silver_clean_payments".
2026-02-18 20:35:34,964 - alembic.runtime.migration - INFO - Context impl SQLiteImpl.
2026-02-18 20:35:34,964 - alembic.runtime.migration - INFO - Will assume non-transactional DDL.
2026-02-18 20:35:34 +0100 - dagster - DEBUG - __ASSET_JOB - c5dbed3d-db64-4edf-b684-0bffbff28c6c - run_silver_clean_payments - Loading file from: /Users/taniskarigar/test-polster/dna-platform/.dagster/storage/run_bronze_payments using PickledObjectFilesystemIOManager...
2026-02-18 20:35:35 +0100 - dagster - DEBUG - __ASSET_JOB - c5dbed3d-db64-4edf-b684-0bffbff28c6c - 36293 - run_silver_clean_payments - LOADED_INPUT - Loaded input "run_bronze_payments" using input manager "io_manager", from output "result" of step "run_bronze_payments"
2026-02-18 20:35:35 +0100 - dagster - DEBUG - __ASSET_JOB - c5dbed3d-db64-4edf-b684-0bffbff28c6c - 36293 - run_silver_clean_payments - STEP_INPUT - Got input "run_bronze_payments" of type "Any". (Type check passed).
2026-02-18 20:35:35,003 - src.core.utils - INFO - Starting operation: silver payments transformation
2026-02-18 20:35:35,003 - src.core.silver_clean_payments - INFO - Starting silver payments transformation
2026-02-18 20:35:35,003 - src.core.storage - INFO - Reading latest parquet file from bronze layer with prefix 'bronze_payments_' using adls backend
2026-02-18 20:35:35,109 - azure.core.pipeline.policies.http_logging_policy - INFO - Request URL: 'https://woningmarktintelx9.dfs.core.windows.net/dna-platform-data?resource=REDACTED&directory=REDACTED&recursive=REDACTED'
Request method: 'GET'
Request headers:
    'x-ms-version': 'REDACTED'
    'Accept': 'application/json'
    'User-Agent': 'azsdk-python-storage-dfs/12.23.0 Python/3.14.2 (macOS-15.6.1-arm64-arm-64bit-Mach-O)'
    'x-ms-date': 'REDACTED'
    'x-ms-client-request-id': 'fecb4f4a-0d00-11f1-b342-765227f64d11'
    'Authorization': 'REDACTED'
No body was attached to the request
2026-02-18 20:35:35,273 - azure.core.pipeline.policies.http_logging_policy - INFO - Response status: 200
Response headers:
    'Transfer-Encoding': 'chunked'
    'Content-Type': 'application/json;charset=utf-8'
    'Server': 'Windows-Azure-HDFS/1.0 Microsoft-HTTPAPI/2.0'
    'x-ms-request-id': 'f0825805-b01f-002a-540d-a1e521000000'
    'x-ms-version': 'REDACTED'
    'x-ms-client-request-id': 'fecb4f4a-0d00-11f1-b342-765227f64d11'
    'Date': 'Wed, 18 Feb 2026 19:35:34 GMT'
2026-02-18 20:35:35,276 - azure.core.pipeline.policies.http_logging_policy - INFO - Request URL: 'https://woningmarktintelx9.blob.core.windows.net/dna-platform-data/dna-platform/data/bronze/bronze_payments_20260218T193532Z.parquet'
Request method: 'GET'
Request headers:
    'x-ms-range': 'REDACTED'
    'x-ms-version': 'REDACTED'
    'Accept': 'application/xml'
    'User-Agent': 'azsdk-python-storage-dfs/12.23.0 Python/3.14.2 (macOS-15.6.1-arm64-arm-64bit-Mach-O)'
    'x-ms-date': 'REDACTED'
    'x-ms-client-request-id': 'fee4c664-0d00-11f1-b342-765227f64d11'
    'Authorization': 'REDACTED'
No body was attached to the request
2026-02-18 20:35:35,432 - azure.core.pipeline.policies.http_logging_policy - INFO - Response status: 206
Response headers:
    'Content-Length': '8238'
    'Content-Type': 'application/octet-stream'
    'Content-Range': 'REDACTED'
    'Last-Modified': 'Wed, 18 Feb 2026 19:35:33 GMT'
    'Accept-Ranges': 'REDACTED'
    'ETag': '"0x8DE6F24E1F5DBB0"'
    'Server': 'Windows-Azure-Blob/1.0 Microsoft-HTTPAPI/2.0'
    'x-ms-request-id': '96e0ef6f-c01e-0030-4a0d-a184fe000000'
    'x-ms-client-request-id': 'fee4c664-0d00-11f1-b342-765227f64d11'
    'x-ms-version': 'REDACTED'
    'x-ms-resource-type': 'REDACTED'
    'x-ms-creation-time': 'REDACTED'
    'x-ms-lease-status': 'REDACTED'
    'x-ms-lease-state': 'REDACTED'
    'x-ms-blob-type': 'REDACTED'
    'x-ms-server-encrypted': 'REDACTED'
    'x-ms-owner': 'REDACTED'
    'x-ms-group': 'REDACTED'
    'x-ms-permissions': 'REDACTED'
    'x-ms-acl': 'REDACTED'
    'Date': 'Wed, 18 Feb 2026 19:35:35 GMT'
2026-02-18 20:35:35,434 - src.core.storage - INFO - Successfully read 100 rows from ADLS: dna-platform/data/bronze/bronze_payments_20260218T193532Z.parquet
2026-02-18 20:35:35,435 - src.core.utils - INFO - Bronze payments input: 100 rows, 10 columns
2026-02-18 20:35:35,436 - src.core.utils - INFO - Transformed silver payments: 100 rows, 10 columns
2026-02-18 20:35:35,436 - src.core.storage - INFO - Writing DataFrame to silver/silver_clean_payments_20260218T193535Z.parquet using adls backend
2026-02-18 20:35:35,436 - src.core.storage - INFO - Writing DataFrame (100 rows, 11 columns) to ADLS: abfss://dna-platform-data@woningmarktintelx9.dfs.core.windows.net/dna-platform/data/silver/silver_clean_payments_20260218T193535Z.parquet
2026-02-18 20:35:35,438 - azure.core.pipeline.policies.http_logging_policy - INFO - Request URL: 'https://woningmarktintelx9.blob.core.windows.net/dna-platform-data?restype=REDACTED'
Request method: 'GET'
Request headers:
    'x-ms-version': 'REDACTED'
    'Accept': 'application/xml'
    'User-Agent': 'azsdk-python-storage-dfs/12.23.0 Python/3.14.2 (macOS-15.6.1-arm64-arm-64bit-Mach-O)'
    'x-ms-date': 'REDACTED'
    'x-ms-client-request-id': 'fefd9446-0d00-11f1-b342-765227f64d11'
    'Authorization': 'REDACTED'
No body was attached to the request
2026-02-18 20:35:35,600 - azure.core.pipeline.policies.http_logging_policy - INFO - Response status: 200
Response headers:
    'Content-Length': '0'
    'Last-Modified': 'Wed, 18 Feb 2026 19:12:05 GMT'
    'ETag': '"0x8DE6F219B11A707"'
    'Server': 'Windows-Azure-Blob/1.0 Microsoft-HTTPAPI/2.0'
    'x-ms-request-id': '381d1277-201e-005a-550d-a15cd6000000'
    'x-ms-client-request-id': 'fefd9446-0d00-11f1-b342-765227f64d11'
    'x-ms-version': 'REDACTED'
    'x-ms-lease-status': 'REDACTED'
    'x-ms-lease-state': 'REDACTED'
    'x-ms-has-immutability-policy': 'REDACTED'
    'x-ms-has-legal-hold': 'REDACTED'
    'x-ms-immutable-storage-with-versioning-enabled': 'REDACTED'
    'x-ms-default-encryption-scope': 'REDACTED'
    'x-ms-deny-encryption-scope-override': 'REDACTED'
    'Date': 'Wed, 18 Feb 2026 19:35:35 GMT'
2026-02-18 20:35:35,601 - azure.core.pipeline.policies.http_logging_policy - INFO - Request URL: 'https://woningmarktintelx9.dfs.core.windows.net/dna-platform-data/dna-platform/data/silver?resource=REDACTED'
Request method: 'PUT'
Request headers:
    'x-ms-version': 'REDACTED'
    'Accept': 'application/json'
    'User-Agent': 'azsdk-python-storage-dfs/12.23.0 Python/3.14.2 (macOS-15.6.1-arm64-arm-64bit-Mach-O)'
    'x-ms-date': 'REDACTED'
    'x-ms-client-request-id': 'ff1654e0-0d00-11f1-b342-765227f64d11'
    'Authorization': 'REDACTED'
No body was attached to the request
2026-02-18 20:35:35,752 - azure.core.pipeline.policies.http_logging_policy - INFO - Response status: 201
Response headers:
    'Last-Modified': 'Wed, 18 Feb 2026 19:35:35 GMT'
    'ETag': '"0x8DE6F24E36BC46C"'
    'Server': 'Windows-Azure-HDFS/1.0 Microsoft-HTTPAPI/2.0'
    'x-ms-request-server-encrypted': 'REDACTED'
    'x-ms-request-id': 'a079bf6a-301f-000b-540d-a1c15a000000'
    'x-ms-version': 'REDACTED'
    'x-ms-client-request-id': 'ff1654e0-0d00-11f1-b342-765227f64d11'
    'Date': 'Wed, 18 Feb 2026 19:35:35 GMT'
    'Content-Length': '0'
2026-02-18 20:35:35,752 - azure.core.pipeline.policies.http_logging_policy - INFO - Request URL: 'https://woningmarktintelx9.dfs.core.windows.net/dna-platform-data/dna-platform/data/silver/silver_clean_payments_20260218T193535Z.parquet?resource=REDACTED'
Request method: 'PUT'
Request headers:
    'x-ms-version': 'REDACTED'
    'Accept': 'application/json'
    'User-Agent': 'azsdk-python-storage-dfs/12.23.0 Python/3.14.2 (macOS-15.6.1-arm64-arm-64bit-Mach-O)'
    'x-ms-date': 'REDACTED'
    'x-ms-client-request-id': 'ff2d74b8-0d00-11f1-b342-765227f64d11'
    'Authorization': 'REDACTED'
No body was attached to the request
2026-02-18 20:35:35,790 - azure.core.pipeline.policies.http_logging_policy - INFO - Response status: 201
Response headers:
    'Last-Modified': 'Wed, 18 Feb 2026 19:35:35 GMT'
    'ETag': '"0x8DE6F24E3712ECC"'
    'Server': 'Windows-Azure-HDFS/1.0 Microsoft-HTTPAPI/2.0'
    'x-ms-request-server-encrypted': 'REDACTED'
    'x-ms-request-id': 'a079bf77-301f-000b-610d-a1c15a000000'
    'x-ms-version': 'REDACTED'
    'x-ms-client-request-id': 'ff2d74b8-0d00-11f1-b342-765227f64d11'
    'Date': 'Wed, 18 Feb 2026 19:35:35 GMT'
    'Content-Length': '0'
2026-02-18 20:35:35,791 - azure.core.pipeline.policies.http_logging_policy - INFO - Request URL: 'https://woningmarktintelx9.dfs.core.windows.net/dna-platform-data/dna-platform/data/silver/silver_clean_payments_20260218T193535Z.parquet?action=REDACTED&position=REDACTED'
Request method: 'PATCH'
Request headers:
    'Content-Length': '8595'
    'x-ms-version': 'REDACTED'
    'Content-Type': 'application/json'
    'Accept': 'application/json'
    'User-Agent': 'azsdk-python-storage-dfs/12.23.0 Python/3.14.2 (macOS-15.6.1-arm64-arm-64bit-Mach-O)'
    'x-ms-date': 'REDACTED'
    'x-ms-client-request-id': 'ff335838-0d00-11f1-b342-765227f64d11'
    'Authorization': 'REDACTED'
A body is sent with the request
2026-02-18 20:35:35,823 - azure.core.pipeline.policies.http_logging_policy - INFO - Response status: 202
Response headers:
    'Server': 'Windows-Azure-HDFS/1.0 Microsoft-HTTPAPI/2.0'
    'x-ms-request-server-encrypted': 'REDACTED'
    'x-ms-request-id': 'a079bf83-301f-000b-6d0d-a1c15a000000'
    'x-ms-version': 'REDACTED'
    'x-ms-client-request-id': 'ff335838-0d00-11f1-b342-765227f64d11'
    'Date': 'Wed, 18 Feb 2026 19:35:35 GMT'
    'Content-Length': '0'
2026-02-18 20:35:35,824 - azure.core.pipeline.policies.http_logging_policy - INFO - Request URL: 'https://woningmarktintelx9.dfs.core.windows.net/dna-platform-data/dna-platform/data/silver/silver_clean_payments_20260218T193535Z.parquet?action=REDACTED&position=REDACTED&close=REDACTED'
Request method: 'PATCH'
Request headers:
    'If-Match': '"0x8DE6F24E3712ECC"'
    'x-ms-version': 'REDACTED'
    'Accept': 'application/json'
    'User-Agent': 'azsdk-python-storage-dfs/12.23.0 Python/3.14.2 (macOS-15.6.1-arm64-arm-64bit-Mach-O)'
    'x-ms-date': 'REDACTED'
    'x-ms-client-request-id': 'ff38676a-0d00-11f1-b342-765227f64d11'
    'Authorization': 'REDACTED'
No body was attached to the request
2026-02-18 20:35:35,886 - azure.core.pipeline.policies.http_logging_policy - INFO - Response status: 200
Response headers:
    'Last-Modified': 'Wed, 18 Feb 2026 19:35:35 GMT'
    'ETag': '"0x8DE6F24E37FD3B0"'
    'Server': 'Windows-Azure-HDFS/1.0 Microsoft-HTTPAPI/2.0'
    'x-ms-request-server-encrypted': 'REDACTED'
    'x-ms-request-id': 'a079bf8b-301f-000b-750d-a1c15a000000'
    'x-ms-version': 'REDACTED'
    'x-ms-client-request-id': 'ff38676a-0d00-11f1-b342-765227f64d11'
    'Date': 'Wed, 18 Feb 2026 19:35:35 GMT'
    'Content-Length': '0'
2026-02-18 20:35:35,886 - src.core.storage - INFO - Successfully uploaded 0 bytes to ADLS: abfss://dna-platform-data@woningmarktintelx9.dfs.core.windows.net/dna-platform/data/silver/silver_clean_payments_20260218T193535Z.parquet
2026-02-18 20:35:35,887 - src.core.storage - INFO - ADLS write successful: abfss://dna-platform-data@woningmarktintelx9.dfs.core.windows.net/dna-platform/data/silver/silver_clean_payments_20260218T193535Z.parquet
2026-02-18 20:35:35,888 - src.core.storage - INFO - Successfully wrote 50 rows to local storage: /Users/taniskarigar/test-polster/dna-platform/data/silver/sample_silver_clean_payments_20260218T193535Z.parquet
2026-02-18 20:35:35,889 - src.core.silver_clean_payments - INFO - Silver payments transformation completed: abfss://dna-platform-data@woningmarktintelx9.dfs.core.windows.net/dna-platform/data/silver/silver_clean_payments_20260218T193535Z.parquet
2026-02-18 20:35:35,889 - src.core.utils - INFO - Completed operation 'silver payments transformation' in 0.89 seconds
2026-02-18 20:35:35 +0100 - dagster - DEBUG - __ASSET_JOB - c5dbed3d-db64-4edf-b684-0bffbff28c6c - 36293 - run_silver_clean_payments - STEP_OUTPUT - Yielded output "result" of type "Any". (Type check passed).
2026-02-18 20:35:35 +0100 - dagster - DEBUG - __ASSET_JOB - c5dbed3d-db64-4edf-b684-0bffbff28c6c - run_silver_clean_payments - Writing file at: /Users/taniskarigar/test-polster/dna-platform/.dagster/storage/run_silver_clean_payments using PickledObjectFilesystemIOManager...
2026-02-18 20:35:35 +0100 - dagster - DEBUG - __ASSET_JOB - c5dbed3d-db64-4edf-b684-0bffbff28c6c - 36293 - run_silver_clean_payments - ASSET_MATERIALIZATION - Materialized value run_silver_clean_payments.
2026-02-18 20:35:35 +0100 - dagster - DEBUG - __ASSET_JOB - c5dbed3d-db64-4edf-b684-0bffbff28c6c - 36293 - run_silver_clean_payments - HANDLED_OUTPUT - Handled output "result" using IO manager "io_manager"
2026-02-18 20:35:35 +0100 - dagster - DEBUG - __ASSET_JOB - c5dbed3d-db64-4edf-b684-0bffbff28c6c - 36293 - run_silver_clean_payments - STEP_SUCCESS - Finished execution of step "run_silver_clean_payments" in 945ms.
