2026-02-18 20:35:37 +0100 - dagster - DEBUG - __ASSET_JOB - c5dbed3d-db64-4edf-b684-0bffbff28c6c - 36348 - LOGS_CAPTURED - Started capturing logs in process (pid: 36348).
2026-02-18 20:35:37 +0100 - dagster - DEBUG - __ASSET_JOB - c5dbed3d-db64-4edf-b684-0bffbff28c6c - 36348 - run_gold_claims_summary - STEP_START - Started execution of step "run_gold_claims_summary".
2026-02-18 20:35:37,340 - alembic.runtime.migration - INFO - Context impl SQLiteImpl.
2026-02-18 20:35:37,340 - alembic.runtime.migration - INFO - Will assume non-transactional DDL.
2026-02-18 20:35:37 +0100 - dagster - DEBUG - __ASSET_JOB - c5dbed3d-db64-4edf-b684-0bffbff28c6c - run_gold_claims_summary - Loading file from: /Users/taniskarigar/test-polster/dna-platform/.dagster/storage/run_silver_clean_claims using PickledObjectFilesystemIOManager...
2026-02-18 20:35:37 +0100 - dagster - DEBUG - __ASSET_JOB - c5dbed3d-db64-4edf-b684-0bffbff28c6c - 36348 - run_gold_claims_summary - LOADED_INPUT - Loaded input "run_silver_clean_claims" using input manager "io_manager", from output "result" of step "run_silver_clean_claims"
2026-02-18 20:35:37 +0100 - dagster - DEBUG - __ASSET_JOB - c5dbed3d-db64-4edf-b684-0bffbff28c6c - 36348 - run_gold_claims_summary - STEP_INPUT - Got input "run_silver_clean_claims" of type "Any". (Type check passed).
2026-02-18 20:35:37,366 - src.core.utils - INFO - Starting operation: gold claims summary aggregation
2026-02-18 20:35:37,366 - src.core.gold_claims_summary - INFO - Starting gold claims summary aggregation
2026-02-18 20:35:37,366 - src.core.storage - INFO - Reading latest parquet file from silver layer with prefix 'silver_clean_claims_' using adls backend
2026-02-18 20:35:37,458 - azure.core.pipeline.policies.http_logging_policy - INFO - Request URL: 'https://woningmarktintelx9.dfs.core.windows.net/dna-platform-data?resource=REDACTED&directory=REDACTED&recursive=REDACTED'
Request method: 'GET'
Request headers:
    'x-ms-version': 'REDACTED'
    'Accept': 'application/json'
    'User-Agent': 'azsdk-python-storage-dfs/12.23.0 Python/3.14.2 (macOS-15.6.1-arm64-arm-64bit-Mach-O)'
    'x-ms-date': 'REDACTED'
    'x-ms-client-request-id': '0031a71c-0d01-11f1-a0b7-765227f64d11'
    'Authorization': 'REDACTED'
No body was attached to the request
2026-02-18 20:35:38,710 - azure.core.pipeline.policies.http_logging_policy - INFO - Response status: 200
Response headers:
    'Transfer-Encoding': 'chunked'
    'Content-Type': 'application/json;charset=utf-8'
    'Server': 'Windows-Azure-HDFS/1.0 Microsoft-HTTPAPI/2.0'
    'x-ms-request-id': '02e84c5e-601f-0006-1a0d-a1098e000000'
    'x-ms-version': 'REDACTED'
    'x-ms-client-request-id': '0031a71c-0d01-11f1-a0b7-765227f64d11'
    'Date': 'Wed, 18 Feb 2026 19:35:38 GMT'
2026-02-18 20:35:38,713 - azure.core.pipeline.policies.http_logging_policy - INFO - Request URL: 'https://woningmarktintelx9.blob.core.windows.net/dna-platform-data/dna-platform/data/silver/silver_clean_claims_20260218T193535Z.parquet'
Request method: 'GET'
Request headers:
    'x-ms-range': 'REDACTED'
    'x-ms-version': 'REDACTED'
    'Accept': 'application/xml'
    'User-Agent': 'azsdk-python-storage-dfs/12.23.0 Python/3.14.2 (macOS-15.6.1-arm64-arm-64bit-Mach-O)'
    'x-ms-date': 'REDACTED'
    'x-ms-client-request-id': '00f13b68-0d01-11f1-a0b7-765227f64d11'
    'Authorization': 'REDACTED'
No body was attached to the request
2026-02-18 20:35:40,255 - azure.core.pipeline.policies.http_logging_policy - INFO - Response status: 206
Response headers:
    'Content-Length': '7823'
    'Content-Type': 'application/octet-stream'
    'Content-Range': 'REDACTED'
    'Last-Modified': 'Wed, 18 Feb 2026 19:35:35 GMT'
    'Accept-Ranges': 'REDACTED'
    'ETag': '"0x8DE6F24E380B890"'
    'Server': 'Windows-Azure-Blob/1.0 Microsoft-HTTPAPI/2.0'
    'x-ms-request-id': 'f4ad86ee-401e-003e-7d0d-a1ad4e000000'
    'x-ms-client-request-id': '00f13b68-0d01-11f1-a0b7-765227f64d11'
    'x-ms-version': 'REDACTED'
    'x-ms-resource-type': 'REDACTED'
    'x-ms-creation-time': 'REDACTED'
    'x-ms-lease-status': 'REDACTED'
    'x-ms-lease-state': 'REDACTED'
    'x-ms-blob-type': 'REDACTED'
    'x-ms-server-encrypted': 'REDACTED'
    'x-ms-owner': 'REDACTED'
    'x-ms-group': 'REDACTED'
    'x-ms-permissions': 'REDACTED'
    'x-ms-acl': 'REDACTED'
    'Date': 'Wed, 18 Feb 2026 19:35:39 GMT'
2026-02-18 20:35:40,264 - src.core.storage - INFO - Successfully read 30 rows from ADLS: dna-platform/data/silver/silver_clean_claims_20260218T193535Z.parquet
2026-02-18 20:35:40,265 - src.core.utils - INFO - Silver claims input: 30 rows, 12 columns
2026-02-18 20:35:40,278 - src.core.utils - INFO - Gold claims summary output: 21 rows, 8 columns
2026-02-18 20:35:40,279 - src.core.storage - INFO - Writing DataFrame to gold/gold_claims_summary_20260218T193540Z.parquet using adls backend
2026-02-18 20:35:40,279 - src.core.storage - INFO - Writing DataFrame (21 rows, 9 columns) to ADLS: abfss://dna-platform-data@woningmarktintelx9.dfs.core.windows.net/dna-platform/data/gold/gold_claims_summary_20260218T193540Z.parquet
2026-02-18 20:35:40,281 - azure.core.pipeline.policies.http_logging_policy - INFO - Request URL: 'https://woningmarktintelx9.blob.core.windows.net/dna-platform-data?restype=REDACTED'
Request method: 'GET'
Request headers:
    'x-ms-version': 'REDACTED'
    'Accept': 'application/xml'
    'User-Agent': 'azsdk-python-storage-dfs/12.23.0 Python/3.14.2 (macOS-15.6.1-arm64-arm-64bit-Mach-O)'
    'x-ms-date': 'REDACTED'
    'x-ms-client-request-id': '01e08862-0d01-11f1-a0b7-765227f64d11'
    'Authorization': 'REDACTED'
No body was attached to the request
2026-02-18 20:35:41,841 - azure.core.pipeline.policies.http_logging_policy - INFO - Response status: 200
Response headers:
    'Content-Length': '0'
    'Last-Modified': 'Wed, 18 Feb 2026 19:12:05 GMT'
    'ETag': '"0x8DE6F219B11A707"'
    'Server': 'Windows-Azure-Blob/1.0 Microsoft-HTTPAPI/2.0'
    'x-ms-request-id': 'dfb6d2cc-e01e-0008-3e0d-a1203e000000'
    'x-ms-client-request-id': '01e08862-0d01-11f1-a0b7-765227f64d11'
    'x-ms-version': 'REDACTED'
    'x-ms-lease-status': 'REDACTED'
    'x-ms-lease-state': 'REDACTED'
    'x-ms-has-immutability-policy': 'REDACTED'
    'x-ms-has-legal-hold': 'REDACTED'
    'x-ms-immutable-storage-with-versioning-enabled': 'REDACTED'
    'x-ms-default-encryption-scope': 'REDACTED'
    'x-ms-deny-encryption-scope-override': 'REDACTED'
    'Date': 'Wed, 18 Feb 2026 19:35:41 GMT'
2026-02-18 20:35:41,844 - azure.core.pipeline.policies.http_logging_policy - INFO - Request URL: 'https://woningmarktintelx9.dfs.core.windows.net/dna-platform-data/dna-platform/data/gold?resource=REDACTED'
Request method: 'PUT'
Request headers:
    'x-ms-version': 'REDACTED'
    'Accept': 'application/json'
    'User-Agent': 'azsdk-python-storage-dfs/12.23.0 Python/3.14.2 (macOS-15.6.1-arm64-arm-64bit-Mach-O)'
    'x-ms-date': 'REDACTED'
    'x-ms-client-request-id': '02ceeb56-0d01-11f1-a0b7-765227f64d11'
    'Authorization': 'REDACTED'
No body was attached to the request
2026-02-18 20:35:42,021 - azure.core.pipeline.policies.http_logging_policy - INFO - Response status: 201
Response headers:
    'Last-Modified': 'Wed, 18 Feb 2026 19:35:42 GMT'
    'ETag': '"0x8DE6F24E7285740"'
    'Server': 'Windows-Azure-HDFS/1.0 Microsoft-HTTPAPI/2.0'
    'x-ms-request-server-encrypted': 'REDACTED'
    'x-ms-request-id': '6250065e-d01f-0013-360d-a11e3d000000'
    'x-ms-version': 'REDACTED'
    'x-ms-client-request-id': '02ceeb56-0d01-11f1-a0b7-765227f64d11'
    'Date': 'Wed, 18 Feb 2026 19:35:41 GMT'
    'Content-Length': '0'
2026-02-18 20:35:42,022 - azure.core.pipeline.policies.http_logging_policy - INFO - Request URL: 'https://woningmarktintelx9.dfs.core.windows.net/dna-platform-data/dna-platform/data/gold/gold_claims_summary_20260218T193540Z.parquet?resource=REDACTED'
Request method: 'PUT'
Request headers:
    'x-ms-version': 'REDACTED'
    'Accept': 'application/json'
    'User-Agent': 'azsdk-python-storage-dfs/12.23.0 Python/3.14.2 (macOS-15.6.1-arm64-arm-64bit-Mach-O)'
    'x-ms-date': 'REDACTED'
    'x-ms-client-request-id': '02ea134a-0d01-11f1-a0b7-765227f64d11'
    'Authorization': 'REDACTED'
No body was attached to the request
2026-02-18 20:35:42,091 - azure.core.pipeline.policies.http_logging_policy - INFO - Response status: 201
Response headers:
    'Last-Modified': 'Wed, 18 Feb 2026 19:35:42 GMT'
    'ETag': '"0x8DE6F24E7327D0C"'
    'Server': 'Windows-Azure-HDFS/1.0 Microsoft-HTTPAPI/2.0'
    'x-ms-request-server-encrypted': 'REDACTED'
    'x-ms-request-id': '62500660-d01f-0013-380d-a11e3d000000'
    'x-ms-version': 'REDACTED'
    'x-ms-client-request-id': '02ea134a-0d01-11f1-a0b7-765227f64d11'
    'Date': 'Wed, 18 Feb 2026 19:35:41 GMT'
    'Content-Length': '0'
2026-02-18 20:35:42,091 - azure.core.pipeline.policies.http_logging_policy - INFO - Request URL: 'https://woningmarktintelx9.dfs.core.windows.net/dna-platform-data/dna-platform/data/gold/gold_claims_summary_20260218T193540Z.parquet?action=REDACTED&position=REDACTED'
Request method: 'PATCH'
Request headers:
    'Content-Length': '4135'
    'x-ms-version': 'REDACTED'
    'Content-Type': 'application/json'
    'Accept': 'application/json'
    'User-Agent': 'azsdk-python-storage-dfs/12.23.0 Python/3.14.2 (macOS-15.6.1-arm64-arm-64bit-Mach-O)'
    'x-ms-date': 'REDACTED'
    'x-ms-client-request-id': '02f4b2f0-0d01-11f1-a0b7-765227f64d11'
    'Authorization': 'REDACTED'
A body is sent with the request
2026-02-18 20:35:42,126 - azure.core.pipeline.policies.http_logging_policy - INFO - Response status: 202
Response headers:
    'Server': 'Windows-Azure-HDFS/1.0 Microsoft-HTTPAPI/2.0'
    'x-ms-request-server-encrypted': 'REDACTED'
    'x-ms-request-id': '62500662-d01f-0013-3a0d-a11e3d000000'
    'x-ms-version': 'REDACTED'
    'x-ms-client-request-id': '02f4b2f0-0d01-11f1-a0b7-765227f64d11'
    'Date': 'Wed, 18 Feb 2026 19:35:41 GMT'
    'Content-Length': '0'
2026-02-18 20:35:42,126 - azure.core.pipeline.policies.http_logging_policy - INFO - Request URL: 'https://woningmarktintelx9.dfs.core.windows.net/dna-platform-data/dna-platform/data/gold/gold_claims_summary_20260218T193540Z.parquet?action=REDACTED&position=REDACTED&close=REDACTED'
Request method: 'PATCH'
Request headers:
    'If-Match': '"0x8DE6F24E7327D0C"'
    'x-ms-version': 'REDACTED'
    'Accept': 'application/json'
    'User-Agent': 'azsdk-python-storage-dfs/12.23.0 Python/3.14.2 (macOS-15.6.1-arm64-arm-64bit-Mach-O)'
    'x-ms-date': 'REDACTED'
    'x-ms-client-request-id': '02fa0c82-0d01-11f1-a0b7-765227f64d11'
    'Authorization': 'REDACTED'
No body was attached to the request
2026-02-18 20:35:42,185 - azure.core.pipeline.policies.http_logging_policy - INFO - Response status: 200
Response headers:
    'Last-Modified': 'Wed, 18 Feb 2026 19:35:42 GMT'
    'ETag': '"0x8DE6F24E7410D38"'
    'Server': 'Windows-Azure-HDFS/1.0 Microsoft-HTTPAPI/2.0'
    'x-ms-request-server-encrypted': 'REDACTED'
    'x-ms-request-id': '62500663-d01f-0013-3b0d-a11e3d000000'
    'x-ms-version': 'REDACTED'
    'x-ms-client-request-id': '02fa0c82-0d01-11f1-a0b7-765227f64d11'
    'Date': 'Wed, 18 Feb 2026 19:35:41 GMT'
    'Content-Length': '0'
2026-02-18 20:35:42,185 - src.core.storage - INFO - Successfully uploaded 0 bytes to ADLS: abfss://dna-platform-data@woningmarktintelx9.dfs.core.windows.net/dna-platform/data/gold/gold_claims_summary_20260218T193540Z.parquet
2026-02-18 20:35:42,186 - src.core.storage - INFO - ADLS write successful: abfss://dna-platform-data@woningmarktintelx9.dfs.core.windows.net/dna-platform/data/gold/gold_claims_summary_20260218T193540Z.parquet
2026-02-18 20:35:42,187 - src.core.storage - INFO - Successfully wrote 21 rows to local storage: /Users/taniskarigar/test-polster/dna-platform/data/gold/sample_gold_claims_summary_20260218T193540Z.parquet
2026-02-18 20:35:42,188 - src.core.gold_claims_summary - INFO - Gold claims summary aggregation completed: abfss://dna-platform-data@woningmarktintelx9.dfs.core.windows.net/dna-platform/data/gold/gold_claims_summary_20260218T193540Z.parquet
2026-02-18 20:35:42,188 - src.core.utils - INFO - Completed operation 'gold claims summary aggregation' in 4.82 seconds
2026-02-18 20:35:42 +0100 - dagster - DEBUG - __ASSET_JOB - c5dbed3d-db64-4edf-b684-0bffbff28c6c - 36348 - run_gold_claims_summary - STEP_OUTPUT - Yielded output "result" of type "Any". (Type check passed).
2026-02-18 20:35:42 +0100 - dagster - DEBUG - __ASSET_JOB - c5dbed3d-db64-4edf-b684-0bffbff28c6c - run_gold_claims_summary - Writing file at: /Users/taniskarigar/test-polster/dna-platform/.dagster/storage/run_gold_claims_summary using PickledObjectFilesystemIOManager...
2026-02-18 20:35:42 +0100 - dagster - DEBUG - __ASSET_JOB - c5dbed3d-db64-4edf-b684-0bffbff28c6c - 36348 - run_gold_claims_summary - ASSET_MATERIALIZATION - Materialized value run_gold_claims_summary.
2026-02-18 20:35:42 +0100 - dagster - DEBUG - __ASSET_JOB - c5dbed3d-db64-4edf-b684-0bffbff28c6c - 36348 - run_gold_claims_summary - HANDLED_OUTPUT - Handled output "result" using IO manager "io_manager"
2026-02-18 20:35:42 +0100 - dagster - DEBUG - __ASSET_JOB - c5dbed3d-db64-4edf-b684-0bffbff28c6c - 36348 - run_gold_claims_summary - STEP_SUCCESS - Finished execution of step "run_gold_claims_summary" in 4.87s.
