2026-02-18 20:35:32 +0100 - dagster - DEBUG - __ASSET_JOB - c5dbed3d-db64-4edf-b684-0bffbff28c6c - 36237 - LOGS_CAPTURED - Started capturing logs in process (pid: 36237).
2026-02-18 20:35:32 +0100 - dagster - DEBUG - __ASSET_JOB - c5dbed3d-db64-4edf-b684-0bffbff28c6c - 36237 - run_bronze_vehicles - STEP_START - Started execution of step "run_bronze_vehicles".
2026-02-18 20:35:32,499 - src.core.utils - INFO - Starting operation: bronze vehicles extraction
2026-02-18 20:35:32,500 - src.core.bronze_vehicles - INFO - Starting bronze vehicles extraction
2026-02-18 20:35:32,506 - src.core.utils - INFO - Bronze vehicles output: 40 rows, 13 columns
2026-02-18 20:35:32,507 - src.core.storage - INFO - Writing DataFrame to bronze/bronze_vehicles_20260218T193532Z.parquet using adls backend
2026-02-18 20:35:32,507 - src.core.storage - INFO - Writing DataFrame (40 rows, 13 columns) to ADLS: abfss://dna-platform-data@woningmarktintelx9.dfs.core.windows.net/dna-platform/data/bronze/bronze_vehicles_20260218T193532Z.parquet
2026-02-18 20:35:32,627 - azure.core.pipeline.policies.http_logging_policy - INFO - Request URL: 'https://woningmarktintelx9.blob.core.windows.net/dna-platform-data?restype=REDACTED'
Request method: 'GET'
Request headers:
    'x-ms-version': 'REDACTED'
    'Accept': 'application/xml'
    'User-Agent': 'azsdk-python-storage-dfs/12.23.0 Python/3.14.2 (macOS-15.6.1-arm64-arm-64bit-Mach-O)'
    'x-ms-date': 'REDACTED'
    'x-ms-client-request-id': 'fd509904-0d00-11f1-bb89-765227f64d11'
    'Authorization': 'REDACTED'
No body was attached to the request
2026-02-18 20:35:32,817 - azure.core.pipeline.policies.http_logging_policy - INFO - Response status: 200
Response headers:
    'Content-Length': '0'
    'Last-Modified': 'Wed, 18 Feb 2026 19:12:05 GMT'
    'ETag': '"0x8DE6F219B11A707"'
    'Server': 'Windows-Azure-Blob/1.0 Microsoft-HTTPAPI/2.0'
    'x-ms-request-id': '94063cb9-001e-0072-510d-a13d7e000000'
    'x-ms-client-request-id': 'fd509904-0d00-11f1-bb89-765227f64d11'
    'x-ms-version': 'REDACTED'
    'x-ms-lease-status': 'REDACTED'
    'x-ms-lease-state': 'REDACTED'
    'x-ms-has-immutability-policy': 'REDACTED'
    'x-ms-has-legal-hold': 'REDACTED'
    'x-ms-immutable-storage-with-versioning-enabled': 'REDACTED'
    'x-ms-default-encryption-scope': 'REDACTED'
    'x-ms-deny-encryption-scope-override': 'REDACTED'
    'Date': 'Wed, 18 Feb 2026 19:35:32 GMT'
2026-02-18 20:35:32,818 - azure.core.pipeline.policies.http_logging_policy - INFO - Request URL: 'https://woningmarktintelx9.dfs.core.windows.net/dna-platform-data/dna-platform/data/bronze?resource=REDACTED'
Request method: 'PUT'
Request headers:
    'x-ms-version': 'REDACTED'
    'Accept': 'application/json'
    'User-Agent': 'azsdk-python-storage-dfs/12.23.0 Python/3.14.2 (macOS-15.6.1-arm64-arm-64bit-Mach-O)'
    'x-ms-date': 'REDACTED'
    'x-ms-client-request-id': 'fd6dc45c-0d00-11f1-bb89-765227f64d11'
    'Authorization': 'REDACTED'
No body was attached to the request
2026-02-18 20:35:33,477 - azure.core.pipeline.policies.http_logging_policy - INFO - Response status: 201
Response headers:
    'Last-Modified': 'Wed, 18 Feb 2026 19:35:33 GMT'
    'ETag': '"0x8DE6F24E2100774"'
    'Server': 'Windows-Azure-HDFS/1.0 Microsoft-HTTPAPI/2.0'
    'x-ms-request-server-encrypted': 'REDACTED'
    'x-ms-request-id': 'e4726ce2-101f-0041-400d-a162d5000000'
    'x-ms-version': 'REDACTED'
    'x-ms-client-request-id': 'fd6dc45c-0d00-11f1-bb89-765227f64d11'
    'Date': 'Wed, 18 Feb 2026 19:35:33 GMT'
    'Content-Length': '0'
2026-02-18 20:35:33,478 - azure.core.pipeline.policies.http_logging_policy - INFO - Request URL: 'https://woningmarktintelx9.dfs.core.windows.net/dna-platform-data/dna-platform/data/bronze/bronze_vehicles_20260218T193532Z.parquet?resource=REDACTED'
Request method: 'PUT'
Request headers:
    'x-ms-version': 'REDACTED'
    'Accept': 'application/json'
    'User-Agent': 'azsdk-python-storage-dfs/12.23.0 Python/3.14.2 (macOS-15.6.1-arm64-arm-64bit-Mach-O)'
    'x-ms-date': 'REDACTED'
    'x-ms-client-request-id': 'fdd2670e-0d00-11f1-bb89-765227f64d11'
    'Authorization': 'REDACTED'
No body was attached to the request
2026-02-18 20:35:33,524 - azure.core.pipeline.policies.http_logging_policy - INFO - Response status: 201
Response headers:
    'Last-Modified': 'Wed, 18 Feb 2026 19:35:33 GMT'
    'ETag': '"0x8DE6F24E2167494"'
    'Server': 'Windows-Azure-HDFS/1.0 Microsoft-HTTPAPI/2.0'
    'x-ms-request-server-encrypted': 'REDACTED'
    'x-ms-request-id': 'e4726cfb-101f-0041-590d-a162d5000000'
    'x-ms-version': 'REDACTED'
    'x-ms-client-request-id': 'fdd2670e-0d00-11f1-bb89-765227f64d11'
    'Date': 'Wed, 18 Feb 2026 19:35:33 GMT'
    'Content-Length': '0'
2026-02-18 20:35:33,525 - azure.core.pipeline.policies.http_logging_policy - INFO - Request URL: 'https://woningmarktintelx9.dfs.core.windows.net/dna-platform-data/dna-platform/data/bronze/bronze_vehicles_20260218T193532Z.parquet?action=REDACTED&position=REDACTED'
Request method: 'PATCH'
Request headers:
    'Content-Length': '6368'
    'x-ms-version': 'REDACTED'
    'Content-Type': 'application/json'
    'Accept': 'application/json'
    'User-Agent': 'azsdk-python-storage-dfs/12.23.0 Python/3.14.2 (macOS-15.6.1-arm64-arm-64bit-Mach-O)'
    'x-ms-date': 'REDACTED'
    'x-ms-client-request-id': 'fdd987f0-0d00-11f1-bb89-765227f64d11'
    'Authorization': 'REDACTED'
A body is sent with the request
2026-02-18 20:35:33,565 - azure.core.pipeline.policies.http_logging_policy - INFO - Response status: 202
Response headers:
    'Server': 'Windows-Azure-HDFS/1.0 Microsoft-HTTPAPI/2.0'
    'x-ms-request-server-encrypted': 'REDACTED'
    'x-ms-request-id': 'e4726cfe-101f-0041-5c0d-a162d5000000'
    'x-ms-version': 'REDACTED'
    'x-ms-client-request-id': 'fdd987f0-0d00-11f1-bb89-765227f64d11'
    'Date': 'Wed, 18 Feb 2026 19:35:33 GMT'
    'Content-Length': '0'
2026-02-18 20:35:33,566 - azure.core.pipeline.policies.http_logging_policy - INFO - Request URL: 'https://woningmarktintelx9.dfs.core.windows.net/dna-platform-data/dna-platform/data/bronze/bronze_vehicles_20260218T193532Z.parquet?action=REDACTED&position=REDACTED&close=REDACTED'
Request method: 'PATCH'
Request headers:
    'If-Match': '"0x8DE6F24E2167494"'
    'x-ms-version': 'REDACTED'
    'Accept': 'application/json'
    'User-Agent': 'azsdk-python-storage-dfs/12.23.0 Python/3.14.2 (macOS-15.6.1-arm64-arm-64bit-Mach-O)'
    'x-ms-date': 'REDACTED'
    'x-ms-client-request-id': 'fddfce76-0d00-11f1-bb89-765227f64d11'
    'Authorization': 'REDACTED'
No body was attached to the request
2026-02-18 20:35:33,634 - azure.core.pipeline.policies.http_logging_policy - INFO - Response status: 200
Response headers:
    'Last-Modified': 'Wed, 18 Feb 2026 19:35:33 GMT'
    'ETag': '"0x8DE6F24E226AF74"'
    'Server': 'Windows-Azure-HDFS/1.0 Microsoft-HTTPAPI/2.0'
    'x-ms-request-server-encrypted': 'REDACTED'
    'x-ms-request-id': 'e4726d01-101f-0041-5f0d-a162d5000000'
    'x-ms-version': 'REDACTED'
    'x-ms-client-request-id': 'fddfce76-0d00-11f1-bb89-765227f64d11'
    'Date': 'Wed, 18 Feb 2026 19:35:33 GMT'
    'Content-Length': '0'
2026-02-18 20:35:33,634 - src.core.storage - INFO - Successfully uploaded 0 bytes to ADLS: abfss://dna-platform-data@woningmarktintelx9.dfs.core.windows.net/dna-platform/data/bronze/bronze_vehicles_20260218T193532Z.parquet
2026-02-18 20:35:33,637 - src.core.storage - INFO - ADLS write successful: abfss://dna-platform-data@woningmarktintelx9.dfs.core.windows.net/dna-platform/data/bronze/bronze_vehicles_20260218T193532Z.parquet
2026-02-18 20:35:33,639 - src.core.storage - INFO - Successfully wrote 40 rows to local storage: /Users/taniskarigar/test-polster/dna-platform/data/bronze/sample_bronze_vehicles_20260218T193532Z.parquet
2026-02-18 20:35:33,639 - src.core.bronze_vehicles - INFO - Bronze vehicles extraction completed: abfss://dna-platform-data@woningmarktintelx9.dfs.core.windows.net/dna-platform/data/bronze/bronze_vehicles_20260218T193532Z.parquet
2026-02-18 20:35:33,639 - src.core.utils - INFO - Completed operation 'bronze vehicles extraction' in 1.14 seconds
2026-02-18 20:35:33 +0100 - dagster - DEBUG - __ASSET_JOB - c5dbed3d-db64-4edf-b684-0bffbff28c6c - 36237 - run_bronze_vehicles - STEP_OUTPUT - Yielded output "result" of type "Any". (Type check passed).
2026-02-18 20:35:33 +0100 - dagster - DEBUG - __ASSET_JOB - c5dbed3d-db64-4edf-b684-0bffbff28c6c - run_bronze_vehicles - Writing file at: /Users/taniskarigar/test-polster/dna-platform/.dagster/storage/run_bronze_vehicles using PickledObjectFilesystemIOManager...
2026-02-18 20:35:33,653 - alembic.runtime.migration - INFO - Context impl SQLiteImpl.
2026-02-18 20:35:33,653 - alembic.runtime.migration - INFO - Will assume non-transactional DDL.
2026-02-18 20:35:33 +0100 - dagster - DEBUG - __ASSET_JOB - c5dbed3d-db64-4edf-b684-0bffbff28c6c - 36237 - run_bronze_vehicles - ASSET_MATERIALIZATION - Materialized value run_bronze_vehicles.
2026-02-18 20:35:33 +0100 - dagster - DEBUG - __ASSET_JOB - c5dbed3d-db64-4edf-b684-0bffbff28c6c - 36237 - run_bronze_vehicles - HANDLED_OUTPUT - Handled output "result" using IO manager "io_manager"
2026-02-18 20:35:33 +0100 - dagster - DEBUG - __ASSET_JOB - c5dbed3d-db64-4edf-b684-0bffbff28c6c - 36237 - run_bronze_vehicles - STEP_SUCCESS - Finished execution of step "run_bronze_vehicles" in 1.18s.
