2026-02-18 20:35:43 +0100 - dagster - DEBUG - __ASSET_JOB - c5dbed3d-db64-4edf-b684-0bffbff28c6c - 36392 - LOGS_CAPTURED - Started capturing logs in process (pid: 36392).
2026-02-18 20:35:43 +0100 - dagster - DEBUG - __ASSET_JOB - c5dbed3d-db64-4edf-b684-0bffbff28c6c - 36392 - run_gold_customer_risk - STEP_START - Started execution of step "run_gold_customer_risk".
2026-02-18 20:35:43,644 - alembic.runtime.migration - INFO - Context impl SQLiteImpl.
2026-02-18 20:35:43,644 - alembic.runtime.migration - INFO - Will assume non-transactional DDL.
2026-02-18 20:35:43 +0100 - dagster - DEBUG - __ASSET_JOB - c5dbed3d-db64-4edf-b684-0bffbff28c6c - run_gold_customer_risk - Loading file from: /Users/taniskarigar/test-polster/dna-platform/.dagster/storage/run_silver_customer_policies using PickledObjectFilesystemIOManager...
2026-02-18 20:35:43 +0100 - dagster - DEBUG - __ASSET_JOB - c5dbed3d-db64-4edf-b684-0bffbff28c6c - 36392 - run_gold_customer_risk - LOADED_INPUT - Loaded input "run_silver_customer_policies" using input manager "io_manager", from output "result" of step "run_silver_customer_policies"
2026-02-18 20:35:43 +0100 - dagster - DEBUG - __ASSET_JOB - c5dbed3d-db64-4edf-b684-0bffbff28c6c - run_gold_customer_risk - Loading file from: /Users/taniskarigar/test-polster/dna-platform/.dagster/storage/run_silver_policy_claims using PickledObjectFilesystemIOManager...
2026-02-18 20:35:43 +0100 - dagster - DEBUG - __ASSET_JOB - c5dbed3d-db64-4edf-b684-0bffbff28c6c - 36392 - run_gold_customer_risk - LOADED_INPUT - Loaded input "run_silver_policy_claims" using input manager "io_manager", from output "result" of step "run_silver_policy_claims"
2026-02-18 20:35:43 +0100 - dagster - DEBUG - __ASSET_JOB - c5dbed3d-db64-4edf-b684-0bffbff28c6c - 36392 - run_gold_customer_risk - STEP_INPUT - Got input "run_silver_customer_policies" of type "Any". (Type check passed).
2026-02-18 20:35:43 +0100 - dagster - DEBUG - __ASSET_JOB - c5dbed3d-db64-4edf-b684-0bffbff28c6c - 36392 - run_gold_customer_risk - STEP_INPUT - Got input "run_silver_policy_claims" of type "Any". (Type check passed).
2026-02-18 20:35:43,672 - src.core.utils - INFO - Starting operation: gold customer risk aggregation
2026-02-18 20:35:43,672 - src.core.gold_customer_risk - INFO - Starting gold customer risk aggregation
2026-02-18 20:35:43,672 - src.core.storage - INFO - Reading latest parquet file from silver layer with prefix 'silver_customer_policies_' using adls backend
2026-02-18 20:35:43,746 - azure.core.pipeline.policies.http_logging_policy - INFO - Request URL: 'https://woningmarktintelx9.dfs.core.windows.net/dna-platform-data?resource=REDACTED&directory=REDACTED&recursive=REDACTED'
Request method: 'GET'
Request headers:
    'x-ms-version': 'REDACTED'
    'Accept': 'application/json'
    'User-Agent': 'azsdk-python-storage-dfs/12.23.0 Python/3.14.2 (macOS-15.6.1-arm64-arm-64bit-Mach-O)'
    'x-ms-date': 'REDACTED'
    'x-ms-client-request-id': '03f12968-0d01-11f1-bc5a-765227f64d11'
    'Authorization': 'REDACTED'
No body was attached to the request
2026-02-18 20:35:43,915 - azure.core.pipeline.policies.http_logging_policy - INFO - Response status: 200
Response headers:
    'Transfer-Encoding': 'chunked'
    'Content-Type': 'application/json;charset=utf-8'
    'Server': 'Windows-Azure-HDFS/1.0 Microsoft-HTTPAPI/2.0'
    'x-ms-request-id': 'e5ac73a4-901f-005f-080d-a18e0d000000'
    'x-ms-version': 'REDACTED'
    'x-ms-client-request-id': '03f12968-0d01-11f1-bc5a-765227f64d11'
    'Date': 'Wed, 18 Feb 2026 19:35:43 GMT'
2026-02-18 20:35:43,919 - azure.core.pipeline.policies.http_logging_policy - INFO - Request URL: 'https://woningmarktintelx9.blob.core.windows.net/dna-platform-data/dna-platform/data/silver/silver_customer_policies_20260218T193542Z.parquet'
Request method: 'GET'
Request headers:
    'x-ms-range': 'REDACTED'
    'x-ms-version': 'REDACTED'
    'Accept': 'application/xml'
    'User-Agent': 'azsdk-python-storage-dfs/12.23.0 Python/3.14.2 (macOS-15.6.1-arm64-arm-64bit-Mach-O)'
    'x-ms-date': 'REDACTED'
    'x-ms-client-request-id': '040b86fa-0d01-11f1-bc5a-765227f64d11'
    'Authorization': 'REDACTED'
No body was attached to the request
2026-02-18 20:35:44,086 - azure.core.pipeline.policies.http_logging_policy - INFO - Response status: 206
Response headers:
    'Content-Length': '13929'
    'Content-Type': 'application/octet-stream'
    'Content-Range': 'REDACTED'
    'Last-Modified': 'Wed, 18 Feb 2026 19:35:42 GMT'
    'Accept-Ranges': 'REDACTED'
    'ETag': '"0x8DE6F24E7762C74"'
    'Server': 'Windows-Azure-Blob/1.0 Microsoft-HTTPAPI/2.0'
    'x-ms-request-id': '91359e9a-b01e-003a-790d-a12049000000'
    'x-ms-client-request-id': '040b86fa-0d01-11f1-bc5a-765227f64d11'
    'x-ms-version': 'REDACTED'
    'x-ms-resource-type': 'REDACTED'
    'x-ms-creation-time': 'REDACTED'
    'x-ms-lease-status': 'REDACTED'
    'x-ms-lease-state': 'REDACTED'
    'x-ms-blob-type': 'REDACTED'
    'x-ms-server-encrypted': 'REDACTED'
    'x-ms-owner': 'REDACTED'
    'x-ms-group': 'REDACTED'
    'x-ms-permissions': 'REDACTED'
    'x-ms-acl': 'REDACTED'
    'Date': 'Wed, 18 Feb 2026 19:35:43 GMT'
2026-02-18 20:35:44,088 - src.core.storage - INFO - Successfully read 16 rows from ADLS: dna-platform/data/silver/silver_customer_policies_20260218T193542Z.parquet
2026-02-18 20:35:44,088 - src.core.storage - INFO - Reading latest parquet file from silver layer with prefix 'silver_policy_claims_' using adls backend
2026-02-18 20:35:44,089 - azure.core.pipeline.policies.http_logging_policy - INFO - Request URL: 'https://woningmarktintelx9.dfs.core.windows.net/dna-platform-data?resource=REDACTED&directory=REDACTED&recursive=REDACTED'
Request method: 'GET'
Request headers:
    'x-ms-version': 'REDACTED'
    'Accept': 'application/json'
    'User-Agent': 'azsdk-python-storage-dfs/12.23.0 Python/3.14.2 (macOS-15.6.1-arm64-arm-64bit-Mach-O)'
    'x-ms-date': 'REDACTED'
    'x-ms-client-request-id': '042588de-0d01-11f1-bc5a-765227f64d11'
    'Authorization': 'REDACTED'
No body was attached to the request
2026-02-18 20:35:44,255 - azure.core.pipeline.policies.http_logging_policy - INFO - Response status: 200
Response headers:
    'Transfer-Encoding': 'chunked'
    'Content-Type': 'application/json;charset=utf-8'
    'Server': 'Windows-Azure-HDFS/1.0 Microsoft-HTTPAPI/2.0'
    'x-ms-request-id': 'd877235c-601f-0074-290d-a10ec1000000'
    'x-ms-version': 'REDACTED'
    'x-ms-client-request-id': '042588de-0d01-11f1-bc5a-765227f64d11'
    'Date': 'Wed, 18 Feb 2026 19:35:43 GMT'
2026-02-18 20:35:44,258 - azure.core.pipeline.policies.http_logging_policy - INFO - Request URL: 'https://woningmarktintelx9.blob.core.windows.net/dna-platform-data/dna-platform/data/silver/silver_policy_claims_20260218T193542Z.parquet'
Request method: 'GET'
Request headers:
    'x-ms-range': 'REDACTED'
    'x-ms-version': 'REDACTED'
    'Accept': 'application/xml'
    'User-Agent': 'azsdk-python-storage-dfs/12.23.0 Python/3.14.2 (macOS-15.6.1-arm64-arm-64bit-Mach-O)'
    'x-ms-date': 'REDACTED'
    'x-ms-client-request-id': '043f42f6-0d01-11f1-bc5a-765227f64d11'
    'Authorization': 'REDACTED'
No body was attached to the request
2026-02-18 20:35:44,433 - azure.core.pipeline.policies.http_logging_policy - INFO - Response status: 206
Response headers:
    'Content-Length': '15114'
    'Content-Type': 'application/octet-stream'
    'Content-Range': 'REDACTED'
    'Last-Modified': 'Wed, 18 Feb 2026 19:35:42 GMT'
    'Accept-Ranges': 'REDACTED'
    'ETag': '"0x8DE6F24E777C9BC"'
    'Server': 'Windows-Azure-Blob/1.0 Microsoft-HTTPAPI/2.0'
    'x-ms-request-id': 'd670b6fb-a01e-0044-400d-a1b00e000000'
    'x-ms-client-request-id': '043f42f6-0d01-11f1-bc5a-765227f64d11'
    'x-ms-version': 'REDACTED'
    'x-ms-resource-type': 'REDACTED'
    'x-ms-creation-time': 'REDACTED'
    'x-ms-lease-status': 'REDACTED'
    'x-ms-lease-state': 'REDACTED'
    'x-ms-blob-type': 'REDACTED'
    'x-ms-server-encrypted': 'REDACTED'
    'x-ms-owner': 'REDACTED'
    'x-ms-group': 'REDACTED'
    'x-ms-permissions': 'REDACTED'
    'x-ms-acl': 'REDACTED'
    'Date': 'Wed, 18 Feb 2026 19:35:44 GMT'
2026-02-18 20:35:44,437 - src.core.storage - INFO - Successfully read 80 rows from ADLS: dna-platform/data/silver/silver_policy_claims_20260218T193542Z.parquet
2026-02-18 20:35:44,437 - src.core.utils - INFO - Silver customer-policies input: 16 rows, 29 columns
2026-02-18 20:35:44,437 - src.core.utils - INFO - Silver policy-claims input: 80 rows, 26 columns
2026-02-18 20:35:44,442 - src.core.utils - INFO - Gold customer risk output: 16 rows, 9 columns
2026-02-18 20:35:44,442 - src.core.storage - INFO - Writing DataFrame to gold/gold_customer_risk_20260218T193544Z.parquet using adls backend
2026-02-18 20:35:44,442 - src.core.storage - INFO - Writing DataFrame (16 rows, 10 columns) to ADLS: abfss://dna-platform-data@woningmarktintelx9.dfs.core.windows.net/dna-platform/data/gold/gold_customer_risk_20260218T193544Z.parquet
2026-02-18 20:35:44,445 - azure.core.pipeline.policies.http_logging_policy - INFO - Request URL: 'https://woningmarktintelx9.blob.core.windows.net/dna-platform-data?restype=REDACTED'
Request method: 'GET'
Request headers:
    'x-ms-version': 'REDACTED'
    'Accept': 'application/xml'
    'User-Agent': 'azsdk-python-storage-dfs/12.23.0 Python/3.14.2 (macOS-15.6.1-arm64-arm-64bit-Mach-O)'
    'x-ms-date': 'REDACTED'
    'x-ms-client-request-id': '045bcf52-0d01-11f1-bc5a-765227f64d11'
    'Authorization': 'REDACTED'
No body was attached to the request
2026-02-18 20:35:44,608 - azure.core.pipeline.policies.http_logging_policy - INFO - Response status: 200
Response headers:
    'Content-Length': '0'
    'Last-Modified': 'Wed, 18 Feb 2026 19:12:05 GMT'
    'ETag': '"0x8DE6F219B11A707"'
    'Server': 'Windows-Azure-Blob/1.0 Microsoft-HTTPAPI/2.0'
    'x-ms-request-id': '3111f60c-801e-0043-6f0d-a1dc6d000000'
    'x-ms-client-request-id': '045bcf52-0d01-11f1-bc5a-765227f64d11'
    'x-ms-version': 'REDACTED'
    'x-ms-lease-status': 'REDACTED'
    'x-ms-lease-state': 'REDACTED'
    'x-ms-has-immutability-policy': 'REDACTED'
    'x-ms-has-legal-hold': 'REDACTED'
    'x-ms-immutable-storage-with-versioning-enabled': 'REDACTED'
    'x-ms-default-encryption-scope': 'REDACTED'
    'x-ms-deny-encryption-scope-override': 'REDACTED'
    'Date': 'Wed, 18 Feb 2026 19:35:44 GMT'
2026-02-18 20:35:44,610 - azure.core.pipeline.policies.http_logging_policy - INFO - Request URL: 'https://woningmarktintelx9.dfs.core.windows.net/dna-platform-data/dna-platform/data/gold?resource=REDACTED'
Request method: 'PUT'
Request headers:
    'x-ms-version': 'REDACTED'
    'Accept': 'application/json'
    'User-Agent': 'azsdk-python-storage-dfs/12.23.0 Python/3.14.2 (macOS-15.6.1-arm64-arm-64bit-Mach-O)'
    'x-ms-date': 'REDACTED'
    'x-ms-client-request-id': '0474f428-0d01-11f1-bc5a-765227f64d11'
    'Authorization': 'REDACTED'
No body was attached to the request
2026-02-18 20:35:44,782 - azure.core.pipeline.policies.http_logging_policy - INFO - Response status: 201
Response headers:
    'Last-Modified': 'Wed, 18 Feb 2026 19:35:44 GMT'
    'ETag': '"0x8DE6F24E8CD3EC8"'
    'Server': 'Windows-Azure-HDFS/1.0 Microsoft-HTTPAPI/2.0'
    'x-ms-request-server-encrypted': 'REDACTED'
    'x-ms-request-id': '3507db88-e01f-0055-100d-a12aba000000'
    'x-ms-version': 'REDACTED'
    'x-ms-client-request-id': '0474f428-0d01-11f1-bc5a-765227f64d11'
    'Date': 'Wed, 18 Feb 2026 19:35:43 GMT'
    'Content-Length': '0'
2026-02-18 20:35:44,782 - azure.core.pipeline.policies.http_logging_policy - INFO - Request URL: 'https://woningmarktintelx9.dfs.core.windows.net/dna-platform-data/dna-platform/data/gold/gold_customer_risk_20260218T193544Z.parquet?resource=REDACTED'
Request method: 'PUT'
Request headers:
    'x-ms-version': 'REDACTED'
    'Accept': 'application/json'
    'User-Agent': 'azsdk-python-storage-dfs/12.23.0 Python/3.14.2 (macOS-15.6.1-arm64-arm-64bit-Mach-O)'
    'x-ms-date': 'REDACTED'
    'x-ms-client-request-id': '048f56ba-0d01-11f1-bc5a-765227f64d11'
    'Authorization': 'REDACTED'
No body was attached to the request
2026-02-18 20:35:44,828 - azure.core.pipeline.policies.http_logging_policy - INFO - Response status: 201
Response headers:
    'Last-Modified': 'Wed, 18 Feb 2026 19:35:44 GMT'
    'ETag': '"0x8DE6F24E8D3F634"'
    'Server': 'Windows-Azure-HDFS/1.0 Microsoft-HTTPAPI/2.0'
    'x-ms-request-server-encrypted': 'REDACTED'
    'x-ms-request-id': '3507db8d-e01f-0055-150d-a12aba000000'
    'x-ms-version': 'REDACTED'
    'x-ms-client-request-id': '048f56ba-0d01-11f1-bc5a-765227f64d11'
    'Date': 'Wed, 18 Feb 2026 19:35:43 GMT'
    'Content-Length': '0'
2026-02-18 20:35:44,829 - azure.core.pipeline.policies.http_logging_policy - INFO - Request URL: 'https://woningmarktintelx9.dfs.core.windows.net/dna-platform-data/dna-platform/data/gold/gold_customer_risk_20260218T193544Z.parquet?action=REDACTED&position=REDACTED'
Request method: 'PATCH'
Request headers:
    'Content-Length': '4133'
    'x-ms-version': 'REDACTED'
    'Content-Type': 'application/json'
    'Accept': 'application/json'
    'User-Agent': 'azsdk-python-storage-dfs/12.23.0 Python/3.14.2 (macOS-15.6.1-arm64-arm-64bit-Mach-O)'
    'x-ms-date': 'REDACTED'
    'x-ms-client-request-id': '049669be-0d01-11f1-bc5a-765227f64d11'
    'Authorization': 'REDACTED'
A body is sent with the request
2026-02-18 20:35:44,865 - azure.core.pipeline.policies.http_logging_policy - INFO - Response status: 202
Response headers:
    'Server': 'Windows-Azure-HDFS/1.0 Microsoft-HTTPAPI/2.0'
    'x-ms-request-server-encrypted': 'REDACTED'
    'x-ms-request-id': '3507db93-e01f-0055-1b0d-a12aba000000'
    'x-ms-version': 'REDACTED'
    'x-ms-client-request-id': '049669be-0d01-11f1-bc5a-765227f64d11'
    'Date': 'Wed, 18 Feb 2026 19:35:44 GMT'
    'Content-Length': '0'
2026-02-18 20:35:44,866 - azure.core.pipeline.policies.http_logging_policy - INFO - Request URL: 'https://woningmarktintelx9.dfs.core.windows.net/dna-platform-data/dna-platform/data/gold/gold_customer_risk_20260218T193544Z.parquet?action=REDACTED&position=REDACTED&close=REDACTED'
Request method: 'PATCH'
Request headers:
    'If-Match': '"0x8DE6F24E8D3F634"'
    'x-ms-version': 'REDACTED'
    'Accept': 'application/json'
    'User-Agent': 'azsdk-python-storage-dfs/12.23.0 Python/3.14.2 (macOS-15.6.1-arm64-arm-64bit-Mach-O)'
    'x-ms-date': 'REDACTED'
    'x-ms-client-request-id': '049c149a-0d01-11f1-bc5a-765227f64d11'
    'Authorization': 'REDACTED'
No body was attached to the request
2026-02-18 20:35:44,919 - azure.core.pipeline.policies.http_logging_policy - INFO - Response status: 200
Response headers:
    'Last-Modified': 'Wed, 18 Feb 2026 19:35:44 GMT'
    'ETag': '"0x8DE6F24E8E24290"'
    'Server': 'Windows-Azure-HDFS/1.0 Microsoft-HTTPAPI/2.0'
    'x-ms-request-server-encrypted': 'REDACTED'
    'x-ms-request-id': '3507db97-e01f-0055-1f0d-a12aba000000'
    'x-ms-version': 'REDACTED'
    'x-ms-client-request-id': '049c149a-0d01-11f1-bc5a-765227f64d11'
    'Date': 'Wed, 18 Feb 2026 19:35:44 GMT'
    'Content-Length': '0'
2026-02-18 20:35:44,920 - src.core.storage - INFO - Successfully uploaded 0 bytes to ADLS: abfss://dna-platform-data@woningmarktintelx9.dfs.core.windows.net/dna-platform/data/gold/gold_customer_risk_20260218T193544Z.parquet
2026-02-18 20:35:44,922 - src.core.storage - INFO - ADLS write successful: abfss://dna-platform-data@woningmarktintelx9.dfs.core.windows.net/dna-platform/data/gold/gold_customer_risk_20260218T193544Z.parquet
2026-02-18 20:35:44,924 - src.core.storage - INFO - Successfully wrote 16 rows to local storage: /Users/taniskarigar/test-polster/dna-platform/data/gold/sample_gold_customer_risk_20260218T193544Z.parquet
2026-02-18 20:35:44,924 - src.core.gold_customer_risk - INFO - Gold customer risk aggregation completed: abfss://dna-platform-data@woningmarktintelx9.dfs.core.windows.net/dna-platform/data/gold/gold_customer_risk_20260218T193544Z.parquet
2026-02-18 20:35:44,924 - src.core.utils - INFO - Completed operation 'gold customer risk aggregation' in 1.25 seconds
2026-02-18 20:35:44 +0100 - dagster - DEBUG - __ASSET_JOB - c5dbed3d-db64-4edf-b684-0bffbff28c6c - 36392 - run_gold_customer_risk - STEP_OUTPUT - Yielded output "result" of type "Any". (Type check passed).
2026-02-18 20:35:44 +0100 - dagster - DEBUG - __ASSET_JOB - c5dbed3d-db64-4edf-b684-0bffbff28c6c - run_gold_customer_risk - Writing file at: /Users/taniskarigar/test-polster/dna-platform/.dagster/storage/run_gold_customer_risk using PickledObjectFilesystemIOManager...
2026-02-18 20:35:44 +0100 - dagster - DEBUG - __ASSET_JOB - c5dbed3d-db64-4edf-b684-0bffbff28c6c - 36392 - run_gold_customer_risk - ASSET_MATERIALIZATION - Materialized value run_gold_customer_risk.
2026-02-18 20:35:44 +0100 - dagster - DEBUG - __ASSET_JOB - c5dbed3d-db64-4edf-b684-0bffbff28c6c - 36392 - run_gold_customer_risk - HANDLED_OUTPUT - Handled output "result" using IO manager "io_manager"
2026-02-18 20:35:44 +0100 - dagster - DEBUG - __ASSET_JOB - c5dbed3d-db64-4edf-b684-0bffbff28c6c - 36392 - run_gold_customer_risk - STEP_SUCCESS - Finished execution of step "run_gold_customer_risk" in 1.3s.
