2026-02-18 20:35:32 +0100 - dagster - DEBUG - __ASSET_JOB - c5dbed3d-db64-4edf-b684-0bffbff28c6c - 36232 - LOGS_CAPTURED - Started capturing logs in process (pid: 36232).
2026-02-18 20:35:32 +0100 - dagster - DEBUG - __ASSET_JOB - c5dbed3d-db64-4edf-b684-0bffbff28c6c - 36232 - run_bronze_agents - STEP_START - Started execution of step "run_bronze_agents".
2026-02-18 20:35:32,367 - src.core.utils - INFO - Starting operation: bronze agents extraction
2026-02-18 20:35:32,368 - src.core.bronze_agents - INFO - Starting bronze agents extraction
2026-02-18 20:35:32,393 - src.core.utils - INFO - Bronze agents output: 20 rows, 12 columns
2026-02-18 20:35:32,395 - src.core.storage - INFO - Writing DataFrame to bronze/bronze_agents_20260218T193532Z.parquet using adls backend
2026-02-18 20:35:32,395 - src.core.storage - INFO - Writing DataFrame (20 rows, 12 columns) to ADLS: abfss://dna-platform-data@woningmarktintelx9.dfs.core.windows.net/dna-platform/data/bronze/bronze_agents_20260218T193532Z.parquet
2026-02-18 20:35:32,620 - azure.core.pipeline.policies.http_logging_policy - INFO - Request URL: 'https://woningmarktintelx9.blob.core.windows.net/dna-platform-data?restype=REDACTED'
Request method: 'GET'
Request headers:
    'x-ms-version': 'REDACTED'
    'Accept': 'application/xml'
    'User-Agent': 'azsdk-python-storage-dfs/12.23.0 Python/3.14.2 (macOS-15.6.1-arm64-arm-64bit-Mach-O)'
    'x-ms-date': 'REDACTED'
    'x-ms-client-request-id': 'fd4f7f06-0d00-11f1-9843-765227f64d11'
    'Authorization': 'REDACTED'
No body was attached to the request
2026-02-18 20:35:32,815 - azure.core.pipeline.policies.http_logging_policy - INFO - Response status: 200
Response headers:
    'Content-Length': '0'
    'Last-Modified': 'Wed, 18 Feb 2026 19:12:05 GMT'
    'ETag': '"0x8DE6F219B11A707"'
    'Server': 'Windows-Azure-Blob/1.0 Microsoft-HTTPAPI/2.0'
    'x-ms-request-id': '36162c3e-f01e-0014-0e0d-a1725e000000'
    'x-ms-client-request-id': 'fd4f7f06-0d00-11f1-9843-765227f64d11'
    'x-ms-version': 'REDACTED'
    'x-ms-lease-status': 'REDACTED'
    'x-ms-lease-state': 'REDACTED'
    'x-ms-has-immutability-policy': 'REDACTED'
    'x-ms-has-legal-hold': 'REDACTED'
    'x-ms-immutable-storage-with-versioning-enabled': 'REDACTED'
    'x-ms-default-encryption-scope': 'REDACTED'
    'x-ms-deny-encryption-scope-override': 'REDACTED'
    'Date': 'Wed, 18 Feb 2026 19:35:32 GMT'
2026-02-18 20:35:32,816 - azure.core.pipeline.policies.http_logging_policy - INFO - Request URL: 'https://woningmarktintelx9.dfs.core.windows.net/dna-platform-data/dna-platform/data/bronze?resource=REDACTED'
Request method: 'PUT'
Request headers:
    'x-ms-version': 'REDACTED'
    'Accept': 'application/json'
    'User-Agent': 'azsdk-python-storage-dfs/12.23.0 Python/3.14.2 (macOS-15.6.1-arm64-arm-64bit-Mach-O)'
    'x-ms-date': 'REDACTED'
    'x-ms-client-request-id': 'fd6d779a-0d00-11f1-9843-765227f64d11'
    'Authorization': 'REDACTED'
No body was attached to the request
2026-02-18 20:35:33,007 - azure.core.pipeline.policies.http_logging_policy - INFO - Response status: 201
Response headers:
    'Last-Modified': 'Wed, 18 Feb 2026 19:35:33 GMT'
    'ETag': '"0x8DE6F24E1C8BC64"'
    'Server': 'Windows-Azure-HDFS/1.0 Microsoft-HTTPAPI/2.0'
    'x-ms-request-server-encrypted': 'REDACTED'
    'x-ms-request-id': '4ee0af88-301f-0024-1b0d-a1cc91000000'
    'x-ms-version': 'REDACTED'
    'x-ms-client-request-id': 'fd6d779a-0d00-11f1-9843-765227f64d11'
    'Date': 'Wed, 18 Feb 2026 19:35:32 GMT'
    'Content-Length': '0'
2026-02-18 20:35:33,008 - azure.core.pipeline.policies.http_logging_policy - INFO - Request URL: 'https://woningmarktintelx9.dfs.core.windows.net/dna-platform-data/dna-platform/data/bronze/bronze_agents_20260218T193532Z.parquet?resource=REDACTED'
Request method: 'PUT'
Request headers:
    'x-ms-version': 'REDACTED'
    'Accept': 'application/json'
    'User-Agent': 'azsdk-python-storage-dfs/12.23.0 Python/3.14.2 (macOS-15.6.1-arm64-arm-64bit-Mach-O)'
    'x-ms-date': 'REDACTED'
    'x-ms-client-request-id': 'fd8abcd8-0d00-11f1-9843-765227f64d11'
    'Authorization': 'REDACTED'
No body was attached to the request
2026-02-18 20:35:33,053 - azure.core.pipeline.policies.http_logging_policy - INFO - Response status: 201
Response headers:
    'Last-Modified': 'Wed, 18 Feb 2026 19:35:33 GMT'
    'ETag': '"0x8DE6F24E1CEAD78"'
    'Server': 'Windows-Azure-HDFS/1.0 Microsoft-HTTPAPI/2.0'
    'x-ms-request-server-encrypted': 'REDACTED'
    'x-ms-request-id': '4ee0af8e-301f-0024-210d-a1cc91000000'
    'x-ms-version': 'REDACTED'
    'x-ms-client-request-id': 'fd8abcd8-0d00-11f1-9843-765227f64d11'
    'Date': 'Wed, 18 Feb 2026 19:35:32 GMT'
    'Content-Length': '0'
2026-02-18 20:35:33,054 - azure.core.pipeline.policies.http_logging_policy - INFO - Request URL: 'https://woningmarktintelx9.dfs.core.windows.net/dna-platform-data/dna-platform/data/bronze/bronze_agents_20260218T193532Z.parquet?action=REDACTED&position=REDACTED'
Request method: 'PATCH'
Request headers:
    'Content-Length': '6152'
    'x-ms-version': 'REDACTED'
    'Content-Type': 'application/json'
    'Accept': 'application/json'
    'User-Agent': 'azsdk-python-storage-dfs/12.23.0 Python/3.14.2 (macOS-15.6.1-arm64-arm-64bit-Mach-O)'
    'x-ms-date': 'REDACTED'
    'x-ms-client-request-id': 'fd91ad9a-0d00-11f1-9843-765227f64d11'
    'Authorization': 'REDACTED'
A body is sent with the request
2026-02-18 20:35:33,092 - azure.core.pipeline.policies.http_logging_policy - INFO - Response status: 202
Response headers:
    'Server': 'Windows-Azure-HDFS/1.0 Microsoft-HTTPAPI/2.0'
    'x-ms-request-server-encrypted': 'REDACTED'
    'x-ms-request-id': '4ee0af96-301f-0024-290d-a1cc91000000'
    'x-ms-version': 'REDACTED'
    'x-ms-client-request-id': 'fd91ad9a-0d00-11f1-9843-765227f64d11'
    'Date': 'Wed, 18 Feb 2026 19:35:32 GMT'
    'Content-Length': '0'
2026-02-18 20:35:33,093 - azure.core.pipeline.policies.http_logging_policy - INFO - Request URL: 'https://woningmarktintelx9.dfs.core.windows.net/dna-platform-data/dna-platform/data/bronze/bronze_agents_20260218T193532Z.parquet?action=REDACTED&position=REDACTED&close=REDACTED'
Request method: 'PATCH'
Request headers:
    'If-Match': '"0x8DE6F24E1CEAD78"'
    'x-ms-version': 'REDACTED'
    'Accept': 'application/json'
    'User-Agent': 'azsdk-python-storage-dfs/12.23.0 Python/3.14.2 (macOS-15.6.1-arm64-arm-64bit-Mach-O)'
    'x-ms-date': 'REDACTED'
    'x-ms-client-request-id': 'fd979b7e-0d00-11f1-9843-765227f64d11'
    'Authorization': 'REDACTED'
No body was attached to the request
2026-02-18 20:35:33,152 - azure.core.pipeline.policies.http_logging_policy - INFO - Response status: 200
Response headers:
    'Last-Modified': 'Wed, 18 Feb 2026 19:35:33 GMT'
    'ETag': '"0x8DE6F24E1DE472C"'
    'Server': 'Windows-Azure-HDFS/1.0 Microsoft-HTTPAPI/2.0'
    'x-ms-request-server-encrypted': 'REDACTED'
    'x-ms-request-id': '4ee0af9f-301f-0024-320d-a1cc91000000'
    'x-ms-version': 'REDACTED'
    'x-ms-client-request-id': 'fd979b7e-0d00-11f1-9843-765227f64d11'
    'Date': 'Wed, 18 Feb 2026 19:35:32 GMT'
    'Content-Length': '0'
2026-02-18 20:35:33,152 - src.core.storage - INFO - Successfully uploaded 0 bytes to ADLS: abfss://dna-platform-data@woningmarktintelx9.dfs.core.windows.net/dna-platform/data/bronze/bronze_agents_20260218T193532Z.parquet
2026-02-18 20:35:33,155 - src.core.storage - INFO - ADLS write successful: abfss://dna-platform-data@woningmarktintelx9.dfs.core.windows.net/dna-platform/data/bronze/bronze_agents_20260218T193532Z.parquet
2026-02-18 20:35:33,158 - src.core.storage - INFO - Successfully wrote 20 rows to local storage: /Users/taniskarigar/test-polster/dna-platform/data/bronze/sample_bronze_agents_20260218T193532Z.parquet
2026-02-18 20:35:33,159 - src.core.bronze_agents - INFO - Bronze agents extraction completed: abfss://dna-platform-data@woningmarktintelx9.dfs.core.windows.net/dna-platform/data/bronze/bronze_agents_20260218T193532Z.parquet
2026-02-18 20:35:33,159 - src.core.utils - INFO - Completed operation 'bronze agents extraction' in 0.79 seconds
2026-02-18 20:35:33 +0100 - dagster - DEBUG - __ASSET_JOB - c5dbed3d-db64-4edf-b684-0bffbff28c6c - 36232 - run_bronze_agents - STEP_OUTPUT - Yielded output "result" of type "Any". (Type check passed).
2026-02-18 20:35:33 +0100 - dagster - DEBUG - __ASSET_JOB - c5dbed3d-db64-4edf-b684-0bffbff28c6c - run_bronze_agents - Writing file at: /Users/taniskarigar/test-polster/dna-platform/.dagster/storage/run_bronze_agents using PickledObjectFilesystemIOManager...
2026-02-18 20:35:33,171 - alembic.runtime.migration - INFO - Context impl SQLiteImpl.
2026-02-18 20:35:33,171 - alembic.runtime.migration - INFO - Will assume non-transactional DDL.
2026-02-18 20:35:33 +0100 - dagster - DEBUG - __ASSET_JOB - c5dbed3d-db64-4edf-b684-0bffbff28c6c - 36232 - run_bronze_agents - ASSET_MATERIALIZATION - Materialized value run_bronze_agents.
2026-02-18 20:35:33 +0100 - dagster - DEBUG - __ASSET_JOB - c5dbed3d-db64-4edf-b684-0bffbff28c6c - 36232 - run_bronze_agents - HANDLED_OUTPUT - Handled output "result" using IO manager "io_manager"
2026-02-18 20:35:33 +0100 - dagster - DEBUG - __ASSET_JOB - c5dbed3d-db64-4edf-b684-0bffbff28c6c - 36232 - run_bronze_agents - STEP_SUCCESS - Finished execution of step "run_bronze_agents" in 828ms.
