2026-02-18 20:35:32 +0100 - dagster - DEBUG - __ASSET_JOB - c5dbed3d-db64-4edf-b684-0bffbff28c6c - 36234 - LOGS_CAPTURED - Started capturing logs in process (pid: 36234).
2026-02-18 20:35:32 +0100 - dagster - DEBUG - __ASSET_JOB - c5dbed3d-db64-4edf-b684-0bffbff28c6c - 36234 - run_bronze_customers - STEP_START - Started execution of step "run_bronze_customers".
2026-02-18 20:35:32,407 - src.core.utils - INFO - Starting operation: bronze customers extraction
2026-02-18 20:35:32,407 - src.core.bronze_customers - INFO - Starting bronze customers extraction
2026-02-18 20:35:32,421 - src.core.utils - INFO - Bronze customers output: 50 rows, 15 columns
2026-02-18 20:35:32,421 - src.core.storage - INFO - Writing DataFrame to bronze/bronze_customers_20260218T193532Z.parquet using adls backend
2026-02-18 20:35:32,421 - src.core.storage - INFO - Writing DataFrame (50 rows, 15 columns) to ADLS: abfss://dna-platform-data@woningmarktintelx9.dfs.core.windows.net/dna-platform/data/bronze/bronze_customers_20260218T193532Z.parquet
2026-02-18 20:35:32,621 - azure.core.pipeline.policies.http_logging_policy - INFO - Request URL: 'https://woningmarktintelx9.blob.core.windows.net/dna-platform-data?restype=REDACTED'
Request method: 'GET'
Request headers:
    'x-ms-version': 'REDACTED'
    'Accept': 'application/xml'
    'User-Agent': 'azsdk-python-storage-dfs/12.23.0 Python/3.14.2 (macOS-15.6.1-arm64-arm-64bit-Mach-O)'
    'x-ms-date': 'REDACTED'
    'x-ms-client-request-id': 'fd4fa4c2-0d00-11f1-8d89-765227f64d11'
    'Authorization': 'REDACTED'
No body was attached to the request
2026-02-18 20:35:32,815 - azure.core.pipeline.policies.http_logging_policy - INFO - Response status: 200
Response headers:
    'Content-Length': '0'
    'Last-Modified': 'Wed, 18 Feb 2026 19:12:05 GMT'
    'ETag': '"0x8DE6F219B11A707"'
    'Server': 'Windows-Azure-Blob/1.0 Microsoft-HTTPAPI/2.0'
    'x-ms-request-id': '1414ce3e-701e-000a-290d-a19e86000000'
    'x-ms-client-request-id': 'fd4fa4c2-0d00-11f1-8d89-765227f64d11'
    'x-ms-version': 'REDACTED'
    'x-ms-lease-status': 'REDACTED'
    'x-ms-lease-state': 'REDACTED'
    'x-ms-has-immutability-policy': 'REDACTED'
    'x-ms-has-legal-hold': 'REDACTED'
    'x-ms-immutable-storage-with-versioning-enabled': 'REDACTED'
    'x-ms-default-encryption-scope': 'REDACTED'
    'x-ms-deny-encryption-scope-override': 'REDACTED'
    'Date': 'Wed, 18 Feb 2026 19:35:32 GMT'
2026-02-18 20:35:32,816 - azure.core.pipeline.policies.http_logging_policy - INFO - Request URL: 'https://woningmarktintelx9.dfs.core.windows.net/dna-platform-data/dna-platform/data/bronze?resource=REDACTED'
Request method: 'PUT'
Request headers:
    'x-ms-version': 'REDACTED'
    'Accept': 'application/json'
    'User-Agent': 'azsdk-python-storage-dfs/12.23.0 Python/3.14.2 (macOS-15.6.1-arm64-arm-64bit-Mach-O)'
    'x-ms-date': 'REDACTED'
    'x-ms-client-request-id': 'fd6d77b8-0d00-11f1-8d89-765227f64d11'
    'Authorization': 'REDACTED'
No body was attached to the request
2026-02-18 20:35:33,196 - azure.core.pipeline.policies.http_logging_policy - INFO - Response status: 201
Response headers:
    'Last-Modified': 'Wed, 18 Feb 2026 19:35:33 GMT'
    'ETag': '"0x8DE6F24E1E5A18C"'
    'Server': 'Windows-Azure-HDFS/1.0 Microsoft-HTTPAPI/2.0'
    'x-ms-request-server-encrypted': 'REDACTED'
    'x-ms-request-id': '1c876d04-c01f-006d-630d-a18e7a000000'
    'x-ms-version': 'REDACTED'
    'x-ms-client-request-id': 'fd6d77b8-0d00-11f1-8d89-765227f64d11'
    'Date': 'Wed, 18 Feb 2026 19:35:32 GMT'
    'Content-Length': '0'
2026-02-18 20:35:33,196 - azure.core.pipeline.policies.http_logging_policy - INFO - Request URL: 'https://woningmarktintelx9.dfs.core.windows.net/dna-platform-data/dna-platform/data/bronze/bronze_customers_20260218T193532Z.parquet?resource=REDACTED'
Request method: 'PUT'
Request headers:
    'x-ms-version': 'REDACTED'
    'Accept': 'application/json'
    'User-Agent': 'azsdk-python-storage-dfs/12.23.0 Python/3.14.2 (macOS-15.6.1-arm64-arm-64bit-Mach-O)'
    'x-ms-date': 'REDACTED'
    'x-ms-client-request-id': 'fda76a90-0d00-11f1-8d89-765227f64d11'
    'Authorization': 'REDACTED'
No body was attached to the request
2026-02-18 20:35:33,243 - azure.core.pipeline.policies.http_logging_policy - INFO - Response status: 201
Response headers:
    'Last-Modified': 'Wed, 18 Feb 2026 19:35:33 GMT'
    'ETag': '"0x8DE6F24E1EAF618"'
    'Server': 'Windows-Azure-HDFS/1.0 Microsoft-HTTPAPI/2.0'
    'x-ms-request-server-encrypted': 'REDACTED'
    'x-ms-request-id': '1c876d31-c01f-006d-100d-a18e7a000000'
    'x-ms-version': 'REDACTED'
    'x-ms-client-request-id': 'fda76a90-0d00-11f1-8d89-765227f64d11'
    'Date': 'Wed, 18 Feb 2026 19:35:32 GMT'
    'Content-Length': '0'
2026-02-18 20:35:33,245 - azure.core.pipeline.policies.http_logging_policy - INFO - Request URL: 'https://woningmarktintelx9.dfs.core.windows.net/dna-platform-data/dna-platform/data/bronze/bronze_customers_20260218T193532Z.parquet?action=REDACTED&position=REDACTED'
Request method: 'PATCH'
Request headers:
    'Content-Length': '10620'
    'x-ms-version': 'REDACTED'
    'Content-Type': 'application/json'
    'Accept': 'application/json'
    'User-Agent': 'azsdk-python-storage-dfs/12.23.0 Python/3.14.2 (macOS-15.6.1-arm64-arm-64bit-Mach-O)'
    'x-ms-date': 'REDACTED'
    'x-ms-client-request-id': 'fdaed262-0d00-11f1-8d89-765227f64d11'
    'Authorization': 'REDACTED'
A body is sent with the request
2026-02-18 20:35:33,284 - azure.core.pipeline.policies.http_logging_policy - INFO - Response status: 202
Response headers:
    'Server': 'Windows-Azure-HDFS/1.0 Microsoft-HTTPAPI/2.0'
    'x-ms-request-server-encrypted': 'REDACTED'
    'x-ms-request-id': '1c876d3b-c01f-006d-1a0d-a18e7a000000'
    'x-ms-version': 'REDACTED'
    'x-ms-client-request-id': 'fdaed262-0d00-11f1-8d89-765227f64d11'
    'Date': 'Wed, 18 Feb 2026 19:35:32 GMT'
    'Content-Length': '0'
2026-02-18 20:35:33,286 - azure.core.pipeline.policies.http_logging_policy - INFO - Request URL: 'https://woningmarktintelx9.dfs.core.windows.net/dna-platform-data/dna-platform/data/bronze/bronze_customers_20260218T193532Z.parquet?action=REDACTED&position=REDACTED&close=REDACTED'
Request method: 'PATCH'
Request headers:
    'If-Match': '"0x8DE6F24E1EAF618"'
    'x-ms-version': 'REDACTED'
    'Accept': 'application/json'
    'User-Agent': 'azsdk-python-storage-dfs/12.23.0 Python/3.14.2 (macOS-15.6.1-arm64-arm-64bit-Mach-O)'
    'x-ms-date': 'REDACTED'
    'x-ms-client-request-id': 'fdb50b00-0d00-11f1-8d89-765227f64d11'
    'Authorization': 'REDACTED'
No body was attached to the request
2026-02-18 20:35:33,342 - azure.core.pipeline.policies.http_logging_policy - INFO - Response status: 200
Response headers:
    'Last-Modified': 'Wed, 18 Feb 2026 19:35:33 GMT'
    'ETag': '"0x8DE6F24E1FAD35C"'
    'Server': 'Windows-Azure-HDFS/1.0 Microsoft-HTTPAPI/2.0'
    'x-ms-request-server-encrypted': 'REDACTED'
    'x-ms-request-id': '1c876d43-c01f-006d-220d-a18e7a000000'
    'x-ms-version': 'REDACTED'
    'x-ms-client-request-id': 'fdb50b00-0d00-11f1-8d89-765227f64d11'
    'Date': 'Wed, 18 Feb 2026 19:35:32 GMT'
    'Content-Length': '0'
2026-02-18 20:35:33,344 - src.core.storage - INFO - Successfully uploaded 0 bytes to ADLS: abfss://dna-platform-data@woningmarktintelx9.dfs.core.windows.net/dna-platform/data/bronze/bronze_customers_20260218T193532Z.parquet
2026-02-18 20:35:33,350 - src.core.storage - INFO - ADLS write successful: abfss://dna-platform-data@woningmarktintelx9.dfs.core.windows.net/dna-platform/data/bronze/bronze_customers_20260218T193532Z.parquet
2026-02-18 20:35:33,361 - src.core.storage - INFO - Successfully wrote 50 rows to local storage: /Users/taniskarigar/test-polster/dna-platform/data/bronze/sample_bronze_customers_20260218T193532Z.parquet
2026-02-18 20:35:33,362 - src.core.bronze_customers - INFO - Bronze customers extraction completed: abfss://dna-platform-data@woningmarktintelx9.dfs.core.windows.net/dna-platform/data/bronze/bronze_customers_20260218T193532Z.parquet
2026-02-18 20:35:33,362 - src.core.utils - INFO - Completed operation 'bronze customers extraction' in 0.96 seconds
2026-02-18 20:35:33 +0100 - dagster - DEBUG - __ASSET_JOB - c5dbed3d-db64-4edf-b684-0bffbff28c6c - 36234 - run_bronze_customers - STEP_OUTPUT - Yielded output "result" of type "Any". (Type check passed).
2026-02-18 20:35:33 +0100 - dagster - DEBUG - __ASSET_JOB - c5dbed3d-db64-4edf-b684-0bffbff28c6c - run_bronze_customers - Writing file at: /Users/taniskarigar/test-polster/dna-platform/.dagster/storage/run_bronze_customers using PickledObjectFilesystemIOManager...
2026-02-18 20:35:33,387 - alembic.runtime.migration - INFO - Context impl SQLiteImpl.
2026-02-18 20:35:33,387 - alembic.runtime.migration - INFO - Will assume non-transactional DDL.
2026-02-18 20:35:33 +0100 - dagster - DEBUG - __ASSET_JOB - c5dbed3d-db64-4edf-b684-0bffbff28c6c - 36234 - run_bronze_customers - ASSET_MATERIALIZATION - Materialized value run_bronze_customers.
2026-02-18 20:35:33 +0100 - dagster - DEBUG - __ASSET_JOB - c5dbed3d-db64-4edf-b684-0bffbff28c6c - 36234 - run_bronze_customers - HANDLED_OUTPUT - Handled output "result" using IO manager "io_manager"
2026-02-18 20:35:33 +0100 - dagster - DEBUG - __ASSET_JOB - c5dbed3d-db64-4edf-b684-0bffbff28c6c - 36234 - run_bronze_customers - STEP_SUCCESS - Finished execution of step "run_bronze_customers" in 1.03s.
